INFO:root:Dataset: cbmc
INFO:mainlogger.util:The dimension after PCA is:  200
INFO:root:There are 599 pairred samples with 200 RNAs (after PCA) and 13 proteins for training.
INFO:root:There are 2696 unlabeled mRNAs amples and 2696 unlabeled protein samples for training.
INFO:root:There are 2561 pairred samples for testing.
INFO:root:

INFO:mainlogger:Begin training!
INFO:mainlogger:Epoch 0: Train Loss: 0.8970, Train PCC: 0.1983, Val Loss: 0.4014,Val PCC: 0.4129, Best epoch: 0, Best val loss: 0.4014
INFO:mainlogger:Epoch 1: Train Loss: 0.2943, Train PCC: 0.4713, Val Loss: 0.2527,Val PCC: 0.4721, Best epoch: 1, Best val loss: 0.2527
INFO:mainlogger:Epoch 2: Train Loss: 0.1748, Train PCC: 0.6240, Val Loss: 0.2111,Val PCC: 0.5636, Best epoch: 2, Best val loss: 0.2111
INFO:mainlogger:Epoch 3: Train Loss: 0.1403, Train PCC: 0.6892, Val Loss: 0.2083,Val PCC: 0.5517, Best epoch: 3, Best val loss: 0.2083
INFO:mainlogger:Epoch 4: Train Loss: 0.1236, Train PCC: 0.7299, Val Loss: 0.2092,Val PCC: 0.5437, Best epoch: 3, Best val loss: 0.2083
INFO:mainlogger:Epoch 5: Train Loss: 0.1078, Train PCC: 0.7652, Val Loss: 0.2139,Val PCC: 0.5325, Best epoch: 3, Best val loss: 0.2083
INFO:mainlogger:Epoch 6: Train Loss: 0.1015, Train PCC: 0.7805, Val Loss: 0.2041,Val PCC: 0.5522, Best epoch: 6, Best val loss: 0.2041
INFO:mainlogger:Epoch 7: Train Loss: 0.0904, Train PCC: 0.8079, Val Loss: 0.1985,Val PCC: 0.5847, Best epoch: 7, Best val loss: 0.1985
INFO:mainlogger:Epoch 8: Train Loss: 0.0843, Train PCC: 0.8230, Val Loss: 0.2064,Val PCC: 0.5746, Best epoch: 7, Best val loss: 0.1985
INFO:mainlogger:Epoch 9: Train Loss: 0.0785, Train PCC: 0.8318, Val Loss: 0.2070,Val PCC: 0.5769, Best epoch: 7, Best val loss: 0.1985
INFO:mainlogger:Epoch 10: Train Loss: 0.0718, Train PCC: 0.8498, Val Loss: 0.2132,Val PCC: 0.5606, Best epoch: 7, Best val loss: 0.1985
INFO:mainlogger:Epoch 11: Train Loss: 0.0656, Train PCC: 0.8630, Val Loss: 0.2036,Val PCC: 0.5718, Best epoch: 7, Best val loss: 0.1985
INFO:mainlogger:Epoch 12: Train Loss: 0.0612, Train PCC: 0.8732, Val Loss: 0.2047,Val PCC: 0.5802, Best epoch: 7, Best val loss: 0.1985
INFO:mainlogger:Epoch 13: Train Loss: 0.0560, Train PCC: 0.8846, Val Loss: 0.2069,Val PCC: 0.5705, Best epoch: 7, Best val loss: 0.1985
INFO:mainlogger:Epoch 14: Train Loss: 0.0525, Train PCC: 0.8914, Val Loss: 0.2087,Val PCC: 0.5599, Best epoch: 7, Best val loss: 0.1985
INFO:mainlogger:Epoch 15: Train Loss: 0.0520, Train PCC: 0.8898, Val Loss: 0.2116,Val PCC: 0.5746, Best epoch: 7, Best val loss: 0.1985
INFO:mainlogger:Epoch 16: Train Loss: 0.0472, Train PCC: 0.9000, Val Loss: 0.2151,Val PCC: 0.5738, Best epoch: 7, Best val loss: 0.1985
INFO:mainlogger:Epoch 17: Train Loss: 0.0424, Train PCC: 0.9108, Val Loss: 0.2163,Val PCC: 0.5759, Best epoch: 7, Best val loss: 0.1985
INFO:mainlogger:Epoch 18: Train Loss: 0.0381, Train PCC: 0.9202, Val Loss: 0.2152,Val PCC: 0.5703, Best epoch: 7, Best val loss: 0.1985
INFO:mainlogger:Epoch 19: Train Loss: 0.0361, Train PCC: 0.9259, Val Loss: 0.2240,Val PCC: 0.5583, Best epoch: 7, Best val loss: 0.1985
INFO:mainlogger:Epoch 20: Train Loss: 0.0354, Train PCC: 0.9265, Val Loss: 0.2193,Val PCC: 0.5654, Best epoch: 7, Best val loss: 0.1985
INFO:mainlogger:Epoch 21: Train Loss: 0.0334, Train PCC: 0.9303, Val Loss: 0.2197,Val PCC: 0.5642, Best epoch: 7, Best val loss: 0.1985
INFO:mainlogger:Epoch 22: Train Loss: 0.0322, Train PCC: 0.9331, Val Loss: 0.2156,Val PCC: 0.5814, Best epoch: 7, Best val loss: 0.1985
INFO:mainlogger:Epoch 23: Train Loss: 0.0300, Train PCC: 0.9368, Val Loss: 0.2318,Val PCC: 0.5592, Best epoch: 7, Best val loss: 0.1985
INFO:mainlogger:Epoch 24: Train Loss: 0.0299, Train PCC: 0.9378, Val Loss: 0.2309,Val PCC: 0.5795, Best epoch: 7, Best val loss: 0.1985
INFO:mainlogger:Epoch 25: Train Loss: 0.0282, Train PCC: 0.9406, Val Loss: 0.2274,Val PCC: 0.5676, Best epoch: 7, Best val loss: 0.1985
INFO:mainlogger:Epoch 26: Train Loss: 0.0268, Train PCC: 0.9435, Val Loss: 0.2249,Val PCC: 0.5652, Best epoch: 7, Best val loss: 0.1985
INFO:mainlogger:Epoch 27: Train Loss: 0.0267, Train PCC: 0.9432, Val Loss: 0.2327,Val PCC: 0.5541, Best epoch: 7, Best val loss: 0.1985
INFO:mainlogger:Epoch 28: Train Loss: 0.0249, Train PCC: 0.9481, Val Loss: 0.2287,Val PCC: 0.5524, Best epoch: 7, Best val loss: 0.1985
INFO:mainlogger:Epoch 29: Train Loss: 0.0218, Train PCC: 0.9543, Val Loss: 0.2349,Val PCC: 0.5370, Best epoch: 7, Best val loss: 0.1985
INFO:mainlogger:Epoch 30: Train Loss: 0.0195, Train PCC: 0.9582, Val Loss: 0.2252,Val PCC: 0.5479, Best epoch: 7, Best val loss: 0.1985
INFO:mainlogger:Epoch 31: Train Loss: 0.0181, Train PCC: 0.9617, Val Loss: 0.2253,Val PCC: 0.5618, Best epoch: 7, Best val loss: 0.1985
INFO:mainlogger:Epoch 32: Train Loss: 0.0159, Train PCC: 0.9663, Val Loss: 0.2232,Val PCC: 0.5604, Best epoch: 7, Best val loss: 0.1985
INFO:mainlogger:Epoch 33: Train Loss: 0.0163, Train PCC: 0.9657, Val Loss: 0.2247,Val PCC: 0.5419, Best epoch: 7, Best val loss: 0.1985
INFO:mainlogger:Epoch 34: Train Loss: 0.0157, Train PCC: 0.9674, Val Loss: 0.2363,Val PCC: 0.5514, Best epoch: 7, Best val loss: 0.1985
INFO:mainlogger:Epoch 35: Train Loss: 0.0148, Train PCC: 0.9682, Val Loss: 0.2277,Val PCC: 0.5536, Best epoch: 7, Best val loss: 0.1985
INFO:mainlogger:Epoch 36: Train Loss: 0.0137, Train PCC: 0.9713, Val Loss: 0.2266,Val PCC: 0.5504, Best epoch: 7, Best val loss: 0.1985
INFO:mainlogger:Epoch 37: Train Loss: 0.0131, Train PCC: 0.9717, Val Loss: 0.2331,Val PCC: 0.5602, Best epoch: 7, Best val loss: 0.1985
INFO:mainlogger:Epoch 38: Train Loss: 0.0126, Train PCC: 0.9726, Val Loss: 0.2346,Val PCC: 0.5469, Best epoch: 7, Best val loss: 0.1985
INFO:mainlogger:Epoch 39: Train Loss: 0.0142, Train PCC: 0.9701, Val Loss: 0.2365,Val PCC: 0.5403, Best epoch: 7, Best val loss: 0.1985
INFO:mainlogger:Epoch 40: Train Loss: 0.0136, Train PCC: 0.9721, Val Loss: 0.2318,Val PCC: 0.5485, Best epoch: 7, Best val loss: 0.1985
INFO:mainlogger:Epoch 41: Train Loss: 0.0140, Train PCC: 0.9710, Val Loss: 0.2352,Val PCC: 0.5456, Best epoch: 7, Best val loss: 0.1985
INFO:mainlogger:Epoch 42: Train Loss: 0.0120, Train PCC: 0.9748, Val Loss: 0.2298,Val PCC: 0.5499, Best epoch: 7, Best val loss: 0.1985
INFO:mainlogger:Epoch 43: Train Loss: 0.0111, Train PCC: 0.9763, Val Loss: 0.2310,Val PCC: 0.5543, Best epoch: 7, Best val loss: 0.1985
INFO:mainlogger:Epoch 44: Train Loss: 0.0105, Train PCC: 0.9778, Val Loss: 0.2366,Val PCC: 0.5442, Best epoch: 7, Best val loss: 0.1985
INFO:mainlogger:Epoch 45: Train Loss: 0.0106, Train PCC: 0.9777, Val Loss: 0.2283,Val PCC: 0.5483, Best epoch: 7, Best val loss: 0.1985
INFO:mainlogger:Epoch 46: Train Loss: 0.0097, Train PCC: 0.9794, Val Loss: 0.2370,Val PCC: 0.5522, Best epoch: 7, Best val loss: 0.1985
INFO:mainlogger:Epoch 47: Train Loss: 0.0087, Train PCC: 0.9811, Val Loss: 0.2319,Val PCC: 0.5493, Best epoch: 7, Best val loss: 0.1985
INFO:mainlogger:Epoch 48: Train Loss: 0.0088, Train PCC: 0.9813, Val Loss: 0.2344,Val PCC: 0.5580, Best epoch: 7, Best val loss: 0.1985
INFO:mainlogger:Epoch 49: Train Loss: 0.0105, Train PCC: 0.9781, Val Loss: 0.2397,Val PCC: 0.5428, Best epoch: 7, Best val loss: 0.1985
INFO:mainlogger:Epoch 50: Train Loss: 0.0092, Train PCC: 0.9803, Val Loss: 0.2297,Val PCC: 0.5482, Best epoch: 7, Best val loss: 0.1985
INFO:mainlogger:Epoch 51: Train Loss: 0.0082, Train PCC: 0.9825, Val Loss: 0.2310,Val PCC: 0.5521, Best epoch: 7, Best val loss: 0.1985
INFO:mainlogger:Epoch 52: Train Loss: 0.0079, Train PCC: 0.9830, Val Loss: 0.2305,Val PCC: 0.5447, Best epoch: 7, Best val loss: 0.1985
INFO:mainlogger:Epoch 53: Train Loss: 0.0072, Train PCC: 0.9849, Val Loss: 0.2328,Val PCC: 0.5488, Best epoch: 7, Best val loss: 0.1985
INFO:mainlogger:Epoch 54: Train Loss: 0.0075, Train PCC: 0.9842, Val Loss: 0.2351,Val PCC: 0.5464, Best epoch: 7, Best val loss: 0.1985
INFO:mainlogger:Epoch 55: Train Loss: 0.0073, Train PCC: 0.9847, Val Loss: 0.2312,Val PCC: 0.5504, Best epoch: 7, Best val loss: 0.1985
INFO:mainlogger:Epoch 56: Train Loss: 0.0074, Train PCC: 0.9844, Val Loss: 0.2356,Val PCC: 0.5450, Best epoch: 7, Best val loss: 0.1985
INFO:mainlogger:Epoch 57: Train Loss: 0.0075, Train PCC: 0.9842, Val Loss: 0.2373,Val PCC: 0.5382, Best epoch: 7, Best val loss: 0.1985
INFO:mainlogger:Epoch 58: Train Loss: 0.0097, Train PCC: 0.9802, Val Loss: 0.2333,Val PCC: 0.5536, Best epoch: 7, Best val loss: 0.1985
INFO:mainlogger:Epoch 59: Train Loss: 0.0096, Train PCC: 0.9807, Val Loss: 0.2365,Val PCC: 0.5463, Best epoch: 7, Best val loss: 0.1985
INFO:mainlogger:Epoch 60: Train Loss: 0.0094, Train PCC: 0.9805, Val Loss: 0.2327,Val PCC: 0.5487, Best epoch: 7, Best val loss: 0.1985
INFO:mainlogger:Epoch 61: Train Loss: 0.0087, Train PCC: 0.9822, Val Loss: 0.2380,Val PCC: 0.5410, Best epoch: 7, Best val loss: 0.1985
INFO:mainlogger:Epoch 62: Train Loss: 0.0089, Train PCC: 0.9811, Val Loss: 0.2332,Val PCC: 0.5451, Best epoch: 7, Best val loss: 0.1985
INFO:mainlogger:Epoch 63: Train Loss: 0.0079, Train PCC: 0.9837, Val Loss: 0.2389,Val PCC: 0.5424, Best epoch: 7, Best val loss: 0.1985
INFO:mainlogger:Epoch 64: Train Loss: 0.0082, Train PCC: 0.9830, Val Loss: 0.2357,Val PCC: 0.5388, Best epoch: 7, Best val loss: 0.1985
INFO:mainlogger:Epoch 65: Train Loss: 0.0085, Train PCC: 0.9824, Val Loss: 0.2325,Val PCC: 0.5470, Best epoch: 7, Best val loss: 0.1985
INFO:mainlogger:Epoch 66: Train Loss: 0.0075, Train PCC: 0.9835, Val Loss: 0.2326,Val PCC: 0.5583, Best epoch: 7, Best val loss: 0.1985
INFO:mainlogger:Epoch 67: Train Loss: 0.0072, Train PCC: 0.9847, Val Loss: 0.2375,Val PCC: 0.5501, Best epoch: 7, Best val loss: 0.1985
INFO:mainlogger:Epoch 68: Train Loss: 0.0073, Train PCC: 0.9846, Val Loss: 0.2349,Val PCC: 0.5496, Best epoch: 7, Best val loss: 0.1985
INFO:mainlogger:Epoch 69: Train Loss: 0.0070, Train PCC: 0.9856, Val Loss: 0.2326,Val PCC: 0.5508, Best epoch: 7, Best val loss: 0.1985
INFO:mainlogger:Epoch 70: Train Loss: 0.0073, Train PCC: 0.9850, Val Loss: 0.2337,Val PCC: 0.5572, Best epoch: 7, Best val loss: 0.1985
INFO:mainlogger:Epoch 71: Train Loss: 0.0075, Train PCC: 0.9847, Val Loss: 0.2364,Val PCC: 0.5354, Best epoch: 7, Best val loss: 0.1985
INFO:mainlogger:Epoch 72: Train Loss: 0.0078, Train PCC: 0.9834, Val Loss: 0.2349,Val PCC: 0.5496, Best epoch: 7, Best val loss: 0.1985
INFO:mainlogger:Epoch 73: Train Loss: 0.0076, Train PCC: 0.9839, Val Loss: 0.2325,Val PCC: 0.5472, Best epoch: 7, Best val loss: 0.1985
INFO:mainlogger:Epoch 74: Train Loss: 0.0069, Train PCC: 0.9859, Val Loss: 0.2304,Val PCC: 0.5426, Best epoch: 7, Best val loss: 0.1985
INFO:mainlogger:Epoch 75: Train Loss: 0.0077, Train PCC: 0.9843, Val Loss: 0.2333,Val PCC: 0.5563, Best epoch: 7, Best val loss: 0.1985
INFO:mainlogger:Epoch 76: Train Loss: 0.0069, Train PCC: 0.9856, Val Loss: 0.2308,Val PCC: 0.5472, Best epoch: 7, Best val loss: 0.1985
INFO:mainlogger:Epoch 77: Train Loss: 0.0068, Train PCC: 0.9862, Val Loss: 0.2335,Val PCC: 0.5426, Best epoch: 7, Best val loss: 0.1985
INFO:mainlogger:Epoch 78: Train Loss: 0.0059, Train PCC: 0.9878, Val Loss: 0.2334,Val PCC: 0.5461, Best epoch: 7, Best val loss: 0.1985
INFO:mainlogger:Epoch 79: Train Loss: 0.0057, Train PCC: 0.9882, Val Loss: 0.2336,Val PCC: 0.5471, Best epoch: 7, Best val loss: 0.1985
INFO:mainlogger:Epoch 80: Train Loss: 0.0051, Train PCC: 0.9895, Val Loss: 0.2324,Val PCC: 0.5471, Best epoch: 7, Best val loss: 0.1985
INFO:mainlogger:Epoch 81: Train Loss: 0.0052, Train PCC: 0.9895, Val Loss: 0.2321,Val PCC: 0.5499, Best epoch: 7, Best val loss: 0.1985
INFO:mainlogger:Epoch 82: Train Loss: 0.0052, Train PCC: 0.9893, Val Loss: 0.2352,Val PCC: 0.5407, Best epoch: 7, Best val loss: 0.1985
INFO:mainlogger:Epoch 83: Train Loss: 0.0052, Train PCC: 0.9896, Val Loss: 0.2366,Val PCC: 0.5483, Best epoch: 7, Best val loss: 0.1985
INFO:mainlogger:Epoch 84: Train Loss: 0.0057, Train PCC: 0.9888, Val Loss: 0.2311,Val PCC: 0.5446, Best epoch: 7, Best val loss: 0.1985
INFO:mainlogger:Epoch 85: Train Loss: 0.0051, Train PCC: 0.9898, Val Loss: 0.2287,Val PCC: 0.5480, Best epoch: 7, Best val loss: 0.1985
INFO:mainlogger:Epoch 86: Train Loss: 0.0053, Train PCC: 0.9891, Val Loss: 0.2289,Val PCC: 0.5554, Best epoch: 7, Best val loss: 0.1985
INFO:mainlogger:Epoch 87: Train Loss: 0.0050, Train PCC: 0.9897, Val Loss: 0.2331,Val PCC: 0.5434, Best epoch: 7, Best val loss: 0.1985
INFO:mainlogger:Epoch 88: Train Loss: 0.0044, Train PCC: 0.9908, Val Loss: 0.2280,Val PCC: 0.5565, Best epoch: 7, Best val loss: 0.1985
INFO:mainlogger:Epoch 89: Train Loss: 0.0045, Train PCC: 0.9907, Val Loss: 0.2285,Val PCC: 0.5426, Best epoch: 7, Best val loss: 0.1985
INFO:mainlogger:Epoch 90: Train Loss: 0.0047, Train PCC: 0.9904, Val Loss: 0.2269,Val PCC: 0.5560, Best epoch: 7, Best val loss: 0.1985
INFO:mainlogger:Epoch 91: Train Loss: 0.0042, Train PCC: 0.9913, Val Loss: 0.2312,Val PCC: 0.5562, Best epoch: 7, Best val loss: 0.1985
INFO:mainlogger:Epoch 92: Train Loss: 0.0051, Train PCC: 0.9899, Val Loss: 0.2282,Val PCC: 0.5490, Best epoch: 7, Best val loss: 0.1985
INFO:mainlogger:Epoch 93: Train Loss: 0.0043, Train PCC: 0.9912, Val Loss: 0.2348,Val PCC: 0.5442, Best epoch: 7, Best val loss: 0.1985
INFO:mainlogger:Epoch 94: Train Loss: 0.0042, Train PCC: 0.9913, Val Loss: 0.2271,Val PCC: 0.5523, Best epoch: 7, Best val loss: 0.1985
INFO:mainlogger:Epoch 95: Train Loss: 0.0039, Train PCC: 0.9923, Val Loss: 0.2279,Val PCC: 0.5546, Best epoch: 7, Best val loss: 0.1985
INFO:mainlogger:Epoch 96: Train Loss: 0.0034, Train PCC: 0.9927, Val Loss: 0.2299,Val PCC: 0.5539, Best epoch: 7, Best val loss: 0.1985
INFO:mainlogger:Epoch 97: Train Loss: 0.0032, Train PCC: 0.9934, Val Loss: 0.2346,Val PCC: 0.5466, Best epoch: 7, Best val loss: 0.1985
INFO:mainlogger:Epoch 98: Train Loss: 0.0035, Train PCC: 0.9930, Val Loss: 0.2282,Val PCC: 0.5453, Best epoch: 7, Best val loss: 0.1985
INFO:mainlogger:Epoch 99: Train Loss: 0.0036, Train PCC: 0.9928, Val Loss: 0.2267,Val PCC: 0.5539, Best epoch: 7, Best val loss: 0.1985
INFO:mainlogger:Epoch 100: Train Loss: 0.0036, Train PCC: 0.9928, Val Loss: 0.2266,Val PCC: 0.5491, Best epoch: 7, Best val loss: 0.1985
INFO:mainlogger:Epoch 101: Train Loss: 0.0035, Train PCC: 0.9930, Val Loss: 0.2279,Val PCC: 0.5524, Best epoch: 7, Best val loss: 0.1985
INFO:mainlogger:Epoch 102: Train Loss: 0.0038, Train PCC: 0.9927, Val Loss: 0.2379,Val PCC: 0.5464, Best epoch: 7, Best val loss: 0.1985
INFO:mainlogger:Epoch 103: Train Loss: 0.0045, Train PCC: 0.9909, Val Loss: 0.2340,Val PCC: 0.5478, Best epoch: 7, Best val loss: 0.1985
INFO:mainlogger:Epoch 104: Train Loss: 0.0048, Train PCC: 0.9908, Val Loss: 0.2294,Val PCC: 0.5526, Best epoch: 7, Best val loss: 0.1985
INFO:mainlogger:Epoch 105: Train Loss: 0.0040, Train PCC: 0.9921, Val Loss: 0.2265,Val PCC: 0.5549, Best epoch: 7, Best val loss: 0.1985
INFO:mainlogger:Epoch 106: Train Loss: 0.0041, Train PCC: 0.9918, Val Loss: 0.2330,Val PCC: 0.5414, Best epoch: 7, Best val loss: 0.1985
INFO:mainlogger:Epoch 107: Train Loss: 0.0047, Train PCC: 0.9904, Val Loss: 0.2266,Val PCC: 0.5516, Best epoch: 7, Best val loss: 0.1985
INFO:mainlogger:Epoch 108: Train Loss: 0.0060, Train PCC: 0.9873, Val Loss: 0.2324,Val PCC: 0.5508, Best epoch: 7, Best val loss: 0.1985
INFO:mainlogger:Epoch 109: Train Loss: 0.0083, Train PCC: 0.9834, Val Loss: 0.2345,Val PCC: 0.5401, Best epoch: 7, Best val loss: 0.1985
INFO:mainlogger:Epoch 110: Train Loss: 0.0117, Train PCC: 0.9769, Val Loss: 0.2314,Val PCC: 0.5544, Best epoch: 7, Best val loss: 0.1985
INFO:mainlogger:Epoch 111: Train Loss: 0.0108, Train PCC: 0.9785, Val Loss: 0.2299,Val PCC: 0.5519, Best epoch: 7, Best val loss: 0.1985
INFO:mainlogger:Epoch 112: Train Loss: 0.0086, Train PCC: 0.9827, Val Loss: 0.2285,Val PCC: 0.5558, Best epoch: 7, Best val loss: 0.1985
INFO:mainlogger:Epoch 113: Train Loss: 0.0081, Train PCC: 0.9841, Val Loss: 0.2319,Val PCC: 0.5429, Best epoch: 7, Best val loss: 0.1985
INFO:mainlogger:Epoch 114: Train Loss: 0.0061, Train PCC: 0.9879, Val Loss: 0.2343,Val PCC: 0.5388, Best epoch: 7, Best val loss: 0.1985
INFO:mainlogger:Epoch 115: Train Loss: 0.0056, Train PCC: 0.9893, Val Loss: 0.2310,Val PCC: 0.5454, Best epoch: 7, Best val loss: 0.1985
INFO:mainlogger:Epoch 116: Train Loss: 0.0055, Train PCC: 0.9898, Val Loss: 0.2332,Val PCC: 0.5498, Best epoch: 7, Best val loss: 0.1985
INFO:mainlogger:Epoch 117: Train Loss: 0.0049, Train PCC: 0.9908, Val Loss: 0.2287,Val PCC: 0.5512, Best epoch: 7, Best val loss: 0.1985
INFO:mainlogger:Epoch 118: Train Loss: 0.0041, Train PCC: 0.9922, Val Loss: 0.2341,Val PCC: 0.5433, Best epoch: 7, Best val loss: 0.1985
INFO:mainlogger:Epoch 119: Train Loss: 0.0038, Train PCC: 0.9926, Val Loss: 0.2306,Val PCC: 0.5616, Best epoch: 7, Best val loss: 0.1985
INFO:mainlogger:Epoch 120: Train Loss: 0.0042, Train PCC: 0.9918, Val Loss: 0.2374,Val PCC: 0.5392, Best epoch: 7, Best val loss: 0.1985
INFO:mainlogger:Epoch 121: Train Loss: 0.0041, Train PCC: 0.9922, Val Loss: 0.2249,Val PCC: 0.5569, Best epoch: 7, Best val loss: 0.1985
INFO:mainlogger:Epoch 122: Train Loss: 0.0037, Train PCC: 0.9926, Val Loss: 0.2339,Val PCC: 0.5505, Best epoch: 7, Best val loss: 0.1985
INFO:mainlogger:Epoch 123: Train Loss: 0.0039, Train PCC: 0.9925, Val Loss: 0.2280,Val PCC: 0.5504, Best epoch: 7, Best val loss: 0.1985
INFO:mainlogger:Epoch 124: Train Loss: 0.0039, Train PCC: 0.9924, Val Loss: 0.2347,Val PCC: 0.5520, Best epoch: 7, Best val loss: 0.1985
INFO:mainlogger:Epoch 125: Train Loss: 0.0036, Train PCC: 0.9929, Val Loss: 0.2303,Val PCC: 0.5535, Best epoch: 7, Best val loss: 0.1985
INFO:mainlogger:Epoch 126: Train Loss: 0.0039, Train PCC: 0.9924, Val Loss: 0.2283,Val PCC: 0.5552, Best epoch: 7, Best val loss: 0.1985
INFO:mainlogger:Epoch 127: Train Loss: 0.0040, Train PCC: 0.9924, Val Loss: 0.2354,Val PCC: 0.5402, Best epoch: 7, Best val loss: 0.1985
INFO:mainlogger:Epoch 128: Train Loss: 0.0044, Train PCC: 0.9918, Val Loss: 0.2261,Val PCC: 0.5416, Best epoch: 7, Best val loss: 0.1985
INFO:mainlogger:Epoch 129: Train Loss: 0.0048, Train PCC: 0.9909, Val Loss: 0.2283,Val PCC: 0.5449, Best epoch: 7, Best val loss: 0.1985
INFO:mainlogger:Epoch 130: Train Loss: 0.0042, Train PCC: 0.9918, Val Loss: 0.2279,Val PCC: 0.5488, Best epoch: 7, Best val loss: 0.1985
INFO:mainlogger:Epoch 131: Train Loss: 0.0035, Train PCC: 0.9933, Val Loss: 0.2282,Val PCC: 0.5455, Best epoch: 7, Best val loss: 0.1985
INFO:mainlogger:Epoch 132: Train Loss: 0.0027, Train PCC: 0.9949, Val Loss: 0.2281,Val PCC: 0.5547, Best epoch: 7, Best val loss: 0.1985
INFO:mainlogger:Epoch 133: Train Loss: 0.0024, Train PCC: 0.9954, Val Loss: 0.2273,Val PCC: 0.5536, Best epoch: 7, Best val loss: 0.1985
INFO:mainlogger:Epoch 134: Train Loss: 0.0023, Train PCC: 0.9957, Val Loss: 0.2299,Val PCC: 0.5518, Best epoch: 7, Best val loss: 0.1985
INFO:mainlogger:Epoch 135: Train Loss: 0.0023, Train PCC: 0.9958, Val Loss: 0.2338,Val PCC: 0.5476, Best epoch: 7, Best val loss: 0.1985
INFO:mainlogger:Epoch 136: Train Loss: 0.0020, Train PCC: 0.9961, Val Loss: 0.2282,Val PCC: 0.5531, Best epoch: 7, Best val loss: 0.1985
INFO:mainlogger:Epoch 137: Train Loss: 0.0021, Train PCC: 0.9960, Val Loss: 0.2292,Val PCC: 0.5537, Best epoch: 7, Best val loss: 0.1985
INFO:mainlogger:Epoch 138: Train Loss: 0.0019, Train PCC: 0.9962, Val Loss: 0.2255,Val PCC: 0.5601, Best epoch: 7, Best val loss: 0.1985
INFO:mainlogger:Epoch 139: Train Loss: 0.0020, Train PCC: 0.9961, Val Loss: 0.2255,Val PCC: 0.5578, Best epoch: 7, Best val loss: 0.1985
INFO:mainlogger:Epoch 140: Train Loss: 0.0020, Train PCC: 0.9960, Val Loss: 0.2260,Val PCC: 0.5552, Best epoch: 7, Best val loss: 0.1985
INFO:mainlogger:Epoch 141: Train Loss: 0.0019, Train PCC: 0.9960, Val Loss: 0.2296,Val PCC: 0.5541, Best epoch: 7, Best val loss: 0.1985
INFO:mainlogger:Epoch 142: Train Loss: 0.0018, Train PCC: 0.9963, Val Loss: 0.2249,Val PCC: 0.5617, Best epoch: 7, Best val loss: 0.1985
INFO:mainlogger:Epoch 143: Train Loss: 0.0017, Train PCC: 0.9966, Val Loss: 0.2291,Val PCC: 0.5545, Best epoch: 7, Best val loss: 0.1985
INFO:mainlogger:Epoch 144: Train Loss: 0.0018, Train PCC: 0.9963, Val Loss: 0.2266,Val PCC: 0.5559, Best epoch: 7, Best val loss: 0.1985
INFO:mainlogger:Epoch 145: Train Loss: 0.0014, Train PCC: 0.9971, Val Loss: 0.2286,Val PCC: 0.5534, Best epoch: 7, Best val loss: 0.1985
INFO:mainlogger:Epoch 146: Train Loss: 0.0014, Train PCC: 0.9973, Val Loss: 0.2269,Val PCC: 0.5570, Best epoch: 7, Best val loss: 0.1985
INFO:mainlogger:Epoch 147: Train Loss: 0.0015, Train PCC: 0.9970, Val Loss: 0.2256,Val PCC: 0.5564, Best epoch: 7, Best val loss: 0.1985
INFO:mainlogger:Epoch 148: Train Loss: 0.0017, Train PCC: 0.9969, Val Loss: 0.2253,Val PCC: 0.5561, Best epoch: 7, Best val loss: 0.1985
INFO:mainlogger:Epoch 149: Train Loss: 0.0019, Train PCC: 0.9963, Val Loss: 0.2274,Val PCC: 0.5623, Best epoch: 7, Best val loss: 0.1985
INFO:mainlogger:Epoch 150: Train Loss: 0.0026, Train PCC: 0.9951, Val Loss: 0.2275,Val PCC: 0.5509, Best epoch: 7, Best val loss: 0.1985
INFO:mainlogger:Epoch 151: Train Loss: 0.0025, Train PCC: 0.9950, Val Loss: 0.2281,Val PCC: 0.5560, Best epoch: 7, Best val loss: 0.1985
INFO:mainlogger:Epoch 152: Train Loss: 0.0026, Train PCC: 0.9950, Val Loss: 0.2289,Val PCC: 0.5538, Best epoch: 7, Best val loss: 0.1985
INFO:mainlogger:Epoch 153: Train Loss: 0.0030, Train PCC: 0.9938, Val Loss: 0.2289,Val PCC: 0.5542, Best epoch: 7, Best val loss: 0.1985
INFO:mainlogger:Epoch 154: Train Loss: 0.0030, Train PCC: 0.9937, Val Loss: 0.2277,Val PCC: 0.5562, Best epoch: 7, Best val loss: 0.1985
INFO:mainlogger:Epoch 155: Train Loss: 0.0033, Train PCC: 0.9935, Val Loss: 0.2323,Val PCC: 0.5469, Best epoch: 7, Best val loss: 0.1985
INFO:mainlogger:Epoch 156: Train Loss: 0.0041, Train PCC: 0.9918, Val Loss: 0.2240,Val PCC: 0.5593, Best epoch: 7, Best val loss: 0.1985
INFO:mainlogger:Epoch 157: Train Loss: 0.0036, Train PCC: 0.9928, Val Loss: 0.2299,Val PCC: 0.5556, Best epoch: 7, Best val loss: 0.1985
INFO:mainlogger:Epoch 158: Train Loss: 0.0033, Train PCC: 0.9931, Val Loss: 0.2214,Val PCC: 0.5598, Best epoch: 7, Best val loss: 0.1985
INFO:mainlogger:Epoch 159: Train Loss: 0.0036, Train PCC: 0.9925, Val Loss: 0.2343,Val PCC: 0.5486, Best epoch: 7, Best val loss: 0.1985
INFO:mainlogger:Epoch 160: Train Loss: 0.0042, Train PCC: 0.9910, Val Loss: 0.2263,Val PCC: 0.5596, Best epoch: 7, Best val loss: 0.1985
INFO:mainlogger:Epoch 161: Train Loss: 0.0045, Train PCC: 0.9909, Val Loss: 0.2303,Val PCC: 0.5496, Best epoch: 7, Best val loss: 0.1985
INFO:mainlogger:Epoch 162: Train Loss: 0.0044, Train PCC: 0.9914, Val Loss: 0.2225,Val PCC: 0.5634, Best epoch: 7, Best val loss: 0.1985
INFO:mainlogger:Epoch 163: Train Loss: 0.0049, Train PCC: 0.9904, Val Loss: 0.2232,Val PCC: 0.5588, Best epoch: 7, Best val loss: 0.1985
INFO:mainlogger:Epoch 164: Train Loss: 0.0050, Train PCC: 0.9901, Val Loss: 0.2257,Val PCC: 0.5636, Best epoch: 7, Best val loss: 0.1985
INFO:mainlogger:Epoch 165: Train Loss: 0.0050, Train PCC: 0.9900, Val Loss: 0.2302,Val PCC: 0.5493, Best epoch: 7, Best val loss: 0.1985
INFO:mainlogger:Epoch 166: Train Loss: 0.0053, Train PCC: 0.9897, Val Loss: 0.2306,Val PCC: 0.5506, Best epoch: 7, Best val loss: 0.1985
INFO:mainlogger:Epoch 167: Train Loss: 0.0059, Train PCC: 0.9884, Val Loss: 0.2275,Val PCC: 0.5500, Best epoch: 7, Best val loss: 0.1985
INFO:mainlogger:Epoch 168: Train Loss: 0.0059, Train PCC: 0.9883, Val Loss: 0.2255,Val PCC: 0.5462, Best epoch: 7, Best val loss: 0.1985
INFO:mainlogger:Epoch 169: Train Loss: 0.0061, Train PCC: 0.9883, Val Loss: 0.2201,Val PCC: 0.5622, Best epoch: 7, Best val loss: 0.1985
INFO:mainlogger:Epoch 170: Train Loss: 0.0061, Train PCC: 0.9885, Val Loss: 0.2269,Val PCC: 0.5577, Best epoch: 7, Best val loss: 0.1985
INFO:mainlogger:Epoch 171: Train Loss: 0.0051, Train PCC: 0.9906, Val Loss: 0.2243,Val PCC: 0.5524, Best epoch: 7, Best val loss: 0.1985
INFO:mainlogger:Epoch 172: Train Loss: 0.0052, Train PCC: 0.9904, Val Loss: 0.2319,Val PCC: 0.5628, Best epoch: 7, Best val loss: 0.1985
INFO:mainlogger:Epoch 173: Train Loss: 0.0055, Train PCC: 0.9904, Val Loss: 0.2277,Val PCC: 0.5572, Best epoch: 7, Best val loss: 0.1985
INFO:mainlogger:Epoch 174: Train Loss: 0.0046, Train PCC: 0.9917, Val Loss: 0.2236,Val PCC: 0.5533, Best epoch: 7, Best val loss: 0.1985
INFO:mainlogger:Epoch 175: Train Loss: 0.0043, Train PCC: 0.9919, Val Loss: 0.2222,Val PCC: 0.5647, Best epoch: 7, Best val loss: 0.1985
INFO:mainlogger:Epoch 176: Train Loss: 0.0034, Train PCC: 0.9932, Val Loss: 0.2257,Val PCC: 0.5485, Best epoch: 7, Best val loss: 0.1985
INFO:mainlogger:Epoch 177: Train Loss: 0.0033, Train PCC: 0.9933, Val Loss: 0.2253,Val PCC: 0.5526, Best epoch: 7, Best val loss: 0.1985
INFO:mainlogger:Epoch 178: Train Loss: 0.0028, Train PCC: 0.9943, Val Loss: 0.2219,Val PCC: 0.5638, Best epoch: 7, Best val loss: 0.1985
INFO:mainlogger:Epoch 179: Train Loss: 0.0027, Train PCC: 0.9945, Val Loss: 0.2279,Val PCC: 0.5465, Best epoch: 7, Best val loss: 0.1985
INFO:mainlogger:Epoch 180: Train Loss: 0.0028, Train PCC: 0.9946, Val Loss: 0.2221,Val PCC: 0.5642, Best epoch: 7, Best val loss: 0.1985
INFO:mainlogger:Epoch 181: Train Loss: 0.0027, Train PCC: 0.9950, Val Loss: 0.2276,Val PCC: 0.5476, Best epoch: 7, Best val loss: 0.1985
INFO:mainlogger:Epoch 182: Train Loss: 0.0026, Train PCC: 0.9949, Val Loss: 0.2187,Val PCC: 0.5677, Best epoch: 7, Best val loss: 0.1985
INFO:mainlogger:Epoch 183: Train Loss: 0.0023, Train PCC: 0.9956, Val Loss: 0.2254,Val PCC: 0.5522, Best epoch: 7, Best val loss: 0.1985
INFO:mainlogger:Epoch 184: Train Loss: 0.0022, Train PCC: 0.9956, Val Loss: 0.2239,Val PCC: 0.5613, Best epoch: 7, Best val loss: 0.1985
INFO:mainlogger:Epoch 185: Train Loss: 0.0020, Train PCC: 0.9960, Val Loss: 0.2245,Val PCC: 0.5555, Best epoch: 7, Best val loss: 0.1985
INFO:mainlogger:Epoch 186: Train Loss: 0.0018, Train PCC: 0.9965, Val Loss: 0.2208,Val PCC: 0.5621, Best epoch: 7, Best val loss: 0.1985
INFO:mainlogger:Epoch 187: Train Loss: 0.0020, Train PCC: 0.9963, Val Loss: 0.2204,Val PCC: 0.5600, Best epoch: 7, Best val loss: 0.1985
INFO:mainlogger:Epoch 188: Train Loss: 0.0021, Train PCC: 0.9960, Val Loss: 0.2189,Val PCC: 0.5592, Best epoch: 7, Best val loss: 0.1985
INFO:mainlogger:Epoch 189: Train Loss: 0.0023, Train PCC: 0.9956, Val Loss: 0.2228,Val PCC: 0.5628, Best epoch: 7, Best val loss: 0.1985
INFO:mainlogger:Epoch 190: Train Loss: 0.0028, Train PCC: 0.9948, Val Loss: 0.2215,Val PCC: 0.5611, Best epoch: 7, Best val loss: 0.1985
INFO:mainlogger:Epoch 191: Train Loss: 0.0026, Train PCC: 0.9948, Val Loss: 0.2214,Val PCC: 0.5644, Best epoch: 7, Best val loss: 0.1985
INFO:mainlogger:Epoch 192: Train Loss: 0.0027, Train PCC: 0.9949, Val Loss: 0.2232,Val PCC: 0.5599, Best epoch: 7, Best val loss: 0.1985
INFO:mainlogger:Epoch 193: Train Loss: 0.0030, Train PCC: 0.9940, Val Loss: 0.2233,Val PCC: 0.5650, Best epoch: 7, Best val loss: 0.1985
INFO:mainlogger:Epoch 194: Train Loss: 0.0029, Train PCC: 0.9943, Val Loss: 0.2213,Val PCC: 0.5489, Best epoch: 7, Best val loss: 0.1985
INFO:mainlogger:Epoch 195: Train Loss: 0.0024, Train PCC: 0.9952, Val Loss: 0.2242,Val PCC: 0.5560, Best epoch: 7, Best val loss: 0.1985
INFO:mainlogger:Epoch 196: Train Loss: 0.0025, Train PCC: 0.9951, Val Loss: 0.2218,Val PCC: 0.5584, Best epoch: 7, Best val loss: 0.1985
INFO:mainlogger:Epoch 197: Train Loss: 0.0024, Train PCC: 0.9953, Val Loss: 0.2192,Val PCC: 0.5607, Best epoch: 7, Best val loss: 0.1985
INFO:mainlogger:Epoch 198: Train Loss: 0.0023, Train PCC: 0.9956, Val Loss: 0.2236,Val PCC: 0.5628, Best epoch: 7, Best val loss: 0.1985
INFO:mainlogger:Epoch 199: Train Loss: 0.0022, Train PCC: 0.9957, Val Loss: 0.2236,Val PCC: 0.5580, Best epoch: 7, Best val loss: 0.1985
INFO:mainlogger:Epoch 200: Train Loss: 0.0023, Train PCC: 0.9955, Val Loss: 0.2214,Val PCC: 0.5629, Best epoch: 7, Best val loss: 0.1985
INFO:mainlogger:Epoch 201: Train Loss: 0.0022, Train PCC: 0.9955, Val Loss: 0.2227,Val PCC: 0.5651, Best epoch: 7, Best val loss: 0.1985
INFO:mainlogger:Epoch 202: Train Loss: 0.0022, Train PCC: 0.9955, Val Loss: 0.2233,Val PCC: 0.5556, Best epoch: 7, Best val loss: 0.1985
INFO:mainlogger:Epoch 203: Train Loss: 0.0022, Train PCC: 0.9956, Val Loss: 0.2225,Val PCC: 0.5642, Best epoch: 7, Best val loss: 0.1985
INFO:mainlogger:Epoch 204: Train Loss: 0.0024, Train PCC: 0.9953, Val Loss: 0.2207,Val PCC: 0.5631, Best epoch: 7, Best val loss: 0.1985
INFO:mainlogger:Epoch 205: Train Loss: 0.0027, Train PCC: 0.9947, Val Loss: 0.2208,Val PCC: 0.5622, Best epoch: 7, Best val loss: 0.1985
INFO:mainlogger:Epoch 206: Train Loss: 0.0026, Train PCC: 0.9949, Val Loss: 0.2227,Val PCC: 0.5591, Best epoch: 7, Best val loss: 0.1985
INFO:mainlogger:Epoch 207: Train Loss: 0.0034, Train PCC: 0.9936, Val Loss: 0.2256,Val PCC: 0.5615, Best epoch: 7, Best val loss: 0.1985
INFO:mainlogger:Epoch 208: Train Loss: 0.0038, Train PCC: 0.9930, Val Loss: 0.2223,Val PCC: 0.5639, Best epoch: 7, Best val loss: 0.1985
INFO:mainlogger:Epoch 209: Train Loss: 0.0035, Train PCC: 0.9934, Val Loss: 0.2246,Val PCC: 0.5568, Best epoch: 7, Best val loss: 0.1985
INFO:mainlogger:Epoch 210: Train Loss: 0.0058, Train PCC: 0.9892, Val Loss: 0.2283,Val PCC: 0.5546, Best epoch: 7, Best val loss: 0.1985
INFO:mainlogger:Epoch 211: Train Loss: 0.0060, Train PCC: 0.9888, Val Loss: 0.2223,Val PCC: 0.5575, Best epoch: 7, Best val loss: 0.1985
INFO:mainlogger:Epoch 212: Train Loss: 0.0057, Train PCC: 0.9893, Val Loss: 0.2268,Val PCC: 0.5583, Best epoch: 7, Best val loss: 0.1985
INFO:mainlogger:Epoch 213: Train Loss: 0.0058, Train PCC: 0.9889, Val Loss: 0.2287,Val PCC: 0.5559, Best epoch: 7, Best val loss: 0.1985
INFO:mainlogger:Epoch 214: Train Loss: 0.0052, Train PCC: 0.9901, Val Loss: 0.2193,Val PCC: 0.5614, Best epoch: 7, Best val loss: 0.1985
INFO:mainlogger:Epoch 215: Train Loss: 0.0049, Train PCC: 0.9903, Val Loss: 0.2276,Val PCC: 0.5511, Best epoch: 7, Best val loss: 0.1985
INFO:mainlogger:Epoch 216: Train Loss: 0.0058, Train PCC: 0.9890, Val Loss: 0.2208,Val PCC: 0.5643, Best epoch: 7, Best val loss: 0.1985
INFO:mainlogger:Epoch 217: Train Loss: 0.0051, Train PCC: 0.9903, Val Loss: 0.2240,Val PCC: 0.5633, Best epoch: 7, Best val loss: 0.1985
INFO:mainlogger:Epoch 218: Train Loss: 0.0047, Train PCC: 0.9908, Val Loss: 0.2202,Val PCC: 0.5595, Best epoch: 7, Best val loss: 0.1985
INFO:mainlogger:Epoch 219: Train Loss: 0.0039, Train PCC: 0.9924, Val Loss: 0.2179,Val PCC: 0.5689, Best epoch: 7, Best val loss: 0.1985
INFO:mainlogger:Epoch 220: Train Loss: 0.0037, Train PCC: 0.9930, Val Loss: 0.2208,Val PCC: 0.5639, Best epoch: 7, Best val loss: 0.1985
INFO:mainlogger:Epoch 221: Train Loss: 0.0034, Train PCC: 0.9934, Val Loss: 0.2257,Val PCC: 0.5598, Best epoch: 7, Best val loss: 0.1985
INFO:mainlogger:Epoch 222: Train Loss: 0.0033, Train PCC: 0.9936, Val Loss: 0.2176,Val PCC: 0.5666, Best epoch: 7, Best val loss: 0.1985
INFO:mainlogger:Epoch 223: Train Loss: 0.0028, Train PCC: 0.9946, Val Loss: 0.2217,Val PCC: 0.5619, Best epoch: 7, Best val loss: 0.1985
INFO:mainlogger:Epoch 224: Train Loss: 0.0025, Train PCC: 0.9952, Val Loss: 0.2184,Val PCC: 0.5641, Best epoch: 7, Best val loss: 0.1985
INFO:mainlogger:Epoch 225: Train Loss: 0.0026, Train PCC: 0.9948, Val Loss: 0.2178,Val PCC: 0.5618, Best epoch: 7, Best val loss: 0.1985
INFO:mainlogger:Epoch 226: Train Loss: 0.0022, Train PCC: 0.9957, Val Loss: 0.2168,Val PCC: 0.5629, Best epoch: 7, Best val loss: 0.1985
INFO:mainlogger:Epoch 227: Train Loss: 0.0024, Train PCC: 0.9955, Val Loss: 0.2209,Val PCC: 0.5651, Best epoch: 7, Best val loss: 0.1985
INFO:mainlogger:Epoch 228: Train Loss: 0.0024, Train PCC: 0.9954, Val Loss: 0.2180,Val PCC: 0.5627, Best epoch: 7, Best val loss: 0.1985
INFO:mainlogger:Epoch 229: Train Loss: 0.0021, Train PCC: 0.9959, Val Loss: 0.2235,Val PCC: 0.5600, Best epoch: 7, Best val loss: 0.1985
INFO:mainlogger:Epoch 230: Train Loss: 0.0023, Train PCC: 0.9956, Val Loss: 0.2176,Val PCC: 0.5611, Best epoch: 7, Best val loss: 0.1985
INFO:mainlogger:Epoch 231: Train Loss: 0.0025, Train PCC: 0.9953, Val Loss: 0.2211,Val PCC: 0.5634, Best epoch: 7, Best val loss: 0.1985
INFO:mainlogger:Epoch 232: Train Loss: 0.0024, Train PCC: 0.9953, Val Loss: 0.2135,Val PCC: 0.5665, Best epoch: 7, Best val loss: 0.1985
INFO:mainlogger:Epoch 233: Train Loss: 0.0022, Train PCC: 0.9955, Val Loss: 0.2219,Val PCC: 0.5638, Best epoch: 7, Best val loss: 0.1985
INFO:mainlogger:Epoch 234: Train Loss: 0.0021, Train PCC: 0.9958, Val Loss: 0.2208,Val PCC: 0.5615, Best epoch: 7, Best val loss: 0.1985
INFO:mainlogger:Epoch 235: Train Loss: 0.0020, Train PCC: 0.9958, Val Loss: 0.2204,Val PCC: 0.5674, Best epoch: 7, Best val loss: 0.1985
INFO:mainlogger:Epoch 236: Train Loss: 0.0021, Train PCC: 0.9956, Val Loss: 0.2189,Val PCC: 0.5633, Best epoch: 7, Best val loss: 0.1985
INFO:mainlogger:Epoch 237: Train Loss: 0.0023, Train PCC: 0.9952, Val Loss: 0.2189,Val PCC: 0.5659, Best epoch: 7, Best val loss: 0.1985
INFO:mainlogger:Epoch 238: Train Loss: 0.0025, Train PCC: 0.9947, Val Loss: 0.2207,Val PCC: 0.5646, Best epoch: 7, Best val loss: 0.1985
INFO:mainlogger:Epoch 239: Train Loss: 0.0025, Train PCC: 0.9949, Val Loss: 0.2189,Val PCC: 0.5666, Best epoch: 7, Best val loss: 0.1985
INFO:mainlogger:Epoch 240: Train Loss: 0.0041, Train PCC: 0.9922, Val Loss: 0.2208,Val PCC: 0.5659, Best epoch: 7, Best val loss: 0.1985
INFO:mainlogger:Epoch 241: Train Loss: 0.0062, Train PCC: 0.9880, Val Loss: 0.2166,Val PCC: 0.5651, Best epoch: 7, Best val loss: 0.1985
INFO:mainlogger:Epoch 242: Train Loss: 0.0046, Train PCC: 0.9908, Val Loss: 0.2189,Val PCC: 0.5650, Best epoch: 7, Best val loss: 0.1985
INFO:mainlogger:Epoch 243: Train Loss: 0.0042, Train PCC: 0.9916, Val Loss: 0.2196,Val PCC: 0.5614, Best epoch: 7, Best val loss: 0.1985
INFO:mainlogger:Epoch 244: Train Loss: 0.0045, Train PCC: 0.9909, Val Loss: 0.2194,Val PCC: 0.5638, Best epoch: 7, Best val loss: 0.1985
INFO:mainlogger:Epoch 245: Train Loss: 0.0051, Train PCC: 0.9896, Val Loss: 0.2197,Val PCC: 0.5632, Best epoch: 7, Best val loss: 0.1985
INFO:mainlogger:Epoch 246: Train Loss: 0.0047, Train PCC: 0.9908, Val Loss: 0.2197,Val PCC: 0.5620, Best epoch: 7, Best val loss: 0.1985
INFO:mainlogger:Epoch 247: Train Loss: 0.0040, Train PCC: 0.9924, Val Loss: 0.2154,Val PCC: 0.5680, Best epoch: 7, Best val loss: 0.1985
INFO:mainlogger:Epoch 248: Train Loss: 0.0033, Train PCC: 0.9935, Val Loss: 0.2163,Val PCC: 0.5661, Best epoch: 7, Best val loss: 0.1985
INFO:mainlogger:Epoch 249: Train Loss: 0.0027, Train PCC: 0.9948, Val Loss: 0.2178,Val PCC: 0.5650, Best epoch: 7, Best val loss: 0.1985
INFO:mainlogger:Epoch 250: Train Loss: 0.0023, Train PCC: 0.9953, Val Loss: 0.2196,Val PCC: 0.5666, Best epoch: 7, Best val loss: 0.1985
INFO:mainlogger:Epoch 251: Train Loss: 0.0022, Train PCC: 0.9955, Val Loss: 0.2176,Val PCC: 0.5668, Best epoch: 7, Best val loss: 0.1985
INFO:mainlogger:Epoch 252: Train Loss: 0.0018, Train PCC: 0.9965, Val Loss: 0.2176,Val PCC: 0.5702, Best epoch: 7, Best val loss: 0.1985
INFO:mainlogger:Epoch 253: Train Loss: 0.0017, Train PCC: 0.9967, Val Loss: 0.2199,Val PCC: 0.5654, Best epoch: 7, Best val loss: 0.1985
INFO:mainlogger:Epoch 254: Train Loss: 0.0016, Train PCC: 0.9969, Val Loss: 0.2171,Val PCC: 0.5725, Best epoch: 7, Best val loss: 0.1985
INFO:mainlogger:Epoch 255: Train Loss: 0.0018, Train PCC: 0.9966, Val Loss: 0.2223,Val PCC: 0.5652, Best epoch: 7, Best val loss: 0.1985
INFO:mainlogger:Epoch 256: Train Loss: 0.0020, Train PCC: 0.9963, Val Loss: 0.2203,Val PCC: 0.5677, Best epoch: 7, Best val loss: 0.1985
INFO:mainlogger:Epoch 257: Train Loss: 0.0025, Train PCC: 0.9956, Val Loss: 0.2180,Val PCC: 0.5685, Best epoch: 7, Best val loss: 0.1985
INFO:mainlogger:Epoch 258: Train Loss: 0.0024, Train PCC: 0.9958, Val Loss: 0.2151,Val PCC: 0.5655, Best epoch: 7, Best val loss: 0.1985
INFO:mainlogger:Epoch 259: Train Loss: 0.0023, Train PCC: 0.9960, Val Loss: 0.2171,Val PCC: 0.5709, Best epoch: 7, Best val loss: 0.1985
INFO:mainlogger:Epoch 260: Train Loss: 0.0023, Train PCC: 0.9958, Val Loss: 0.2174,Val PCC: 0.5695, Best epoch: 7, Best val loss: 0.1985
INFO:mainlogger:Epoch 261: Train Loss: 0.0021, Train PCC: 0.9958, Val Loss: 0.2185,Val PCC: 0.5692, Best epoch: 7, Best val loss: 0.1985
INFO:mainlogger:Epoch 262: Train Loss: 0.0023, Train PCC: 0.9956, Val Loss: 0.2177,Val PCC: 0.5633, Best epoch: 7, Best val loss: 0.1985
INFO:mainlogger:Epoch 263: Train Loss: 0.0025, Train PCC: 0.9953, Val Loss: 0.2137,Val PCC: 0.5727, Best epoch: 7, Best val loss: 0.1985
INFO:mainlogger:Epoch 264: Train Loss: 0.0028, Train PCC: 0.9946, Val Loss: 0.2197,Val PCC: 0.5730, Best epoch: 7, Best val loss: 0.1985
INFO:mainlogger:Epoch 265: Train Loss: 0.0031, Train PCC: 0.9937, Val Loss: 0.2115,Val PCC: 0.5692, Best epoch: 7, Best val loss: 0.1985
INFO:mainlogger:Epoch 266: Train Loss: 0.0035, Train PCC: 0.9931, Val Loss: 0.2224,Val PCC: 0.5603, Best epoch: 7, Best val loss: 0.1985
INFO:mainlogger:Epoch 267: Train Loss: 0.0033, Train PCC: 0.9939, Val Loss: 0.2154,Val PCC: 0.5712, Best epoch: 7, Best val loss: 0.1985
INFO:mainlogger:Epoch 268: Train Loss: 0.0034, Train PCC: 0.9935, Val Loss: 0.2191,Val PCC: 0.5712, Best epoch: 7, Best val loss: 0.1985
INFO:mainlogger:Epoch 269: Train Loss: 0.0035, Train PCC: 0.9934, Val Loss: 0.2133,Val PCC: 0.5730, Best epoch: 7, Best val loss: 0.1985
INFO:mainlogger:Epoch 270: Train Loss: 0.0030, Train PCC: 0.9941, Val Loss: 0.2144,Val PCC: 0.5663, Best epoch: 7, Best val loss: 0.1985
INFO:mainlogger:Epoch 271: Train Loss: 0.0030, Train PCC: 0.9941, Val Loss: 0.2144,Val PCC: 0.5690, Best epoch: 7, Best val loss: 0.1985
INFO:mainlogger:Epoch 272: Train Loss: 0.0028, Train PCC: 0.9948, Val Loss: 0.2201,Val PCC: 0.5636, Best epoch: 7, Best val loss: 0.1985
INFO:mainlogger:Epoch 273: Train Loss: 0.0036, Train PCC: 0.9933, Val Loss: 0.2212,Val PCC: 0.5617, Best epoch: 7, Best val loss: 0.1985
INFO:mainlogger:Epoch 274: Train Loss: 0.0050, Train PCC: 0.9908, Val Loss: 0.2200,Val PCC: 0.5715, Best epoch: 7, Best val loss: 0.1985
INFO:mainlogger:Epoch 275: Train Loss: 0.0046, Train PCC: 0.9912, Val Loss: 0.2171,Val PCC: 0.5698, Best epoch: 7, Best val loss: 0.1985
INFO:mainlogger:Epoch 276: Train Loss: 0.0043, Train PCC: 0.9920, Val Loss: 0.2208,Val PCC: 0.5616, Best epoch: 7, Best val loss: 0.1985
INFO:mainlogger:Epoch 277: Train Loss: 0.0044, Train PCC: 0.9918, Val Loss: 0.2144,Val PCC: 0.5716, Best epoch: 7, Best val loss: 0.1985
INFO:mainlogger:Epoch 278: Train Loss: 0.0045, Train PCC: 0.9916, Val Loss: 0.2167,Val PCC: 0.5756, Best epoch: 7, Best val loss: 0.1985
INFO:mainlogger:Epoch 279: Train Loss: 0.0041, Train PCC: 0.9920, Val Loss: 0.2235,Val PCC: 0.5724, Best epoch: 7, Best val loss: 0.1985
INFO:mainlogger:Epoch 280: Train Loss: 0.0040, Train PCC: 0.9924, Val Loss: 0.2201,Val PCC: 0.5669, Best epoch: 7, Best val loss: 0.1985
INFO:mainlogger:Epoch 281: Train Loss: 0.0038, Train PCC: 0.9927, Val Loss: 0.2182,Val PCC: 0.5696, Best epoch: 7, Best val loss: 0.1985
INFO:mainlogger:Epoch 282: Train Loss: 0.0034, Train PCC: 0.9934, Val Loss: 0.2142,Val PCC: 0.5643, Best epoch: 7, Best val loss: 0.1985
INFO:mainlogger:Epoch 283: Train Loss: 0.0033, Train PCC: 0.9935, Val Loss: 0.2165,Val PCC: 0.5791, Best epoch: 7, Best val loss: 0.1985
INFO:mainlogger:Epoch 284: Train Loss: 0.0035, Train PCC: 0.9935, Val Loss: 0.2204,Val PCC: 0.5667, Best epoch: 7, Best val loss: 0.1985
INFO:mainlogger:Epoch 285: Train Loss: 0.0038, Train PCC: 0.9930, Val Loss: 0.2179,Val PCC: 0.5671, Best epoch: 7, Best val loss: 0.1985
INFO:mainlogger:Epoch 286: Train Loss: 0.0039, Train PCC: 0.9926, Val Loss: 0.2163,Val PCC: 0.5836, Best epoch: 7, Best val loss: 0.1985
INFO:mainlogger:Epoch 287: Train Loss: 0.0038, Train PCC: 0.9929, Val Loss: 0.2235,Val PCC: 0.5661, Best epoch: 7, Best val loss: 0.1985
INFO:mainlogger:Epoch 288: Train Loss: 0.0037, Train PCC: 0.9934, Val Loss: 0.2144,Val PCC: 0.5732, Best epoch: 7, Best val loss: 0.1985
INFO:mainlogger:Epoch 289: Train Loss: 0.0036, Train PCC: 0.9934, Val Loss: 0.2198,Val PCC: 0.5652, Best epoch: 7, Best val loss: 0.1985
INFO:mainlogger:Epoch 290: Train Loss: 0.0034, Train PCC: 0.9938, Val Loss: 0.2189,Val PCC: 0.5676, Best epoch: 7, Best val loss: 0.1985
INFO:mainlogger:Epoch 291: Train Loss: 0.0039, Train PCC: 0.9930, Val Loss: 0.2126,Val PCC: 0.5753, Best epoch: 7, Best val loss: 0.1985
INFO:mainlogger:Epoch 292: Train Loss: 0.0033, Train PCC: 0.9937, Val Loss: 0.2158,Val PCC: 0.5700, Best epoch: 7, Best val loss: 0.1985
INFO:mainlogger:Epoch 293: Train Loss: 0.0028, Train PCC: 0.9945, Val Loss: 0.2159,Val PCC: 0.5659, Best epoch: 7, Best val loss: 0.1985
INFO:mainlogger:Epoch 294: Train Loss: 0.0027, Train PCC: 0.9948, Val Loss: 0.2229,Val PCC: 0.5731, Best epoch: 7, Best val loss: 0.1985
INFO:mainlogger:Epoch 295: Train Loss: 0.0027, Train PCC: 0.9950, Val Loss: 0.2173,Val PCC: 0.5708, Best epoch: 7, Best val loss: 0.1985
INFO:mainlogger:Epoch 296: Train Loss: 0.0030, Train PCC: 0.9946, Val Loss: 0.2209,Val PCC: 0.5672, Best epoch: 7, Best val loss: 0.1985
INFO:mainlogger:Epoch 297: Train Loss: 0.0026, Train PCC: 0.9952, Val Loss: 0.2182,Val PCC: 0.5695, Best epoch: 7, Best val loss: 0.1985
INFO:mainlogger:Epoch 298: Train Loss: 0.0039, Train PCC: 0.9935, Val Loss: 0.2206,Val PCC: 0.5488, Best epoch: 7, Best val loss: 0.1985
INFO:mainlogger:Epoch 299: Train Loss: 0.0087, Train PCC: 0.9868, Val Loss: 0.2164,Val PCC: 0.5583, Best epoch: 7, Best val loss: 0.1985
INFO:mainlogger:Epoch 300: Train Loss: 0.0081, Train PCC: 0.9865, Val Loss: 0.2201,Val PCC: 0.5707, Best epoch: 7, Best val loss: 0.1985
INFO:mainlogger:Epoch 301: Train Loss: 0.0084, Train PCC: 0.9859, Val Loss: 0.2175,Val PCC: 0.5474, Best epoch: 7, Best val loss: 0.1985
INFO:mainlogger:Epoch 302: Train Loss: 0.0108, Train PCC: 0.9808, Val Loss: 0.2286,Val PCC: 0.5778, Best epoch: 7, Best val loss: 0.1985
INFO:mainlogger:Epoch 303: Train Loss: 0.0118, Train PCC: 0.9794, Val Loss: 0.2137,Val PCC: 0.5625, Best epoch: 7, Best val loss: 0.1985
INFO:mainlogger:Epoch 304: Train Loss: 0.0078, Train PCC: 0.9855, Val Loss: 0.2154,Val PCC: 0.5778, Best epoch: 7, Best val loss: 0.1985
INFO:mainlogger:Epoch 305: Train Loss: 0.0059, Train PCC: 0.9885, Val Loss: 0.2132,Val PCC: 0.5735, Best epoch: 7, Best val loss: 0.1985
INFO:mainlogger:Epoch 306: Train Loss: 0.0050, Train PCC: 0.9902, Val Loss: 0.2142,Val PCC: 0.5715, Best epoch: 7, Best val loss: 0.1985
INFO:mainlogger:Epoch 307: Train Loss: 0.0045, Train PCC: 0.9912, Val Loss: 0.2136,Val PCC: 0.5659, Best epoch: 7, Best val loss: 0.1985
INFO:mainlogger:Epoch 308: Train Loss: 0.0039, Train PCC: 0.9922, Val Loss: 0.2128,Val PCC: 0.5738, Best epoch: 7, Best val loss: 0.1985
INFO:mainlogger:Epoch 309: Train Loss: 0.0036, Train PCC: 0.9930, Val Loss: 0.2138,Val PCC: 0.5629, Best epoch: 7, Best val loss: 0.1985
INFO:mainlogger:Epoch 310: Train Loss: 0.0028, Train PCC: 0.9944, Val Loss: 0.2130,Val PCC: 0.5703, Best epoch: 7, Best val loss: 0.1985
INFO:mainlogger:Epoch 311: Train Loss: 0.0023, Train PCC: 0.9955, Val Loss: 0.2187,Val PCC: 0.5691, Best epoch: 7, Best val loss: 0.1985
INFO:mainlogger:Epoch 312: Train Loss: 0.0019, Train PCC: 0.9963, Val Loss: 0.2154,Val PCC: 0.5672, Best epoch: 7, Best val loss: 0.1985
INFO:mainlogger:Epoch 313: Train Loss: 0.0016, Train PCC: 0.9966, Val Loss: 0.2120,Val PCC: 0.5737, Best epoch: 7, Best val loss: 0.1985
INFO:mainlogger:Epoch 314: Train Loss: 0.0013, Train PCC: 0.9972, Val Loss: 0.2179,Val PCC: 0.5694, Best epoch: 7, Best val loss: 0.1985
INFO:mainlogger:Epoch 315: Train Loss: 0.0015, Train PCC: 0.9971, Val Loss: 0.2136,Val PCC: 0.5710, Best epoch: 7, Best val loss: 0.1985
INFO:mainlogger:Epoch 316: Train Loss: 0.0014, Train PCC: 0.9972, Val Loss: 0.2139,Val PCC: 0.5755, Best epoch: 7, Best val loss: 0.1985
INFO:mainlogger:Epoch 317: Train Loss: 0.0016, Train PCC: 0.9969, Val Loss: 0.2133,Val PCC: 0.5728, Best epoch: 7, Best val loss: 0.1985
INFO:mainlogger:Epoch 318: Train Loss: 0.0015, Train PCC: 0.9970, Val Loss: 0.2138,Val PCC: 0.5709, Best epoch: 7, Best val loss: 0.1985
INFO:mainlogger:Epoch 319: Train Loss: 0.0019, Train PCC: 0.9963, Val Loss: 0.2132,Val PCC: 0.5745, Best epoch: 7, Best val loss: 0.1985
INFO:mainlogger:Epoch 320: Train Loss: 0.0016, Train PCC: 0.9968, Val Loss: 0.2142,Val PCC: 0.5697, Best epoch: 7, Best val loss: 0.1985
INFO:mainlogger:Epoch 321: Train Loss: 0.0013, Train PCC: 0.9974, Val Loss: 0.2124,Val PCC: 0.5741, Best epoch: 7, Best val loss: 0.1985
INFO:mainlogger:Epoch 322: Train Loss: 0.0018, Train PCC: 0.9967, Val Loss: 0.2133,Val PCC: 0.5709, Best epoch: 7, Best val loss: 0.1985
INFO:mainlogger:Epoch 323: Train Loss: 0.0019, Train PCC: 0.9963, Val Loss: 0.2147,Val PCC: 0.5710, Best epoch: 7, Best val loss: 0.1985
INFO:mainlogger:Epoch 324: Train Loss: 0.0019, Train PCC: 0.9964, Val Loss: 0.2160,Val PCC: 0.5725, Best epoch: 7, Best val loss: 0.1985
INFO:mainlogger:Epoch 325: Train Loss: 0.0017, Train PCC: 0.9967, Val Loss: 0.2155,Val PCC: 0.5741, Best epoch: 7, Best val loss: 0.1985
INFO:mainlogger:Epoch 326: Train Loss: 0.0016, Train PCC: 0.9969, Val Loss: 0.2183,Val PCC: 0.5746, Best epoch: 7, Best val loss: 0.1985
INFO:mainlogger:Epoch 327: Train Loss: 0.0016, Train PCC: 0.9971, Val Loss: 0.2158,Val PCC: 0.5734, Best epoch: 7, Best val loss: 0.1985
INFO:mainlogger:Epoch 328: Train Loss: 0.0018, Train PCC: 0.9966, Val Loss: 0.2164,Val PCC: 0.5715, Best epoch: 7, Best val loss: 0.1985
INFO:mainlogger:Epoch 329: Train Loss: 0.0019, Train PCC: 0.9965, Val Loss: 0.2152,Val PCC: 0.5721, Best epoch: 7, Best val loss: 0.1985
INFO:mainlogger:Epoch 330: Train Loss: 0.0017, Train PCC: 0.9967, Val Loss: 0.2132,Val PCC: 0.5720, Best epoch: 7, Best val loss: 0.1985
INFO:mainlogger:Epoch 331: Train Loss: 0.0019, Train PCC: 0.9964, Val Loss: 0.2153,Val PCC: 0.5730, Best epoch: 7, Best val loss: 0.1985
INFO:mainlogger:Epoch 332: Train Loss: 0.0017, Train PCC: 0.9966, Val Loss: 0.2169,Val PCC: 0.5692, Best epoch: 7, Best val loss: 0.1985
INFO:mainlogger:Epoch 333: Train Loss: 0.0015, Train PCC: 0.9970, Val Loss: 0.2158,Val PCC: 0.5738, Best epoch: 7, Best val loss: 0.1985
INFO:mainlogger:Epoch 334: Train Loss: 0.0014, Train PCC: 0.9972, Val Loss: 0.2130,Val PCC: 0.5702, Best epoch: 7, Best val loss: 0.1985
INFO:mainlogger:Epoch 335: Train Loss: 0.0016, Train PCC: 0.9969, Val Loss: 0.2154,Val PCC: 0.5695, Best epoch: 7, Best val loss: 0.1985
INFO:mainlogger:Epoch 336: Train Loss: 0.0018, Train PCC: 0.9967, Val Loss: 0.2174,Val PCC: 0.5702, Best epoch: 7, Best val loss: 0.1985
INFO:mainlogger:Epoch 337: Train Loss: 0.0020, Train PCC: 0.9963, Val Loss: 0.2115,Val PCC: 0.5710, Best epoch: 7, Best val loss: 0.1985
INFO:mainlogger:Epoch 338: Train Loss: 0.0022, Train PCC: 0.9957, Val Loss: 0.2150,Val PCC: 0.5681, Best epoch: 7, Best val loss: 0.1985
INFO:mainlogger:Epoch 339: Train Loss: 0.0026, Train PCC: 0.9951, Val Loss: 0.2115,Val PCC: 0.5765, Best epoch: 7, Best val loss: 0.1985
INFO:mainlogger:Epoch 340: Train Loss: 0.0026, Train PCC: 0.9951, Val Loss: 0.2159,Val PCC: 0.5676, Best epoch: 7, Best val loss: 0.1985
INFO:mainlogger:Epoch 341: Train Loss: 0.0031, Train PCC: 0.9942, Val Loss: 0.2144,Val PCC: 0.5771, Best epoch: 7, Best val loss: 0.1985
INFO:mainlogger:Epoch 342: Train Loss: 0.0032, Train PCC: 0.9940, Val Loss: 0.2149,Val PCC: 0.5675, Best epoch: 7, Best val loss: 0.1985
INFO:mainlogger:Epoch 343: Train Loss: 0.0033, Train PCC: 0.9939, Val Loss: 0.2150,Val PCC: 0.5716, Best epoch: 7, Best val loss: 0.1985
INFO:mainlogger:Epoch 344: Train Loss: 0.0033, Train PCC: 0.9939, Val Loss: 0.2149,Val PCC: 0.5685, Best epoch: 7, Best val loss: 0.1985
INFO:mainlogger:Epoch 345: Train Loss: 0.0037, Train PCC: 0.9930, Val Loss: 0.2175,Val PCC: 0.5700, Best epoch: 7, Best val loss: 0.1985
INFO:mainlogger:Epoch 346: Train Loss: 0.0032, Train PCC: 0.9938, Val Loss: 0.2178,Val PCC: 0.5705, Best epoch: 7, Best val loss: 0.1985
INFO:mainlogger:Epoch 347: Train Loss: 0.0032, Train PCC: 0.9936, Val Loss: 0.2139,Val PCC: 0.5674, Best epoch: 7, Best val loss: 0.1985
INFO:mainlogger:Epoch 348: Train Loss: 0.0029, Train PCC: 0.9942, Val Loss: 0.2131,Val PCC: 0.5703, Best epoch: 7, Best val loss: 0.1985
INFO:mainlogger:Epoch 349: Train Loss: 0.0031, Train PCC: 0.9944, Val Loss: 0.2113,Val PCC: 0.5763, Best epoch: 7, Best val loss: 0.1985
INFO:mainlogger:Epoch 350: Train Loss: 0.0027, Train PCC: 0.9949, Val Loss: 0.2145,Val PCC: 0.5658, Best epoch: 7, Best val loss: 0.1985
INFO:mainlogger:Epoch 351: Train Loss: 0.0022, Train PCC: 0.9959, Val Loss: 0.2125,Val PCC: 0.5732, Best epoch: 7, Best val loss: 0.1985
INFO:mainlogger:Epoch 352: Train Loss: 0.0021, Train PCC: 0.9957, Val Loss: 0.2133,Val PCC: 0.5734, Best epoch: 7, Best val loss: 0.1985
INFO:mainlogger:Epoch 353: Train Loss: 0.0017, Train PCC: 0.9965, Val Loss: 0.2133,Val PCC: 0.5702, Best epoch: 7, Best val loss: 0.1985
INFO:mainlogger:Epoch 354: Train Loss: 0.0018, Train PCC: 0.9964, Val Loss: 0.2117,Val PCC: 0.5765, Best epoch: 7, Best val loss: 0.1985
INFO:mainlogger:Epoch 355: Train Loss: 0.0020, Train PCC: 0.9963, Val Loss: 0.2157,Val PCC: 0.5728, Best epoch: 7, Best val loss: 0.1985
INFO:mainlogger:Epoch 356: Train Loss: 0.0025, Train PCC: 0.9954, Val Loss: 0.2113,Val PCC: 0.5748, Best epoch: 7, Best val loss: 0.1985
INFO:mainlogger:Epoch 357: Train Loss: 0.0024, Train PCC: 0.9954, Val Loss: 0.2179,Val PCC: 0.5652, Best epoch: 7, Best val loss: 0.1985
INFO:mainlogger:Epoch 358: Train Loss: 0.0024, Train PCC: 0.9955, Val Loss: 0.2127,Val PCC: 0.5798, Best epoch: 7, Best val loss: 0.1985
INFO:mainlogger:Epoch 359: Train Loss: 0.0027, Train PCC: 0.9949, Val Loss: 0.2171,Val PCC: 0.5629, Best epoch: 7, Best val loss: 0.1985
INFO:mainlogger:Epoch 360: Train Loss: 0.0028, Train PCC: 0.9946, Val Loss: 0.2121,Val PCC: 0.5722, Best epoch: 7, Best val loss: 0.1985
INFO:mainlogger:Epoch 361: Train Loss: 0.0029, Train PCC: 0.9943, Val Loss: 0.2133,Val PCC: 0.5755, Best epoch: 7, Best val loss: 0.1985
INFO:mainlogger:Epoch 362: Train Loss: 0.0027, Train PCC: 0.9948, Val Loss: 0.2090,Val PCC: 0.5749, Best epoch: 7, Best val loss: 0.1985
INFO:mainlogger:Epoch 363: Train Loss: 0.0025, Train PCC: 0.9951, Val Loss: 0.2118,Val PCC: 0.5678, Best epoch: 7, Best val loss: 0.1985
INFO:mainlogger:Epoch 364: Train Loss: 0.0029, Train PCC: 0.9943, Val Loss: 0.2117,Val PCC: 0.5722, Best epoch: 7, Best val loss: 0.1985
INFO:mainlogger:Epoch 365: Train Loss: 0.0027, Train PCC: 0.9947, Val Loss: 0.2180,Val PCC: 0.5590, Best epoch: 7, Best val loss: 0.1985
INFO:mainlogger:Epoch 366: Train Loss: 0.0026, Train PCC: 0.9947, Val Loss: 0.2163,Val PCC: 0.5730, Best epoch: 7, Best val loss: 0.1985
INFO:mainlogger:Epoch 367: Train Loss: 0.0028, Train PCC: 0.9944, Val Loss: 0.2136,Val PCC: 0.5650, Best epoch: 7, Best val loss: 0.1985
INFO:mainlogger:Epoch 368: Train Loss: 0.0025, Train PCC: 0.9952, Val Loss: 0.2176,Val PCC: 0.5675, Best epoch: 7, Best val loss: 0.1985
INFO:mainlogger:Epoch 369: Train Loss: 0.0027, Train PCC: 0.9951, Val Loss: 0.2124,Val PCC: 0.5752, Best epoch: 7, Best val loss: 0.1985
INFO:mainlogger:Epoch 370: Train Loss: 0.0032, Train PCC: 0.9941, Val Loss: 0.2155,Val PCC: 0.5639, Best epoch: 7, Best val loss: 0.1985
INFO:mainlogger:Epoch 371: Train Loss: 0.0030, Train PCC: 0.9943, Val Loss: 0.2176,Val PCC: 0.5641, Best epoch: 7, Best val loss: 0.1985
INFO:mainlogger:Epoch 372: Train Loss: 0.0030, Train PCC: 0.9943, Val Loss: 0.2146,Val PCC: 0.5679, Best epoch: 7, Best val loss: 0.1985
INFO:mainlogger:Epoch 373: Train Loss: 0.0029, Train PCC: 0.9946, Val Loss: 0.2139,Val PCC: 0.5577, Best epoch: 7, Best val loss: 0.1985
INFO:mainlogger:Epoch 374: Train Loss: 0.0032, Train PCC: 0.9939, Val Loss: 0.2123,Val PCC: 0.5743, Best epoch: 7, Best val loss: 0.1985
INFO:mainlogger:Epoch 375: Train Loss: 0.0030, Train PCC: 0.9943, Val Loss: 0.2150,Val PCC: 0.5654, Best epoch: 7, Best val loss: 0.1985
INFO:mainlogger:Epoch 376: Train Loss: 0.0031, Train PCC: 0.9939, Val Loss: 0.2154,Val PCC: 0.5668, Best epoch: 7, Best val loss: 0.1985
INFO:mainlogger:Epoch 377: Train Loss: 0.0034, Train PCC: 0.9934, Val Loss: 0.2124,Val PCC: 0.5734, Best epoch: 7, Best val loss: 0.1985
INFO:mainlogger:Epoch 378: Train Loss: 0.0030, Train PCC: 0.9942, Val Loss: 0.2134,Val PCC: 0.5678, Best epoch: 7, Best val loss: 0.1985
INFO:mainlogger:Epoch 379: Train Loss: 0.0032, Train PCC: 0.9939, Val Loss: 0.2136,Val PCC: 0.5693, Best epoch: 7, Best val loss: 0.1985
INFO:mainlogger:Epoch 380: Train Loss: 0.0038, Train PCC: 0.9928, Val Loss: 0.2099,Val PCC: 0.5747, Best epoch: 7, Best val loss: 0.1985
INFO:mainlogger:Epoch 381: Train Loss: 0.0049, Train PCC: 0.9910, Val Loss: 0.2232,Val PCC: 0.5459, Best epoch: 7, Best val loss: 0.1985
INFO:mainlogger:Epoch 382: Train Loss: 0.0051, Train PCC: 0.9902, Val Loss: 0.2125,Val PCC: 0.5680, Best epoch: 7, Best val loss: 0.1985
INFO:mainlogger:Epoch 383: Train Loss: 0.0055, Train PCC: 0.9893, Val Loss: 0.2179,Val PCC: 0.5682, Best epoch: 7, Best val loss: 0.1985
INFO:mainlogger:Epoch 384: Train Loss: 0.0060, Train PCC: 0.9887, Val Loss: 0.2095,Val PCC: 0.5735, Best epoch: 7, Best val loss: 0.1985
INFO:mainlogger:Epoch 385: Train Loss: 0.0050, Train PCC: 0.9906, Val Loss: 0.2105,Val PCC: 0.5730, Best epoch: 7, Best val loss: 0.1985
INFO:mainlogger:Epoch 386: Train Loss: 0.0044, Train PCC: 0.9917, Val Loss: 0.2135,Val PCC: 0.5660, Best epoch: 7, Best val loss: 0.1985
INFO:mainlogger:Epoch 387: Train Loss: 0.0036, Train PCC: 0.9930, Val Loss: 0.2131,Val PCC: 0.5706, Best epoch: 7, Best val loss: 0.1985
INFO:mainlogger:Epoch 388: Train Loss: 0.0035, Train PCC: 0.9934, Val Loss: 0.2152,Val PCC: 0.5644, Best epoch: 7, Best val loss: 0.1985
INFO:mainlogger:Epoch 389: Train Loss: 0.0028, Train PCC: 0.9946, Val Loss: 0.2146,Val PCC: 0.5757, Best epoch: 7, Best val loss: 0.1985
INFO:mainlogger:Epoch 390: Train Loss: 0.0025, Train PCC: 0.9951, Val Loss: 0.2106,Val PCC: 0.5655, Best epoch: 7, Best val loss: 0.1985
INFO:mainlogger:Epoch 391: Train Loss: 0.0023, Train PCC: 0.9955, Val Loss: 0.2118,Val PCC: 0.5724, Best epoch: 7, Best val loss: 0.1985
INFO:mainlogger:Epoch 392: Train Loss: 0.0019, Train PCC: 0.9963, Val Loss: 0.2101,Val PCC: 0.5702, Best epoch: 7, Best val loss: 0.1985
INFO:mainlogger:Epoch 393: Train Loss: 0.0018, Train PCC: 0.9965, Val Loss: 0.2089,Val PCC: 0.5729, Best epoch: 7, Best val loss: 0.1985
INFO:mainlogger:Epoch 394: Train Loss: 0.0016, Train PCC: 0.9969, Val Loss: 0.2095,Val PCC: 0.5733, Best epoch: 7, Best val loss: 0.1985
INFO:mainlogger:Epoch 395: Train Loss: 0.0016, Train PCC: 0.9970, Val Loss: 0.2136,Val PCC: 0.5715, Best epoch: 7, Best val loss: 0.1985
INFO:mainlogger:Epoch 396: Train Loss: 0.0019, Train PCC: 0.9962, Val Loss: 0.2095,Val PCC: 0.5735, Best epoch: 7, Best val loss: 0.1985
INFO:mainlogger:Epoch 397: Train Loss: 0.0020, Train PCC: 0.9959, Val Loss: 0.2107,Val PCC: 0.5694, Best epoch: 7, Best val loss: 0.1985
INFO:mainlogger:Epoch 398: Train Loss: 0.0018, Train PCC: 0.9965, Val Loss: 0.2154,Val PCC: 0.5660, Best epoch: 7, Best val loss: 0.1985
INFO:mainlogger:Epoch 399: Train Loss: 0.0016, Train PCC: 0.9971, Val Loss: 0.2087,Val PCC: 0.5736, Best epoch: 7, Best val loss: 0.1985
INFO:mainlogger:Epoch 400: Train Loss: 0.0013, Train PCC: 0.9976, Val Loss: 0.2152,Val PCC: 0.5671, Best epoch: 7, Best val loss: 0.1985
INFO:mainlogger:Epoch 401: Train Loss: 0.0012, Train PCC: 0.9976, Val Loss: 0.2106,Val PCC: 0.5677, Best epoch: 7, Best val loss: 0.1985
INFO:mainlogger:Epoch 402: Train Loss: 0.0012, Train PCC: 0.9976, Val Loss: 0.2122,Val PCC: 0.5664, Best epoch: 7, Best val loss: 0.1985
INFO:mainlogger:Epoch 403: Train Loss: 0.0014, Train PCC: 0.9974, Val Loss: 0.2113,Val PCC: 0.5719, Best epoch: 7, Best val loss: 0.1985
INFO:mainlogger:Epoch 404: Train Loss: 0.0012, Train PCC: 0.9976, Val Loss: 0.2108,Val PCC: 0.5643, Best epoch: 7, Best val loss: 0.1985
INFO:mainlogger:Epoch 405: Train Loss: 0.0011, Train PCC: 0.9978, Val Loss: 0.2136,Val PCC: 0.5664, Best epoch: 7, Best val loss: 0.1985
INFO:mainlogger:Epoch 406: Train Loss: 0.0011, Train PCC: 0.9979, Val Loss: 0.2119,Val PCC: 0.5719, Best epoch: 7, Best val loss: 0.1985
INFO:mainlogger:Epoch 407: Train Loss: 0.0011, Train PCC: 0.9980, Val Loss: 0.2104,Val PCC: 0.5708, Best epoch: 7, Best val loss: 0.1985
INFO:mainlogger:Epoch 408: Train Loss: 0.0011, Train PCC: 0.9979, Val Loss: 0.2120,Val PCC: 0.5702, Best epoch: 7, Best val loss: 0.1985
INFO:mainlogger:Epoch 409: Train Loss: 0.0010, Train PCC: 0.9981, Val Loss: 0.2102,Val PCC: 0.5674, Best epoch: 7, Best val loss: 0.1985
INFO:mainlogger:Epoch 410: Train Loss: 0.0009, Train PCC: 0.9982, Val Loss: 0.2133,Val PCC: 0.5721, Best epoch: 7, Best val loss: 0.1985
INFO:mainlogger:Epoch 411: Train Loss: 0.0008, Train PCC: 0.9984, Val Loss: 0.2120,Val PCC: 0.5671, Best epoch: 7, Best val loss: 0.1985
INFO:mainlogger:Epoch 412: Train Loss: 0.0009, Train PCC: 0.9983, Val Loss: 0.2150,Val PCC: 0.5744, Best epoch: 7, Best val loss: 0.1985
INFO:mainlogger:Epoch 413: Train Loss: 0.0011, Train PCC: 0.9979, Val Loss: 0.2097,Val PCC: 0.5681, Best epoch: 7, Best val loss: 0.1985
INFO:mainlogger:Epoch 414: Train Loss: 0.0012, Train PCC: 0.9976, Val Loss: 0.2118,Val PCC: 0.5685, Best epoch: 7, Best val loss: 0.1985
INFO:mainlogger:Epoch 415: Train Loss: 0.0013, Train PCC: 0.9975, Val Loss: 0.2109,Val PCC: 0.5702, Best epoch: 7, Best val loss: 0.1985
INFO:mainlogger:Epoch 416: Train Loss: 0.0011, Train PCC: 0.9978, Val Loss: 0.2115,Val PCC: 0.5690, Best epoch: 7, Best val loss: 0.1985
INFO:mainlogger:Epoch 417: Train Loss: 0.0011, Train PCC: 0.9979, Val Loss: 0.2111,Val PCC: 0.5700, Best epoch: 7, Best val loss: 0.1985
INFO:mainlogger:Epoch 418: Train Loss: 0.0012, Train PCC: 0.9977, Val Loss: 0.2116,Val PCC: 0.5715, Best epoch: 7, Best val loss: 0.1985
INFO:mainlogger:Epoch 419: Train Loss: 0.0014, Train PCC: 0.9974, Val Loss: 0.2096,Val PCC: 0.5755, Best epoch: 7, Best val loss: 0.1985
INFO:mainlogger:Epoch 420: Train Loss: 0.0014, Train PCC: 0.9973, Val Loss: 0.2113,Val PCC: 0.5663, Best epoch: 7, Best val loss: 0.1985
INFO:mainlogger:Epoch 421: Train Loss: 0.0015, Train PCC: 0.9971, Val Loss: 0.2135,Val PCC: 0.5736, Best epoch: 7, Best val loss: 0.1985
INFO:mainlogger:Epoch 422: Train Loss: 0.0016, Train PCC: 0.9968, Val Loss: 0.2125,Val PCC: 0.5634, Best epoch: 7, Best val loss: 0.1985
INFO:mainlogger:Epoch 423: Train Loss: 0.0017, Train PCC: 0.9967, Val Loss: 0.2131,Val PCC: 0.5682, Best epoch: 7, Best val loss: 0.1985
INFO:mainlogger:Epoch 424: Train Loss: 0.0018, Train PCC: 0.9965, Val Loss: 0.2113,Val PCC: 0.5693, Best epoch: 7, Best val loss: 0.1985
INFO:mainlogger:Epoch 425: Train Loss: 0.0018, Train PCC: 0.9964, Val Loss: 0.2106,Val PCC: 0.5724, Best epoch: 7, Best val loss: 0.1985
INFO:mainlogger:Epoch 426: Train Loss: 0.0019, Train PCC: 0.9961, Val Loss: 0.2093,Val PCC: 0.5735, Best epoch: 7, Best val loss: 0.1985
INFO:mainlogger:Epoch 427: Train Loss: 0.0023, Train PCC: 0.9955, Val Loss: 0.2076,Val PCC: 0.5686, Best epoch: 7, Best val loss: 0.1985
INFO:mainlogger:Epoch 428: Train Loss: 0.0028, Train PCC: 0.9944, Val Loss: 0.2137,Val PCC: 0.5719, Best epoch: 7, Best val loss: 0.1985
INFO:mainlogger:Epoch 429: Train Loss: 0.0030, Train PCC: 0.9942, Val Loss: 0.2080,Val PCC: 0.5755, Best epoch: 7, Best val loss: 0.1985
INFO:mainlogger:Epoch 430: Train Loss: 0.0037, Train PCC: 0.9933, Val Loss: 0.2151,Val PCC: 0.5621, Best epoch: 7, Best val loss: 0.1985
INFO:mainlogger:Epoch 431: Train Loss: 0.0041, Train PCC: 0.9924, Val Loss: 0.2104,Val PCC: 0.5747, Best epoch: 7, Best val loss: 0.1985
INFO:mainlogger:Epoch 432: Train Loss: 0.0049, Train PCC: 0.9909, Val Loss: 0.2111,Val PCC: 0.5687, Best epoch: 7, Best val loss: 0.1985
INFO:mainlogger:Epoch 433: Train Loss: 0.0057, Train PCC: 0.9893, Val Loss: 0.2096,Val PCC: 0.5692, Best epoch: 7, Best val loss: 0.1985
INFO:mainlogger:Epoch 434: Train Loss: 0.0080, Train PCC: 0.9851, Val Loss: 0.2177,Val PCC: 0.5603, Best epoch: 7, Best val loss: 0.1985
INFO:mainlogger:Epoch 435: Train Loss: 0.0071, Train PCC: 0.9872, Val Loss: 0.2077,Val PCC: 0.5719, Best epoch: 7, Best val loss: 0.1985
INFO:mainlogger:Epoch 436: Train Loss: 0.0074, Train PCC: 0.9861, Val Loss: 0.2155,Val PCC: 0.5773, Best epoch: 7, Best val loss: 0.1985
INFO:mainlogger:Epoch 437: Train Loss: 0.0067, Train PCC: 0.9870, Val Loss: 0.2108,Val PCC: 0.5615, Best epoch: 7, Best val loss: 0.1985
INFO:mainlogger:Epoch 438: Train Loss: 0.0057, Train PCC: 0.9891, Val Loss: 0.2111,Val PCC: 0.5726, Best epoch: 7, Best val loss: 0.1985
INFO:mainlogger:Epoch 439: Train Loss: 0.0050, Train PCC: 0.9906, Val Loss: 0.2110,Val PCC: 0.5644, Best epoch: 7, Best val loss: 0.1985
INFO:mainlogger:Epoch 440: Train Loss: 0.0038, Train PCC: 0.9928, Val Loss: 0.2116,Val PCC: 0.5669, Best epoch: 7, Best val loss: 0.1985
INFO:mainlogger:Epoch 441: Train Loss: 0.0038, Train PCC: 0.9929, Val Loss: 0.2101,Val PCC: 0.5679, Best epoch: 7, Best val loss: 0.1985
INFO:mainlogger:Epoch 442: Train Loss: 0.0039, Train PCC: 0.9928, Val Loss: 0.2153,Val PCC: 0.5592, Best epoch: 7, Best val loss: 0.1985
INFO:mainlogger:Epoch 443: Train Loss: 0.0033, Train PCC: 0.9937, Val Loss: 0.2075,Val PCC: 0.5720, Best epoch: 7, Best val loss: 0.1985
INFO:mainlogger:Epoch 444: Train Loss: 0.0034, Train PCC: 0.9936, Val Loss: 0.2172,Val PCC: 0.5604, Best epoch: 7, Best val loss: 0.1985
INFO:mainlogger:Epoch 445: Train Loss: 0.0039, Train PCC: 0.9927, Val Loss: 0.2025,Val PCC: 0.5777, Best epoch: 7, Best val loss: 0.1985
INFO:mainlogger:Epoch 446: Train Loss: 0.0038, Train PCC: 0.9928, Val Loss: 0.2161,Val PCC: 0.5628, Best epoch: 7, Best val loss: 0.1985
INFO:mainlogger:Epoch 447: Train Loss: 0.0033, Train PCC: 0.9934, Val Loss: 0.2075,Val PCC: 0.5632, Best epoch: 7, Best val loss: 0.1985
INFO:mainlogger:Epoch 448: Train Loss: 0.0033, Train PCC: 0.9934, Val Loss: 0.2090,Val PCC: 0.5695, Best epoch: 7, Best val loss: 0.1985
INFO:mainlogger:Epoch 449: Train Loss: 0.0030, Train PCC: 0.9940, Val Loss: 0.2122,Val PCC: 0.5715, Best epoch: 7, Best val loss: 0.1985
INFO:mainlogger:Epoch 450: Train Loss: 0.0028, Train PCC: 0.9947, Val Loss: 0.2142,Val PCC: 0.5605, Best epoch: 7, Best val loss: 0.1985
INFO:mainlogger:Epoch 451: Train Loss: 0.0024, Train PCC: 0.9953, Val Loss: 0.2075,Val PCC: 0.5696, Best epoch: 7, Best val loss: 0.1985
INFO:mainlogger:Epoch 452: Train Loss: 0.0025, Train PCC: 0.9948, Val Loss: 0.2121,Val PCC: 0.5670, Best epoch: 7, Best val loss: 0.1985
INFO:mainlogger:Epoch 453: Train Loss: 0.0024, Train PCC: 0.9951, Val Loss: 0.2091,Val PCC: 0.5713, Best epoch: 7, Best val loss: 0.1985
INFO:mainlogger:Epoch 454: Train Loss: 0.0020, Train PCC: 0.9959, Val Loss: 0.2101,Val PCC: 0.5707, Best epoch: 7, Best val loss: 0.1985
INFO:mainlogger:Epoch 455: Train Loss: 0.0020, Train PCC: 0.9959, Val Loss: 0.2080,Val PCC: 0.5700, Best epoch: 7, Best val loss: 0.1985
INFO:mainlogger:Epoch 456: Train Loss: 0.0019, Train PCC: 0.9962, Val Loss: 0.2103,Val PCC: 0.5674, Best epoch: 7, Best val loss: 0.1985
INFO:mainlogger:Epoch 457: Train Loss: 0.0016, Train PCC: 0.9967, Val Loss: 0.2104,Val PCC: 0.5652, Best epoch: 7, Best val loss: 0.1985
INFO:mainlogger:Epoch 458: Train Loss: 0.0014, Train PCC: 0.9973, Val Loss: 0.2088,Val PCC: 0.5705, Best epoch: 7, Best val loss: 0.1985
INFO:mainlogger:Epoch 459: Train Loss: 0.0012, Train PCC: 0.9976, Val Loss: 0.2095,Val PCC: 0.5721, Best epoch: 7, Best val loss: 0.1985
INFO:mainlogger:Epoch 460: Train Loss: 0.0011, Train PCC: 0.9978, Val Loss: 0.2088,Val PCC: 0.5731, Best epoch: 7, Best val loss: 0.1985
INFO:mainlogger:Epoch 461: Train Loss: 0.0010, Train PCC: 0.9980, Val Loss: 0.2091,Val PCC: 0.5671, Best epoch: 7, Best val loss: 0.1985
INFO:mainlogger:Epoch 462: Train Loss: 0.0009, Train PCC: 0.9983, Val Loss: 0.2097,Val PCC: 0.5659, Best epoch: 7, Best val loss: 0.1985
INFO:mainlogger:Epoch 463: Train Loss: 0.0009, Train PCC: 0.9983, Val Loss: 0.2062,Val PCC: 0.5723, Best epoch: 7, Best val loss: 0.1985
INFO:mainlogger:Epoch 464: Train Loss: 0.0010, Train PCC: 0.9981, Val Loss: 0.2098,Val PCC: 0.5706, Best epoch: 7, Best val loss: 0.1985
INFO:mainlogger:Epoch 465: Train Loss: 0.0009, Train PCC: 0.9983, Val Loss: 0.2096,Val PCC: 0.5661, Best epoch: 7, Best val loss: 0.1985
INFO:mainlogger:Epoch 466: Train Loss: 0.0008, Train PCC: 0.9984, Val Loss: 0.2103,Val PCC: 0.5697, Best epoch: 7, Best val loss: 0.1985
INFO:mainlogger:Epoch 467: Train Loss: 0.0008, Train PCC: 0.9984, Val Loss: 0.2119,Val PCC: 0.5625, Best epoch: 7, Best val loss: 0.1985
INFO:mainlogger:Epoch 468: Train Loss: 0.0009, Train PCC: 0.9982, Val Loss: 0.2079,Val PCC: 0.5670, Best epoch: 7, Best val loss: 0.1985
INFO:mainlogger:Epoch 469: Train Loss: 0.0008, Train PCC: 0.9984, Val Loss: 0.2091,Val PCC: 0.5661, Best epoch: 7, Best val loss: 0.1985
INFO:mainlogger:Epoch 470: Train Loss: 0.0008, Train PCC: 0.9985, Val Loss: 0.2103,Val PCC: 0.5680, Best epoch: 7, Best val loss: 0.1985
INFO:mainlogger:Epoch 471: Train Loss: 0.0008, Train PCC: 0.9984, Val Loss: 0.2083,Val PCC: 0.5681, Best epoch: 7, Best val loss: 0.1985
INFO:mainlogger:Epoch 472: Train Loss: 0.0010, Train PCC: 0.9981, Val Loss: 0.2100,Val PCC: 0.5660, Best epoch: 7, Best val loss: 0.1985
INFO:mainlogger:Epoch 473: Train Loss: 0.0011, Train PCC: 0.9978, Val Loss: 0.2065,Val PCC: 0.5728, Best epoch: 7, Best val loss: 0.1985
INFO:mainlogger:Epoch 474: Train Loss: 0.0012, Train PCC: 0.9976, Val Loss: 0.2092,Val PCC: 0.5655, Best epoch: 7, Best val loss: 0.1985
INFO:mainlogger:Epoch 475: Train Loss: 0.0014, Train PCC: 0.9973, Val Loss: 0.2114,Val PCC: 0.5654, Best epoch: 7, Best val loss: 0.1985
INFO:mainlogger:Epoch 476: Train Loss: 0.0015, Train PCC: 0.9971, Val Loss: 0.2097,Val PCC: 0.5676, Best epoch: 7, Best val loss: 0.1985
INFO:mainlogger:Epoch 477: Train Loss: 0.0018, Train PCC: 0.9966, Val Loss: 0.2094,Val PCC: 0.5691, Best epoch: 7, Best val loss: 0.1985
INFO:mainlogger:Epoch 478: Train Loss: 0.0020, Train PCC: 0.9961, Val Loss: 0.2112,Val PCC: 0.5660, Best epoch: 7, Best val loss: 0.1985
INFO:mainlogger:Epoch 479: Train Loss: 0.0022, Train PCC: 0.9959, Val Loss: 0.2103,Val PCC: 0.5705, Best epoch: 7, Best val loss: 0.1985
INFO:mainlogger:Epoch 480: Train Loss: 0.0020, Train PCC: 0.9962, Val Loss: 0.2113,Val PCC: 0.5666, Best epoch: 7, Best val loss: 0.1985
INFO:mainlogger:Epoch 481: Train Loss: 0.0020, Train PCC: 0.9961, Val Loss: 0.2096,Val PCC: 0.5648, Best epoch: 7, Best val loss: 0.1985
INFO:mainlogger:Epoch 482: Train Loss: 0.0023, Train PCC: 0.9956, Val Loss: 0.2133,Val PCC: 0.5653, Best epoch: 7, Best val loss: 0.1985
INFO:mainlogger:Epoch 483: Train Loss: 0.0025, Train PCC: 0.9954, Val Loss: 0.2069,Val PCC: 0.5724, Best epoch: 7, Best val loss: 0.1985
INFO:mainlogger:Epoch 484: Train Loss: 0.0028, Train PCC: 0.9949, Val Loss: 0.2161,Val PCC: 0.5584, Best epoch: 7, Best val loss: 0.1985
INFO:mainlogger:Epoch 485: Train Loss: 0.0030, Train PCC: 0.9946, Val Loss: 0.2076,Val PCC: 0.5719, Best epoch: 7, Best val loss: 0.1985
INFO:mainlogger:Epoch 486: Train Loss: 0.0035, Train PCC: 0.9938, Val Loss: 0.2091,Val PCC: 0.5646, Best epoch: 7, Best val loss: 0.1985
INFO:mainlogger:Epoch 487: Train Loss: 0.0044, Train PCC: 0.9920, Val Loss: 0.2132,Val PCC: 0.5572, Best epoch: 7, Best val loss: 0.1985
INFO:mainlogger:Epoch 488: Train Loss: 0.0050, Train PCC: 0.9905, Val Loss: 0.2146,Val PCC: 0.5653, Best epoch: 7, Best val loss: 0.1985
INFO:mainlogger:Epoch 489: Train Loss: 0.0045, Train PCC: 0.9914, Val Loss: 0.2100,Val PCC: 0.5708, Best epoch: 7, Best val loss: 0.1985
INFO:mainlogger:Epoch 490: Train Loss: 0.0048, Train PCC: 0.9906, Val Loss: 0.2079,Val PCC: 0.5650, Best epoch: 7, Best val loss: 0.1985
INFO:mainlogger:Epoch 491: Train Loss: 0.0050, Train PCC: 0.9904, Val Loss: 0.2108,Val PCC: 0.5741, Best epoch: 7, Best val loss: 0.1985
INFO:mainlogger:Epoch 492: Train Loss: 0.0047, Train PCC: 0.9912, Val Loss: 0.2128,Val PCC: 0.5600, Best epoch: 7, Best val loss: 0.1985
INFO:mainlogger:Epoch 493: Train Loss: 0.0041, Train PCC: 0.9923, Val Loss: 0.2088,Val PCC: 0.5698, Best epoch: 7, Best val loss: 0.1985
INFO:mainlogger:Epoch 494: Train Loss: 0.0040, Train PCC: 0.9927, Val Loss: 0.2084,Val PCC: 0.5689, Best epoch: 7, Best val loss: 0.1985
INFO:mainlogger:Epoch 495: Train Loss: 0.0037, Train PCC: 0.9931, Val Loss: 0.2086,Val PCC: 0.5689, Best epoch: 7, Best val loss: 0.1985
INFO:mainlogger:Epoch 496: Train Loss: 0.0034, Train PCC: 0.9935, Val Loss: 0.2069,Val PCC: 0.5738, Best epoch: 7, Best val loss: 0.1985
INFO:mainlogger:Epoch 497: Train Loss: 0.0035, Train PCC: 0.9932, Val Loss: 0.2110,Val PCC: 0.5646, Best epoch: 7, Best val loss: 0.1985
INFO:mainlogger:Epoch 498: Train Loss: 0.0043, Train PCC: 0.9919, Val Loss: 0.2092,Val PCC: 0.5679, Best epoch: 7, Best val loss: 0.1985
INFO:mainlogger:Epoch 499: Train Loss: 0.0035, Train PCC: 0.9933, Val Loss: 0.2071,Val PCC: 0.5703, Best epoch: 7, Best val loss: 0.1985
INFO:mainlogger:
Begin test!
INFO:mainlogger:Test Loss: 0.8301, Test RMSE: 0.9111, Test R2: -0.3579, Test PCC: 0.5153
