INFO:root:Dataset: cbmc
INFO:mainlogger.util:The dimension after PCA is:  200
INFO:root:There are 599 pairred samples with 200 RNAs (after PCA) and 13 proteins for training.
INFO:root:There are 2696 unlabeled mRNAs amples and 2696 unlabeled protein samples for training.
INFO:root:There are 2561 pairred samples for testing.
INFO:root:

INFO:mainlogger:Begin training!
INFO:mainlogger:Epoch 0: Train Loss: 465.2173, Train PCC: -0.0099, Val Loss: 492.5948,Val PCC: 0.0480, Best epoch: 0, Best val loss: 492.5948
INFO:mainlogger:Epoch 1: Train Loss: 438.3132, Train PCC: 0.0228, Val Loss: 447.6253,Val PCC: 0.0430, Best epoch: 1, Best val loss: 447.6253
INFO:mainlogger:Epoch 2: Train Loss: 371.2124, Train PCC: 0.0324, Val Loss: 363.6688,Val PCC: 0.0493, Best epoch: 2, Best val loss: 363.6688
INFO:mainlogger:Epoch 3: Train Loss: 276.4806, Train PCC: 0.0279, Val Loss: 271.7098,Val PCC: 0.0508, Best epoch: 3, Best val loss: 271.7098
INFO:mainlogger:Epoch 4: Train Loss: 192.0478, Train PCC: 0.0309, Val Loss: 208.0536,Val PCC: 0.0403, Best epoch: 4, Best val loss: 208.0536
INFO:mainlogger:Epoch 5: Train Loss: 146.7575, Train PCC: 0.0352, Val Loss: 188.2395,Val PCC: 0.0413, Best epoch: 5, Best val loss: 188.2395
INFO:mainlogger:Epoch 6: Train Loss: 136.1521, Train PCC: 0.0459, Val Loss: 183.3500,Val PCC: 0.0504, Best epoch: 6, Best val loss: 183.3500
INFO:mainlogger:Epoch 7: Train Loss: 132.0358, Train PCC: 0.0509, Val Loss: 177.3577,Val PCC: 0.0612, Best epoch: 7, Best val loss: 177.3577
INFO:mainlogger:Epoch 8: Train Loss: 129.5615, Train PCC: 0.0601, Val Loss: 174.2377,Val PCC: 0.0672, Best epoch: 8, Best val loss: 174.2377
INFO:mainlogger:Epoch 9: Train Loss: 127.5599, Train PCC: 0.0588, Val Loss: 171.5794,Val PCC: 0.0652, Best epoch: 9, Best val loss: 171.5794
INFO:mainlogger:Epoch 10: Train Loss: 127.4400, Train PCC: 0.0675, Val Loss: 169.9277,Val PCC: 0.0857, Best epoch: 10, Best val loss: 169.9277
INFO:mainlogger:Epoch 11: Train Loss: 125.0855, Train PCC: 0.0808, Val Loss: 168.6731,Val PCC: 0.0733, Best epoch: 11, Best val loss: 168.6731
INFO:mainlogger:Epoch 12: Train Loss: 124.6015, Train PCC: 0.0900, Val Loss: 167.5968,Val PCC: 0.0828, Best epoch: 12, Best val loss: 167.5968
INFO:mainlogger:Epoch 13: Train Loss: 123.1741, Train PCC: 0.0903, Val Loss: 166.6569,Val PCC: 0.0954, Best epoch: 13, Best val loss: 166.6569
INFO:mainlogger:Epoch 14: Train Loss: 122.2508, Train PCC: 0.1013, Val Loss: 165.3625,Val PCC: 0.0938, Best epoch: 14, Best val loss: 165.3625
INFO:mainlogger:Epoch 15: Train Loss: 121.3388, Train PCC: 0.1077, Val Loss: 165.0042,Val PCC: 0.0901, Best epoch: 15, Best val loss: 165.0042
INFO:mainlogger:Epoch 16: Train Loss: 120.8165, Train PCC: 0.1085, Val Loss: 163.8443,Val PCC: 0.1013, Best epoch: 16, Best val loss: 163.8443
INFO:mainlogger:Epoch 17: Train Loss: 120.8791, Train PCC: 0.1092, Val Loss: 163.0846,Val PCC: 0.0867, Best epoch: 17, Best val loss: 163.0846
INFO:mainlogger:Epoch 18: Train Loss: 119.7786, Train PCC: 0.1089, Val Loss: 162.1756,Val PCC: 0.1065, Best epoch: 18, Best val loss: 162.1756
INFO:mainlogger:Epoch 19: Train Loss: 119.3793, Train PCC: 0.1201, Val Loss: 161.3601,Val PCC: 0.1062, Best epoch: 19, Best val loss: 161.3601
INFO:mainlogger:Epoch 20: Train Loss: 118.3928, Train PCC: 0.1280, Val Loss: 161.5228,Val PCC: 0.1114, Best epoch: 19, Best val loss: 161.3601
INFO:mainlogger:Epoch 21: Train Loss: 120.3973, Train PCC: 0.1316, Val Loss: 160.4936,Val PCC: 0.1138, Best epoch: 21, Best val loss: 160.4936
INFO:mainlogger:Epoch 22: Train Loss: 117.3212, Train PCC: 0.1313, Val Loss: 160.1419,Val PCC: 0.1068, Best epoch: 22, Best val loss: 160.1419
INFO:mainlogger:Epoch 23: Train Loss: 116.8266, Train PCC: 0.1345, Val Loss: 159.3309,Val PCC: 0.1113, Best epoch: 23, Best val loss: 159.3309
INFO:mainlogger:Epoch 24: Train Loss: 117.3576, Train PCC: 0.1342, Val Loss: 159.3776,Val PCC: 0.1101, Best epoch: 23, Best val loss: 159.3309
INFO:mainlogger:Epoch 25: Train Loss: 116.5691, Train PCC: 0.1373, Val Loss: 158.3883,Val PCC: 0.1014, Best epoch: 25, Best val loss: 158.3883
INFO:mainlogger:Epoch 26: Train Loss: 115.9407, Train PCC: 0.1414, Val Loss: 158.3493,Val PCC: 0.1065, Best epoch: 26, Best val loss: 158.3493
INFO:mainlogger:Epoch 27: Train Loss: 115.8593, Train PCC: 0.1447, Val Loss: 157.7434,Val PCC: 0.1175, Best epoch: 27, Best val loss: 157.7434
INFO:mainlogger:Epoch 28: Train Loss: 115.1325, Train PCC: 0.1493, Val Loss: 157.5564,Val PCC: 0.1072, Best epoch: 28, Best val loss: 157.5564
INFO:mainlogger:Epoch 29: Train Loss: 115.0799, Train PCC: 0.1472, Val Loss: 156.6386,Val PCC: 0.1040, Best epoch: 29, Best val loss: 156.6386
INFO:mainlogger:Epoch 30: Train Loss: 115.1666, Train PCC: 0.1464, Val Loss: 156.7626,Val PCC: 0.1172, Best epoch: 29, Best val loss: 156.6386
INFO:mainlogger:Epoch 31: Train Loss: 114.9933, Train PCC: 0.1500, Val Loss: 156.0353,Val PCC: 0.1114, Best epoch: 31, Best val loss: 156.0353
INFO:mainlogger:Epoch 32: Train Loss: 114.0214, Train PCC: 0.1566, Val Loss: 155.5595,Val PCC: 0.1082, Best epoch: 32, Best val loss: 155.5595
INFO:mainlogger:Epoch 33: Train Loss: 113.8512, Train PCC: 0.1570, Val Loss: 155.7727,Val PCC: 0.1108, Best epoch: 32, Best val loss: 155.5595
INFO:mainlogger:Epoch 34: Train Loss: 112.6044, Train PCC: 0.1602, Val Loss: 154.9724,Val PCC: 0.1081, Best epoch: 34, Best val loss: 154.9724
INFO:mainlogger:Epoch 35: Train Loss: 112.3208, Train PCC: 0.1663, Val Loss: 154.7859,Val PCC: 0.1122, Best epoch: 35, Best val loss: 154.7859
INFO:mainlogger:Epoch 36: Train Loss: 112.7124, Train PCC: 0.1581, Val Loss: 154.5720,Val PCC: 0.1154, Best epoch: 36, Best val loss: 154.5720
INFO:mainlogger:Epoch 37: Train Loss: 111.9499, Train PCC: 0.1639, Val Loss: 154.9937,Val PCC: 0.1129, Best epoch: 36, Best val loss: 154.5720
INFO:mainlogger:Epoch 38: Train Loss: 111.7184, Train PCC: 0.1691, Val Loss: 154.4286,Val PCC: 0.1132, Best epoch: 38, Best val loss: 154.4286
INFO:mainlogger:Epoch 39: Train Loss: 112.6758, Train PCC: 0.1685, Val Loss: 153.7976,Val PCC: 0.1002, Best epoch: 39, Best val loss: 153.7976
INFO:mainlogger:Epoch 40: Train Loss: 110.9942, Train PCC: 0.1691, Val Loss: 153.3456,Val PCC: 0.1084, Best epoch: 40, Best val loss: 153.3456
INFO:mainlogger:Epoch 41: Train Loss: 111.0440, Train PCC: 0.1733, Val Loss: 153.3327,Val PCC: 0.1057, Best epoch: 41, Best val loss: 153.3327
INFO:mainlogger:Epoch 42: Train Loss: 110.6894, Train PCC: 0.1707, Val Loss: 152.4852,Val PCC: 0.1118, Best epoch: 42, Best val loss: 152.4852
INFO:mainlogger:Epoch 43: Train Loss: 110.2573, Train PCC: 0.1731, Val Loss: 152.3620,Val PCC: 0.1122, Best epoch: 43, Best val loss: 152.3620
INFO:mainlogger:Epoch 44: Train Loss: 109.8129, Train PCC: 0.1761, Val Loss: 152.7752,Val PCC: 0.1173, Best epoch: 43, Best val loss: 152.3620
INFO:mainlogger:Epoch 45: Train Loss: 109.8982, Train PCC: 0.1720, Val Loss: 152.1610,Val PCC: 0.1154, Best epoch: 45, Best val loss: 152.1610
INFO:mainlogger:Epoch 46: Train Loss: 109.1557, Train PCC: 0.1722, Val Loss: 151.3526,Val PCC: 0.1221, Best epoch: 46, Best val loss: 151.3526
INFO:mainlogger:Epoch 47: Train Loss: 109.5065, Train PCC: 0.1793, Val Loss: 151.7458,Val PCC: 0.1143, Best epoch: 46, Best val loss: 151.3526
INFO:mainlogger:Epoch 48: Train Loss: 109.4685, Train PCC: 0.1718, Val Loss: 151.0786,Val PCC: 0.1149, Best epoch: 48, Best val loss: 151.0786
INFO:mainlogger:Epoch 49: Train Loss: 108.4869, Train PCC: 0.1763, Val Loss: 150.9324,Val PCC: 0.1223, Best epoch: 49, Best val loss: 150.9324
INFO:mainlogger:Epoch 50: Train Loss: 108.5776, Train PCC: 0.1833, Val Loss: 150.9396,Val PCC: 0.1176, Best epoch: 49, Best val loss: 150.9324
INFO:mainlogger:Epoch 51: Train Loss: 107.9688, Train PCC: 0.1849, Val Loss: 151.8298,Val PCC: 0.1160, Best epoch: 49, Best val loss: 150.9324
INFO:mainlogger:Epoch 52: Train Loss: 109.1236, Train PCC: 0.1829, Val Loss: 150.2875,Val PCC: 0.1166, Best epoch: 52, Best val loss: 150.2875
INFO:mainlogger:Epoch 53: Train Loss: 107.3628, Train PCC: 0.1819, Val Loss: 150.2947,Val PCC: 0.1213, Best epoch: 52, Best val loss: 150.2875
INFO:mainlogger:Epoch 54: Train Loss: 107.7771, Train PCC: 0.1828, Val Loss: 150.3474,Val PCC: 0.1156, Best epoch: 52, Best val loss: 150.2875
INFO:mainlogger:Epoch 55: Train Loss: 108.3896, Train PCC: 0.1861, Val Loss: 150.1226,Val PCC: 0.1170, Best epoch: 55, Best val loss: 150.1226
INFO:mainlogger:Epoch 56: Train Loss: 107.0051, Train PCC: 0.1859, Val Loss: 149.5057,Val PCC: 0.1253, Best epoch: 56, Best val loss: 149.5057
INFO:mainlogger:Epoch 57: Train Loss: 106.8546, Train PCC: 0.1906, Val Loss: 150.1392,Val PCC: 0.1121, Best epoch: 56, Best val loss: 149.5057
INFO:mainlogger:Epoch 58: Train Loss: 106.6583, Train PCC: 0.1892, Val Loss: 149.4143,Val PCC: 0.1240, Best epoch: 58, Best val loss: 149.4143
INFO:mainlogger:Epoch 59: Train Loss: 106.1980, Train PCC: 0.1899, Val Loss: 149.1016,Val PCC: 0.1276, Best epoch: 59, Best val loss: 149.1016
INFO:mainlogger:Epoch 60: Train Loss: 107.8214, Train PCC: 0.1915, Val Loss: 149.4677,Val PCC: 0.1277, Best epoch: 59, Best val loss: 149.1016
INFO:mainlogger:Epoch 61: Train Loss: 109.0622, Train PCC: 0.1847, Val Loss: 150.5130,Val PCC: 0.1240, Best epoch: 59, Best val loss: 149.1016
INFO:mainlogger:Epoch 62: Train Loss: 105.9622, Train PCC: 0.1871, Val Loss: 148.5576,Val PCC: 0.1275, Best epoch: 62, Best val loss: 148.5576
INFO:mainlogger:Epoch 63: Train Loss: 105.8823, Train PCC: 0.1950, Val Loss: 149.0626,Val PCC: 0.1270, Best epoch: 62, Best val loss: 148.5576
INFO:mainlogger:Epoch 64: Train Loss: 106.3068, Train PCC: 0.1963, Val Loss: 148.4314,Val PCC: 0.1251, Best epoch: 64, Best val loss: 148.4314
INFO:mainlogger:Epoch 65: Train Loss: 104.9812, Train PCC: 0.1964, Val Loss: 148.6945,Val PCC: 0.1256, Best epoch: 64, Best val loss: 148.4314
INFO:mainlogger:Epoch 66: Train Loss: 105.0382, Train PCC: 0.1974, Val Loss: 148.6469,Val PCC: 0.1253, Best epoch: 64, Best val loss: 148.4314
INFO:mainlogger:Epoch 67: Train Loss: 105.7148, Train PCC: 0.1957, Val Loss: 148.9321,Val PCC: 0.1247, Best epoch: 64, Best val loss: 148.4314
INFO:mainlogger:Epoch 68: Train Loss: 104.9760, Train PCC: 0.1906, Val Loss: 148.3593,Val PCC: 0.1216, Best epoch: 68, Best val loss: 148.3593
INFO:mainlogger:Epoch 69: Train Loss: 104.7737, Train PCC: 0.1919, Val Loss: 147.5762,Val PCC: 0.1232, Best epoch: 69, Best val loss: 147.5762
INFO:mainlogger:Epoch 70: Train Loss: 104.2881, Train PCC: 0.1981, Val Loss: 148.5489,Val PCC: 0.1265, Best epoch: 69, Best val loss: 147.5762
INFO:mainlogger:Epoch 71: Train Loss: 104.3779, Train PCC: 0.1973, Val Loss: 148.7428,Val PCC: 0.1222, Best epoch: 69, Best val loss: 147.5762
INFO:mainlogger:Epoch 72: Train Loss: 105.3688, Train PCC: 0.1937, Val Loss: 148.4164,Val PCC: 0.1261, Best epoch: 69, Best val loss: 147.5762
INFO:mainlogger:Epoch 73: Train Loss: 104.7835, Train PCC: 0.2023, Val Loss: 147.7621,Val PCC: 0.1225, Best epoch: 69, Best val loss: 147.5762
INFO:mainlogger:Epoch 74: Train Loss: 103.9230, Train PCC: 0.2031, Val Loss: 147.6064,Val PCC: 0.1296, Best epoch: 69, Best val loss: 147.5762
INFO:mainlogger:Epoch 75: Train Loss: 103.6246, Train PCC: 0.2009, Val Loss: 148.0942,Val PCC: 0.1316, Best epoch: 69, Best val loss: 147.5762
INFO:mainlogger:Epoch 76: Train Loss: 103.6341, Train PCC: 0.2025, Val Loss: 147.4655,Val PCC: 0.1312, Best epoch: 76, Best val loss: 147.4655
INFO:mainlogger:Epoch 77: Train Loss: 103.8420, Train PCC: 0.2042, Val Loss: 147.0937,Val PCC: 0.1257, Best epoch: 77, Best val loss: 147.0937
INFO:mainlogger:Epoch 78: Train Loss: 104.2731, Train PCC: 0.2055, Val Loss: 147.3756,Val PCC: 0.1308, Best epoch: 77, Best val loss: 147.0937
INFO:mainlogger:Epoch 79: Train Loss: 103.3993, Train PCC: 0.2039, Val Loss: 147.3990,Val PCC: 0.1265, Best epoch: 77, Best val loss: 147.0937
INFO:mainlogger:Epoch 80: Train Loss: 103.6643, Train PCC: 0.2027, Val Loss: 147.3871,Val PCC: 0.1306, Best epoch: 77, Best val loss: 147.0937
INFO:mainlogger:Epoch 81: Train Loss: 103.1822, Train PCC: 0.2088, Val Loss: 147.0980,Val PCC: 0.1199, Best epoch: 77, Best val loss: 147.0937
INFO:mainlogger:Epoch 82: Train Loss: 102.8083, Train PCC: 0.2060, Val Loss: 147.1310,Val PCC: 0.1293, Best epoch: 77, Best val loss: 147.0937
INFO:mainlogger:Epoch 83: Train Loss: 102.8423, Train PCC: 0.2108, Val Loss: 146.8977,Val PCC: 0.1230, Best epoch: 83, Best val loss: 146.8977
INFO:mainlogger:Epoch 84: Train Loss: 102.5376, Train PCC: 0.2065, Val Loss: 147.7595,Val PCC: 0.1315, Best epoch: 83, Best val loss: 146.8977
INFO:mainlogger:Epoch 85: Train Loss: 102.4796, Train PCC: 0.2071, Val Loss: 148.2045,Val PCC: 0.1306, Best epoch: 83, Best val loss: 146.8977
INFO:mainlogger:Epoch 86: Train Loss: 103.5024, Train PCC: 0.2073, Val Loss: 146.9374,Val PCC: 0.1350, Best epoch: 83, Best val loss: 146.8977
INFO:mainlogger:Epoch 87: Train Loss: 102.9806, Train PCC: 0.2114, Val Loss: 146.8793,Val PCC: 0.1298, Best epoch: 87, Best val loss: 146.8793
INFO:mainlogger:Epoch 88: Train Loss: 101.8638, Train PCC: 0.2144, Val Loss: 146.3512,Val PCC: 0.1316, Best epoch: 88, Best val loss: 146.3512
INFO:mainlogger:Epoch 89: Train Loss: 102.0318, Train PCC: 0.2172, Val Loss: 146.4506,Val PCC: 0.1275, Best epoch: 88, Best val loss: 146.3512
INFO:mainlogger:Epoch 90: Train Loss: 102.2428, Train PCC: 0.2143, Val Loss: 147.3946,Val PCC: 0.1352, Best epoch: 88, Best val loss: 146.3512
INFO:mainlogger:Epoch 91: Train Loss: 102.7664, Train PCC: 0.2148, Val Loss: 146.2807,Val PCC: 0.1333, Best epoch: 91, Best val loss: 146.2807
INFO:mainlogger:Epoch 92: Train Loss: 101.6232, Train PCC: 0.2116, Val Loss: 146.7955,Val PCC: 0.1206, Best epoch: 91, Best val loss: 146.2807
INFO:mainlogger:Epoch 93: Train Loss: 101.7291, Train PCC: 0.2127, Val Loss: 147.0462,Val PCC: 0.1366, Best epoch: 91, Best val loss: 146.2807
INFO:mainlogger:Epoch 94: Train Loss: 103.6078, Train PCC: 0.2180, Val Loss: 147.1449,Val PCC: 0.1275, Best epoch: 91, Best val loss: 146.2807
INFO:mainlogger:Epoch 95: Train Loss: 102.6075, Train PCC: 0.2200, Val Loss: 145.6239,Val PCC: 0.1462, Best epoch: 95, Best val loss: 145.6239
INFO:mainlogger:Epoch 96: Train Loss: 101.9693, Train PCC: 0.2139, Val Loss: 148.3420,Val PCC: 0.1388, Best epoch: 95, Best val loss: 145.6239
INFO:mainlogger:Epoch 97: Train Loss: 101.3494, Train PCC: 0.2140, Val Loss: 146.5932,Val PCC: 0.1425, Best epoch: 95, Best val loss: 145.6239
INFO:mainlogger:Epoch 98: Train Loss: 102.0679, Train PCC: 0.2198, Val Loss: 146.0248,Val PCC: 0.1359, Best epoch: 95, Best val loss: 145.6239
INFO:mainlogger:Epoch 99: Train Loss: 101.2409, Train PCC: 0.2165, Val Loss: 146.3615,Val PCC: 0.1382, Best epoch: 95, Best val loss: 145.6239
INFO:mainlogger:Epoch 100: Train Loss: 101.6916, Train PCC: 0.2225, Val Loss: 146.0399,Val PCC: 0.1407, Best epoch: 95, Best val loss: 145.6239
INFO:mainlogger:Epoch 101: Train Loss: 100.7582, Train PCC: 0.2202, Val Loss: 145.7117,Val PCC: 0.1482, Best epoch: 95, Best val loss: 145.6239
INFO:mainlogger:Epoch 102: Train Loss: 102.4723, Train PCC: 0.2259, Val Loss: 145.5620,Val PCC: 0.1390, Best epoch: 102, Best val loss: 145.5620
INFO:mainlogger:Epoch 103: Train Loss: 101.6529, Train PCC: 0.2205, Val Loss: 145.4237,Val PCC: 0.1422, Best epoch: 103, Best val loss: 145.4237
INFO:mainlogger:Epoch 104: Train Loss: 101.0533, Train PCC: 0.2229, Val Loss: 146.0994,Val PCC: 0.1331, Best epoch: 103, Best val loss: 145.4237
INFO:mainlogger:Epoch 105: Train Loss: 100.9977, Train PCC: 0.2277, Val Loss: 146.3331,Val PCC: 0.1432, Best epoch: 103, Best val loss: 145.4237
INFO:mainlogger:Epoch 106: Train Loss: 100.6283, Train PCC: 0.2247, Val Loss: 145.7928,Val PCC: 0.1362, Best epoch: 103, Best val loss: 145.4237
INFO:mainlogger:Epoch 107: Train Loss: 100.5589, Train PCC: 0.2235, Val Loss: 145.8197,Val PCC: 0.1426, Best epoch: 103, Best val loss: 145.4237
INFO:mainlogger:Epoch 108: Train Loss: 100.3494, Train PCC: 0.2230, Val Loss: 145.5406,Val PCC: 0.1376, Best epoch: 103, Best val loss: 145.4237
INFO:mainlogger:Epoch 109: Train Loss: 100.6140, Train PCC: 0.2238, Val Loss: 145.9227,Val PCC: 0.1398, Best epoch: 103, Best val loss: 145.4237
INFO:mainlogger:Epoch 110: Train Loss: 100.2462, Train PCC: 0.2263, Val Loss: 145.5629,Val PCC: 0.1430, Best epoch: 103, Best val loss: 145.4237
INFO:mainlogger:Epoch 111: Train Loss: 100.2869, Train PCC: 0.2292, Val Loss: 145.8615,Val PCC: 0.1360, Best epoch: 103, Best val loss: 145.4237
INFO:mainlogger:Epoch 112: Train Loss: 100.4551, Train PCC: 0.2262, Val Loss: 145.7675,Val PCC: 0.1478, Best epoch: 103, Best val loss: 145.4237
INFO:mainlogger:Epoch 113: Train Loss: 100.4770, Train PCC: 0.2296, Val Loss: 145.7188,Val PCC: 0.1470, Best epoch: 103, Best val loss: 145.4237
INFO:mainlogger:Epoch 114: Train Loss: 100.6375, Train PCC: 0.2305, Val Loss: 146.7440,Val PCC: 0.1374, Best epoch: 103, Best val loss: 145.4237
INFO:mainlogger:Epoch 115: Train Loss: 100.7858, Train PCC: 0.2261, Val Loss: 145.3430,Val PCC: 0.1480, Best epoch: 115, Best val loss: 145.3430
INFO:mainlogger:Epoch 116: Train Loss: 99.7088, Train PCC: 0.2343, Val Loss: 146.1269,Val PCC: 0.1417, Best epoch: 115, Best val loss: 145.3430
INFO:mainlogger:Epoch 117: Train Loss: 100.4167, Train PCC: 0.2298, Val Loss: 144.9723,Val PCC: 0.1371, Best epoch: 117, Best val loss: 144.9723
INFO:mainlogger:Epoch 118: Train Loss: 99.9594, Train PCC: 0.2323, Val Loss: 145.3381,Val PCC: 0.1390, Best epoch: 117, Best val loss: 144.9723
INFO:mainlogger:Epoch 119: Train Loss: 100.0954, Train PCC: 0.2354, Val Loss: 145.0844,Val PCC: 0.1481, Best epoch: 117, Best val loss: 144.9723
INFO:mainlogger:Epoch 120: Train Loss: 100.1165, Train PCC: 0.2345, Val Loss: 145.6076,Val PCC: 0.1401, Best epoch: 117, Best val loss: 144.9723
INFO:mainlogger:Epoch 121: Train Loss: 99.5570, Train PCC: 0.2360, Val Loss: 144.9782,Val PCC: 0.1390, Best epoch: 117, Best val loss: 144.9723
INFO:mainlogger:Epoch 122: Train Loss: 99.2703, Train PCC: 0.2383, Val Loss: 144.8540,Val PCC: 0.1452, Best epoch: 122, Best val loss: 144.8540
INFO:mainlogger:Epoch 123: Train Loss: 100.0182, Train PCC: 0.2365, Val Loss: 144.9851,Val PCC: 0.1441, Best epoch: 122, Best val loss: 144.8540
INFO:mainlogger:Epoch 124: Train Loss: 99.4933, Train PCC: 0.2387, Val Loss: 145.3389,Val PCC: 0.1497, Best epoch: 122, Best val loss: 144.8540
INFO:mainlogger:Epoch 125: Train Loss: 99.8757, Train PCC: 0.2363, Val Loss: 145.1273,Val PCC: 0.1459, Best epoch: 122, Best val loss: 144.8540
INFO:mainlogger:Epoch 126: Train Loss: 99.3007, Train PCC: 0.2337, Val Loss: 144.2413,Val PCC: 0.1456, Best epoch: 126, Best val loss: 144.2413
INFO:mainlogger:Epoch 127: Train Loss: 99.3059, Train PCC: 0.2402, Val Loss: 145.3402,Val PCC: 0.1439, Best epoch: 126, Best val loss: 144.2413
INFO:mainlogger:Epoch 128: Train Loss: 99.0491, Train PCC: 0.2396, Val Loss: 144.8488,Val PCC: 0.1425, Best epoch: 126, Best val loss: 144.2413
INFO:mainlogger:Epoch 129: Train Loss: 98.8342, Train PCC: 0.2428, Val Loss: 144.7813,Val PCC: 0.1386, Best epoch: 126, Best val loss: 144.2413
INFO:mainlogger:Epoch 130: Train Loss: 98.9772, Train PCC: 0.2384, Val Loss: 144.6567,Val PCC: 0.1431, Best epoch: 126, Best val loss: 144.2413
INFO:mainlogger:Epoch 131: Train Loss: 98.4357, Train PCC: 0.2427, Val Loss: 144.7470,Val PCC: 0.1449, Best epoch: 126, Best val loss: 144.2413
INFO:mainlogger:Epoch 132: Train Loss: 98.6032, Train PCC: 0.2460, Val Loss: 144.6273,Val PCC: 0.1451, Best epoch: 126, Best val loss: 144.2413
INFO:mainlogger:Epoch 133: Train Loss: 98.8244, Train PCC: 0.2456, Val Loss: 145.6155,Val PCC: 0.1470, Best epoch: 126, Best val loss: 144.2413
INFO:mainlogger:Epoch 134: Train Loss: 98.5222, Train PCC: 0.2451, Val Loss: 143.7549,Val PCC: 0.1510, Best epoch: 134, Best val loss: 143.7549
INFO:mainlogger:Epoch 135: Train Loss: 99.1107, Train PCC: 0.2453, Val Loss: 144.6378,Val PCC: 0.1439, Best epoch: 134, Best val loss: 143.7549
INFO:mainlogger:Epoch 136: Train Loss: 98.6653, Train PCC: 0.2488, Val Loss: 144.9443,Val PCC: 0.1428, Best epoch: 134, Best val loss: 143.7549
INFO:mainlogger:Epoch 137: Train Loss: 98.3458, Train PCC: 0.2488, Val Loss: 144.1676,Val PCC: 0.1429, Best epoch: 134, Best val loss: 143.7549
INFO:mainlogger:Epoch 138: Train Loss: 98.2095, Train PCC: 0.2471, Val Loss: 144.9696,Val PCC: 0.1540, Best epoch: 134, Best val loss: 143.7549
INFO:mainlogger:Epoch 139: Train Loss: 98.2920, Train PCC: 0.2477, Val Loss: 144.4439,Val PCC: 0.1442, Best epoch: 134, Best val loss: 143.7549
INFO:mainlogger:Epoch 140: Train Loss: 98.1799, Train PCC: 0.2455, Val Loss: 144.5773,Val PCC: 0.1525, Best epoch: 134, Best val loss: 143.7549
INFO:mainlogger:Epoch 141: Train Loss: 97.7139, Train PCC: 0.2502, Val Loss: 144.3945,Val PCC: 0.1487, Best epoch: 134, Best val loss: 143.7549
INFO:mainlogger:Epoch 142: Train Loss: 97.6146, Train PCC: 0.2508, Val Loss: 144.0714,Val PCC: 0.1456, Best epoch: 134, Best val loss: 143.7549
INFO:mainlogger:Epoch 143: Train Loss: 97.7992, Train PCC: 0.2483, Val Loss: 144.1981,Val PCC: 0.1440, Best epoch: 134, Best val loss: 143.7549
INFO:mainlogger:Epoch 144: Train Loss: 97.9441, Train PCC: 0.2527, Val Loss: 144.4634,Val PCC: 0.1387, Best epoch: 134, Best val loss: 143.7549
INFO:mainlogger:Epoch 145: Train Loss: 97.9423, Train PCC: 0.2483, Val Loss: 144.0540,Val PCC: 0.1531, Best epoch: 134, Best val loss: 143.7549
INFO:mainlogger:Epoch 146: Train Loss: 97.6166, Train PCC: 0.2519, Val Loss: 144.7224,Val PCC: 0.1544, Best epoch: 134, Best val loss: 143.7549
INFO:mainlogger:Epoch 147: Train Loss: 97.1756, Train PCC: 0.2546, Val Loss: 144.0317,Val PCC: 0.1501, Best epoch: 134, Best val loss: 143.7549
INFO:mainlogger:Epoch 148: Train Loss: 99.0015, Train PCC: 0.2548, Val Loss: 144.0989,Val PCC: 0.1464, Best epoch: 134, Best val loss: 143.7549
INFO:mainlogger:Epoch 149: Train Loss: 97.5900, Train PCC: 0.2538, Val Loss: 144.0581,Val PCC: 0.1441, Best epoch: 134, Best val loss: 143.7549
INFO:mainlogger:Epoch 150: Train Loss: 97.0851, Train PCC: 0.2561, Val Loss: 144.0106,Val PCC: 0.1463, Best epoch: 134, Best val loss: 143.7549
INFO:mainlogger:Epoch 151: Train Loss: 97.1850, Train PCC: 0.2567, Val Loss: 144.2275,Val PCC: 0.1509, Best epoch: 134, Best val loss: 143.7549
INFO:mainlogger:Epoch 152: Train Loss: 96.9385, Train PCC: 0.2612, Val Loss: 143.7512,Val PCC: 0.1510, Best epoch: 152, Best val loss: 143.7512
INFO:mainlogger:Epoch 153: Train Loss: 96.7482, Train PCC: 0.2628, Val Loss: 144.1688,Val PCC: 0.1508, Best epoch: 152, Best val loss: 143.7512
INFO:mainlogger:Epoch 154: Train Loss: 97.0514, Train PCC: 0.2628, Val Loss: 144.2833,Val PCC: 0.1533, Best epoch: 152, Best val loss: 143.7512
INFO:mainlogger:Epoch 155: Train Loss: 96.6850, Train PCC: 0.2543, Val Loss: 143.6968,Val PCC: 0.1524, Best epoch: 155, Best val loss: 143.6968
INFO:mainlogger:Epoch 156: Train Loss: 96.6446, Train PCC: 0.2538, Val Loss: 144.2822,Val PCC: 0.1515, Best epoch: 155, Best val loss: 143.6968
INFO:mainlogger:Epoch 157: Train Loss: 96.6143, Train PCC: 0.2597, Val Loss: 143.3387,Val PCC: 0.1517, Best epoch: 157, Best val loss: 143.3387
INFO:mainlogger:Epoch 158: Train Loss: 96.5199, Train PCC: 0.2577, Val Loss: 144.1615,Val PCC: 0.1436, Best epoch: 157, Best val loss: 143.3387
INFO:mainlogger:Epoch 159: Train Loss: 96.5323, Train PCC: 0.2649, Val Loss: 144.7993,Val PCC: 0.1505, Best epoch: 157, Best val loss: 143.3387
INFO:mainlogger:Epoch 160: Train Loss: 96.9464, Train PCC: 0.2551, Val Loss: 143.0922,Val PCC: 0.1486, Best epoch: 160, Best val loss: 143.0922
INFO:mainlogger:Epoch 161: Train Loss: 96.9577, Train PCC: 0.2591, Val Loss: 143.4887,Val PCC: 0.1532, Best epoch: 160, Best val loss: 143.0922
INFO:mainlogger:Epoch 162: Train Loss: 96.5867, Train PCC: 0.2646, Val Loss: 143.8743,Val PCC: 0.1533, Best epoch: 160, Best val loss: 143.0922
INFO:mainlogger:Epoch 163: Train Loss: 96.5651, Train PCC: 0.2645, Val Loss: 143.6717,Val PCC: 0.1448, Best epoch: 160, Best val loss: 143.0922
INFO:mainlogger:Epoch 164: Train Loss: 96.3250, Train PCC: 0.2654, Val Loss: 143.5231,Val PCC: 0.1521, Best epoch: 160, Best val loss: 143.0922
INFO:mainlogger:Epoch 165: Train Loss: 96.9540, Train PCC: 0.2657, Val Loss: 142.9668,Val PCC: 0.1538, Best epoch: 165, Best val loss: 142.9668
INFO:mainlogger:Epoch 166: Train Loss: 95.8589, Train PCC: 0.2703, Val Loss: 143.1793,Val PCC: 0.1547, Best epoch: 165, Best val loss: 142.9668
INFO:mainlogger:Epoch 167: Train Loss: 96.5626, Train PCC: 0.2693, Val Loss: 143.6771,Val PCC: 0.1488, Best epoch: 165, Best val loss: 142.9668
INFO:mainlogger:Epoch 168: Train Loss: 95.9158, Train PCC: 0.2670, Val Loss: 143.0253,Val PCC: 0.1517, Best epoch: 165, Best val loss: 142.9668
INFO:mainlogger:Epoch 169: Train Loss: 96.1647, Train PCC: 0.2660, Val Loss: 143.6268,Val PCC: 0.1529, Best epoch: 165, Best val loss: 142.9668
INFO:mainlogger:Epoch 170: Train Loss: 96.0627, Train PCC: 0.2692, Val Loss: 143.5950,Val PCC: 0.1628, Best epoch: 165, Best val loss: 142.9668
INFO:mainlogger:Epoch 171: Train Loss: 95.5468, Train PCC: 0.2713, Val Loss: 143.5932,Val PCC: 0.1535, Best epoch: 165, Best val loss: 142.9668
INFO:mainlogger:Epoch 172: Train Loss: 95.2552, Train PCC: 0.2704, Val Loss: 143.5042,Val PCC: 0.1452, Best epoch: 165, Best val loss: 142.9668
INFO:mainlogger:Epoch 173: Train Loss: 96.7474, Train PCC: 0.2732, Val Loss: 143.8429,Val PCC: 0.1547, Best epoch: 165, Best val loss: 142.9668
INFO:mainlogger:Epoch 174: Train Loss: 95.4196, Train PCC: 0.2651, Val Loss: 142.6347,Val PCC: 0.1510, Best epoch: 174, Best val loss: 142.6347
INFO:mainlogger:Epoch 175: Train Loss: 96.1792, Train PCC: 0.2680, Val Loss: 143.5005,Val PCC: 0.1569, Best epoch: 174, Best val loss: 142.6347
INFO:mainlogger:Epoch 176: Train Loss: 95.2107, Train PCC: 0.2691, Val Loss: 142.9074,Val PCC: 0.1511, Best epoch: 174, Best val loss: 142.6347
INFO:mainlogger:Epoch 177: Train Loss: 95.2078, Train PCC: 0.2721, Val Loss: 143.0433,Val PCC: 0.1564, Best epoch: 174, Best val loss: 142.6347
INFO:mainlogger:Epoch 178: Train Loss: 95.1896, Train PCC: 0.2699, Val Loss: 143.3477,Val PCC: 0.1508, Best epoch: 174, Best val loss: 142.6347
INFO:mainlogger:Epoch 179: Train Loss: 95.1464, Train PCC: 0.2726, Val Loss: 143.0071,Val PCC: 0.1497, Best epoch: 174, Best val loss: 142.6347
INFO:mainlogger:Epoch 180: Train Loss: 96.0033, Train PCC: 0.2733, Val Loss: 143.3416,Val PCC: 0.1529, Best epoch: 174, Best val loss: 142.6347
INFO:mainlogger:Epoch 181: Train Loss: 95.7633, Train PCC: 0.2775, Val Loss: 143.0125,Val PCC: 0.1585, Best epoch: 174, Best val loss: 142.6347
INFO:mainlogger:Epoch 182: Train Loss: 94.9389, Train PCC: 0.2768, Val Loss: 143.5600,Val PCC: 0.1499, Best epoch: 174, Best val loss: 142.6347
INFO:mainlogger:Epoch 183: Train Loss: 94.8596, Train PCC: 0.2756, Val Loss: 142.7231,Val PCC: 0.1563, Best epoch: 174, Best val loss: 142.6347
INFO:mainlogger:Epoch 184: Train Loss: 95.3153, Train PCC: 0.2770, Val Loss: 142.7630,Val PCC: 0.1499, Best epoch: 174, Best val loss: 142.6347
INFO:mainlogger:Epoch 185: Train Loss: 94.6503, Train PCC: 0.2758, Val Loss: 142.7011,Val PCC: 0.1568, Best epoch: 174, Best val loss: 142.6347
INFO:mainlogger:Epoch 186: Train Loss: 94.8561, Train PCC: 0.2790, Val Loss: 143.3973,Val PCC: 0.1521, Best epoch: 174, Best val loss: 142.6347
INFO:mainlogger:Epoch 187: Train Loss: 95.5158, Train PCC: 0.2808, Val Loss: 142.6204,Val PCC: 0.1502, Best epoch: 187, Best val loss: 142.6204
INFO:mainlogger:Epoch 188: Train Loss: 95.0246, Train PCC: 0.2795, Val Loss: 143.0451,Val PCC: 0.1472, Best epoch: 187, Best val loss: 142.6204
INFO:mainlogger:Epoch 189: Train Loss: 94.5298, Train PCC: 0.2801, Val Loss: 142.5406,Val PCC: 0.1487, Best epoch: 189, Best val loss: 142.5406
INFO:mainlogger:Epoch 190: Train Loss: 95.1557, Train PCC: 0.2740, Val Loss: 143.3284,Val PCC: 0.1525, Best epoch: 189, Best val loss: 142.5406
INFO:mainlogger:Epoch 191: Train Loss: 95.5149, Train PCC: 0.2780, Val Loss: 143.3255,Val PCC: 0.1525, Best epoch: 189, Best val loss: 142.5406
INFO:mainlogger:Epoch 192: Train Loss: 94.5199, Train PCC: 0.2836, Val Loss: 143.3346,Val PCC: 0.1499, Best epoch: 189, Best val loss: 142.5406
INFO:mainlogger:Epoch 193: Train Loss: 93.9803, Train PCC: 0.2806, Val Loss: 142.8260,Val PCC: 0.1548, Best epoch: 189, Best val loss: 142.5406
INFO:mainlogger:Epoch 194: Train Loss: 95.1494, Train PCC: 0.2843, Val Loss: 142.8858,Val PCC: 0.1540, Best epoch: 189, Best val loss: 142.5406
INFO:mainlogger:Epoch 195: Train Loss: 94.0087, Train PCC: 0.2816, Val Loss: 142.8552,Val PCC: 0.1538, Best epoch: 189, Best val loss: 142.5406
INFO:mainlogger:Epoch 196: Train Loss: 93.5014, Train PCC: 0.2845, Val Loss: 142.4787,Val PCC: 0.1627, Best epoch: 196, Best val loss: 142.4787
INFO:mainlogger:Epoch 197: Train Loss: 93.6169, Train PCC: 0.2833, Val Loss: 142.8350,Val PCC: 0.1572, Best epoch: 196, Best val loss: 142.4787
INFO:mainlogger:Epoch 198: Train Loss: 93.7518, Train PCC: 0.2800, Val Loss: 143.2159,Val PCC: 0.1537, Best epoch: 196, Best val loss: 142.4787
INFO:mainlogger:Epoch 199: Train Loss: 94.0909, Train PCC: 0.2831, Val Loss: 142.3308,Val PCC: 0.1597, Best epoch: 199, Best val loss: 142.3308
INFO:mainlogger:Epoch 200: Train Loss: 93.3016, Train PCC: 0.2845, Val Loss: 142.2367,Val PCC: 0.1521, Best epoch: 200, Best val loss: 142.2367
INFO:mainlogger:Epoch 201: Train Loss: 93.7959, Train PCC: 0.2779, Val Loss: 142.8706,Val PCC: 0.1508, Best epoch: 200, Best val loss: 142.2367
INFO:mainlogger:Epoch 202: Train Loss: 93.5043, Train PCC: 0.2852, Val Loss: 142.6247,Val PCC: 0.1584, Best epoch: 200, Best val loss: 142.2367
INFO:mainlogger:Epoch 203: Train Loss: 93.3735, Train PCC: 0.2843, Val Loss: 142.5524,Val PCC: 0.1533, Best epoch: 200, Best val loss: 142.2367
INFO:mainlogger:Epoch 204: Train Loss: 93.3049, Train PCC: 0.2824, Val Loss: 141.9899,Val PCC: 0.1589, Best epoch: 204, Best val loss: 141.9899
INFO:mainlogger:Epoch 205: Train Loss: 93.6539, Train PCC: 0.2888, Val Loss: 142.6117,Val PCC: 0.1593, Best epoch: 204, Best val loss: 141.9899
INFO:mainlogger:Epoch 206: Train Loss: 92.8099, Train PCC: 0.2936, Val Loss: 142.3045,Val PCC: 0.1590, Best epoch: 204, Best val loss: 141.9899
INFO:mainlogger:Epoch 207: Train Loss: 93.0284, Train PCC: 0.2857, Val Loss: 142.5142,Val PCC: 0.1549, Best epoch: 204, Best val loss: 141.9899
INFO:mainlogger:Epoch 208: Train Loss: 93.2807, Train PCC: 0.2864, Val Loss: 142.3556,Val PCC: 0.1559, Best epoch: 204, Best val loss: 141.9899
INFO:mainlogger:Epoch 209: Train Loss: 94.3270, Train PCC: 0.2911, Val Loss: 142.3374,Val PCC: 0.1519, Best epoch: 204, Best val loss: 141.9899
INFO:mainlogger:Epoch 210: Train Loss: 92.8610, Train PCC: 0.2916, Val Loss: 142.1288,Val PCC: 0.1466, Best epoch: 204, Best val loss: 141.9899
INFO:mainlogger:Epoch 211: Train Loss: 93.4434, Train PCC: 0.2889, Val Loss: 143.1016,Val PCC: 0.1573, Best epoch: 204, Best val loss: 141.9899
INFO:mainlogger:Epoch 212: Train Loss: 93.4240, Train PCC: 0.2892, Val Loss: 141.8357,Val PCC: 0.1558, Best epoch: 212, Best val loss: 141.8357
INFO:mainlogger:Epoch 213: Train Loss: 92.7702, Train PCC: 0.2936, Val Loss: 142.5928,Val PCC: 0.1527, Best epoch: 212, Best val loss: 141.8357
INFO:mainlogger:Epoch 214: Train Loss: 92.7691, Train PCC: 0.2894, Val Loss: 142.3495,Val PCC: 0.1555, Best epoch: 212, Best val loss: 141.8357
INFO:mainlogger:Epoch 215: Train Loss: 92.5883, Train PCC: 0.2914, Val Loss: 142.2736,Val PCC: 0.1536, Best epoch: 212, Best val loss: 141.8357
INFO:mainlogger:Epoch 216: Train Loss: 92.9913, Train PCC: 0.2878, Val Loss: 142.1097,Val PCC: 0.1536, Best epoch: 212, Best val loss: 141.8357
INFO:mainlogger:Epoch 217: Train Loss: 92.8271, Train PCC: 0.2932, Val Loss: 142.9455,Val PCC: 0.1551, Best epoch: 212, Best val loss: 141.8357
INFO:mainlogger:Epoch 218: Train Loss: 92.3924, Train PCC: 0.2941, Val Loss: 142.2521,Val PCC: 0.1542, Best epoch: 212, Best val loss: 141.8357
INFO:mainlogger:Epoch 219: Train Loss: 92.0389, Train PCC: 0.2986, Val Loss: 142.7704,Val PCC: 0.1508, Best epoch: 212, Best val loss: 141.8357
INFO:mainlogger:Epoch 220: Train Loss: 92.1160, Train PCC: 0.2923, Val Loss: 142.1441,Val PCC: 0.1526, Best epoch: 212, Best val loss: 141.8357
INFO:mainlogger:Epoch 221: Train Loss: 92.8037, Train PCC: 0.2949, Val Loss: 142.5149,Val PCC: 0.1537, Best epoch: 212, Best val loss: 141.8357
INFO:mainlogger:Epoch 222: Train Loss: 92.2420, Train PCC: 0.2940, Val Loss: 143.2545,Val PCC: 0.1525, Best epoch: 212, Best val loss: 141.8357
INFO:mainlogger:Epoch 223: Train Loss: 92.2212, Train PCC: 0.2912, Val Loss: 142.7914,Val PCC: 0.1491, Best epoch: 212, Best val loss: 141.8357
INFO:mainlogger:Epoch 224: Train Loss: 92.6553, Train PCC: 0.2951, Val Loss: 142.8036,Val PCC: 0.1452, Best epoch: 212, Best val loss: 141.8357
INFO:mainlogger:Epoch 225: Train Loss: 92.0347, Train PCC: 0.2946, Val Loss: 143.8578,Val PCC: 0.1541, Best epoch: 212, Best val loss: 141.8357
INFO:mainlogger:Epoch 226: Train Loss: 92.6980, Train PCC: 0.2954, Val Loss: 143.7413,Val PCC: 0.1562, Best epoch: 212, Best val loss: 141.8357
INFO:mainlogger:Epoch 227: Train Loss: 92.8105, Train PCC: 0.2951, Val Loss: 143.0979,Val PCC: 0.1523, Best epoch: 212, Best val loss: 141.8357
INFO:mainlogger:Epoch 228: Train Loss: 92.2117, Train PCC: 0.2989, Val Loss: 142.5254,Val PCC: 0.1530, Best epoch: 212, Best val loss: 141.8357
INFO:mainlogger:Epoch 229: Train Loss: 91.9449, Train PCC: 0.2985, Val Loss: 142.4100,Val PCC: 0.1492, Best epoch: 212, Best val loss: 141.8357
INFO:mainlogger:Epoch 230: Train Loss: 92.2925, Train PCC: 0.2980, Val Loss: 143.3367,Val PCC: 0.1560, Best epoch: 212, Best val loss: 141.8357
INFO:mainlogger:Epoch 231: Train Loss: 92.0289, Train PCC: 0.2983, Val Loss: 142.5630,Val PCC: 0.1531, Best epoch: 212, Best val loss: 141.8357
INFO:mainlogger:Epoch 232: Train Loss: 91.7295, Train PCC: 0.3014, Val Loss: 143.0805,Val PCC: 0.1579, Best epoch: 212, Best val loss: 141.8357
INFO:mainlogger:Epoch 233: Train Loss: 91.5557, Train PCC: 0.2965, Val Loss: 143.1032,Val PCC: 0.1512, Best epoch: 212, Best val loss: 141.8357
INFO:mainlogger:Epoch 234: Train Loss: 91.5839, Train PCC: 0.2998, Val Loss: 142.7072,Val PCC: 0.1583, Best epoch: 212, Best val loss: 141.8357
INFO:mainlogger:Epoch 235: Train Loss: 91.4444, Train PCC: 0.3029, Val Loss: 142.6457,Val PCC: 0.1541, Best epoch: 212, Best val loss: 141.8357
INFO:mainlogger:Epoch 236: Train Loss: 91.2231, Train PCC: 0.3009, Val Loss: 142.8751,Val PCC: 0.1569, Best epoch: 212, Best val loss: 141.8357
INFO:mainlogger:Epoch 237: Train Loss: 91.3772, Train PCC: 0.3007, Val Loss: 142.3513,Val PCC: 0.1513, Best epoch: 212, Best val loss: 141.8357
INFO:mainlogger:Epoch 238: Train Loss: 91.3941, Train PCC: 0.3045, Val Loss: 142.7612,Val PCC: 0.1498, Best epoch: 212, Best val loss: 141.8357
INFO:mainlogger:Epoch 239: Train Loss: 91.6861, Train PCC: 0.2994, Val Loss: 143.3307,Val PCC: 0.1478, Best epoch: 212, Best val loss: 141.8357
INFO:mainlogger:Epoch 240: Train Loss: 91.1415, Train PCC: 0.2981, Val Loss: 142.5187,Val PCC: 0.1505, Best epoch: 212, Best val loss: 141.8357
INFO:mainlogger:Epoch 241: Train Loss: 91.0368, Train PCC: 0.2941, Val Loss: 143.5052,Val PCC: 0.1477, Best epoch: 212, Best val loss: 141.8357
INFO:mainlogger:Epoch 242: Train Loss: 90.2144, Train PCC: 0.3022, Val Loss: 143.0447,Val PCC: 0.1490, Best epoch: 212, Best val loss: 141.8357
INFO:mainlogger:Epoch 243: Train Loss: 91.0754, Train PCC: 0.3014, Val Loss: 142.9787,Val PCC: 0.1492, Best epoch: 212, Best val loss: 141.8357
INFO:mainlogger:Epoch 244: Train Loss: 90.5085, Train PCC: 0.3044, Val Loss: 143.3655,Val PCC: 0.1538, Best epoch: 212, Best val loss: 141.8357
INFO:mainlogger:Epoch 245: Train Loss: 90.3862, Train PCC: 0.3051, Val Loss: 143.2227,Val PCC: 0.1614, Best epoch: 212, Best val loss: 141.8357
INFO:mainlogger:Epoch 246: Train Loss: 90.6463, Train PCC: 0.3084, Val Loss: 143.0026,Val PCC: 0.1511, Best epoch: 212, Best val loss: 141.8357
INFO:mainlogger:Epoch 247: Train Loss: 90.6820, Train PCC: 0.3069, Val Loss: 142.9438,Val PCC: 0.1480, Best epoch: 212, Best val loss: 141.8357
INFO:mainlogger:Epoch 248: Train Loss: 91.6826, Train PCC: 0.3061, Val Loss: 143.5133,Val PCC: 0.1479, Best epoch: 212, Best val loss: 141.8357
INFO:mainlogger:Epoch 249: Train Loss: 91.2457, Train PCC: 0.3033, Val Loss: 143.8678,Val PCC: 0.1533, Best epoch: 212, Best val loss: 141.8357
INFO:mainlogger:Epoch 250: Train Loss: 90.2167, Train PCC: 0.3062, Val Loss: 143.2353,Val PCC: 0.1497, Best epoch: 212, Best val loss: 141.8357
INFO:mainlogger:Epoch 251: Train Loss: 90.8785, Train PCC: 0.3069, Val Loss: 143.7053,Val PCC: 0.1532, Best epoch: 212, Best val loss: 141.8357
INFO:mainlogger:Epoch 252: Train Loss: 90.3684, Train PCC: 0.3044, Val Loss: 143.4563,Val PCC: 0.1571, Best epoch: 212, Best val loss: 141.8357
INFO:mainlogger:Epoch 253: Train Loss: 90.5293, Train PCC: 0.3060, Val Loss: 143.3217,Val PCC: 0.1573, Best epoch: 212, Best val loss: 141.8357
INFO:mainlogger:Epoch 254: Train Loss: 90.0529, Train PCC: 0.3069, Val Loss: 143.0347,Val PCC: 0.1547, Best epoch: 212, Best val loss: 141.8357
INFO:mainlogger:Epoch 255: Train Loss: 89.3991, Train PCC: 0.3084, Val Loss: 143.8427,Val PCC: 0.1481, Best epoch: 212, Best val loss: 141.8357
INFO:mainlogger:Epoch 256: Train Loss: 89.8655, Train PCC: 0.3081, Val Loss: 143.5275,Val PCC: 0.1586, Best epoch: 212, Best val loss: 141.8357
INFO:mainlogger:Epoch 257: Train Loss: 90.1409, Train PCC: 0.3140, Val Loss: 144.3906,Val PCC: 0.1456, Best epoch: 212, Best val loss: 141.8357
INFO:mainlogger:Epoch 258: Train Loss: 90.0095, Train PCC: 0.3129, Val Loss: 143.6863,Val PCC: 0.1499, Best epoch: 212, Best val loss: 141.8357
INFO:mainlogger:Epoch 259: Train Loss: 89.4260, Train PCC: 0.3077, Val Loss: 142.6431,Val PCC: 0.1539, Best epoch: 212, Best val loss: 141.8357
INFO:mainlogger:Epoch 260: Train Loss: 89.1682, Train PCC: 0.3113, Val Loss: 143.5972,Val PCC: 0.1485, Best epoch: 212, Best val loss: 141.8357
INFO:mainlogger:Epoch 261: Train Loss: 89.6740, Train PCC: 0.3120, Val Loss: 143.4952,Val PCC: 0.1508, Best epoch: 212, Best val loss: 141.8357
INFO:mainlogger:Epoch 262: Train Loss: 89.2593, Train PCC: 0.3149, Val Loss: 142.9904,Val PCC: 0.1514, Best epoch: 212, Best val loss: 141.8357
INFO:mainlogger:Epoch 263: Train Loss: 89.1149, Train PCC: 0.3123, Val Loss: 144.1540,Val PCC: 0.1505, Best epoch: 212, Best val loss: 141.8357
INFO:mainlogger:Epoch 264: Train Loss: 90.2526, Train PCC: 0.3127, Val Loss: 143.9588,Val PCC: 0.1413, Best epoch: 212, Best val loss: 141.8357
INFO:mainlogger:Epoch 265: Train Loss: 89.7420, Train PCC: 0.3087, Val Loss: 143.2726,Val PCC: 0.1546, Best epoch: 212, Best val loss: 141.8357
INFO:mainlogger:Epoch 266: Train Loss: 88.7870, Train PCC: 0.3124, Val Loss: 143.9258,Val PCC: 0.1468, Best epoch: 212, Best val loss: 141.8357
INFO:mainlogger:Epoch 267: Train Loss: 88.8523, Train PCC: 0.3179, Val Loss: 143.2418,Val PCC: 0.1472, Best epoch: 212, Best val loss: 141.8357
INFO:mainlogger:Epoch 268: Train Loss: 89.3572, Train PCC: 0.3089, Val Loss: 143.4429,Val PCC: 0.1449, Best epoch: 212, Best val loss: 141.8357
INFO:mainlogger:Epoch 269: Train Loss: 88.2578, Train PCC: 0.3130, Val Loss: 143.7498,Val PCC: 0.1469, Best epoch: 212, Best val loss: 141.8357
INFO:mainlogger:Epoch 270: Train Loss: 88.6971, Train PCC: 0.3168, Val Loss: 144.2896,Val PCC: 0.1518, Best epoch: 212, Best val loss: 141.8357
INFO:mainlogger:Epoch 271: Train Loss: 88.5480, Train PCC: 0.3164, Val Loss: 143.7237,Val PCC: 0.1527, Best epoch: 212, Best val loss: 141.8357
INFO:mainlogger:Epoch 272: Train Loss: 88.2535, Train PCC: 0.3166, Val Loss: 144.9800,Val PCC: 0.1485, Best epoch: 212, Best val loss: 141.8357
INFO:mainlogger:Epoch 273: Train Loss: 88.0459, Train PCC: 0.3153, Val Loss: 143.5619,Val PCC: 0.1492, Best epoch: 212, Best val loss: 141.8357
INFO:mainlogger:Epoch 274: Train Loss: 89.1518, Train PCC: 0.3178, Val Loss: 143.9847,Val PCC: 0.1495, Best epoch: 212, Best val loss: 141.8357
INFO:mainlogger:Epoch 275: Train Loss: 88.1287, Train PCC: 0.3168, Val Loss: 143.2925,Val PCC: 0.1515, Best epoch: 212, Best val loss: 141.8357
INFO:mainlogger:Epoch 276: Train Loss: 88.0313, Train PCC: 0.3206, Val Loss: 143.6695,Val PCC: 0.1512, Best epoch: 212, Best val loss: 141.8357
INFO:mainlogger:Epoch 277: Train Loss: 89.1635, Train PCC: 0.3159, Val Loss: 143.8404,Val PCC: 0.1517, Best epoch: 212, Best val loss: 141.8357
INFO:mainlogger:Epoch 278: Train Loss: 88.5575, Train PCC: 0.3225, Val Loss: 144.7813,Val PCC: 0.1502, Best epoch: 212, Best val loss: 141.8357
INFO:mainlogger:Epoch 279: Train Loss: 87.6097, Train PCC: 0.3173, Val Loss: 144.5722,Val PCC: 0.1506, Best epoch: 212, Best val loss: 141.8357
INFO:mainlogger:Epoch 280: Train Loss: 88.2309, Train PCC: 0.3191, Val Loss: 144.2338,Val PCC: 0.1488, Best epoch: 212, Best val loss: 141.8357
INFO:mainlogger:Epoch 281: Train Loss: 87.6126, Train PCC: 0.3170, Val Loss: 143.2729,Val PCC: 0.1540, Best epoch: 212, Best val loss: 141.8357
INFO:mainlogger:Epoch 282: Train Loss: 88.5265, Train PCC: 0.3186, Val Loss: 144.4656,Val PCC: 0.1572, Best epoch: 212, Best val loss: 141.8357
INFO:mainlogger:Epoch 283: Train Loss: 87.9145, Train PCC: 0.3225, Val Loss: 143.6298,Val PCC: 0.1580, Best epoch: 212, Best val loss: 141.8357
INFO:mainlogger:Epoch 284: Train Loss: 87.8334, Train PCC: 0.3213, Val Loss: 143.5535,Val PCC: 0.1536, Best epoch: 212, Best val loss: 141.8357
INFO:mainlogger:Epoch 285: Train Loss: 87.1688, Train PCC: 0.3220, Val Loss: 144.1591,Val PCC: 0.1581, Best epoch: 212, Best val loss: 141.8357
INFO:mainlogger:Epoch 286: Train Loss: 87.3752, Train PCC: 0.3216, Val Loss: 144.4089,Val PCC: 0.1581, Best epoch: 212, Best val loss: 141.8357
INFO:mainlogger:Epoch 287: Train Loss: 86.7339, Train PCC: 0.3215, Val Loss: 143.5352,Val PCC: 0.1576, Best epoch: 212, Best val loss: 141.8357
INFO:mainlogger:Epoch 288: Train Loss: 87.6812, Train PCC: 0.3219, Val Loss: 144.2666,Val PCC: 0.1455, Best epoch: 212, Best val loss: 141.8357
INFO:mainlogger:Epoch 289: Train Loss: 87.4737, Train PCC: 0.3241, Val Loss: 144.2830,Val PCC: 0.1532, Best epoch: 212, Best val loss: 141.8357
INFO:mainlogger:Epoch 290: Train Loss: 87.6059, Train PCC: 0.3257, Val Loss: 144.8227,Val PCC: 0.1503, Best epoch: 212, Best val loss: 141.8357
INFO:mainlogger:Epoch 291: Train Loss: 87.1229, Train PCC: 0.3247, Val Loss: 144.1625,Val PCC: 0.1481, Best epoch: 212, Best val loss: 141.8357
INFO:mainlogger:Epoch 292: Train Loss: 86.6345, Train PCC: 0.3192, Val Loss: 144.1898,Val PCC: 0.1463, Best epoch: 212, Best val loss: 141.8357
INFO:mainlogger:Epoch 293: Train Loss: 87.1191, Train PCC: 0.3221, Val Loss: 144.5339,Val PCC: 0.1455, Best epoch: 212, Best val loss: 141.8357
INFO:mainlogger:Epoch 294: Train Loss: 87.3903, Train PCC: 0.3203, Val Loss: 144.8625,Val PCC: 0.1479, Best epoch: 212, Best val loss: 141.8357
INFO:mainlogger:Epoch 295: Train Loss: 87.4703, Train PCC: 0.3238, Val Loss: 144.1515,Val PCC: 0.1484, Best epoch: 212, Best val loss: 141.8357
INFO:mainlogger:Epoch 296: Train Loss: 86.6002, Train PCC: 0.3255, Val Loss: 143.9222,Val PCC: 0.1407, Best epoch: 212, Best val loss: 141.8357
INFO:mainlogger:Epoch 297: Train Loss: 87.2207, Train PCC: 0.3281, Val Loss: 144.0315,Val PCC: 0.1494, Best epoch: 212, Best val loss: 141.8357
INFO:mainlogger:Epoch 298: Train Loss: 85.8954, Train PCC: 0.3274, Val Loss: 144.1620,Val PCC: 0.1449, Best epoch: 212, Best val loss: 141.8357
INFO:mainlogger:Epoch 299: Train Loss: 86.5026, Train PCC: 0.3281, Val Loss: 144.3552,Val PCC: 0.1439, Best epoch: 212, Best val loss: 141.8357
INFO:mainlogger:Epoch 300: Train Loss: 85.6913, Train PCC: 0.3250, Val Loss: 144.5940,Val PCC: 0.1530, Best epoch: 212, Best val loss: 141.8357
INFO:mainlogger:Epoch 301: Train Loss: 86.9475, Train PCC: 0.3289, Val Loss: 145.4428,Val PCC: 0.1458, Best epoch: 212, Best val loss: 141.8357
INFO:mainlogger:Epoch 302: Train Loss: 86.5884, Train PCC: 0.3230, Val Loss: 144.6206,Val PCC: 0.1525, Best epoch: 212, Best val loss: 141.8357
INFO:mainlogger:Epoch 303: Train Loss: 85.7673, Train PCC: 0.3280, Val Loss: 144.5318,Val PCC: 0.1522, Best epoch: 212, Best val loss: 141.8357
INFO:mainlogger:Epoch 304: Train Loss: 85.9429, Train PCC: 0.3249, Val Loss: 144.3528,Val PCC: 0.1524, Best epoch: 212, Best val loss: 141.8357
INFO:mainlogger:Epoch 305: Train Loss: 86.2145, Train PCC: 0.3275, Val Loss: 144.3746,Val PCC: 0.1487, Best epoch: 212, Best val loss: 141.8357
INFO:mainlogger:Epoch 306: Train Loss: 85.9352, Train PCC: 0.3311, Val Loss: 144.8999,Val PCC: 0.1477, Best epoch: 212, Best val loss: 141.8357
INFO:mainlogger:Epoch 307: Train Loss: 85.3833, Train PCC: 0.3317, Val Loss: 145.2554,Val PCC: 0.1507, Best epoch: 212, Best val loss: 141.8357
INFO:mainlogger:Epoch 308: Train Loss: 86.7528, Train PCC: 0.3282, Val Loss: 145.6225,Val PCC: 0.1510, Best epoch: 212, Best val loss: 141.8357
INFO:mainlogger:Epoch 309: Train Loss: 86.0482, Train PCC: 0.3274, Val Loss: 145.3230,Val PCC: 0.1473, Best epoch: 212, Best val loss: 141.8357
INFO:mainlogger:Epoch 310: Train Loss: 85.4925, Train PCC: 0.3307, Val Loss: 145.3341,Val PCC: 0.1505, Best epoch: 212, Best val loss: 141.8357
INFO:mainlogger:Epoch 311: Train Loss: 85.3695, Train PCC: 0.3312, Val Loss: 145.2013,Val PCC: 0.1514, Best epoch: 212, Best val loss: 141.8357
INFO:mainlogger:Epoch 312: Train Loss: 84.9041, Train PCC: 0.3300, Val Loss: 144.3766,Val PCC: 0.1504, Best epoch: 212, Best val loss: 141.8357
INFO:mainlogger:Epoch 313: Train Loss: 85.1112, Train PCC: 0.3309, Val Loss: 145.2040,Val PCC: 0.1476, Best epoch: 212, Best val loss: 141.8357
INFO:mainlogger:Epoch 314: Train Loss: 84.8819, Train PCC: 0.3319, Val Loss: 145.6452,Val PCC: 0.1535, Best epoch: 212, Best val loss: 141.8357
INFO:mainlogger:Epoch 315: Train Loss: 85.1126, Train PCC: 0.3320, Val Loss: 145.4045,Val PCC: 0.1518, Best epoch: 212, Best val loss: 141.8357
INFO:mainlogger:Epoch 316: Train Loss: 85.6608, Train PCC: 0.3306, Val Loss: 145.4942,Val PCC: 0.1479, Best epoch: 212, Best val loss: 141.8357
INFO:mainlogger:Epoch 317: Train Loss: 85.8078, Train PCC: 0.3290, Val Loss: 145.2884,Val PCC: 0.1482, Best epoch: 212, Best val loss: 141.8357
INFO:mainlogger:Epoch 318: Train Loss: 85.7873, Train PCC: 0.3302, Val Loss: 145.4955,Val PCC: 0.1543, Best epoch: 212, Best val loss: 141.8357
INFO:mainlogger:Epoch 319: Train Loss: 86.8190, Train PCC: 0.3286, Val Loss: 145.9910,Val PCC: 0.1520, Best epoch: 212, Best val loss: 141.8357
INFO:mainlogger:Epoch 320: Train Loss: 85.1489, Train PCC: 0.3339, Val Loss: 144.9874,Val PCC: 0.1511, Best epoch: 212, Best val loss: 141.8357
INFO:mainlogger:Epoch 321: Train Loss: 83.8773, Train PCC: 0.3358, Val Loss: 145.0693,Val PCC: 0.1467, Best epoch: 212, Best val loss: 141.8357
INFO:mainlogger:Epoch 322: Train Loss: 84.4549, Train PCC: 0.3338, Val Loss: 146.0401,Val PCC: 0.1467, Best epoch: 212, Best val loss: 141.8357
INFO:mainlogger:Epoch 323: Train Loss: 84.4609, Train PCC: 0.3353, Val Loss: 144.9413,Val PCC: 0.1462, Best epoch: 212, Best val loss: 141.8357
INFO:mainlogger:Epoch 324: Train Loss: 84.0428, Train PCC: 0.3310, Val Loss: 145.0410,Val PCC: 0.1495, Best epoch: 212, Best val loss: 141.8357
INFO:mainlogger:Epoch 325: Train Loss: 83.7609, Train PCC: 0.3364, Val Loss: 145.0771,Val PCC: 0.1537, Best epoch: 212, Best val loss: 141.8357
INFO:mainlogger:Epoch 326: Train Loss: 83.8704, Train PCC: 0.3368, Val Loss: 145.0867,Val PCC: 0.1506, Best epoch: 212, Best val loss: 141.8357
INFO:mainlogger:Epoch 327: Train Loss: 84.1446, Train PCC: 0.3385, Val Loss: 145.2807,Val PCC: 0.1520, Best epoch: 212, Best val loss: 141.8357
INFO:mainlogger:Epoch 328: Train Loss: 83.3532, Train PCC: 0.3389, Val Loss: 145.0748,Val PCC: 0.1532, Best epoch: 212, Best val loss: 141.8357
INFO:mainlogger:Epoch 329: Train Loss: 83.6014, Train PCC: 0.3382, Val Loss: 145.4238,Val PCC: 0.1504, Best epoch: 212, Best val loss: 141.8357
INFO:mainlogger:Epoch 330: Train Loss: 83.2419, Train PCC: 0.3402, Val Loss: 145.3555,Val PCC: 0.1527, Best epoch: 212, Best val loss: 141.8357
INFO:mainlogger:Epoch 331: Train Loss: 83.5986, Train PCC: 0.3449, Val Loss: 146.2764,Val PCC: 0.1431, Best epoch: 212, Best val loss: 141.8357
INFO:mainlogger:Epoch 332: Train Loss: 83.2403, Train PCC: 0.3439, Val Loss: 145.3804,Val PCC: 0.1468, Best epoch: 212, Best val loss: 141.8357
INFO:mainlogger:Epoch 333: Train Loss: 83.9995, Train PCC: 0.3375, Val Loss: 145.5025,Val PCC: 0.1532, Best epoch: 212, Best val loss: 141.8357
INFO:mainlogger:Epoch 334: Train Loss: 83.2954, Train PCC: 0.3386, Val Loss: 145.6252,Val PCC: 0.1507, Best epoch: 212, Best val loss: 141.8357
INFO:mainlogger:Epoch 335: Train Loss: 83.7559, Train PCC: 0.3383, Val Loss: 146.0952,Val PCC: 0.1492, Best epoch: 212, Best val loss: 141.8357
INFO:mainlogger:Epoch 336: Train Loss: 82.6745, Train PCC: 0.3353, Val Loss: 145.7562,Val PCC: 0.1499, Best epoch: 212, Best val loss: 141.8357
INFO:mainlogger:Epoch 337: Train Loss: 82.8878, Train PCC: 0.3416, Val Loss: 146.3214,Val PCC: 0.1443, Best epoch: 212, Best val loss: 141.8357
INFO:mainlogger:Epoch 338: Train Loss: 82.9735, Train PCC: 0.3402, Val Loss: 146.3156,Val PCC: 0.1514, Best epoch: 212, Best val loss: 141.8357
INFO:mainlogger:Epoch 339: Train Loss: 83.5939, Train PCC: 0.3413, Val Loss: 146.3050,Val PCC: 0.1482, Best epoch: 212, Best val loss: 141.8357
INFO:mainlogger:Epoch 340: Train Loss: 82.6569, Train PCC: 0.3425, Val Loss: 146.6592,Val PCC: 0.1498, Best epoch: 212, Best val loss: 141.8357
INFO:mainlogger:Epoch 341: Train Loss: 82.9999, Train PCC: 0.3363, Val Loss: 145.8659,Val PCC: 0.1462, Best epoch: 212, Best val loss: 141.8357
INFO:mainlogger:Epoch 342: Train Loss: 82.9902, Train PCC: 0.3456, Val Loss: 144.9957,Val PCC: 0.1511, Best epoch: 212, Best val loss: 141.8357
INFO:mainlogger:Epoch 343: Train Loss: 82.5237, Train PCC: 0.3403, Val Loss: 146.8717,Val PCC: 0.1465, Best epoch: 212, Best val loss: 141.8357
INFO:mainlogger:Epoch 344: Train Loss: 82.6901, Train PCC: 0.3430, Val Loss: 145.4268,Val PCC: 0.1474, Best epoch: 212, Best val loss: 141.8357
INFO:mainlogger:Epoch 345: Train Loss: 81.9429, Train PCC: 0.3431, Val Loss: 146.3748,Val PCC: 0.1530, Best epoch: 212, Best val loss: 141.8357
INFO:mainlogger:Epoch 346: Train Loss: 82.7174, Train PCC: 0.3445, Val Loss: 146.1108,Val PCC: 0.1478, Best epoch: 212, Best val loss: 141.8357
INFO:mainlogger:Epoch 347: Train Loss: 81.8676, Train PCC: 0.3503, Val Loss: 145.8829,Val PCC: 0.1482, Best epoch: 212, Best val loss: 141.8357
INFO:mainlogger:Epoch 348: Train Loss: 81.8900, Train PCC: 0.3457, Val Loss: 146.3662,Val PCC: 0.1522, Best epoch: 212, Best val loss: 141.8357
INFO:mainlogger:Epoch 349: Train Loss: 81.5889, Train PCC: 0.3426, Val Loss: 145.3866,Val PCC: 0.1500, Best epoch: 212, Best val loss: 141.8357
INFO:mainlogger:Epoch 350: Train Loss: 82.2396, Train PCC: 0.3452, Val Loss: 145.8895,Val PCC: 0.1500, Best epoch: 212, Best val loss: 141.8357
INFO:mainlogger:Epoch 351: Train Loss: 82.0067, Train PCC: 0.3476, Val Loss: 146.1100,Val PCC: 0.1467, Best epoch: 212, Best val loss: 141.8357
INFO:mainlogger:Epoch 352: Train Loss: 81.3209, Train PCC: 0.3498, Val Loss: 146.3727,Val PCC: 0.1478, Best epoch: 212, Best val loss: 141.8357
INFO:mainlogger:Epoch 353: Train Loss: 81.0665, Train PCC: 0.3509, Val Loss: 146.8193,Val PCC: 0.1481, Best epoch: 212, Best val loss: 141.8357
INFO:mainlogger:Epoch 354: Train Loss: 80.8520, Train PCC: 0.3515, Val Loss: 147.0075,Val PCC: 0.1497, Best epoch: 212, Best val loss: 141.8357
INFO:mainlogger:Epoch 355: Train Loss: 81.6150, Train PCC: 0.3471, Val Loss: 146.6618,Val PCC: 0.1461, Best epoch: 212, Best val loss: 141.8357
INFO:mainlogger:Epoch 356: Train Loss: 81.2958, Train PCC: 0.3507, Val Loss: 146.2893,Val PCC: 0.1505, Best epoch: 212, Best val loss: 141.8357
INFO:mainlogger:Epoch 357: Train Loss: 80.7053, Train PCC: 0.3517, Val Loss: 145.7686,Val PCC: 0.1479, Best epoch: 212, Best val loss: 141.8357
INFO:mainlogger:Epoch 358: Train Loss: 80.6709, Train PCC: 0.3499, Val Loss: 147.7068,Val PCC: 0.1467, Best epoch: 212, Best val loss: 141.8357
INFO:mainlogger:Epoch 359: Train Loss: 81.2908, Train PCC: 0.3453, Val Loss: 149.1060,Val PCC: 0.1450, Best epoch: 212, Best val loss: 141.8357
INFO:mainlogger:Epoch 360: Train Loss: 81.3487, Train PCC: 0.3490, Val Loss: 147.9811,Val PCC: 0.1451, Best epoch: 212, Best val loss: 141.8357
INFO:mainlogger:Epoch 361: Train Loss: 80.1264, Train PCC: 0.3509, Val Loss: 146.8667,Val PCC: 0.1483, Best epoch: 212, Best val loss: 141.8357
INFO:mainlogger:Epoch 362: Train Loss: 81.1525, Train PCC: 0.3500, Val Loss: 146.7913,Val PCC: 0.1542, Best epoch: 212, Best val loss: 141.8357
INFO:mainlogger:Epoch 363: Train Loss: 80.7779, Train PCC: 0.3451, Val Loss: 146.2795,Val PCC: 0.1491, Best epoch: 212, Best val loss: 141.8357
INFO:mainlogger:Epoch 364: Train Loss: 80.4376, Train PCC: 0.3514, Val Loss: 146.4779,Val PCC: 0.1483, Best epoch: 212, Best val loss: 141.8357
INFO:mainlogger:Epoch 365: Train Loss: 79.8321, Train PCC: 0.3512, Val Loss: 146.8580,Val PCC: 0.1460, Best epoch: 212, Best val loss: 141.8357
INFO:mainlogger:Epoch 366: Train Loss: 80.0348, Train PCC: 0.3518, Val Loss: 146.9774,Val PCC: 0.1455, Best epoch: 212, Best val loss: 141.8357
INFO:mainlogger:Epoch 367: Train Loss: 80.8162, Train PCC: 0.3539, Val Loss: 146.4932,Val PCC: 0.1461, Best epoch: 212, Best val loss: 141.8357
INFO:mainlogger:Epoch 368: Train Loss: 80.6881, Train PCC: 0.3543, Val Loss: 147.0389,Val PCC: 0.1504, Best epoch: 212, Best val loss: 141.8357
INFO:mainlogger:Epoch 369: Train Loss: 80.4490, Train PCC: 0.3525, Val Loss: 146.4493,Val PCC: 0.1502, Best epoch: 212, Best val loss: 141.8357
INFO:mainlogger:Epoch 370: Train Loss: 80.0843, Train PCC: 0.3501, Val Loss: 146.7522,Val PCC: 0.1430, Best epoch: 212, Best val loss: 141.8357
INFO:mainlogger:Epoch 371: Train Loss: 80.3259, Train PCC: 0.3558, Val Loss: 146.9791,Val PCC: 0.1485, Best epoch: 212, Best val loss: 141.8357
INFO:mainlogger:Epoch 372: Train Loss: 80.4374, Train PCC: 0.3598, Val Loss: 146.9816,Val PCC: 0.1483, Best epoch: 212, Best val loss: 141.8357
INFO:mainlogger:Epoch 373: Train Loss: 79.2228, Train PCC: 0.3555, Val Loss: 146.8919,Val PCC: 0.1487, Best epoch: 212, Best val loss: 141.8357
INFO:mainlogger:Epoch 374: Train Loss: 78.9309, Train PCC: 0.3553, Val Loss: 146.9180,Val PCC: 0.1472, Best epoch: 212, Best val loss: 141.8357
INFO:mainlogger:Epoch 375: Train Loss: 80.3558, Train PCC: 0.3578, Val Loss: 146.9021,Val PCC: 0.1481, Best epoch: 212, Best val loss: 141.8357
INFO:mainlogger:Epoch 376: Train Loss: 79.4528, Train PCC: 0.3547, Val Loss: 148.0175,Val PCC: 0.1474, Best epoch: 212, Best val loss: 141.8357
INFO:mainlogger:Epoch 377: Train Loss: 79.5911, Train PCC: 0.3565, Val Loss: 147.4790,Val PCC: 0.1475, Best epoch: 212, Best val loss: 141.8357
INFO:mainlogger:Epoch 378: Train Loss: 78.7516, Train PCC: 0.3578, Val Loss: 147.1414,Val PCC: 0.1439, Best epoch: 212, Best val loss: 141.8357
INFO:mainlogger:Epoch 379: Train Loss: 78.5752, Train PCC: 0.3551, Val Loss: 147.1715,Val PCC: 0.1507, Best epoch: 212, Best val loss: 141.8357
INFO:mainlogger:Epoch 380: Train Loss: 78.2078, Train PCC: 0.3568, Val Loss: 147.5399,Val PCC: 0.1486, Best epoch: 212, Best val loss: 141.8357
INFO:mainlogger:Epoch 381: Train Loss: 78.3384, Train PCC: 0.3542, Val Loss: 147.8307,Val PCC: 0.1449, Best epoch: 212, Best val loss: 141.8357
INFO:mainlogger:Epoch 382: Train Loss: 79.6562, Train PCC: 0.3542, Val Loss: 147.3361,Val PCC: 0.1465, Best epoch: 212, Best val loss: 141.8357
INFO:mainlogger:Epoch 383: Train Loss: 78.2082, Train PCC: 0.3593, Val Loss: 147.8026,Val PCC: 0.1507, Best epoch: 212, Best val loss: 141.8357
INFO:mainlogger:Epoch 384: Train Loss: 78.8040, Train PCC: 0.3651, Val Loss: 147.3960,Val PCC: 0.1510, Best epoch: 212, Best val loss: 141.8357
INFO:mainlogger:Epoch 385: Train Loss: 78.3327, Train PCC: 0.3585, Val Loss: 148.5989,Val PCC: 0.1439, Best epoch: 212, Best val loss: 141.8357
INFO:mainlogger:Epoch 386: Train Loss: 77.7266, Train PCC: 0.3587, Val Loss: 148.0573,Val PCC: 0.1515, Best epoch: 212, Best val loss: 141.8357
INFO:mainlogger:Epoch 387: Train Loss: 78.1276, Train PCC: 0.3596, Val Loss: 147.9293,Val PCC: 0.1431, Best epoch: 212, Best val loss: 141.8357
INFO:mainlogger:Epoch 388: Train Loss: 77.9758, Train PCC: 0.3595, Val Loss: 148.4676,Val PCC: 0.1452, Best epoch: 212, Best val loss: 141.8357
INFO:mainlogger:Epoch 389: Train Loss: 78.0637, Train PCC: 0.3589, Val Loss: 147.3832,Val PCC: 0.1517, Best epoch: 212, Best val loss: 141.8357
INFO:mainlogger:Epoch 390: Train Loss: 78.0079, Train PCC: 0.3558, Val Loss: 147.5981,Val PCC: 0.1437, Best epoch: 212, Best val loss: 141.8357
INFO:mainlogger:Epoch 391: Train Loss: 78.0830, Train PCC: 0.3612, Val Loss: 147.9060,Val PCC: 0.1521, Best epoch: 212, Best val loss: 141.8357
INFO:mainlogger:Epoch 392: Train Loss: 78.1062, Train PCC: 0.3608, Val Loss: 149.1231,Val PCC: 0.1479, Best epoch: 212, Best val loss: 141.8357
INFO:mainlogger:Epoch 393: Train Loss: 77.4513, Train PCC: 0.3587, Val Loss: 148.3206,Val PCC: 0.1498, Best epoch: 212, Best val loss: 141.8357
INFO:mainlogger:Epoch 394: Train Loss: 77.5508, Train PCC: 0.3613, Val Loss: 148.2630,Val PCC: 0.1543, Best epoch: 212, Best val loss: 141.8357
INFO:mainlogger:Epoch 395: Train Loss: 77.6586, Train PCC: 0.3631, Val Loss: 147.8020,Val PCC: 0.1485, Best epoch: 212, Best val loss: 141.8357
INFO:mainlogger:Epoch 396: Train Loss: 77.4264, Train PCC: 0.3614, Val Loss: 148.9238,Val PCC: 0.1523, Best epoch: 212, Best val loss: 141.8357
INFO:mainlogger:Epoch 397: Train Loss: 78.2125, Train PCC: 0.3587, Val Loss: 148.8608,Val PCC: 0.1470, Best epoch: 212, Best val loss: 141.8357
INFO:mainlogger:Epoch 398: Train Loss: 76.5348, Train PCC: 0.3640, Val Loss: 148.7465,Val PCC: 0.1528, Best epoch: 212, Best val loss: 141.8357
INFO:mainlogger:Epoch 399: Train Loss: 77.0620, Train PCC: 0.3663, Val Loss: 148.8123,Val PCC: 0.1457, Best epoch: 212, Best val loss: 141.8357
INFO:mainlogger:Epoch 400: Train Loss: 76.9501, Train PCC: 0.3664, Val Loss: 148.2732,Val PCC: 0.1508, Best epoch: 212, Best val loss: 141.8357
INFO:mainlogger:Epoch 401: Train Loss: 76.4141, Train PCC: 0.3631, Val Loss: 148.9779,Val PCC: 0.1516, Best epoch: 212, Best val loss: 141.8357
INFO:mainlogger:Epoch 402: Train Loss: 76.4368, Train PCC: 0.3639, Val Loss: 148.7860,Val PCC: 0.1472, Best epoch: 212, Best val loss: 141.8357
INFO:mainlogger:Epoch 403: Train Loss: 76.5469, Train PCC: 0.3671, Val Loss: 148.7399,Val PCC: 0.1490, Best epoch: 212, Best val loss: 141.8357
INFO:mainlogger:Epoch 404: Train Loss: 76.3885, Train PCC: 0.3641, Val Loss: 150.2371,Val PCC: 0.1488, Best epoch: 212, Best val loss: 141.8357
INFO:mainlogger:Epoch 405: Train Loss: 76.4960, Train PCC: 0.3654, Val Loss: 150.1940,Val PCC: 0.1468, Best epoch: 212, Best val loss: 141.8357
INFO:mainlogger:Epoch 406: Train Loss: 77.0834, Train PCC: 0.3701, Val Loss: 148.3576,Val PCC: 0.1472, Best epoch: 212, Best val loss: 141.8357
INFO:mainlogger:Epoch 407: Train Loss: 76.0838, Train PCC: 0.3625, Val Loss: 148.9577,Val PCC: 0.1484, Best epoch: 212, Best val loss: 141.8357
INFO:mainlogger:Epoch 408: Train Loss: 76.1685, Train PCC: 0.3619, Val Loss: 149.2760,Val PCC: 0.1516, Best epoch: 212, Best val loss: 141.8357
INFO:mainlogger:Epoch 409: Train Loss: 75.8814, Train PCC: 0.3674, Val Loss: 149.1837,Val PCC: 0.1490, Best epoch: 212, Best val loss: 141.8357
INFO:mainlogger:Epoch 410: Train Loss: 75.9403, Train PCC: 0.3702, Val Loss: 148.7407,Val PCC: 0.1461, Best epoch: 212, Best val loss: 141.8357
INFO:mainlogger:Epoch 411: Train Loss: 75.8415, Train PCC: 0.3691, Val Loss: 150.6723,Val PCC: 0.1484, Best epoch: 212, Best val loss: 141.8357
INFO:mainlogger:Epoch 412: Train Loss: 75.9784, Train PCC: 0.3746, Val Loss: 149.7464,Val PCC: 0.1445, Best epoch: 212, Best val loss: 141.8357
INFO:mainlogger:Epoch 413: Train Loss: 76.0883, Train PCC: 0.3737, Val Loss: 149.7944,Val PCC: 0.1504, Best epoch: 212, Best val loss: 141.8357
INFO:mainlogger:Epoch 414: Train Loss: 76.6254, Train PCC: 0.3685, Val Loss: 150.2442,Val PCC: 0.1478, Best epoch: 212, Best val loss: 141.8357
INFO:mainlogger:Epoch 415: Train Loss: 75.8396, Train PCC: 0.3672, Val Loss: 149.0279,Val PCC: 0.1496, Best epoch: 212, Best val loss: 141.8357
INFO:mainlogger:Epoch 416: Train Loss: 75.3645, Train PCC: 0.3706, Val Loss: 149.7578,Val PCC: 0.1534, Best epoch: 212, Best val loss: 141.8357
INFO:mainlogger:Epoch 417: Train Loss: 75.3737, Train PCC: 0.3711, Val Loss: 149.5583,Val PCC: 0.1498, Best epoch: 212, Best val loss: 141.8357
INFO:mainlogger:Epoch 418: Train Loss: 74.5753, Train PCC: 0.3737, Val Loss: 149.6693,Val PCC: 0.1464, Best epoch: 212, Best val loss: 141.8357
INFO:mainlogger:Epoch 419: Train Loss: 74.6980, Train PCC: 0.3769, Val Loss: 149.1756,Val PCC: 0.1452, Best epoch: 212, Best val loss: 141.8357
INFO:mainlogger:Epoch 420: Train Loss: 74.6524, Train PCC: 0.3723, Val Loss: 149.4916,Val PCC: 0.1590, Best epoch: 212, Best val loss: 141.8357
INFO:mainlogger:Epoch 421: Train Loss: 75.2903, Train PCC: 0.3727, Val Loss: 149.4109,Val PCC: 0.1479, Best epoch: 212, Best val loss: 141.8357
INFO:mainlogger:Epoch 422: Train Loss: 75.6160, Train PCC: 0.3687, Val Loss: 150.5645,Val PCC: 0.1480, Best epoch: 212, Best val loss: 141.8357
INFO:mainlogger:Epoch 423: Train Loss: 75.7568, Train PCC: 0.3712, Val Loss: 150.8389,Val PCC: 0.1517, Best epoch: 212, Best val loss: 141.8357
INFO:mainlogger:Epoch 424: Train Loss: 75.6919, Train PCC: 0.3713, Val Loss: 149.4380,Val PCC: 0.1470, Best epoch: 212, Best val loss: 141.8357
INFO:mainlogger:Epoch 425: Train Loss: 74.6248, Train PCC: 0.3737, Val Loss: 149.2933,Val PCC: 0.1515, Best epoch: 212, Best val loss: 141.8357
INFO:mainlogger:Epoch 426: Train Loss: 74.3714, Train PCC: 0.3730, Val Loss: 150.2424,Val PCC: 0.1508, Best epoch: 212, Best val loss: 141.8357
INFO:mainlogger:Epoch 427: Train Loss: 74.4112, Train PCC: 0.3785, Val Loss: 149.6449,Val PCC: 0.1542, Best epoch: 212, Best val loss: 141.8357
INFO:mainlogger:Epoch 428: Train Loss: 73.8013, Train PCC: 0.3766, Val Loss: 150.6207,Val PCC: 0.1530, Best epoch: 212, Best val loss: 141.8357
INFO:mainlogger:Epoch 429: Train Loss: 74.0907, Train PCC: 0.3784, Val Loss: 150.1189,Val PCC: 0.1485, Best epoch: 212, Best val loss: 141.8357
INFO:mainlogger:Epoch 430: Train Loss: 73.1448, Train PCC: 0.3786, Val Loss: 150.5297,Val PCC: 0.1493, Best epoch: 212, Best val loss: 141.8357
INFO:mainlogger:Epoch 431: Train Loss: 74.3707, Train PCC: 0.3797, Val Loss: 150.9926,Val PCC: 0.1453, Best epoch: 212, Best val loss: 141.8357
INFO:mainlogger:Epoch 432: Train Loss: 73.6745, Train PCC: 0.3761, Val Loss: 150.8014,Val PCC: 0.1476, Best epoch: 212, Best val loss: 141.8357
INFO:mainlogger:Epoch 433: Train Loss: 73.5149, Train PCC: 0.3796, Val Loss: 151.5996,Val PCC: 0.1474, Best epoch: 212, Best val loss: 141.8357
INFO:mainlogger:Epoch 434: Train Loss: 74.7578, Train PCC: 0.3808, Val Loss: 149.9764,Val PCC: 0.1520, Best epoch: 212, Best val loss: 141.8357
INFO:mainlogger:Epoch 435: Train Loss: 73.1746, Train PCC: 0.3775, Val Loss: 151.7788,Val PCC: 0.1534, Best epoch: 212, Best val loss: 141.8357
INFO:mainlogger:Epoch 436: Train Loss: 73.3954, Train PCC: 0.3781, Val Loss: 150.6240,Val PCC: 0.1513, Best epoch: 212, Best val loss: 141.8357
INFO:mainlogger:Epoch 437: Train Loss: 73.1900, Train PCC: 0.3782, Val Loss: 150.7247,Val PCC: 0.1487, Best epoch: 212, Best val loss: 141.8357
INFO:mainlogger:Epoch 438: Train Loss: 72.6400, Train PCC: 0.3771, Val Loss: 150.7402,Val PCC: 0.1506, Best epoch: 212, Best val loss: 141.8357
INFO:mainlogger:Epoch 439: Train Loss: 73.1463, Train PCC: 0.3829, Val Loss: 152.1189,Val PCC: 0.1502, Best epoch: 212, Best val loss: 141.8357
INFO:mainlogger:Epoch 440: Train Loss: 72.7513, Train PCC: 0.3825, Val Loss: 151.6040,Val PCC: 0.1529, Best epoch: 212, Best val loss: 141.8357
INFO:mainlogger:Epoch 441: Train Loss: 72.5354, Train PCC: 0.3845, Val Loss: 151.1346,Val PCC: 0.1518, Best epoch: 212, Best val loss: 141.8357
INFO:mainlogger:Epoch 442: Train Loss: 72.4245, Train PCC: 0.3846, Val Loss: 151.9007,Val PCC: 0.1477, Best epoch: 212, Best val loss: 141.8357
INFO:mainlogger:Epoch 443: Train Loss: 72.7629, Train PCC: 0.3844, Val Loss: 151.7631,Val PCC: 0.1506, Best epoch: 212, Best val loss: 141.8357
INFO:mainlogger:Epoch 444: Train Loss: 73.4484, Train PCC: 0.3835, Val Loss: 151.1670,Val PCC: 0.1542, Best epoch: 212, Best val loss: 141.8357
INFO:mainlogger:Epoch 445: Train Loss: 72.4982, Train PCC: 0.3843, Val Loss: 152.6960,Val PCC: 0.1476, Best epoch: 212, Best val loss: 141.8357
INFO:mainlogger:Epoch 446: Train Loss: 72.4201, Train PCC: 0.3834, Val Loss: 151.6385,Val PCC: 0.1501, Best epoch: 212, Best val loss: 141.8357
INFO:mainlogger:Epoch 447: Train Loss: 72.4600, Train PCC: 0.3813, Val Loss: 151.6074,Val PCC: 0.1451, Best epoch: 212, Best val loss: 141.8357
INFO:mainlogger:Epoch 448: Train Loss: 72.5974, Train PCC: 0.3819, Val Loss: 151.1267,Val PCC: 0.1480, Best epoch: 212, Best val loss: 141.8357
INFO:mainlogger:Epoch 449: Train Loss: 72.6533, Train PCC: 0.3819, Val Loss: 151.6045,Val PCC: 0.1516, Best epoch: 212, Best val loss: 141.8357
INFO:mainlogger:Epoch 450: Train Loss: 72.0287, Train PCC: 0.3853, Val Loss: 152.2184,Val PCC: 0.1516, Best epoch: 212, Best val loss: 141.8357
INFO:mainlogger:Epoch 451: Train Loss: 71.9653, Train PCC: 0.3863, Val Loss: 150.9962,Val PCC: 0.1500, Best epoch: 212, Best val loss: 141.8357
INFO:mainlogger:Epoch 452: Train Loss: 71.3747, Train PCC: 0.3811, Val Loss: 151.7757,Val PCC: 0.1500, Best epoch: 212, Best val loss: 141.8357
INFO:mainlogger:Epoch 453: Train Loss: 71.7426, Train PCC: 0.3833, Val Loss: 152.7829,Val PCC: 0.1497, Best epoch: 212, Best val loss: 141.8357
INFO:mainlogger:Epoch 454: Train Loss: 71.4284, Train PCC: 0.3863, Val Loss: 151.8911,Val PCC: 0.1539, Best epoch: 212, Best val loss: 141.8357
INFO:mainlogger:Epoch 455: Train Loss: 71.8716, Train PCC: 0.3862, Val Loss: 152.1535,Val PCC: 0.1475, Best epoch: 212, Best val loss: 141.8357
INFO:mainlogger:Epoch 456: Train Loss: 71.9537, Train PCC: 0.3890, Val Loss: 152.4523,Val PCC: 0.1488, Best epoch: 212, Best val loss: 141.8357
INFO:mainlogger:Epoch 457: Train Loss: 72.1301, Train PCC: 0.3824, Val Loss: 153.5104,Val PCC: 0.1558, Best epoch: 212, Best val loss: 141.8357
INFO:mainlogger:Epoch 458: Train Loss: 71.3321, Train PCC: 0.3873, Val Loss: 152.3911,Val PCC: 0.1504, Best epoch: 212, Best val loss: 141.8357
INFO:mainlogger:Epoch 459: Train Loss: 71.4000, Train PCC: 0.3874, Val Loss: 151.9254,Val PCC: 0.1506, Best epoch: 212, Best val loss: 141.8357
INFO:mainlogger:Epoch 460: Train Loss: 71.9908, Train PCC: 0.3881, Val Loss: 153.2722,Val PCC: 0.1491, Best epoch: 212, Best val loss: 141.8357
INFO:mainlogger:Epoch 461: Train Loss: 71.1553, Train PCC: 0.3871, Val Loss: 153.2288,Val PCC: 0.1520, Best epoch: 212, Best val loss: 141.8357
INFO:mainlogger:Epoch 462: Train Loss: 70.5054, Train PCC: 0.3906, Val Loss: 152.2424,Val PCC: 0.1544, Best epoch: 212, Best val loss: 141.8357
INFO:mainlogger:Epoch 463: Train Loss: 71.4227, Train PCC: 0.3913, Val Loss: 153.3848,Val PCC: 0.1481, Best epoch: 212, Best val loss: 141.8357
INFO:mainlogger:Epoch 464: Train Loss: 71.2172, Train PCC: 0.3903, Val Loss: 153.6804,Val PCC: 0.1561, Best epoch: 212, Best val loss: 141.8357
INFO:mainlogger:Epoch 465: Train Loss: 70.8301, Train PCC: 0.3914, Val Loss: 152.5843,Val PCC: 0.1535, Best epoch: 212, Best val loss: 141.8357
INFO:mainlogger:Epoch 466: Train Loss: 70.4945, Train PCC: 0.3883, Val Loss: 153.8245,Val PCC: 0.1487, Best epoch: 212, Best val loss: 141.8357
INFO:mainlogger:Epoch 467: Train Loss: 70.2475, Train PCC: 0.3905, Val Loss: 152.7306,Val PCC: 0.1496, Best epoch: 212, Best val loss: 141.8357
INFO:mainlogger:Epoch 468: Train Loss: 70.0844, Train PCC: 0.3906, Val Loss: 153.8472,Val PCC: 0.1477, Best epoch: 212, Best val loss: 141.8357
INFO:mainlogger:Epoch 469: Train Loss: 70.8668, Train PCC: 0.3882, Val Loss: 156.4074,Val PCC: 0.1560, Best epoch: 212, Best val loss: 141.8357
INFO:mainlogger:Epoch 470: Train Loss: 70.4736, Train PCC: 0.3863, Val Loss: 155.0270,Val PCC: 0.1490, Best epoch: 212, Best val loss: 141.8357
INFO:mainlogger:Epoch 471: Train Loss: 71.0510, Train PCC: 0.3914, Val Loss: 153.1209,Val PCC: 0.1500, Best epoch: 212, Best val loss: 141.8357
INFO:mainlogger:Epoch 472: Train Loss: 70.0758, Train PCC: 0.3906, Val Loss: 154.6873,Val PCC: 0.1507, Best epoch: 212, Best val loss: 141.8357
INFO:mainlogger:Epoch 473: Train Loss: 69.7192, Train PCC: 0.3885, Val Loss: 152.9395,Val PCC: 0.1525, Best epoch: 212, Best val loss: 141.8357
INFO:mainlogger:Epoch 474: Train Loss: 69.5828, Train PCC: 0.3922, Val Loss: 153.4606,Val PCC: 0.1542, Best epoch: 212, Best val loss: 141.8357
INFO:mainlogger:Epoch 475: Train Loss: 70.0577, Train PCC: 0.3935, Val Loss: 156.1841,Val PCC: 0.1523, Best epoch: 212, Best val loss: 141.8357
INFO:mainlogger:Epoch 476: Train Loss: 69.7655, Train PCC: 0.3917, Val Loss: 153.9536,Val PCC: 0.1515, Best epoch: 212, Best val loss: 141.8357
INFO:mainlogger:Epoch 477: Train Loss: 69.3766, Train PCC: 0.3933, Val Loss: 153.2191,Val PCC: 0.1494, Best epoch: 212, Best val loss: 141.8357
INFO:mainlogger:Epoch 478: Train Loss: 69.2668, Train PCC: 0.3935, Val Loss: 153.7180,Val PCC: 0.1498, Best epoch: 212, Best val loss: 141.8357
INFO:mainlogger:Epoch 479: Train Loss: 68.7821, Train PCC: 0.3931, Val Loss: 154.1636,Val PCC: 0.1522, Best epoch: 212, Best val loss: 141.8357
INFO:mainlogger:Epoch 480: Train Loss: 69.2047, Train PCC: 0.3961, Val Loss: 153.6830,Val PCC: 0.1503, Best epoch: 212, Best val loss: 141.8357
INFO:mainlogger:Epoch 481: Train Loss: 70.0360, Train PCC: 0.3981, Val Loss: 154.1093,Val PCC: 0.1500, Best epoch: 212, Best val loss: 141.8357
INFO:mainlogger:Epoch 482: Train Loss: 69.0512, Train PCC: 0.3948, Val Loss: 154.4409,Val PCC: 0.1566, Best epoch: 212, Best val loss: 141.8357
INFO:mainlogger:Epoch 483: Train Loss: 69.2855, Train PCC: 0.3934, Val Loss: 155.5794,Val PCC: 0.1489, Best epoch: 212, Best val loss: 141.8357
INFO:mainlogger:Epoch 484: Train Loss: 69.3559, Train PCC: 0.3967, Val Loss: 153.4743,Val PCC: 0.1522, Best epoch: 212, Best val loss: 141.8357
INFO:mainlogger:Epoch 485: Train Loss: 69.1104, Train PCC: 0.3980, Val Loss: 154.4391,Val PCC: 0.1493, Best epoch: 212, Best val loss: 141.8357
INFO:mainlogger:Epoch 486: Train Loss: 69.1144, Train PCC: 0.3922, Val Loss: 155.6831,Val PCC: 0.1510, Best epoch: 212, Best val loss: 141.8357
INFO:mainlogger:Epoch 487: Train Loss: 69.8740, Train PCC: 0.3955, Val Loss: 155.2716,Val PCC: 0.1522, Best epoch: 212, Best val loss: 141.8357
INFO:mainlogger:Epoch 488: Train Loss: 69.5297, Train PCC: 0.3902, Val Loss: 155.3622,Val PCC: 0.1497, Best epoch: 212, Best val loss: 141.8357
INFO:mainlogger:Epoch 489: Train Loss: 68.0669, Train PCC: 0.3975, Val Loss: 154.9193,Val PCC: 0.1485, Best epoch: 212, Best val loss: 141.8357
INFO:mainlogger:Epoch 490: Train Loss: 68.0561, Train PCC: 0.3945, Val Loss: 156.2274,Val PCC: 0.1469, Best epoch: 212, Best val loss: 141.8357
INFO:mainlogger:Epoch 491: Train Loss: 68.7557, Train PCC: 0.3973, Val Loss: 154.4225,Val PCC: 0.1522, Best epoch: 212, Best val loss: 141.8357
INFO:mainlogger:Epoch 492: Train Loss: 68.0570, Train PCC: 0.4017, Val Loss: 156.5227,Val PCC: 0.1535, Best epoch: 212, Best val loss: 141.8357
INFO:mainlogger:Epoch 493: Train Loss: 67.8804, Train PCC: 0.4000, Val Loss: 154.8877,Val PCC: 0.1472, Best epoch: 212, Best val loss: 141.8357
INFO:mainlogger:Epoch 494: Train Loss: 67.4200, Train PCC: 0.3934, Val Loss: 155.6749,Val PCC: 0.1473, Best epoch: 212, Best val loss: 141.8357
INFO:mainlogger:Epoch 495: Train Loss: 67.2708, Train PCC: 0.3977, Val Loss: 155.6980,Val PCC: 0.1574, Best epoch: 212, Best val loss: 141.8357
INFO:mainlogger:Epoch 496: Train Loss: 67.7987, Train PCC: 0.3997, Val Loss: 155.7591,Val PCC: 0.1565, Best epoch: 212, Best val loss: 141.8357
INFO:mainlogger:Epoch 497: Train Loss: 67.6707, Train PCC: 0.3995, Val Loss: 156.9341,Val PCC: 0.1570, Best epoch: 212, Best val loss: 141.8357
INFO:mainlogger:Epoch 498: Train Loss: 68.1993, Train PCC: 0.4038, Val Loss: 156.6846,Val PCC: 0.1552, Best epoch: 212, Best val loss: 141.8357
INFO:mainlogger:Epoch 499: Train Loss: 66.8953, Train PCC: 0.3990, Val Loss: 155.4213,Val PCC: 0.1549, Best epoch: 212, Best val loss: 141.8357
INFO:mainlogger:
Begin test!
INFO:mainlogger:Test Loss: 246.7708, Test RMSE: 15.7543, Test R2: -0.3602, Test PCC: 0.1234
