INFO:root:Dataset: sln
INFO:mainlogger.util:The dimension after PCA is:  200
INFO:root:There are 2742 pairred samples with 200 RNAs (after PCA) and 110 proteins for training.
INFO:root:There are 12342 unlabeled mRNAs amples and 12342 unlabeled protein samples for training.
INFO:root:There are 3048 pairred samples for testing.
INFO:root:

INFO:mainlogger:Begin training!
INFO:mainlogger:Epoch 0: Train Loss: 1.7124, Train PCC: 0.0175, Val Loss: 1.6350,Val PCC: 0.0398, Best epoch: 0, Best val loss: 1.6350
INFO:mainlogger:Epoch 1: Train Loss: 1.5447, Train PCC: 0.0441, Val Loss: 1.5686,Val PCC: 0.0470, Best epoch: 1, Best val loss: 1.5686
INFO:mainlogger:Epoch 2: Train Loss: 1.4923, Train PCC: 0.0591, Val Loss: 1.5299,Val PCC: 0.0452, Best epoch: 2, Best val loss: 1.5299
INFO:mainlogger:Epoch 3: Train Loss: 1.4429, Train PCC: 0.0729, Val Loss: 1.5063,Val PCC: 0.0533, Best epoch: 3, Best val loss: 1.5063
INFO:mainlogger:Epoch 4: Train Loss: 1.3935, Train PCC: 0.0851, Val Loss: 1.4358,Val PCC: 0.0580, Best epoch: 4, Best val loss: 1.4358
INFO:mainlogger:Epoch 5: Train Loss: 1.3601, Train PCC: 0.0936, Val Loss: 1.4429,Val PCC: 0.0608, Best epoch: 4, Best val loss: 1.4358
INFO:mainlogger:Epoch 6: Train Loss: 1.3380, Train PCC: 0.1045, Val Loss: 1.3886,Val PCC: 0.0660, Best epoch: 6, Best val loss: 1.3886
INFO:mainlogger:Epoch 7: Train Loss: 1.3174, Train PCC: 0.1146, Val Loss: 1.4097,Val PCC: 0.0681, Best epoch: 6, Best val loss: 1.3886
INFO:mainlogger:Epoch 8: Train Loss: 1.2946, Train PCC: 0.1227, Val Loss: 1.3544,Val PCC: 0.0738, Best epoch: 8, Best val loss: 1.3544
INFO:mainlogger:Epoch 9: Train Loss: 1.2888, Train PCC: 0.1288, Val Loss: 1.3914,Val PCC: 0.0695, Best epoch: 8, Best val loss: 1.3544
INFO:mainlogger:Epoch 10: Train Loss: 1.2769, Train PCC: 0.1321, Val Loss: 1.3220,Val PCC: 0.0769, Best epoch: 10, Best val loss: 1.3220
INFO:mainlogger:Epoch 11: Train Loss: 1.2530, Train PCC: 0.1410, Val Loss: 1.3132,Val PCC: 0.0770, Best epoch: 11, Best val loss: 1.3132
INFO:mainlogger:Epoch 12: Train Loss: 1.2236, Train PCC: 0.1496, Val Loss: 1.3299,Val PCC: 0.0835, Best epoch: 11, Best val loss: 1.3132
INFO:mainlogger:Epoch 13: Train Loss: 1.2309, Train PCC: 0.1557, Val Loss: 1.3568,Val PCC: 0.0816, Best epoch: 11, Best val loss: 1.3132
INFO:mainlogger:Epoch 14: Train Loss: 1.2246, Train PCC: 0.1590, Val Loss: 1.3052,Val PCC: 0.0828, Best epoch: 14, Best val loss: 1.3052
INFO:mainlogger:Epoch 15: Train Loss: 1.2008, Train PCC: 0.1632, Val Loss: 1.2971,Val PCC: 0.0871, Best epoch: 15, Best val loss: 1.2971
INFO:mainlogger:Epoch 16: Train Loss: 1.1827, Train PCC: 0.1748, Val Loss: 1.2861,Val PCC: 0.0926, Best epoch: 16, Best val loss: 1.2861
INFO:mainlogger:Epoch 17: Train Loss: 1.1786, Train PCC: 0.1798, Val Loss: 1.3088,Val PCC: 0.0887, Best epoch: 16, Best val loss: 1.2861
INFO:mainlogger:Epoch 18: Train Loss: 1.1704, Train PCC: 0.1816, Val Loss: 1.2684,Val PCC: 0.0912, Best epoch: 18, Best val loss: 1.2684
INFO:mainlogger:Epoch 19: Train Loss: 1.1597, Train PCC: 0.1909, Val Loss: 1.2549,Val PCC: 0.0956, Best epoch: 19, Best val loss: 1.2549
INFO:mainlogger:Epoch 20: Train Loss: 1.1607, Train PCC: 0.1950, Val Loss: 1.3440,Val PCC: 0.0908, Best epoch: 19, Best val loss: 1.2549
INFO:mainlogger:Epoch 21: Train Loss: 1.1567, Train PCC: 0.2001, Val Loss: 1.3107,Val PCC: 0.0961, Best epoch: 19, Best val loss: 1.2549
INFO:mainlogger:Epoch 22: Train Loss: 1.1384, Train PCC: 0.2048, Val Loss: 1.2586,Val PCC: 0.0976, Best epoch: 19, Best val loss: 1.2549
INFO:mainlogger:Epoch 23: Train Loss: 1.1380, Train PCC: 0.2064, Val Loss: 1.2560,Val PCC: 0.0983, Best epoch: 19, Best val loss: 1.2549
INFO:mainlogger:Epoch 24: Train Loss: 1.1101, Train PCC: 0.2166, Val Loss: 1.2675,Val PCC: 0.0979, Best epoch: 19, Best val loss: 1.2549
INFO:mainlogger:Epoch 25: Train Loss: 1.1144, Train PCC: 0.2215, Val Loss: 1.2597,Val PCC: 0.0956, Best epoch: 19, Best val loss: 1.2549
INFO:mainlogger:Epoch 26: Train Loss: 1.1077, Train PCC: 0.2213, Val Loss: 1.3193,Val PCC: 0.0966, Best epoch: 19, Best val loss: 1.2549
INFO:mainlogger:Epoch 27: Train Loss: 1.1220, Train PCC: 0.2262, Val Loss: 1.2738,Val PCC: 0.0957, Best epoch: 19, Best val loss: 1.2549
INFO:mainlogger:Epoch 28: Train Loss: 1.0926, Train PCC: 0.2280, Val Loss: 1.2617,Val PCC: 0.0995, Best epoch: 19, Best val loss: 1.2549
INFO:mainlogger:Epoch 29: Train Loss: 1.0849, Train PCC: 0.2329, Val Loss: 1.2727,Val PCC: 0.1021, Best epoch: 19, Best val loss: 1.2549
INFO:mainlogger:Epoch 30: Train Loss: 1.0822, Train PCC: 0.2407, Val Loss: 1.2423,Val PCC: 0.1015, Best epoch: 30, Best val loss: 1.2423
INFO:mainlogger:Epoch 31: Train Loss: 1.0674, Train PCC: 0.2434, Val Loss: 1.2897,Val PCC: 0.0981, Best epoch: 30, Best val loss: 1.2423
INFO:mainlogger:Epoch 32: Train Loss: 1.0724, Train PCC: 0.2465, Val Loss: 1.2580,Val PCC: 0.1011, Best epoch: 30, Best val loss: 1.2423
INFO:mainlogger:Epoch 33: Train Loss: 1.0636, Train PCC: 0.2510, Val Loss: 1.2980,Val PCC: 0.0986, Best epoch: 30, Best val loss: 1.2423
INFO:mainlogger:Epoch 34: Train Loss: 1.0742, Train PCC: 0.2470, Val Loss: 1.2529,Val PCC: 0.1047, Best epoch: 30, Best val loss: 1.2423
INFO:mainlogger:Epoch 35: Train Loss: 1.0527, Train PCC: 0.2565, Val Loss: 1.2709,Val PCC: 0.1044, Best epoch: 30, Best val loss: 1.2423
INFO:mainlogger:Epoch 36: Train Loss: 1.0473, Train PCC: 0.2594, Val Loss: 1.3117,Val PCC: 0.1019, Best epoch: 30, Best val loss: 1.2423
INFO:mainlogger:Epoch 37: Train Loss: 1.0470, Train PCC: 0.2611, Val Loss: 1.2556,Val PCC: 0.1045, Best epoch: 30, Best val loss: 1.2423
INFO:mainlogger:Epoch 38: Train Loss: 1.0386, Train PCC: 0.2645, Val Loss: 1.3097,Val PCC: 0.1054, Best epoch: 30, Best val loss: 1.2423
INFO:mainlogger:Epoch 39: Train Loss: 1.0307, Train PCC: 0.2690, Val Loss: 1.2743,Val PCC: 0.1048, Best epoch: 30, Best val loss: 1.2423
INFO:mainlogger:Epoch 40: Train Loss: 1.0348, Train PCC: 0.2668, Val Loss: 1.2571,Val PCC: 0.1074, Best epoch: 30, Best val loss: 1.2423
INFO:mainlogger:Epoch 41: Train Loss: 1.0199, Train PCC: 0.2721, Val Loss: 1.2683,Val PCC: 0.1058, Best epoch: 30, Best val loss: 1.2423
INFO:mainlogger:Epoch 42: Train Loss: 1.0152, Train PCC: 0.2741, Val Loss: 1.2709,Val PCC: 0.1060, Best epoch: 30, Best val loss: 1.2423
INFO:mainlogger:Epoch 43: Train Loss: 1.0104, Train PCC: 0.2770, Val Loss: 1.2831,Val PCC: 0.1057, Best epoch: 30, Best val loss: 1.2423
INFO:mainlogger:Epoch 44: Train Loss: 1.0137, Train PCC: 0.2799, Val Loss: 1.2795,Val PCC: 0.1050, Best epoch: 30, Best val loss: 1.2423
INFO:mainlogger:Epoch 45: Train Loss: 1.0063, Train PCC: 0.2799, Val Loss: 1.2742,Val PCC: 0.1052, Best epoch: 30, Best val loss: 1.2423
INFO:mainlogger:Epoch 46: Train Loss: 0.9948, Train PCC: 0.2868, Val Loss: 1.2796,Val PCC: 0.1054, Best epoch: 30, Best val loss: 1.2423
INFO:mainlogger:Epoch 47: Train Loss: 0.9896, Train PCC: 0.2889, Val Loss: 1.3392,Val PCC: 0.1057, Best epoch: 30, Best val loss: 1.2423
INFO:mainlogger:Epoch 48: Train Loss: 1.0025, Train PCC: 0.2828, Val Loss: 1.2741,Val PCC: 0.1078, Best epoch: 30, Best val loss: 1.2423
INFO:mainlogger:Epoch 49: Train Loss: 0.9824, Train PCC: 0.2919, Val Loss: 1.2917,Val PCC: 0.1070, Best epoch: 30, Best val loss: 1.2423
INFO:mainlogger:Epoch 50: Train Loss: 0.9732, Train PCC: 0.2952, Val Loss: 1.2978,Val PCC: 0.1064, Best epoch: 30, Best val loss: 1.2423
INFO:mainlogger:Epoch 51: Train Loss: 0.9672, Train PCC: 0.3000, Val Loss: 1.2824,Val PCC: 0.1073, Best epoch: 30, Best val loss: 1.2423
INFO:mainlogger:Epoch 52: Train Loss: 0.9667, Train PCC: 0.3009, Val Loss: 1.2870,Val PCC: 0.1071, Best epoch: 30, Best val loss: 1.2423
INFO:mainlogger:Epoch 53: Train Loss: 0.9655, Train PCC: 0.3026, Val Loss: 1.2788,Val PCC: 0.1084, Best epoch: 30, Best val loss: 1.2423
INFO:mainlogger:Epoch 54: Train Loss: 0.9559, Train PCC: 0.3014, Val Loss: 1.2982,Val PCC: 0.1070, Best epoch: 30, Best val loss: 1.2423
INFO:mainlogger:Epoch 55: Train Loss: 0.9575, Train PCC: 0.3047, Val Loss: 1.2786,Val PCC: 0.1088, Best epoch: 30, Best val loss: 1.2423
INFO:mainlogger:Epoch 56: Train Loss: 0.9545, Train PCC: 0.3073, Val Loss: 1.2779,Val PCC: 0.1100, Best epoch: 30, Best val loss: 1.2423
INFO:mainlogger:Epoch 57: Train Loss: 0.9392, Train PCC: 0.3115, Val Loss: 1.2879,Val PCC: 0.1098, Best epoch: 30, Best val loss: 1.2423
INFO:mainlogger:Epoch 58: Train Loss: 0.9333, Train PCC: 0.3155, Val Loss: 1.2932,Val PCC: 0.1095, Best epoch: 30, Best val loss: 1.2423
INFO:mainlogger:Epoch 59: Train Loss: 0.9302, Train PCC: 0.3162, Val Loss: 1.3014,Val PCC: 0.1078, Best epoch: 30, Best val loss: 1.2423
INFO:mainlogger:Epoch 60: Train Loss: 0.9317, Train PCC: 0.3186, Val Loss: 1.2994,Val PCC: 0.1100, Best epoch: 30, Best val loss: 1.2423
INFO:mainlogger:Epoch 61: Train Loss: 0.9277, Train PCC: 0.3199, Val Loss: 1.3042,Val PCC: 0.1076, Best epoch: 30, Best val loss: 1.2423
INFO:mainlogger:Epoch 62: Train Loss: 0.9221, Train PCC: 0.3215, Val Loss: 1.3066,Val PCC: 0.1093, Best epoch: 30, Best val loss: 1.2423
INFO:mainlogger:Epoch 63: Train Loss: 0.9199, Train PCC: 0.3218, Val Loss: 1.3060,Val PCC: 0.1111, Best epoch: 30, Best val loss: 1.2423
INFO:mainlogger:Epoch 64: Train Loss: 0.9175, Train PCC: 0.3256, Val Loss: 1.3244,Val PCC: 0.1091, Best epoch: 30, Best val loss: 1.2423
INFO:mainlogger:Epoch 65: Train Loss: 0.9216, Train PCC: 0.3248, Val Loss: 1.3162,Val PCC: 0.1077, Best epoch: 30, Best val loss: 1.2423
INFO:mainlogger:Epoch 66: Train Loss: 0.9165, Train PCC: 0.3272, Val Loss: 1.3178,Val PCC: 0.1057, Best epoch: 30, Best val loss: 1.2423
INFO:mainlogger:Epoch 67: Train Loss: 0.9166, Train PCC: 0.3272, Val Loss: 1.3121,Val PCC: 0.1077, Best epoch: 30, Best val loss: 1.2423
INFO:mainlogger:Epoch 68: Train Loss: 0.9045, Train PCC: 0.3308, Val Loss: 1.3063,Val PCC: 0.1066, Best epoch: 30, Best val loss: 1.2423
INFO:mainlogger:Epoch 69: Train Loss: 0.8949, Train PCC: 0.3347, Val Loss: 1.3045,Val PCC: 0.1074, Best epoch: 30, Best val loss: 1.2423
INFO:mainlogger:Epoch 70: Train Loss: 0.8943, Train PCC: 0.3366, Val Loss: 1.3054,Val PCC: 0.1076, Best epoch: 30, Best val loss: 1.2423
INFO:mainlogger:Epoch 71: Train Loss: 0.8873, Train PCC: 0.3383, Val Loss: 1.3205,Val PCC: 0.1065, Best epoch: 30, Best val loss: 1.2423
INFO:mainlogger:Epoch 72: Train Loss: 0.8902, Train PCC: 0.3391, Val Loss: 1.3330,Val PCC: 0.1087, Best epoch: 30, Best val loss: 1.2423
INFO:mainlogger:Epoch 73: Train Loss: 0.8921, Train PCC: 0.3397, Val Loss: 1.3209,Val PCC: 0.1068, Best epoch: 30, Best val loss: 1.2423
INFO:mainlogger:Epoch 74: Train Loss: 0.8828, Train PCC: 0.3440, Val Loss: 1.3112,Val PCC: 0.1084, Best epoch: 30, Best val loss: 1.2423
INFO:mainlogger:Epoch 75: Train Loss: 0.8782, Train PCC: 0.3456, Val Loss: 1.3293,Val PCC: 0.1055, Best epoch: 30, Best val loss: 1.2423
INFO:mainlogger:Epoch 76: Train Loss: 0.8788, Train PCC: 0.3461, Val Loss: 1.3296,Val PCC: 0.1050, Best epoch: 30, Best val loss: 1.2423
INFO:mainlogger:Epoch 77: Train Loss: 0.8734, Train PCC: 0.3483, Val Loss: 1.3283,Val PCC: 0.1082, Best epoch: 30, Best val loss: 1.2423
INFO:mainlogger:Epoch 78: Train Loss: 0.8778, Train PCC: 0.3481, Val Loss: 1.3563,Val PCC: 0.1082, Best epoch: 30, Best val loss: 1.2423
INFO:mainlogger:Epoch 79: Train Loss: 0.8921, Train PCC: 0.3424, Val Loss: 1.4028,Val PCC: 0.1029, Best epoch: 30, Best val loss: 1.2423
INFO:mainlogger:Epoch 80: Train Loss: 0.8710, Train PCC: 0.3507, Val Loss: 1.3406,Val PCC: 0.1044, Best epoch: 30, Best val loss: 1.2423
INFO:mainlogger:Epoch 81: Train Loss: 0.8690, Train PCC: 0.3540, Val Loss: 1.3430,Val PCC: 0.1065, Best epoch: 30, Best val loss: 1.2423
INFO:mainlogger:Epoch 82: Train Loss: 0.8590, Train PCC: 0.3565, Val Loss: 1.3477,Val PCC: 0.1047, Best epoch: 30, Best val loss: 1.2423
INFO:mainlogger:Epoch 83: Train Loss: 0.8565, Train PCC: 0.3594, Val Loss: 1.3520,Val PCC: 0.1026, Best epoch: 30, Best val loss: 1.2423
INFO:mainlogger:Epoch 84: Train Loss: 0.8617, Train PCC: 0.3594, Val Loss: 1.3502,Val PCC: 0.1039, Best epoch: 30, Best val loss: 1.2423
INFO:mainlogger:Epoch 85: Train Loss: 0.8526, Train PCC: 0.3609, Val Loss: 1.3510,Val PCC: 0.1039, Best epoch: 30, Best val loss: 1.2423
INFO:mainlogger:Epoch 86: Train Loss: 0.8484, Train PCC: 0.3638, Val Loss: 1.3663,Val PCC: 0.1024, Best epoch: 30, Best val loss: 1.2423
INFO:mainlogger:Epoch 87: Train Loss: 0.8539, Train PCC: 0.3617, Val Loss: 1.3564,Val PCC: 0.1033, Best epoch: 30, Best val loss: 1.2423
INFO:mainlogger:Epoch 88: Train Loss: 0.8396, Train PCC: 0.3673, Val Loss: 1.3365,Val PCC: 0.1033, Best epoch: 30, Best val loss: 1.2423
INFO:mainlogger:Epoch 89: Train Loss: 0.8438, Train PCC: 0.3664, Val Loss: 1.3532,Val PCC: 0.1015, Best epoch: 30, Best val loss: 1.2423
INFO:mainlogger:Epoch 90: Train Loss: 0.8402, Train PCC: 0.3689, Val Loss: 1.3685,Val PCC: 0.1028, Best epoch: 30, Best val loss: 1.2423
INFO:mainlogger:Epoch 91: Train Loss: 0.8415, Train PCC: 0.3702, Val Loss: 1.3580,Val PCC: 0.1016, Best epoch: 30, Best val loss: 1.2423
INFO:mainlogger:Epoch 92: Train Loss: 0.8382, Train PCC: 0.3718, Val Loss: 1.3560,Val PCC: 0.1031, Best epoch: 30, Best val loss: 1.2423
INFO:mainlogger:Epoch 93: Train Loss: 0.8421, Train PCC: 0.3697, Val Loss: 1.3596,Val PCC: 0.1022, Best epoch: 30, Best val loss: 1.2423
INFO:mainlogger:Epoch 94: Train Loss: 0.8350, Train PCC: 0.3738, Val Loss: 1.3525,Val PCC: 0.1026, Best epoch: 30, Best val loss: 1.2423
INFO:mainlogger:Epoch 95: Train Loss: 0.8294, Train PCC: 0.3757, Val Loss: 1.3683,Val PCC: 0.1008, Best epoch: 30, Best val loss: 1.2423
INFO:mainlogger:Epoch 96: Train Loss: 0.8326, Train PCC: 0.3763, Val Loss: 1.3664,Val PCC: 0.1026, Best epoch: 30, Best val loss: 1.2423
INFO:mainlogger:Epoch 97: Train Loss: 0.8257, Train PCC: 0.3797, Val Loss: 1.3550,Val PCC: 0.1010, Best epoch: 30, Best val loss: 1.2423
INFO:mainlogger:Epoch 98: Train Loss: 0.8228, Train PCC: 0.3810, Val Loss: 1.3851,Val PCC: 0.1000, Best epoch: 30, Best val loss: 1.2423
INFO:mainlogger:Epoch 99: Train Loss: 0.8280, Train PCC: 0.3795, Val Loss: 1.3716,Val PCC: 0.1036, Best epoch: 30, Best val loss: 1.2423
INFO:mainlogger:Epoch 100: Train Loss: 0.8175, Train PCC: 0.3840, Val Loss: 1.3718,Val PCC: 0.1011, Best epoch: 30, Best val loss: 1.2423
INFO:mainlogger:Epoch 101: Train Loss: 0.8228, Train PCC: 0.3850, Val Loss: 1.3786,Val PCC: 0.1016, Best epoch: 30, Best val loss: 1.2423
INFO:mainlogger:Epoch 102: Train Loss: 0.8178, Train PCC: 0.3867, Val Loss: 1.3777,Val PCC: 0.1020, Best epoch: 30, Best val loss: 1.2423
INFO:mainlogger:Epoch 103: Train Loss: 0.8211, Train PCC: 0.3854, Val Loss: 1.3932,Val PCC: 0.1024, Best epoch: 30, Best val loss: 1.2423
INFO:mainlogger:Epoch 104: Train Loss: 0.8193, Train PCC: 0.3834, Val Loss: 1.3905,Val PCC: 0.1003, Best epoch: 30, Best val loss: 1.2423
INFO:mainlogger:Epoch 105: Train Loss: 0.8143, Train PCC: 0.3885, Val Loss: 1.4011,Val PCC: 0.1006, Best epoch: 30, Best val loss: 1.2423
INFO:mainlogger:Epoch 106: Train Loss: 0.8125, Train PCC: 0.3894, Val Loss: 1.3894,Val PCC: 0.1009, Best epoch: 30, Best val loss: 1.2423
INFO:mainlogger:Epoch 107: Train Loss: 0.8080, Train PCC: 0.3921, Val Loss: 1.3962,Val PCC: 0.1016, Best epoch: 30, Best val loss: 1.2423
INFO:mainlogger:Epoch 108: Train Loss: 0.8111, Train PCC: 0.3905, Val Loss: 1.3949,Val PCC: 0.0992, Best epoch: 30, Best val loss: 1.2423
INFO:mainlogger:Epoch 109: Train Loss: 0.8056, Train PCC: 0.3936, Val Loss: 1.3883,Val PCC: 0.1004, Best epoch: 30, Best val loss: 1.2423
INFO:mainlogger:Epoch 110: Train Loss: 0.8099, Train PCC: 0.3954, Val Loss: 1.4001,Val PCC: 0.0998, Best epoch: 30, Best val loss: 1.2423
INFO:mainlogger:Epoch 111: Train Loss: 0.8067, Train PCC: 0.3966, Val Loss: 1.3970,Val PCC: 0.0982, Best epoch: 30, Best val loss: 1.2423
INFO:mainlogger:Epoch 112: Train Loss: 0.8008, Train PCC: 0.3970, Val Loss: 1.3872,Val PCC: 0.0986, Best epoch: 30, Best val loss: 1.2423
INFO:mainlogger:Epoch 113: Train Loss: 0.8037, Train PCC: 0.3991, Val Loss: 1.4082,Val PCC: 0.1004, Best epoch: 30, Best val loss: 1.2423
INFO:mainlogger:Epoch 114: Train Loss: 0.8065, Train PCC: 0.3972, Val Loss: 1.3944,Val PCC: 0.1005, Best epoch: 30, Best val loss: 1.2423
INFO:mainlogger:Epoch 115: Train Loss: 0.8023, Train PCC: 0.4017, Val Loss: 1.4152,Val PCC: 0.0998, Best epoch: 30, Best val loss: 1.2423
INFO:mainlogger:Epoch 116: Train Loss: 0.7931, Train PCC: 0.4054, Val Loss: 1.4060,Val PCC: 0.0994, Best epoch: 30, Best val loss: 1.2423
INFO:mainlogger:Epoch 117: Train Loss: 0.7940, Train PCC: 0.4058, Val Loss: 1.4220,Val PCC: 0.0989, Best epoch: 30, Best val loss: 1.2423
INFO:mainlogger:Epoch 118: Train Loss: 0.7942, Train PCC: 0.4056, Val Loss: 1.4235,Val PCC: 0.1014, Best epoch: 30, Best val loss: 1.2423
INFO:mainlogger:Epoch 119: Train Loss: 0.7974, Train PCC: 0.4057, Val Loss: 1.3964,Val PCC: 0.0993, Best epoch: 30, Best val loss: 1.2423
INFO:mainlogger:Epoch 120: Train Loss: 0.7860, Train PCC: 0.4104, Val Loss: 1.4055,Val PCC: 0.0983, Best epoch: 30, Best val loss: 1.2423
INFO:mainlogger:Epoch 121: Train Loss: 0.7841, Train PCC: 0.4116, Val Loss: 1.4128,Val PCC: 0.0991, Best epoch: 30, Best val loss: 1.2423
INFO:mainlogger:Epoch 122: Train Loss: 0.7913, Train PCC: 0.4094, Val Loss: 1.3999,Val PCC: 0.1000, Best epoch: 30, Best val loss: 1.2423
INFO:mainlogger:Epoch 123: Train Loss: 0.7804, Train PCC: 0.4134, Val Loss: 1.4179,Val PCC: 0.0972, Best epoch: 30, Best val loss: 1.2423
INFO:mainlogger:Epoch 124: Train Loss: 0.7793, Train PCC: 0.4139, Val Loss: 1.4141,Val PCC: 0.0980, Best epoch: 30, Best val loss: 1.2423
INFO:mainlogger:Epoch 125: Train Loss: 0.7819, Train PCC: 0.4150, Val Loss: 1.4337,Val PCC: 0.0956, Best epoch: 30, Best val loss: 1.2423
INFO:mainlogger:Epoch 126: Train Loss: 0.7814, Train PCC: 0.4148, Val Loss: 1.4211,Val PCC: 0.0951, Best epoch: 30, Best val loss: 1.2423
INFO:mainlogger:Epoch 127: Train Loss: 0.7749, Train PCC: 0.4169, Val Loss: 1.4105,Val PCC: 0.0956, Best epoch: 30, Best val loss: 1.2423
INFO:mainlogger:Epoch 128: Train Loss: 0.7838, Train PCC: 0.4160, Val Loss: 1.4231,Val PCC: 0.0974, Best epoch: 30, Best val loss: 1.2423
INFO:mainlogger:Epoch 129: Train Loss: 0.7819, Train PCC: 0.4167, Val Loss: 1.4382,Val PCC: 0.0971, Best epoch: 30, Best val loss: 1.2423
INFO:mainlogger:Epoch 130: Train Loss: 0.7792, Train PCC: 0.4171, Val Loss: 1.4233,Val PCC: 0.0971, Best epoch: 30, Best val loss: 1.2423
INFO:mainlogger:Epoch 131: Train Loss: 0.7677, Train PCC: 0.4217, Val Loss: 1.4126,Val PCC: 0.0991, Best epoch: 30, Best val loss: 1.2423
INFO:mainlogger:Epoch 132: Train Loss: 0.7710, Train PCC: 0.4223, Val Loss: 1.4232,Val PCC: 0.0969, Best epoch: 30, Best val loss: 1.2423
INFO:mainlogger:Epoch 133: Train Loss: 0.7813, Train PCC: 0.4162, Val Loss: 1.4254,Val PCC: 0.0981, Best epoch: 30, Best val loss: 1.2423
INFO:mainlogger:Epoch 134: Train Loss: 0.7728, Train PCC: 0.4226, Val Loss: 1.4306,Val PCC: 0.1000, Best epoch: 30, Best val loss: 1.2423
INFO:mainlogger:Epoch 135: Train Loss: 0.7676, Train PCC: 0.4244, Val Loss: 1.4396,Val PCC: 0.0943, Best epoch: 30, Best val loss: 1.2423
INFO:mainlogger:Epoch 136: Train Loss: 0.7668, Train PCC: 0.4270, Val Loss: 1.4291,Val PCC: 0.0960, Best epoch: 30, Best val loss: 1.2423
INFO:mainlogger:Epoch 137: Train Loss: 0.7806, Train PCC: 0.4206, Val Loss: 1.4325,Val PCC: 0.0958, Best epoch: 30, Best val loss: 1.2423
INFO:mainlogger:Epoch 138: Train Loss: 0.7723, Train PCC: 0.4222, Val Loss: 1.4428,Val PCC: 0.0938, Best epoch: 30, Best val loss: 1.2423
INFO:mainlogger:Epoch 139: Train Loss: 0.7673, Train PCC: 0.4246, Val Loss: 1.4388,Val PCC: 0.0964, Best epoch: 30, Best val loss: 1.2423
INFO:mainlogger:Epoch 140: Train Loss: 0.7646, Train PCC: 0.4280, Val Loss: 1.4403,Val PCC: 0.0950, Best epoch: 30, Best val loss: 1.2423
INFO:mainlogger:Epoch 141: Train Loss: 0.7635, Train PCC: 0.4285, Val Loss: 1.4397,Val PCC: 0.0984, Best epoch: 30, Best val loss: 1.2423
INFO:mainlogger:Epoch 142: Train Loss: 0.7587, Train PCC: 0.4306, Val Loss: 1.4556,Val PCC: 0.0943, Best epoch: 30, Best val loss: 1.2423
INFO:mainlogger:Epoch 143: Train Loss: 0.7608, Train PCC: 0.4313, Val Loss: 1.4538,Val PCC: 0.0949, Best epoch: 30, Best val loss: 1.2423
INFO:mainlogger:Epoch 144: Train Loss: 0.7603, Train PCC: 0.4322, Val Loss: 1.4443,Val PCC: 0.0978, Best epoch: 30, Best val loss: 1.2423
INFO:mainlogger:Epoch 145: Train Loss: 0.7594, Train PCC: 0.4332, Val Loss: 1.4566,Val PCC: 0.0962, Best epoch: 30, Best val loss: 1.2423
INFO:mainlogger:Epoch 146: Train Loss: 0.7636, Train PCC: 0.4326, Val Loss: 1.4422,Val PCC: 0.0960, Best epoch: 30, Best val loss: 1.2423
INFO:mainlogger:Epoch 147: Train Loss: 0.7583, Train PCC: 0.4349, Val Loss: 1.4632,Val PCC: 0.0939, Best epoch: 30, Best val loss: 1.2423
INFO:mainlogger:Epoch 148: Train Loss: 0.7592, Train PCC: 0.4329, Val Loss: 1.4465,Val PCC: 0.0936, Best epoch: 30, Best val loss: 1.2423
INFO:mainlogger:Epoch 149: Train Loss: 0.7604, Train PCC: 0.4338, Val Loss: 1.4764,Val PCC: 0.0909, Best epoch: 30, Best val loss: 1.2423
INFO:mainlogger:Epoch 150: Train Loss: 0.7695, Train PCC: 0.4310, Val Loss: 1.4521,Val PCC: 0.0918, Best epoch: 30, Best val loss: 1.2423
INFO:mainlogger:Epoch 151: Train Loss: 0.7802, Train PCC: 0.4297, Val Loss: 1.4499,Val PCC: 0.0937, Best epoch: 30, Best val loss: 1.2423
INFO:mainlogger:Epoch 152: Train Loss: 0.7538, Train PCC: 0.4374, Val Loss: 1.4558,Val PCC: 0.0947, Best epoch: 30, Best val loss: 1.2423
INFO:mainlogger:Epoch 153: Train Loss: 0.7551, Train PCC: 0.4381, Val Loss: 1.4518,Val PCC: 0.0934, Best epoch: 30, Best val loss: 1.2423
INFO:mainlogger:Epoch 154: Train Loss: 0.7503, Train PCC: 0.4405, Val Loss: 1.4653,Val PCC: 0.0939, Best epoch: 30, Best val loss: 1.2423
INFO:mainlogger:Epoch 155: Train Loss: 0.7580, Train PCC: 0.4386, Val Loss: 1.4604,Val PCC: 0.0929, Best epoch: 30, Best val loss: 1.2423
INFO:mainlogger:Epoch 156: Train Loss: 0.7518, Train PCC: 0.4411, Val Loss: 1.4561,Val PCC: 0.0961, Best epoch: 30, Best val loss: 1.2423
INFO:mainlogger:Epoch 157: Train Loss: 0.7545, Train PCC: 0.4400, Val Loss: 1.4624,Val PCC: 0.0935, Best epoch: 30, Best val loss: 1.2423
INFO:mainlogger:Epoch 158: Train Loss: 0.7511, Train PCC: 0.4412, Val Loss: 1.4775,Val PCC: 0.0923, Best epoch: 30, Best val loss: 1.2423
INFO:mainlogger:Epoch 159: Train Loss: 0.7533, Train PCC: 0.4389, Val Loss: 1.4555,Val PCC: 0.0943, Best epoch: 30, Best val loss: 1.2423
INFO:mainlogger:Epoch 160: Train Loss: 0.7474, Train PCC: 0.4424, Val Loss: 1.4545,Val PCC: 0.0935, Best epoch: 30, Best val loss: 1.2423
INFO:mainlogger:Epoch 161: Train Loss: 0.7529, Train PCC: 0.4418, Val Loss: 1.4695,Val PCC: 0.0926, Best epoch: 30, Best val loss: 1.2423
INFO:mainlogger:Epoch 162: Train Loss: 0.7520, Train PCC: 0.4416, Val Loss: 1.4609,Val PCC: 0.0922, Best epoch: 30, Best val loss: 1.2423
INFO:mainlogger:Epoch 163: Train Loss: 0.7380, Train PCC: 0.4471, Val Loss: 1.4631,Val PCC: 0.0935, Best epoch: 30, Best val loss: 1.2423
INFO:mainlogger:Epoch 164: Train Loss: 0.7425, Train PCC: 0.4475, Val Loss: 1.4604,Val PCC: 0.0931, Best epoch: 30, Best val loss: 1.2423
INFO:mainlogger:Epoch 165: Train Loss: 0.7432, Train PCC: 0.4471, Val Loss: 1.4982,Val PCC: 0.0917, Best epoch: 30, Best val loss: 1.2423
INFO:mainlogger:Epoch 166: Train Loss: 0.7506, Train PCC: 0.4446, Val Loss: 1.4648,Val PCC: 0.0914, Best epoch: 30, Best val loss: 1.2423
INFO:mainlogger:Epoch 167: Train Loss: 0.7384, Train PCC: 0.4496, Val Loss: 1.4724,Val PCC: 0.0934, Best epoch: 30, Best val loss: 1.2423
INFO:mainlogger:Epoch 168: Train Loss: 0.7356, Train PCC: 0.4504, Val Loss: 1.4797,Val PCC: 0.0932, Best epoch: 30, Best val loss: 1.2423
INFO:mainlogger:Epoch 169: Train Loss: 0.7494, Train PCC: 0.4456, Val Loss: 1.4695,Val PCC: 0.0906, Best epoch: 30, Best val loss: 1.2423
INFO:mainlogger:Epoch 170: Train Loss: 0.7436, Train PCC: 0.4506, Val Loss: 1.4815,Val PCC: 0.0896, Best epoch: 30, Best val loss: 1.2423
INFO:mainlogger:Epoch 171: Train Loss: 0.7424, Train PCC: 0.4481, Val Loss: 1.4716,Val PCC: 0.0913, Best epoch: 30, Best val loss: 1.2423
INFO:mainlogger:Epoch 172: Train Loss: 0.7334, Train PCC: 0.4512, Val Loss: 1.4795,Val PCC: 0.0905, Best epoch: 30, Best val loss: 1.2423
INFO:mainlogger:Epoch 173: Train Loss: 0.7362, Train PCC: 0.4527, Val Loss: 1.4889,Val PCC: 0.0928, Best epoch: 30, Best val loss: 1.2423
INFO:mainlogger:Epoch 174: Train Loss: 0.7333, Train PCC: 0.4525, Val Loss: 1.4607,Val PCC: 0.0939, Best epoch: 30, Best val loss: 1.2423
INFO:mainlogger:Epoch 175: Train Loss: 0.7338, Train PCC: 0.4534, Val Loss: 1.4764,Val PCC: 0.0917, Best epoch: 30, Best val loss: 1.2423
INFO:mainlogger:Epoch 176: Train Loss: 0.7369, Train PCC: 0.4548, Val Loss: 1.4899,Val PCC: 0.0926, Best epoch: 30, Best val loss: 1.2423
INFO:mainlogger:Epoch 177: Train Loss: 0.7392, Train PCC: 0.4525, Val Loss: 1.4791,Val PCC: 0.0927, Best epoch: 30, Best val loss: 1.2423
INFO:mainlogger:Epoch 178: Train Loss: 0.7313, Train PCC: 0.4555, Val Loss: 1.4783,Val PCC: 0.0917, Best epoch: 30, Best val loss: 1.2423
INFO:mainlogger:Epoch 179: Train Loss: 0.7286, Train PCC: 0.4571, Val Loss: 1.4874,Val PCC: 0.0910, Best epoch: 30, Best val loss: 1.2423
INFO:mainlogger:Epoch 180: Train Loss: 0.7321, Train PCC: 0.4548, Val Loss: 1.4863,Val PCC: 0.0893, Best epoch: 30, Best val loss: 1.2423
INFO:mainlogger:Epoch 181: Train Loss: 0.7287, Train PCC: 0.4576, Val Loss: 1.4895,Val PCC: 0.0906, Best epoch: 30, Best val loss: 1.2423
INFO:mainlogger:Epoch 182: Train Loss: 0.7299, Train PCC: 0.4577, Val Loss: 1.4991,Val PCC: 0.0914, Best epoch: 30, Best val loss: 1.2423
INFO:mainlogger:Epoch 183: Train Loss: 0.7358, Train PCC: 0.4555, Val Loss: 1.4845,Val PCC: 0.0908, Best epoch: 30, Best val loss: 1.2423
INFO:mainlogger:Epoch 184: Train Loss: 0.7365, Train PCC: 0.4553, Val Loss: 1.5098,Val PCC: 0.0890, Best epoch: 30, Best val loss: 1.2423
INFO:mainlogger:Epoch 185: Train Loss: 0.7302, Train PCC: 0.4574, Val Loss: 1.4991,Val PCC: 0.0889, Best epoch: 30, Best val loss: 1.2423
INFO:mainlogger:Epoch 186: Train Loss: 0.7297, Train PCC: 0.4594, Val Loss: 1.4894,Val PCC: 0.0901, Best epoch: 30, Best val loss: 1.2423
INFO:mainlogger:Epoch 187: Train Loss: 0.7266, Train PCC: 0.4595, Val Loss: 1.4929,Val PCC: 0.0897, Best epoch: 30, Best val loss: 1.2423
INFO:mainlogger:Epoch 188: Train Loss: 0.7252, Train PCC: 0.4608, Val Loss: 1.4920,Val PCC: 0.0872, Best epoch: 30, Best val loss: 1.2423
INFO:mainlogger:Epoch 189: Train Loss: 0.7208, Train PCC: 0.4631, Val Loss: 1.4956,Val PCC: 0.0885, Best epoch: 30, Best val loss: 1.2423
INFO:mainlogger:Epoch 190: Train Loss: 0.7250, Train PCC: 0.4626, Val Loss: 1.4917,Val PCC: 0.0908, Best epoch: 30, Best val loss: 1.2423
INFO:mainlogger:Epoch 191: Train Loss: 0.7258, Train PCC: 0.4626, Val Loss: 1.4878,Val PCC: 0.0880, Best epoch: 30, Best val loss: 1.2423
INFO:mainlogger:Epoch 192: Train Loss: 0.7282, Train PCC: 0.4598, Val Loss: 1.4843,Val PCC: 0.0895, Best epoch: 30, Best val loss: 1.2423
INFO:mainlogger:Epoch 193: Train Loss: 0.7247, Train PCC: 0.4613, Val Loss: 1.4932,Val PCC: 0.0891, Best epoch: 30, Best val loss: 1.2423
INFO:mainlogger:Epoch 194: Train Loss: 0.7272, Train PCC: 0.4619, Val Loss: 1.5130,Val PCC: 0.0880, Best epoch: 30, Best val loss: 1.2423
INFO:mainlogger:Epoch 195: Train Loss: 0.7253, Train PCC: 0.4639, Val Loss: 1.5150,Val PCC: 0.0904, Best epoch: 30, Best val loss: 1.2423
INFO:mainlogger:Epoch 196: Train Loss: 0.7332, Train PCC: 0.4594, Val Loss: 1.4850,Val PCC: 0.0888, Best epoch: 30, Best val loss: 1.2423
INFO:mainlogger:Epoch 197: Train Loss: 0.7200, Train PCC: 0.4668, Val Loss: 1.4856,Val PCC: 0.0902, Best epoch: 30, Best val loss: 1.2423
INFO:mainlogger:Epoch 198: Train Loss: 0.7219, Train PCC: 0.4666, Val Loss: 1.4981,Val PCC: 0.0900, Best epoch: 30, Best val loss: 1.2423
INFO:mainlogger:Epoch 199: Train Loss: 0.7221, Train PCC: 0.4667, Val Loss: 1.5057,Val PCC: 0.0877, Best epoch: 30, Best val loss: 1.2423
INFO:mainlogger:Epoch 200: Train Loss: 0.7205, Train PCC: 0.4667, Val Loss: 1.5062,Val PCC: 0.0880, Best epoch: 30, Best val loss: 1.2423
INFO:mainlogger:Epoch 201: Train Loss: 0.7176, Train PCC: 0.4669, Val Loss: 1.5003,Val PCC: 0.0915, Best epoch: 30, Best val loss: 1.2423
INFO:mainlogger:Epoch 202: Train Loss: 0.7236, Train PCC: 0.4655, Val Loss: 1.5249,Val PCC: 0.0880, Best epoch: 30, Best val loss: 1.2423
INFO:mainlogger:Epoch 203: Train Loss: 0.7261, Train PCC: 0.4661, Val Loss: 1.5072,Val PCC: 0.0887, Best epoch: 30, Best val loss: 1.2423
INFO:mainlogger:Epoch 204: Train Loss: 0.7156, Train PCC: 0.4695, Val Loss: 1.5158,Val PCC: 0.0880, Best epoch: 30, Best val loss: 1.2423
INFO:mainlogger:Epoch 205: Train Loss: 0.7211, Train PCC: 0.4670, Val Loss: 1.5081,Val PCC: 0.0881, Best epoch: 30, Best val loss: 1.2423
INFO:mainlogger:Epoch 206: Train Loss: 0.7170, Train PCC: 0.4690, Val Loss: 1.5244,Val PCC: 0.0872, Best epoch: 30, Best val loss: 1.2423
INFO:mainlogger:Epoch 207: Train Loss: 0.7166, Train PCC: 0.4706, Val Loss: 1.5019,Val PCC: 0.0872, Best epoch: 30, Best val loss: 1.2423
INFO:mainlogger:Epoch 208: Train Loss: 0.7174, Train PCC: 0.4696, Val Loss: 1.5071,Val PCC: 0.0875, Best epoch: 30, Best val loss: 1.2423
INFO:mainlogger:Epoch 209: Train Loss: 0.7162, Train PCC: 0.4701, Val Loss: 1.5166,Val PCC: 0.0870, Best epoch: 30, Best val loss: 1.2423
INFO:mainlogger:Epoch 210: Train Loss: 0.7171, Train PCC: 0.4716, Val Loss: 1.5164,Val PCC: 0.0885, Best epoch: 30, Best val loss: 1.2423
INFO:mainlogger:Epoch 211: Train Loss: 0.7161, Train PCC: 0.4709, Val Loss: 1.5115,Val PCC: 0.0865, Best epoch: 30, Best val loss: 1.2423
INFO:mainlogger:Epoch 212: Train Loss: 0.7089, Train PCC: 0.4748, Val Loss: 1.5259,Val PCC: 0.0868, Best epoch: 30, Best val loss: 1.2423
INFO:mainlogger:Epoch 213: Train Loss: 0.7146, Train PCC: 0.4730, Val Loss: 1.5208,Val PCC: 0.0884, Best epoch: 30, Best val loss: 1.2423
INFO:mainlogger:Epoch 214: Train Loss: 0.7128, Train PCC: 0.4716, Val Loss: 1.5185,Val PCC: 0.0873, Best epoch: 30, Best val loss: 1.2423
INFO:mainlogger:Epoch 215: Train Loss: 0.7187, Train PCC: 0.4728, Val Loss: 1.5131,Val PCC: 0.0899, Best epoch: 30, Best val loss: 1.2423
INFO:mainlogger:Epoch 216: Train Loss: 0.7124, Train PCC: 0.4732, Val Loss: 1.5410,Val PCC: 0.0872, Best epoch: 30, Best val loss: 1.2423
INFO:mainlogger:Epoch 217: Train Loss: 0.7130, Train PCC: 0.4742, Val Loss: 1.5234,Val PCC: 0.0853, Best epoch: 30, Best val loss: 1.2423
INFO:mainlogger:Epoch 218: Train Loss: 0.7080, Train PCC: 0.4762, Val Loss: 1.5160,Val PCC: 0.0858, Best epoch: 30, Best val loss: 1.2423
INFO:mainlogger:Epoch 219: Train Loss: 0.7094, Train PCC: 0.4767, Val Loss: 1.5309,Val PCC: 0.0854, Best epoch: 30, Best val loss: 1.2423
INFO:mainlogger:Epoch 220: Train Loss: 0.7119, Train PCC: 0.4755, Val Loss: 1.5182,Val PCC: 0.0829, Best epoch: 30, Best val loss: 1.2423
INFO:mainlogger:Epoch 221: Train Loss: 0.7170, Train PCC: 0.4743, Val Loss: 1.5231,Val PCC: 0.0873, Best epoch: 30, Best val loss: 1.2423
INFO:mainlogger:Epoch 222: Train Loss: 0.7110, Train PCC: 0.4748, Val Loss: 1.5383,Val PCC: 0.0854, Best epoch: 30, Best val loss: 1.2423
INFO:mainlogger:Epoch 223: Train Loss: 0.7073, Train PCC: 0.4774, Val Loss: 1.5438,Val PCC: 0.0843, Best epoch: 30, Best val loss: 1.2423
INFO:mainlogger:Epoch 224: Train Loss: 0.7201, Train PCC: 0.4720, Val Loss: 1.5451,Val PCC: 0.0848, Best epoch: 30, Best val loss: 1.2423
INFO:mainlogger:Epoch 225: Train Loss: 0.7073, Train PCC: 0.4784, Val Loss: 1.5428,Val PCC: 0.0836, Best epoch: 30, Best val loss: 1.2423
INFO:mainlogger:Epoch 226: Train Loss: 0.7089, Train PCC: 0.4773, Val Loss: 1.5261,Val PCC: 0.0888, Best epoch: 30, Best val loss: 1.2423
INFO:mainlogger:Epoch 227: Train Loss: 0.7124, Train PCC: 0.4751, Val Loss: 1.5372,Val PCC: 0.0865, Best epoch: 30, Best val loss: 1.2423
INFO:mainlogger:Epoch 228: Train Loss: 0.7063, Train PCC: 0.4800, Val Loss: 1.5321,Val PCC: 0.0846, Best epoch: 30, Best val loss: 1.2423
INFO:mainlogger:Epoch 229: Train Loss: 0.7072, Train PCC: 0.4812, Val Loss: 1.5502,Val PCC: 0.0836, Best epoch: 30, Best val loss: 1.2423
INFO:mainlogger:Epoch 230: Train Loss: 0.7083, Train PCC: 0.4795, Val Loss: 1.5580,Val PCC: 0.0862, Best epoch: 30, Best val loss: 1.2423
INFO:mainlogger:Epoch 231: Train Loss: 0.7071, Train PCC: 0.4806, Val Loss: 1.5320,Val PCC: 0.0838, Best epoch: 30, Best val loss: 1.2423
INFO:mainlogger:Epoch 232: Train Loss: 0.7056, Train PCC: 0.4802, Val Loss: 1.5437,Val PCC: 0.0855, Best epoch: 30, Best val loss: 1.2423
INFO:mainlogger:Epoch 233: Train Loss: 0.7108, Train PCC: 0.4778, Val Loss: 1.5419,Val PCC: 0.0848, Best epoch: 30, Best val loss: 1.2423
INFO:mainlogger:Epoch 234: Train Loss: 0.6990, Train PCC: 0.4833, Val Loss: 1.5458,Val PCC: 0.0845, Best epoch: 30, Best val loss: 1.2423
INFO:mainlogger:Epoch 235: Train Loss: 0.7048, Train PCC: 0.4821, Val Loss: 1.5494,Val PCC: 0.0837, Best epoch: 30, Best val loss: 1.2423
INFO:mainlogger:Epoch 236: Train Loss: 0.7002, Train PCC: 0.4837, Val Loss: 1.5438,Val PCC: 0.0831, Best epoch: 30, Best val loss: 1.2423
INFO:mainlogger:Epoch 237: Train Loss: 0.7052, Train PCC: 0.4829, Val Loss: 1.5349,Val PCC: 0.0827, Best epoch: 30, Best val loss: 1.2423
INFO:mainlogger:Epoch 238: Train Loss: 0.7128, Train PCC: 0.4766, Val Loss: 1.5406,Val PCC: 0.0872, Best epoch: 30, Best val loss: 1.2423
INFO:mainlogger:Epoch 239: Train Loss: 0.7001, Train PCC: 0.4843, Val Loss: 1.5382,Val PCC: 0.0829, Best epoch: 30, Best val loss: 1.2423
INFO:mainlogger:Epoch 240: Train Loss: 0.7003, Train PCC: 0.4842, Val Loss: 1.5390,Val PCC: 0.0830, Best epoch: 30, Best val loss: 1.2423
INFO:mainlogger:Epoch 241: Train Loss: 0.6981, Train PCC: 0.4862, Val Loss: 1.5450,Val PCC: 0.0837, Best epoch: 30, Best val loss: 1.2423
INFO:mainlogger:Epoch 242: Train Loss: 0.7042, Train PCC: 0.4834, Val Loss: 1.5522,Val PCC: 0.0837, Best epoch: 30, Best val loss: 1.2423
INFO:mainlogger:Epoch 243: Train Loss: 0.7032, Train PCC: 0.4839, Val Loss: 1.5579,Val PCC: 0.0823, Best epoch: 30, Best val loss: 1.2423
INFO:mainlogger:Epoch 244: Train Loss: 0.6962, Train PCC: 0.4867, Val Loss: 1.5421,Val PCC: 0.0826, Best epoch: 30, Best val loss: 1.2423
INFO:mainlogger:Epoch 245: Train Loss: 0.6944, Train PCC: 0.4882, Val Loss: 1.5379,Val PCC: 0.0842, Best epoch: 30, Best val loss: 1.2423
INFO:mainlogger:Epoch 246: Train Loss: 0.6956, Train PCC: 0.4874, Val Loss: 1.5490,Val PCC: 0.0821, Best epoch: 30, Best val loss: 1.2423
INFO:mainlogger:Epoch 247: Train Loss: 0.7001, Train PCC: 0.4858, Val Loss: 1.5389,Val PCC: 0.0823, Best epoch: 30, Best val loss: 1.2423
INFO:mainlogger:Epoch 248: Train Loss: 0.6998, Train PCC: 0.4870, Val Loss: 1.5396,Val PCC: 0.0835, Best epoch: 30, Best val loss: 1.2423
INFO:mainlogger:Epoch 249: Train Loss: 0.7030, Train PCC: 0.4852, Val Loss: 1.5544,Val PCC: 0.0851, Best epoch: 30, Best val loss: 1.2423
INFO:mainlogger:Epoch 250: Train Loss: 0.6939, Train PCC: 0.4888, Val Loss: 1.5554,Val PCC: 0.0829, Best epoch: 30, Best val loss: 1.2423
INFO:mainlogger:Epoch 251: Train Loss: 0.6986, Train PCC: 0.4884, Val Loss: 1.5497,Val PCC: 0.0820, Best epoch: 30, Best val loss: 1.2423
INFO:mainlogger:Epoch 252: Train Loss: 0.6942, Train PCC: 0.4885, Val Loss: 1.5595,Val PCC: 0.0830, Best epoch: 30, Best val loss: 1.2423
INFO:mainlogger:Epoch 253: Train Loss: 0.6939, Train PCC: 0.4898, Val Loss: 1.5556,Val PCC: 0.0831, Best epoch: 30, Best val loss: 1.2423
INFO:mainlogger:Epoch 254: Train Loss: 0.7070, Train PCC: 0.4848, Val Loss: 1.5656,Val PCC: 0.0836, Best epoch: 30, Best val loss: 1.2423
INFO:mainlogger:Epoch 255: Train Loss: 0.7006, Train PCC: 0.4875, Val Loss: 1.5657,Val PCC: 0.0818, Best epoch: 30, Best val loss: 1.2423
INFO:mainlogger:Epoch 256: Train Loss: 0.6941, Train PCC: 0.4910, Val Loss: 1.5622,Val PCC: 0.0831, Best epoch: 30, Best val loss: 1.2423
INFO:mainlogger:Epoch 257: Train Loss: 0.6945, Train PCC: 0.4911, Val Loss: 1.5650,Val PCC: 0.0843, Best epoch: 30, Best val loss: 1.2423
INFO:mainlogger:Epoch 258: Train Loss: 0.6977, Train PCC: 0.4887, Val Loss: 1.5597,Val PCC: 0.0816, Best epoch: 30, Best val loss: 1.2423
INFO:mainlogger:Epoch 259: Train Loss: 0.6914, Train PCC: 0.4921, Val Loss: 1.5552,Val PCC: 0.0847, Best epoch: 30, Best val loss: 1.2423
INFO:mainlogger:Epoch 260: Train Loss: 0.6909, Train PCC: 0.4923, Val Loss: 1.5528,Val PCC: 0.0838, Best epoch: 30, Best val loss: 1.2423
INFO:mainlogger:Epoch 261: Train Loss: 0.6928, Train PCC: 0.4925, Val Loss: 1.5563,Val PCC: 0.0843, Best epoch: 30, Best val loss: 1.2423
INFO:mainlogger:Epoch 262: Train Loss: 0.6949, Train PCC: 0.4903, Val Loss: 1.5528,Val PCC: 0.0824, Best epoch: 30, Best val loss: 1.2423
INFO:mainlogger:Epoch 263: Train Loss: 0.6933, Train PCC: 0.4911, Val Loss: 1.5537,Val PCC: 0.0828, Best epoch: 30, Best val loss: 1.2423
INFO:mainlogger:Epoch 264: Train Loss: 0.6971, Train PCC: 0.4891, Val Loss: 1.5652,Val PCC: 0.0828, Best epoch: 30, Best val loss: 1.2423
INFO:mainlogger:Epoch 265: Train Loss: 0.6902, Train PCC: 0.4934, Val Loss: 1.5571,Val PCC: 0.0819, Best epoch: 30, Best val loss: 1.2423
INFO:mainlogger:Epoch 266: Train Loss: 0.6931, Train PCC: 0.4930, Val Loss: 1.5581,Val PCC: 0.0842, Best epoch: 30, Best val loss: 1.2423
INFO:mainlogger:Epoch 267: Train Loss: 0.6887, Train PCC: 0.4955, Val Loss: 1.5521,Val PCC: 0.0849, Best epoch: 30, Best val loss: 1.2423
INFO:mainlogger:Epoch 268: Train Loss: 0.6867, Train PCC: 0.4960, Val Loss: 1.5619,Val PCC: 0.0826, Best epoch: 30, Best val loss: 1.2423
INFO:mainlogger:Epoch 269: Train Loss: 0.6879, Train PCC: 0.4958, Val Loss: 1.5500,Val PCC: 0.0840, Best epoch: 30, Best val loss: 1.2423
INFO:mainlogger:Epoch 270: Train Loss: 0.6923, Train PCC: 0.4945, Val Loss: 1.6081,Val PCC: 0.0822, Best epoch: 30, Best val loss: 1.2423
INFO:mainlogger:Epoch 271: Train Loss: 0.6957, Train PCC: 0.4931, Val Loss: 1.5848,Val PCC: 0.0800, Best epoch: 30, Best val loss: 1.2423
INFO:mainlogger:Epoch 272: Train Loss: 0.6849, Train PCC: 0.4984, Val Loss: 1.5865,Val PCC: 0.0841, Best epoch: 30, Best val loss: 1.2423
INFO:mainlogger:Epoch 273: Train Loss: 0.6860, Train PCC: 0.4953, Val Loss: 1.5724,Val PCC: 0.0818, Best epoch: 30, Best val loss: 1.2423
INFO:mainlogger:Epoch 274: Train Loss: 0.6874, Train PCC: 0.4977, Val Loss: 1.5597,Val PCC: 0.0824, Best epoch: 30, Best val loss: 1.2423
INFO:mainlogger:Epoch 275: Train Loss: 0.6828, Train PCC: 0.4992, Val Loss: 1.5763,Val PCC: 0.0820, Best epoch: 30, Best val loss: 1.2423
INFO:mainlogger:Epoch 276: Train Loss: 0.6846, Train PCC: 0.4976, Val Loss: 1.5909,Val PCC: 0.0829, Best epoch: 30, Best val loss: 1.2423
INFO:mainlogger:Epoch 277: Train Loss: 0.6913, Train PCC: 0.4947, Val Loss: 1.5677,Val PCC: 0.0817, Best epoch: 30, Best val loss: 1.2423
INFO:mainlogger:Epoch 278: Train Loss: 0.6944, Train PCC: 0.4954, Val Loss: 1.5797,Val PCC: 0.0802, Best epoch: 30, Best val loss: 1.2423
INFO:mainlogger:Epoch 279: Train Loss: 0.6928, Train PCC: 0.4952, Val Loss: 1.5703,Val PCC: 0.0813, Best epoch: 30, Best val loss: 1.2423
INFO:mainlogger:Epoch 280: Train Loss: 0.6868, Train PCC: 0.4979, Val Loss: 1.5819,Val PCC: 0.0820, Best epoch: 30, Best val loss: 1.2423
INFO:mainlogger:Epoch 281: Train Loss: 0.6828, Train PCC: 0.5004, Val Loss: 1.5810,Val PCC: 0.0785, Best epoch: 30, Best val loss: 1.2423
INFO:mainlogger:Epoch 282: Train Loss: 0.6823, Train PCC: 0.5007, Val Loss: 1.5724,Val PCC: 0.0810, Best epoch: 30, Best val loss: 1.2423
INFO:mainlogger:Epoch 283: Train Loss: 0.6901, Train PCC: 0.4986, Val Loss: 1.5883,Val PCC: 0.0803, Best epoch: 30, Best val loss: 1.2423
INFO:mainlogger:Epoch 284: Train Loss: 0.6883, Train PCC: 0.4981, Val Loss: 1.5660,Val PCC: 0.0842, Best epoch: 30, Best val loss: 1.2423
INFO:mainlogger:Epoch 285: Train Loss: 0.6885, Train PCC: 0.4990, Val Loss: 1.5698,Val PCC: 0.0822, Best epoch: 30, Best val loss: 1.2423
INFO:mainlogger:Epoch 286: Train Loss: 0.6824, Train PCC: 0.5005, Val Loss: 1.5700,Val PCC: 0.0816, Best epoch: 30, Best val loss: 1.2423
INFO:mainlogger:Epoch 287: Train Loss: 0.6814, Train PCC: 0.5012, Val Loss: 1.5731,Val PCC: 0.0814, Best epoch: 30, Best val loss: 1.2423
INFO:mainlogger:Epoch 288: Train Loss: 0.6808, Train PCC: 0.5019, Val Loss: 1.5746,Val PCC: 0.0810, Best epoch: 30, Best val loss: 1.2423
INFO:mainlogger:Epoch 289: Train Loss: 0.6831, Train PCC: 0.5021, Val Loss: 1.5775,Val PCC: 0.0804, Best epoch: 30, Best val loss: 1.2423
INFO:mainlogger:Epoch 290: Train Loss: 0.6790, Train PCC: 0.5023, Val Loss: 1.5847,Val PCC: 0.0805, Best epoch: 30, Best val loss: 1.2423
INFO:mainlogger:Epoch 291: Train Loss: 0.6883, Train PCC: 0.4979, Val Loss: 1.5680,Val PCC: 0.0822, Best epoch: 30, Best val loss: 1.2423
INFO:mainlogger:Epoch 292: Train Loss: 0.6803, Train PCC: 0.5027, Val Loss: 1.5748,Val PCC: 0.0822, Best epoch: 30, Best val loss: 1.2423
INFO:mainlogger:Epoch 293: Train Loss: 0.6792, Train PCC: 0.5037, Val Loss: 1.5769,Val PCC: 0.0810, Best epoch: 30, Best val loss: 1.2423
INFO:mainlogger:Epoch 294: Train Loss: 0.6792, Train PCC: 0.5039, Val Loss: 1.5655,Val PCC: 0.0818, Best epoch: 30, Best val loss: 1.2423
INFO:mainlogger:Epoch 295: Train Loss: 0.6798, Train PCC: 0.5044, Val Loss: 1.5907,Val PCC: 0.0796, Best epoch: 30, Best val loss: 1.2423
INFO:mainlogger:Epoch 296: Train Loss: 0.6761, Train PCC: 0.5043, Val Loss: 1.5791,Val PCC: 0.0814, Best epoch: 30, Best val loss: 1.2423
INFO:mainlogger:Epoch 297: Train Loss: 0.6842, Train PCC: 0.5016, Val Loss: 1.5830,Val PCC: 0.0805, Best epoch: 30, Best val loss: 1.2423
INFO:mainlogger:Epoch 298: Train Loss: 0.6877, Train PCC: 0.5003, Val Loss: 1.6043,Val PCC: 0.0790, Best epoch: 30, Best val loss: 1.2423
INFO:mainlogger:Epoch 299: Train Loss: 0.6809, Train PCC: 0.5023, Val Loss: 1.5757,Val PCC: 0.0820, Best epoch: 30, Best val loss: 1.2423
INFO:mainlogger:Epoch 300: Train Loss: 0.6797, Train PCC: 0.5043, Val Loss: 1.5865,Val PCC: 0.0797, Best epoch: 30, Best val loss: 1.2423
INFO:mainlogger:Epoch 301: Train Loss: 0.6813, Train PCC: 0.5039, Val Loss: 1.6015,Val PCC: 0.0803, Best epoch: 30, Best val loss: 1.2423
INFO:mainlogger:Epoch 302: Train Loss: 0.6770, Train PCC: 0.5051, Val Loss: 1.5798,Val PCC: 0.0802, Best epoch: 30, Best val loss: 1.2423
INFO:mainlogger:Epoch 303: Train Loss: 0.6828, Train PCC: 0.5017, Val Loss: 1.5959,Val PCC: 0.0811, Best epoch: 30, Best val loss: 1.2423
INFO:mainlogger:Epoch 304: Train Loss: 0.6800, Train PCC: 0.5043, Val Loss: 1.5898,Val PCC: 0.0801, Best epoch: 30, Best val loss: 1.2423
INFO:mainlogger:Epoch 305: Train Loss: 0.6803, Train PCC: 0.5053, Val Loss: 1.5836,Val PCC: 0.0807, Best epoch: 30, Best val loss: 1.2423
INFO:mainlogger:Epoch 306: Train Loss: 0.6789, Train PCC: 0.5049, Val Loss: 1.5926,Val PCC: 0.0794, Best epoch: 30, Best val loss: 1.2423
INFO:mainlogger:Epoch 307: Train Loss: 0.6761, Train PCC: 0.5049, Val Loss: 1.6113,Val PCC: 0.0817, Best epoch: 30, Best val loss: 1.2423
INFO:mainlogger:Epoch 308: Train Loss: 0.6781, Train PCC: 0.5063, Val Loss: 1.5893,Val PCC: 0.0791, Best epoch: 30, Best val loss: 1.2423
INFO:mainlogger:Epoch 309: Train Loss: 0.6768, Train PCC: 0.5074, Val Loss: 1.6077,Val PCC: 0.0801, Best epoch: 30, Best val loss: 1.2423
INFO:mainlogger:Epoch 310: Train Loss: 0.6821, Train PCC: 0.5043, Val Loss: 1.6019,Val PCC: 0.0792, Best epoch: 30, Best val loss: 1.2423
INFO:mainlogger:Epoch 311: Train Loss: 0.6791, Train PCC: 0.5055, Val Loss: 1.6167,Val PCC: 0.0794, Best epoch: 30, Best val loss: 1.2423
INFO:mainlogger:Epoch 312: Train Loss: 0.6867, Train PCC: 0.5037, Val Loss: 1.6007,Val PCC: 0.0811, Best epoch: 30, Best val loss: 1.2423
INFO:mainlogger:Epoch 313: Train Loss: 0.6801, Train PCC: 0.5070, Val Loss: 1.6104,Val PCC: 0.0793, Best epoch: 30, Best val loss: 1.2423
INFO:mainlogger:Epoch 314: Train Loss: 0.6880, Train PCC: 0.5023, Val Loss: 1.5964,Val PCC: 0.0809, Best epoch: 30, Best val loss: 1.2423
INFO:mainlogger:Epoch 315: Train Loss: 0.6778, Train PCC: 0.5060, Val Loss: 1.6006,Val PCC: 0.0809, Best epoch: 30, Best val loss: 1.2423
INFO:mainlogger:Epoch 316: Train Loss: 0.6770, Train PCC: 0.5070, Val Loss: 1.6052,Val PCC: 0.0790, Best epoch: 30, Best val loss: 1.2423
INFO:mainlogger:Epoch 317: Train Loss: 0.6772, Train PCC: 0.5091, Val Loss: 1.5992,Val PCC: 0.0790, Best epoch: 30, Best val loss: 1.2423
INFO:mainlogger:Epoch 318: Train Loss: 0.6706, Train PCC: 0.5101, Val Loss: 1.6056,Val PCC: 0.0806, Best epoch: 30, Best val loss: 1.2423
INFO:mainlogger:Epoch 319: Train Loss: 0.6712, Train PCC: 0.5099, Val Loss: 1.5990,Val PCC: 0.0792, Best epoch: 30, Best val loss: 1.2423
INFO:mainlogger:Epoch 320: Train Loss: 0.6776, Train PCC: 0.5061, Val Loss: 1.5914,Val PCC: 0.0810, Best epoch: 30, Best val loss: 1.2423
INFO:mainlogger:Epoch 321: Train Loss: 0.6737, Train PCC: 0.5102, Val Loss: 1.5950,Val PCC: 0.0806, Best epoch: 30, Best val loss: 1.2423
INFO:mainlogger:Epoch 322: Train Loss: 0.6729, Train PCC: 0.5097, Val Loss: 1.5930,Val PCC: 0.0814, Best epoch: 30, Best val loss: 1.2423
INFO:mainlogger:Epoch 323: Train Loss: 0.6815, Train PCC: 0.5053, Val Loss: 1.6003,Val PCC: 0.0804, Best epoch: 30, Best val loss: 1.2423
INFO:mainlogger:Epoch 324: Train Loss: 0.6692, Train PCC: 0.5098, Val Loss: 1.6025,Val PCC: 0.0799, Best epoch: 30, Best val loss: 1.2423
INFO:mainlogger:Epoch 325: Train Loss: 0.6726, Train PCC: 0.5103, Val Loss: 1.5932,Val PCC: 0.0820, Best epoch: 30, Best val loss: 1.2423
INFO:mainlogger:Epoch 326: Train Loss: 0.6719, Train PCC: 0.5091, Val Loss: 1.5981,Val PCC: 0.0788, Best epoch: 30, Best val loss: 1.2423
INFO:mainlogger:Epoch 327: Train Loss: 0.6719, Train PCC: 0.5113, Val Loss: 1.6186,Val PCC: 0.0792, Best epoch: 30, Best val loss: 1.2423
INFO:mainlogger:Epoch 328: Train Loss: 0.6722, Train PCC: 0.5110, Val Loss: 1.6064,Val PCC: 0.0808, Best epoch: 30, Best val loss: 1.2423
INFO:mainlogger:Epoch 329: Train Loss: 0.6678, Train PCC: 0.5119, Val Loss: 1.6078,Val PCC: 0.0810, Best epoch: 30, Best val loss: 1.2423
INFO:mainlogger:Epoch 330: Train Loss: 0.6747, Train PCC: 0.5105, Val Loss: 1.6038,Val PCC: 0.0799, Best epoch: 30, Best val loss: 1.2423
INFO:mainlogger:Epoch 331: Train Loss: 0.6791, Train PCC: 0.5076, Val Loss: 1.6123,Val PCC: 0.0800, Best epoch: 30, Best val loss: 1.2423
INFO:mainlogger:Epoch 332: Train Loss: 0.6774, Train PCC: 0.5082, Val Loss: 1.6224,Val PCC: 0.0783, Best epoch: 30, Best val loss: 1.2423
INFO:mainlogger:Epoch 333: Train Loss: 0.6725, Train PCC: 0.5098, Val Loss: 1.6216,Val PCC: 0.0807, Best epoch: 30, Best val loss: 1.2423
INFO:mainlogger:Epoch 334: Train Loss: 0.6727, Train PCC: 0.5113, Val Loss: 1.6036,Val PCC: 0.0801, Best epoch: 30, Best val loss: 1.2423
INFO:mainlogger:Epoch 335: Train Loss: 0.6723, Train PCC: 0.5116, Val Loss: 1.6194,Val PCC: 0.0788, Best epoch: 30, Best val loss: 1.2423
INFO:mainlogger:Epoch 336: Train Loss: 0.6719, Train PCC: 0.5106, Val Loss: 1.6257,Val PCC: 0.0807, Best epoch: 30, Best val loss: 1.2423
INFO:mainlogger:Epoch 337: Train Loss: 0.6733, Train PCC: 0.5110, Val Loss: 1.6163,Val PCC: 0.0803, Best epoch: 30, Best val loss: 1.2423
INFO:mainlogger:Epoch 338: Train Loss: 0.6735, Train PCC: 0.5111, Val Loss: 1.6152,Val PCC: 0.0808, Best epoch: 30, Best val loss: 1.2423
INFO:mainlogger:Epoch 339: Train Loss: 0.6806, Train PCC: 0.5070, Val Loss: 1.6060,Val PCC: 0.0781, Best epoch: 30, Best val loss: 1.2423
INFO:mainlogger:Epoch 340: Train Loss: 0.6699, Train PCC: 0.5127, Val Loss: 1.6142,Val PCC: 0.0789, Best epoch: 30, Best val loss: 1.2423
INFO:mainlogger:Epoch 341: Train Loss: 0.6687, Train PCC: 0.5121, Val Loss: 1.6208,Val PCC: 0.0789, Best epoch: 30, Best val loss: 1.2423
INFO:mainlogger:Epoch 342: Train Loss: 0.6760, Train PCC: 0.5092, Val Loss: 1.6082,Val PCC: 0.0803, Best epoch: 30, Best val loss: 1.2423
INFO:mainlogger:Epoch 343: Train Loss: 0.6764, Train PCC: 0.5106, Val Loss: 1.6425,Val PCC: 0.0794, Best epoch: 30, Best val loss: 1.2423
INFO:mainlogger:Epoch 344: Train Loss: 0.6847, Train PCC: 0.5058, Val Loss: 1.6153,Val PCC: 0.0786, Best epoch: 30, Best val loss: 1.2423
INFO:mainlogger:Epoch 345: Train Loss: 0.6742, Train PCC: 0.5117, Val Loss: 1.6014,Val PCC: 0.0802, Best epoch: 30, Best val loss: 1.2423
INFO:mainlogger:Epoch 346: Train Loss: 0.6723, Train PCC: 0.5136, Val Loss: 1.6281,Val PCC: 0.0792, Best epoch: 30, Best val loss: 1.2423
INFO:mainlogger:Epoch 347: Train Loss: 0.6718, Train PCC: 0.5130, Val Loss: 1.6160,Val PCC: 0.0807, Best epoch: 30, Best val loss: 1.2423
INFO:mainlogger:Epoch 348: Train Loss: 0.6706, Train PCC: 0.5139, Val Loss: 1.6108,Val PCC: 0.0793, Best epoch: 30, Best val loss: 1.2423
INFO:mainlogger:Epoch 349: Train Loss: 0.6755, Train PCC: 0.5109, Val Loss: 1.6174,Val PCC: 0.0798, Best epoch: 30, Best val loss: 1.2423
INFO:mainlogger:Epoch 350: Train Loss: 0.6689, Train PCC: 0.5148, Val Loss: 1.6287,Val PCC: 0.0812, Best epoch: 30, Best val loss: 1.2423
INFO:mainlogger:Epoch 351: Train Loss: 0.6723, Train PCC: 0.5134, Val Loss: 1.6295,Val PCC: 0.0798, Best epoch: 30, Best val loss: 1.2423
INFO:mainlogger:Epoch 352: Train Loss: 0.6657, Train PCC: 0.5156, Val Loss: 1.6250,Val PCC: 0.0789, Best epoch: 30, Best val loss: 1.2423
INFO:mainlogger:Epoch 353: Train Loss: 0.6641, Train PCC: 0.5161, Val Loss: 1.6347,Val PCC: 0.0787, Best epoch: 30, Best val loss: 1.2423
INFO:mainlogger:Epoch 354: Train Loss: 0.6623, Train PCC: 0.5169, Val Loss: 1.6141,Val PCC: 0.0818, Best epoch: 30, Best val loss: 1.2423
INFO:mainlogger:Epoch 355: Train Loss: 0.6638, Train PCC: 0.5165, Val Loss: 1.6196,Val PCC: 0.0800, Best epoch: 30, Best val loss: 1.2423
INFO:mainlogger:Epoch 356: Train Loss: 0.6641, Train PCC: 0.5163, Val Loss: 1.6316,Val PCC: 0.0781, Best epoch: 30, Best val loss: 1.2423
INFO:mainlogger:Epoch 357: Train Loss: 0.6650, Train PCC: 0.5171, Val Loss: 1.6311,Val PCC: 0.0801, Best epoch: 30, Best val loss: 1.2423
INFO:mainlogger:Epoch 358: Train Loss: 0.6689, Train PCC: 0.5150, Val Loss: 1.6226,Val PCC: 0.0803, Best epoch: 30, Best val loss: 1.2423
INFO:mainlogger:Epoch 359: Train Loss: 0.6699, Train PCC: 0.5155, Val Loss: 1.6197,Val PCC: 0.0790, Best epoch: 30, Best val loss: 1.2423
INFO:mainlogger:Epoch 360: Train Loss: 0.6720, Train PCC: 0.5141, Val Loss: 1.6189,Val PCC: 0.0792, Best epoch: 30, Best val loss: 1.2423
INFO:mainlogger:Epoch 361: Train Loss: 0.6677, Train PCC: 0.5157, Val Loss: 1.6203,Val PCC: 0.0793, Best epoch: 30, Best val loss: 1.2423
INFO:mainlogger:Epoch 362: Train Loss: 0.6703, Train PCC: 0.5139, Val Loss: 1.6150,Val PCC: 0.0785, Best epoch: 30, Best val loss: 1.2423
INFO:mainlogger:Epoch 363: Train Loss: 0.6827, Train PCC: 0.5067, Val Loss: 1.6200,Val PCC: 0.0814, Best epoch: 30, Best val loss: 1.2423
INFO:mainlogger:Epoch 364: Train Loss: 0.6738, Train PCC: 0.5131, Val Loss: 1.6378,Val PCC: 0.0803, Best epoch: 30, Best val loss: 1.2423
INFO:mainlogger:Epoch 365: Train Loss: 0.6651, Train PCC: 0.5172, Val Loss: 1.6206,Val PCC: 0.0805, Best epoch: 30, Best val loss: 1.2423
INFO:mainlogger:Epoch 366: Train Loss: 0.6654, Train PCC: 0.5182, Val Loss: 1.6298,Val PCC: 0.0806, Best epoch: 30, Best val loss: 1.2423
INFO:mainlogger:Epoch 367: Train Loss: 0.6713, Train PCC: 0.5149, Val Loss: 1.6267,Val PCC: 0.0784, Best epoch: 30, Best val loss: 1.2423
INFO:mainlogger:Epoch 368: Train Loss: 0.6700, Train PCC: 0.5156, Val Loss: 1.6265,Val PCC: 0.0805, Best epoch: 30, Best val loss: 1.2423
INFO:mainlogger:Epoch 369: Train Loss: 0.6628, Train PCC: 0.5179, Val Loss: 1.6301,Val PCC: 0.0796, Best epoch: 30, Best val loss: 1.2423
INFO:mainlogger:Epoch 370: Train Loss: 0.6650, Train PCC: 0.5174, Val Loss: 1.6439,Val PCC: 0.0775, Best epoch: 30, Best val loss: 1.2423
INFO:mainlogger:Epoch 371: Train Loss: 0.6671, Train PCC: 0.5182, Val Loss: 1.6218,Val PCC: 0.0796, Best epoch: 30, Best val loss: 1.2423
INFO:mainlogger:Epoch 372: Train Loss: 0.6620, Train PCC: 0.5173, Val Loss: 1.6298,Val PCC: 0.0799, Best epoch: 30, Best val loss: 1.2423
INFO:mainlogger:Epoch 373: Train Loss: 0.6623, Train PCC: 0.5198, Val Loss: 1.6223,Val PCC: 0.0779, Best epoch: 30, Best val loss: 1.2423
INFO:mainlogger:Epoch 374: Train Loss: 0.6623, Train PCC: 0.5192, Val Loss: 1.6359,Val PCC: 0.0803, Best epoch: 30, Best val loss: 1.2423
INFO:mainlogger:Epoch 375: Train Loss: 0.6636, Train PCC: 0.5183, Val Loss: 1.6176,Val PCC: 0.0798, Best epoch: 30, Best val loss: 1.2423
INFO:mainlogger:Epoch 376: Train Loss: 0.6656, Train PCC: 0.5189, Val Loss: 1.6604,Val PCC: 0.0781, Best epoch: 30, Best val loss: 1.2423
INFO:mainlogger:Epoch 377: Train Loss: 0.6691, Train PCC: 0.5164, Val Loss: 1.6377,Val PCC: 0.0799, Best epoch: 30, Best val loss: 1.2423
INFO:mainlogger:Epoch 378: Train Loss: 0.6602, Train PCC: 0.5210, Val Loss: 1.6292,Val PCC: 0.0789, Best epoch: 30, Best val loss: 1.2423
INFO:mainlogger:Epoch 379: Train Loss: 0.6642, Train PCC: 0.5184, Val Loss: 1.6532,Val PCC: 0.0799, Best epoch: 30, Best val loss: 1.2423
INFO:mainlogger:Epoch 380: Train Loss: 0.6614, Train PCC: 0.5193, Val Loss: 1.6414,Val PCC: 0.0800, Best epoch: 30, Best val loss: 1.2423
INFO:mainlogger:Epoch 381: Train Loss: 0.6599, Train PCC: 0.5197, Val Loss: 1.6303,Val PCC: 0.0799, Best epoch: 30, Best val loss: 1.2423
INFO:mainlogger:Epoch 382: Train Loss: 0.6645, Train PCC: 0.5187, Val Loss: 1.6362,Val PCC: 0.0798, Best epoch: 30, Best val loss: 1.2423
INFO:mainlogger:Epoch 383: Train Loss: 0.6808, Train PCC: 0.5118, Val Loss: 1.6389,Val PCC: 0.0815, Best epoch: 30, Best val loss: 1.2423
INFO:mainlogger:Epoch 384: Train Loss: 0.6692, Train PCC: 0.5155, Val Loss: 1.6373,Val PCC: 0.0810, Best epoch: 30, Best val loss: 1.2423
INFO:mainlogger:Epoch 385: Train Loss: 0.6608, Train PCC: 0.5194, Val Loss: 1.6298,Val PCC: 0.0812, Best epoch: 30, Best val loss: 1.2423
INFO:mainlogger:Epoch 386: Train Loss: 0.6607, Train PCC: 0.5205, Val Loss: 1.6423,Val PCC: 0.0805, Best epoch: 30, Best val loss: 1.2423
INFO:mainlogger:Epoch 387: Train Loss: 0.6606, Train PCC: 0.5205, Val Loss: 1.6416,Val PCC: 0.0778, Best epoch: 30, Best val loss: 1.2423
INFO:mainlogger:Epoch 388: Train Loss: 0.6609, Train PCC: 0.5199, Val Loss: 1.6272,Val PCC: 0.0796, Best epoch: 30, Best val loss: 1.2423
INFO:mainlogger:Epoch 389: Train Loss: 0.6653, Train PCC: 0.5187, Val Loss: 1.6645,Val PCC: 0.0779, Best epoch: 30, Best val loss: 1.2423
INFO:mainlogger:Epoch 390: Train Loss: 0.6629, Train PCC: 0.5206, Val Loss: 1.6489,Val PCC: 0.0786, Best epoch: 30, Best val loss: 1.2423
INFO:mainlogger:Epoch 391: Train Loss: 0.6619, Train PCC: 0.5206, Val Loss: 1.6427,Val PCC: 0.0799, Best epoch: 30, Best val loss: 1.2423
INFO:mainlogger:Epoch 392: Train Loss: 0.6623, Train PCC: 0.5215, Val Loss: 1.6461,Val PCC: 0.0787, Best epoch: 30, Best val loss: 1.2423
INFO:mainlogger:Epoch 393: Train Loss: 0.6563, Train PCC: 0.5230, Val Loss: 1.6395,Val PCC: 0.0785, Best epoch: 30, Best val loss: 1.2423
INFO:mainlogger:Epoch 394: Train Loss: 0.6561, Train PCC: 0.5236, Val Loss: 1.6456,Val PCC: 0.0783, Best epoch: 30, Best val loss: 1.2423
INFO:mainlogger:Epoch 395: Train Loss: 0.6639, Train PCC: 0.5202, Val Loss: 1.6426,Val PCC: 0.0796, Best epoch: 30, Best val loss: 1.2423
INFO:mainlogger:Epoch 396: Train Loss: 0.6605, Train PCC: 0.5221, Val Loss: 1.6449,Val PCC: 0.0792, Best epoch: 30, Best val loss: 1.2423
INFO:mainlogger:Epoch 397: Train Loss: 0.6592, Train PCC: 0.5229, Val Loss: 1.6485,Val PCC: 0.0782, Best epoch: 30, Best val loss: 1.2423
INFO:mainlogger:Epoch 398: Train Loss: 0.6600, Train PCC: 0.5223, Val Loss: 1.6437,Val PCC: 0.0793, Best epoch: 30, Best val loss: 1.2423
INFO:mainlogger:Epoch 399: Train Loss: 0.6665, Train PCC: 0.5191, Val Loss: 1.6389,Val PCC: 0.0792, Best epoch: 30, Best val loss: 1.2423
INFO:mainlogger:Epoch 400: Train Loss: 0.6617, Train PCC: 0.5212, Val Loss: 1.6485,Val PCC: 0.0798, Best epoch: 30, Best val loss: 1.2423
INFO:mainlogger:Epoch 401: Train Loss: 0.6651, Train PCC: 0.5174, Val Loss: 1.6396,Val PCC: 0.0784, Best epoch: 30, Best val loss: 1.2423
INFO:mainlogger:Epoch 402: Train Loss: 0.6597, Train PCC: 0.5220, Val Loss: 1.6538,Val PCC: 0.0787, Best epoch: 30, Best val loss: 1.2423
INFO:mainlogger:Epoch 403: Train Loss: 0.6578, Train PCC: 0.5218, Val Loss: 1.6469,Val PCC: 0.0796, Best epoch: 30, Best val loss: 1.2423
INFO:mainlogger:Epoch 404: Train Loss: 0.6566, Train PCC: 0.5234, Val Loss: 1.6466,Val PCC: 0.0770, Best epoch: 30, Best val loss: 1.2423
INFO:mainlogger:Epoch 405: Train Loss: 0.6623, Train PCC: 0.5211, Val Loss: 1.6477,Val PCC: 0.0785, Best epoch: 30, Best val loss: 1.2423
INFO:mainlogger:Epoch 406: Train Loss: 0.6583, Train PCC: 0.5238, Val Loss: 1.6655,Val PCC: 0.0782, Best epoch: 30, Best val loss: 1.2423
INFO:mainlogger:Epoch 407: Train Loss: 0.6609, Train PCC: 0.5211, Val Loss: 1.6514,Val PCC: 0.0789, Best epoch: 30, Best val loss: 1.2423
INFO:mainlogger:Epoch 408: Train Loss: 0.6631, Train PCC: 0.5218, Val Loss: 1.6611,Val PCC: 0.0805, Best epoch: 30, Best val loss: 1.2423
INFO:mainlogger:Epoch 409: Train Loss: 0.6624, Train PCC: 0.5208, Val Loss: 1.6470,Val PCC: 0.0790, Best epoch: 30, Best val loss: 1.2423
INFO:mainlogger:Epoch 410: Train Loss: 0.6607, Train PCC: 0.5217, Val Loss: 1.6343,Val PCC: 0.0795, Best epoch: 30, Best val loss: 1.2423
INFO:mainlogger:Epoch 411: Train Loss: 0.6616, Train PCC: 0.5215, Val Loss: 1.6477,Val PCC: 0.0793, Best epoch: 30, Best val loss: 1.2423
INFO:mainlogger:Epoch 412: Train Loss: 0.6516, Train PCC: 0.5258, Val Loss: 1.6624,Val PCC: 0.0781, Best epoch: 30, Best val loss: 1.2423
INFO:mainlogger:Epoch 413: Train Loss: 0.6555, Train PCC: 0.5256, Val Loss: 1.6839,Val PCC: 0.0786, Best epoch: 30, Best val loss: 1.2423
INFO:mainlogger:Epoch 414: Train Loss: 0.6566, Train PCC: 0.5249, Val Loss: 1.6615,Val PCC: 0.0787, Best epoch: 30, Best val loss: 1.2423
INFO:mainlogger:Epoch 415: Train Loss: 0.6600, Train PCC: 0.5230, Val Loss: 1.6539,Val PCC: 0.0797, Best epoch: 30, Best val loss: 1.2423
INFO:mainlogger:Epoch 416: Train Loss: 0.6518, Train PCC: 0.5259, Val Loss: 1.6627,Val PCC: 0.0784, Best epoch: 30, Best val loss: 1.2423
INFO:mainlogger:Epoch 417: Train Loss: 0.6791, Train PCC: 0.5150, Val Loss: 1.6482,Val PCC: 0.0820, Best epoch: 30, Best val loss: 1.2423
INFO:mainlogger:Epoch 418: Train Loss: 0.6626, Train PCC: 0.5219, Val Loss: 1.6699,Val PCC: 0.0783, Best epoch: 30, Best val loss: 1.2423
INFO:mainlogger:Epoch 419: Train Loss: 0.6593, Train PCC: 0.5246, Val Loss: 1.6727,Val PCC: 0.0780, Best epoch: 30, Best val loss: 1.2423
INFO:mainlogger:Epoch 420: Train Loss: 0.6644, Train PCC: 0.5201, Val Loss: 1.6630,Val PCC: 0.0794, Best epoch: 30, Best val loss: 1.2423
INFO:mainlogger:Epoch 421: Train Loss: 0.6574, Train PCC: 0.5240, Val Loss: 1.6656,Val PCC: 0.0790, Best epoch: 30, Best val loss: 1.2423
INFO:mainlogger:Epoch 422: Train Loss: 0.6570, Train PCC: 0.5250, Val Loss: 1.6633,Val PCC: 0.0797, Best epoch: 30, Best val loss: 1.2423
INFO:mainlogger:Epoch 423: Train Loss: 0.6554, Train PCC: 0.5245, Val Loss: 1.6673,Val PCC: 0.0781, Best epoch: 30, Best val loss: 1.2423
INFO:mainlogger:Epoch 424: Train Loss: 0.6542, Train PCC: 0.5256, Val Loss: 1.6645,Val PCC: 0.0775, Best epoch: 30, Best val loss: 1.2423
INFO:mainlogger:Epoch 425: Train Loss: 0.6516, Train PCC: 0.5268, Val Loss: 1.6714,Val PCC: 0.0796, Best epoch: 30, Best val loss: 1.2423
INFO:mainlogger:Epoch 426: Train Loss: 0.6490, Train PCC: 0.5283, Val Loss: 1.6667,Val PCC: 0.0767, Best epoch: 30, Best val loss: 1.2423
INFO:mainlogger:Epoch 427: Train Loss: 0.6495, Train PCC: 0.5282, Val Loss: 1.6629,Val PCC: 0.0791, Best epoch: 30, Best val loss: 1.2423
INFO:mainlogger:Epoch 428: Train Loss: 0.6536, Train PCC: 0.5265, Val Loss: 1.6587,Val PCC: 0.0801, Best epoch: 30, Best val loss: 1.2423
INFO:mainlogger:Epoch 429: Train Loss: 0.6600, Train PCC: 0.5234, Val Loss: 1.6626,Val PCC: 0.0793, Best epoch: 30, Best val loss: 1.2423
INFO:mainlogger:Epoch 430: Train Loss: 0.6568, Train PCC: 0.5257, Val Loss: 1.6704,Val PCC: 0.0782, Best epoch: 30, Best val loss: 1.2423
INFO:mainlogger:Epoch 431: Train Loss: 0.6644, Train PCC: 0.5213, Val Loss: 1.6655,Val PCC: 0.0798, Best epoch: 30, Best val loss: 1.2423
INFO:mainlogger:Epoch 432: Train Loss: 0.6717, Train PCC: 0.5169, Val Loss: 1.6726,Val PCC: 0.0788, Best epoch: 30, Best val loss: 1.2423
INFO:mainlogger:Epoch 433: Train Loss: 0.6592, Train PCC: 0.5241, Val Loss: 1.6572,Val PCC: 0.0785, Best epoch: 30, Best val loss: 1.2423
INFO:mainlogger:Epoch 434: Train Loss: 0.6588, Train PCC: 0.5246, Val Loss: 1.6745,Val PCC: 0.0769, Best epoch: 30, Best val loss: 1.2423
INFO:mainlogger:Epoch 435: Train Loss: 0.6547, Train PCC: 0.5257, Val Loss: 1.6548,Val PCC: 0.0789, Best epoch: 30, Best val loss: 1.2423
INFO:mainlogger:Epoch 436: Train Loss: 0.6529, Train PCC: 0.5270, Val Loss: 1.6794,Val PCC: 0.0778, Best epoch: 30, Best val loss: 1.2423
INFO:mainlogger:Epoch 437: Train Loss: 0.6559, Train PCC: 0.5256, Val Loss: 1.6699,Val PCC: 0.0781, Best epoch: 30, Best val loss: 1.2423
INFO:mainlogger:Epoch 438: Train Loss: 0.6494, Train PCC: 0.5304, Val Loss: 1.6671,Val PCC: 0.0806, Best epoch: 30, Best val loss: 1.2423
INFO:mainlogger:Epoch 439: Train Loss: 0.6542, Train PCC: 0.5281, Val Loss: 1.6696,Val PCC: 0.0775, Best epoch: 30, Best val loss: 1.2423
INFO:mainlogger:Epoch 440: Train Loss: 0.6563, Train PCC: 0.5276, Val Loss: 1.6776,Val PCC: 0.0771, Best epoch: 30, Best val loss: 1.2423
INFO:mainlogger:Epoch 441: Train Loss: 0.6536, Train PCC: 0.5274, Val Loss: 1.6742,Val PCC: 0.0782, Best epoch: 30, Best val loss: 1.2423
INFO:mainlogger:Epoch 442: Train Loss: 0.6526, Train PCC: 0.5275, Val Loss: 1.6795,Val PCC: 0.0780, Best epoch: 30, Best val loss: 1.2423
INFO:mainlogger:Epoch 443: Train Loss: 0.6539, Train PCC: 0.5287, Val Loss: 1.6679,Val PCC: 0.0780, Best epoch: 30, Best val loss: 1.2423
INFO:mainlogger:Epoch 444: Train Loss: 0.6508, Train PCC: 0.5279, Val Loss: 1.6790,Val PCC: 0.0788, Best epoch: 30, Best val loss: 1.2423
INFO:mainlogger:Epoch 445: Train Loss: 0.6529, Train PCC: 0.5289, Val Loss: 1.6708,Val PCC: 0.0784, Best epoch: 30, Best val loss: 1.2423
INFO:mainlogger:Epoch 446: Train Loss: 0.6510, Train PCC: 0.5281, Val Loss: 1.6789,Val PCC: 0.0795, Best epoch: 30, Best val loss: 1.2423
INFO:mainlogger:Epoch 447: Train Loss: 0.6572, Train PCC: 0.5267, Val Loss: 1.6586,Val PCC: 0.0765, Best epoch: 30, Best val loss: 1.2423
INFO:mainlogger:Epoch 448: Train Loss: 0.6549, Train PCC: 0.5274, Val Loss: 1.6931,Val PCC: 0.0764, Best epoch: 30, Best val loss: 1.2423
INFO:mainlogger:Epoch 449: Train Loss: 0.6537, Train PCC: 0.5283, Val Loss: 1.6780,Val PCC: 0.0772, Best epoch: 30, Best val loss: 1.2423
INFO:mainlogger:Epoch 450: Train Loss: 0.6515, Train PCC: 0.5298, Val Loss: 1.6733,Val PCC: 0.0770, Best epoch: 30, Best val loss: 1.2423
INFO:mainlogger:Epoch 451: Train Loss: 0.6515, Train PCC: 0.5297, Val Loss: 1.6713,Val PCC: 0.0771, Best epoch: 30, Best val loss: 1.2423
INFO:mainlogger:Epoch 452: Train Loss: 0.6518, Train PCC: 0.5284, Val Loss: 1.6608,Val PCC: 0.0770, Best epoch: 30, Best val loss: 1.2423
INFO:mainlogger:Epoch 453: Train Loss: 0.6583, Train PCC: 0.5258, Val Loss: 1.6981,Val PCC: 0.0756, Best epoch: 30, Best val loss: 1.2423
INFO:mainlogger:Epoch 454: Train Loss: 0.6554, Train PCC: 0.5282, Val Loss: 1.6980,Val PCC: 0.0767, Best epoch: 30, Best val loss: 1.2423
INFO:mainlogger:Epoch 455: Train Loss: 0.6514, Train PCC: 0.5278, Val Loss: 1.6821,Val PCC: 0.0777, Best epoch: 30, Best val loss: 1.2423
INFO:mainlogger:Epoch 456: Train Loss: 0.6529, Train PCC: 0.5304, Val Loss: 1.6890,Val PCC: 0.0798, Best epoch: 30, Best val loss: 1.2423
INFO:mainlogger:Epoch 457: Train Loss: 0.6573, Train PCC: 0.5271, Val Loss: 1.7007,Val PCC: 0.0744, Best epoch: 30, Best val loss: 1.2423
INFO:mainlogger:Epoch 458: Train Loss: 0.6562, Train PCC: 0.5281, Val Loss: 1.7173,Val PCC: 0.0764, Best epoch: 30, Best val loss: 1.2423
INFO:mainlogger:Epoch 459: Train Loss: 0.6622, Train PCC: 0.5242, Val Loss: 1.6763,Val PCC: 0.0784, Best epoch: 30, Best val loss: 1.2423
INFO:mainlogger:Epoch 460: Train Loss: 0.6615, Train PCC: 0.5251, Val Loss: 1.6793,Val PCC: 0.0775, Best epoch: 30, Best val loss: 1.2423
INFO:mainlogger:Epoch 461: Train Loss: 0.6528, Train PCC: 0.5272, Val Loss: 1.6960,Val PCC: 0.0767, Best epoch: 30, Best val loss: 1.2423
INFO:mainlogger:Epoch 462: Train Loss: 0.6479, Train PCC: 0.5319, Val Loss: 1.6660,Val PCC: 0.0762, Best epoch: 30, Best val loss: 1.2423
INFO:mainlogger:Epoch 463: Train Loss: 0.6480, Train PCC: 0.5320, Val Loss: 1.6914,Val PCC: 0.0768, Best epoch: 30, Best val loss: 1.2423
INFO:mainlogger:Epoch 464: Train Loss: 0.6478, Train PCC: 0.5305, Val Loss: 1.6846,Val PCC: 0.0774, Best epoch: 30, Best val loss: 1.2423
INFO:mainlogger:Epoch 465: Train Loss: 0.6508, Train PCC: 0.5311, Val Loss: 1.6990,Val PCC: 0.0770, Best epoch: 30, Best val loss: 1.2423
INFO:mainlogger:Epoch 466: Train Loss: 0.6516, Train PCC: 0.5304, Val Loss: 1.6889,Val PCC: 0.0777, Best epoch: 30, Best val loss: 1.2423
INFO:mainlogger:Epoch 467: Train Loss: 0.6459, Train PCC: 0.5322, Val Loss: 1.6844,Val PCC: 0.0777, Best epoch: 30, Best val loss: 1.2423
INFO:mainlogger:Epoch 468: Train Loss: 0.6516, Train PCC: 0.5311, Val Loss: 1.6896,Val PCC: 0.0784, Best epoch: 30, Best val loss: 1.2423
INFO:mainlogger:Epoch 469: Train Loss: 0.6480, Train PCC: 0.5315, Val Loss: 1.6866,Val PCC: 0.0767, Best epoch: 30, Best val loss: 1.2423
INFO:mainlogger:Epoch 470: Train Loss: 0.6471, Train PCC: 0.5313, Val Loss: 1.6865,Val PCC: 0.0770, Best epoch: 30, Best val loss: 1.2423
INFO:mainlogger:Epoch 471: Train Loss: 0.6499, Train PCC: 0.5324, Val Loss: 1.6896,Val PCC: 0.0772, Best epoch: 30, Best val loss: 1.2423
INFO:mainlogger:Epoch 472: Train Loss: 0.6505, Train PCC: 0.5292, Val Loss: 1.7054,Val PCC: 0.0771, Best epoch: 30, Best val loss: 1.2423
INFO:mainlogger:Epoch 473: Train Loss: 0.6608, Train PCC: 0.5256, Val Loss: 1.7089,Val PCC: 0.0763, Best epoch: 30, Best val loss: 1.2423
INFO:mainlogger:Epoch 474: Train Loss: 0.6548, Train PCC: 0.5286, Val Loss: 1.7074,Val PCC: 0.0776, Best epoch: 30, Best val loss: 1.2423
INFO:mainlogger:Epoch 475: Train Loss: 0.6587, Train PCC: 0.5272, Val Loss: 1.7028,Val PCC: 0.0754, Best epoch: 30, Best val loss: 1.2423
INFO:mainlogger:Epoch 476: Train Loss: 0.6511, Train PCC: 0.5295, Val Loss: 1.6941,Val PCC: 0.0765, Best epoch: 30, Best val loss: 1.2423
INFO:mainlogger:Epoch 477: Train Loss: 0.6462, Train PCC: 0.5322, Val Loss: 1.6784,Val PCC: 0.0784, Best epoch: 30, Best val loss: 1.2423
INFO:mainlogger:Epoch 478: Train Loss: 0.6449, Train PCC: 0.5338, Val Loss: 1.6737,Val PCC: 0.0780, Best epoch: 30, Best val loss: 1.2423
INFO:mainlogger:Epoch 479: Train Loss: 0.6497, Train PCC: 0.5317, Val Loss: 1.7042,Val PCC: 0.0769, Best epoch: 30, Best val loss: 1.2423
INFO:mainlogger:Epoch 480: Train Loss: 0.6499, Train PCC: 0.5323, Val Loss: 1.7041,Val PCC: 0.0764, Best epoch: 30, Best val loss: 1.2423
INFO:mainlogger:Epoch 481: Train Loss: 0.6525, Train PCC: 0.5303, Val Loss: 1.6808,Val PCC: 0.0766, Best epoch: 30, Best val loss: 1.2423
INFO:mainlogger:Epoch 482: Train Loss: 0.6476, Train PCC: 0.5330, Val Loss: 1.6864,Val PCC: 0.0758, Best epoch: 30, Best val loss: 1.2423
INFO:mainlogger:Epoch 483: Train Loss: 0.6494, Train PCC: 0.5313, Val Loss: 1.6961,Val PCC: 0.0768, Best epoch: 30, Best val loss: 1.2423
INFO:mainlogger:Epoch 484: Train Loss: 0.6542, Train PCC: 0.5295, Val Loss: 1.6838,Val PCC: 0.0767, Best epoch: 30, Best val loss: 1.2423
INFO:mainlogger:Epoch 485: Train Loss: 0.6629, Train PCC: 0.5241, Val Loss: 1.6911,Val PCC: 0.0765, Best epoch: 30, Best val loss: 1.2423
INFO:mainlogger:Epoch 486: Train Loss: 0.6537, Train PCC: 0.5300, Val Loss: 1.6997,Val PCC: 0.0766, Best epoch: 30, Best val loss: 1.2423
INFO:mainlogger:Epoch 487: Train Loss: 0.6478, Train PCC: 0.5312, Val Loss: 1.6938,Val PCC: 0.0776, Best epoch: 30, Best val loss: 1.2423
INFO:mainlogger:Epoch 488: Train Loss: 0.6496, Train PCC: 0.5325, Val Loss: 1.6966,Val PCC: 0.0772, Best epoch: 30, Best val loss: 1.2423
INFO:mainlogger:Epoch 489: Train Loss: 0.6466, Train PCC: 0.5332, Val Loss: 1.6917,Val PCC: 0.0775, Best epoch: 30, Best val loss: 1.2423
INFO:mainlogger:Epoch 490: Train Loss: 0.6492, Train PCC: 0.5325, Val Loss: 1.6928,Val PCC: 0.0777, Best epoch: 30, Best val loss: 1.2423
INFO:mainlogger:Epoch 491: Train Loss: 0.6449, Train PCC: 0.5333, Val Loss: 1.7131,Val PCC: 0.0782, Best epoch: 30, Best val loss: 1.2423
INFO:mainlogger:Epoch 492: Train Loss: 0.6502, Train PCC: 0.5309, Val Loss: 1.6911,Val PCC: 0.0772, Best epoch: 30, Best val loss: 1.2423
INFO:mainlogger:Epoch 493: Train Loss: 0.6441, Train PCC: 0.5338, Val Loss: 1.6930,Val PCC: 0.0771, Best epoch: 30, Best val loss: 1.2423
INFO:mainlogger:Epoch 494: Train Loss: 0.6505, Train PCC: 0.5313, Val Loss: 1.7001,Val PCC: 0.0764, Best epoch: 30, Best val loss: 1.2423
INFO:mainlogger:Epoch 495: Train Loss: 0.6473, Train PCC: 0.5326, Val Loss: 1.6802,Val PCC: 0.0780, Best epoch: 30, Best val loss: 1.2423
INFO:mainlogger:Epoch 496: Train Loss: 0.6411, Train PCC: 0.5350, Val Loss: 1.6964,Val PCC: 0.0765, Best epoch: 30, Best val loss: 1.2423
INFO:mainlogger:Epoch 497: Train Loss: 0.6482, Train PCC: 0.5333, Val Loss: 1.6895,Val PCC: 0.0772, Best epoch: 30, Best val loss: 1.2423
INFO:mainlogger:Epoch 498: Train Loss: 0.6511, Train PCC: 0.5299, Val Loss: 1.6882,Val PCC: 0.0781, Best epoch: 30, Best val loss: 1.2423
INFO:mainlogger:Epoch 499: Train Loss: 0.6443, Train PCC: 0.5345, Val Loss: 1.6979,Val PCC: 0.0760, Best epoch: 30, Best val loss: 1.2423
INFO:mainlogger:
Begin test!
INFO:mainlogger:Test Loss: 1.0296, Test RMSE: 1.0146, Test R2: 0.0227, Test PCC: 0.1174
