INFO:root:Dataset: sln
INFO:mainlogger.util:The dimension after PCA is:  200
INFO:root:There are 2742 pairred samples with 200 RNAs (after PCA) and 110 proteins for training.
INFO:root:There are 12342 unlabeled mRNAs amples and 12342 unlabeled protein samples for training.
INFO:root:There are 3048 pairred samples for testing.
INFO:root:

INFO:mainlogger:Begin training!
INFO:mainlogger:Epoch 0: Train Loss: 1.9337, Train PCC: 0.0974, Val Loss: 0.7981,Val PCC: 0.2434, Best epoch: 0, Best val loss: 0.7981
INFO:mainlogger:Epoch 1: Train Loss: 0.7585, Train PCC: 0.3076, Val Loss: 0.7321,Val PCC: 0.2971, Best epoch: 1, Best val loss: 0.7321
INFO:mainlogger:Epoch 2: Train Loss: 0.6803, Train PCC: 0.3871, Val Loss: 0.7049,Val PCC: 0.3372, Best epoch: 2, Best val loss: 0.7049
INFO:mainlogger:Epoch 3: Train Loss: 0.6409, Train PCC: 0.4358, Val Loss: 0.6913,Val PCC: 0.3536, Best epoch: 3, Best val loss: 0.6913
INFO:mainlogger:Epoch 4: Train Loss: 0.6201, Train PCC: 0.4682, Val Loss: 0.6855,Val PCC: 0.3662, Best epoch: 4, Best val loss: 0.6855
INFO:mainlogger:Epoch 5: Train Loss: 0.5991, Train PCC: 0.4976, Val Loss: 0.6907,Val PCC: 0.3648, Best epoch: 4, Best val loss: 0.6855
INFO:mainlogger:Epoch 6: Train Loss: 0.5856, Train PCC: 0.5168, Val Loss: 0.6898,Val PCC: 0.3697, Best epoch: 4, Best val loss: 0.6855
INFO:mainlogger:Epoch 7: Train Loss: 0.5710, Train PCC: 0.5354, Val Loss: 0.6784,Val PCC: 0.3796, Best epoch: 7, Best val loss: 0.6784
INFO:mainlogger:Epoch 8: Train Loss: 0.5569, Train PCC: 0.5522, Val Loss: 0.6831,Val PCC: 0.3747, Best epoch: 7, Best val loss: 0.6784
INFO:mainlogger:Epoch 9: Train Loss: 0.5423, Train PCC: 0.5682, Val Loss: 0.6889,Val PCC: 0.3750, Best epoch: 7, Best val loss: 0.6784
INFO:mainlogger:Epoch 10: Train Loss: 0.5327, Train PCC: 0.5816, Val Loss: 0.6932,Val PCC: 0.3753, Best epoch: 7, Best val loss: 0.6784
INFO:mainlogger:Epoch 11: Train Loss: 0.5198, Train PCC: 0.5918, Val Loss: 0.6957,Val PCC: 0.3694, Best epoch: 7, Best val loss: 0.6784
INFO:mainlogger:Epoch 12: Train Loss: 0.5057, Train PCC: 0.6078, Val Loss: 0.6999,Val PCC: 0.3672, Best epoch: 7, Best val loss: 0.6784
INFO:mainlogger:Epoch 13: Train Loss: 0.4931, Train PCC: 0.6207, Val Loss: 0.7080,Val PCC: 0.3653, Best epoch: 7, Best val loss: 0.6784
INFO:mainlogger:Epoch 14: Train Loss: 0.4829, Train PCC: 0.6304, Val Loss: 0.7147,Val PCC: 0.3660, Best epoch: 7, Best val loss: 0.6784
INFO:mainlogger:Epoch 15: Train Loss: 0.4705, Train PCC: 0.6406, Val Loss: 0.7341,Val PCC: 0.3531, Best epoch: 7, Best val loss: 0.6784
INFO:mainlogger:Epoch 16: Train Loss: 0.4656, Train PCC: 0.6445, Val Loss: 0.7373,Val PCC: 0.3566, Best epoch: 7, Best val loss: 0.6784
INFO:mainlogger:Epoch 17: Train Loss: 0.4632, Train PCC: 0.6456, Val Loss: 0.7553,Val PCC: 0.3456, Best epoch: 7, Best val loss: 0.6784
INFO:mainlogger:Epoch 18: Train Loss: 0.4463, Train PCC: 0.6599, Val Loss: 0.7602,Val PCC: 0.3477, Best epoch: 7, Best val loss: 0.6784
INFO:mainlogger:Epoch 19: Train Loss: 0.4329, Train PCC: 0.6727, Val Loss: 0.7602,Val PCC: 0.3413, Best epoch: 7, Best val loss: 0.6784
INFO:mainlogger:Epoch 20: Train Loss: 0.4188, Train PCC: 0.6852, Val Loss: 0.7750,Val PCC: 0.3385, Best epoch: 7, Best val loss: 0.6784
INFO:mainlogger:Epoch 21: Train Loss: 0.4079, Train PCC: 0.6939, Val Loss: 0.7938,Val PCC: 0.3338, Best epoch: 7, Best val loss: 0.6784
INFO:mainlogger:Epoch 22: Train Loss: 0.4031, Train PCC: 0.6968, Val Loss: 0.7861,Val PCC: 0.3410, Best epoch: 7, Best val loss: 0.6784
INFO:mainlogger:Epoch 23: Train Loss: 0.3917, Train PCC: 0.7082, Val Loss: 0.8118,Val PCC: 0.3378, Best epoch: 7, Best val loss: 0.6784
INFO:mainlogger:Epoch 24: Train Loss: 0.3761, Train PCC: 0.7199, Val Loss: 0.8063,Val PCC: 0.3335, Best epoch: 7, Best val loss: 0.6784
INFO:mainlogger:Epoch 25: Train Loss: 0.3647, Train PCC: 0.7280, Val Loss: 0.8330,Val PCC: 0.3236, Best epoch: 7, Best val loss: 0.6784
INFO:mainlogger:Epoch 26: Train Loss: 0.3566, Train PCC: 0.7348, Val Loss: 0.8289,Val PCC: 0.3333, Best epoch: 7, Best val loss: 0.6784
INFO:mainlogger:Epoch 27: Train Loss: 0.3439, Train PCC: 0.7441, Val Loss: 0.8453,Val PCC: 0.3208, Best epoch: 7, Best val loss: 0.6784
INFO:mainlogger:Epoch 28: Train Loss: 0.3349, Train PCC: 0.7510, Val Loss: 0.8509,Val PCC: 0.3230, Best epoch: 7, Best val loss: 0.6784
INFO:mainlogger:Epoch 29: Train Loss: 0.3262, Train PCC: 0.7581, Val Loss: 0.8710,Val PCC: 0.3203, Best epoch: 7, Best val loss: 0.6784
INFO:mainlogger:Epoch 30: Train Loss: 0.3210, Train PCC: 0.7595, Val Loss: 0.8834,Val PCC: 0.3142, Best epoch: 7, Best val loss: 0.6784
INFO:mainlogger:Epoch 31: Train Loss: 0.3157, Train PCC: 0.7644, Val Loss: 0.8964,Val PCC: 0.3198, Best epoch: 7, Best val loss: 0.6784
INFO:mainlogger:Epoch 32: Train Loss: 0.3041, Train PCC: 0.7724, Val Loss: 0.9057,Val PCC: 0.3147, Best epoch: 7, Best val loss: 0.6784
INFO:mainlogger:Epoch 33: Train Loss: 0.2972, Train PCC: 0.7769, Val Loss: 0.9113,Val PCC: 0.3172, Best epoch: 7, Best val loss: 0.6784
INFO:mainlogger:Epoch 34: Train Loss: 0.2946, Train PCC: 0.7780, Val Loss: 0.9181,Val PCC: 0.3139, Best epoch: 7, Best val loss: 0.6784
INFO:mainlogger:Epoch 35: Train Loss: 0.2897, Train PCC: 0.7811, Val Loss: 0.9443,Val PCC: 0.3142, Best epoch: 7, Best val loss: 0.6784
INFO:mainlogger:Epoch 36: Train Loss: 0.2821, Train PCC: 0.7860, Val Loss: 0.9382,Val PCC: 0.3091, Best epoch: 7, Best val loss: 0.6784
INFO:mainlogger:Epoch 37: Train Loss: 0.2715, Train PCC: 0.7943, Val Loss: 0.9585,Val PCC: 0.3048, Best epoch: 7, Best val loss: 0.6784
INFO:mainlogger:Epoch 38: Train Loss: 0.2637, Train PCC: 0.8002, Val Loss: 0.9596,Val PCC: 0.3074, Best epoch: 7, Best val loss: 0.6784
INFO:mainlogger:Epoch 39: Train Loss: 0.2582, Train PCC: 0.8051, Val Loss: 0.9722,Val PCC: 0.3049, Best epoch: 7, Best val loss: 0.6784
INFO:mainlogger:Epoch 40: Train Loss: 0.2556, Train PCC: 0.8063, Val Loss: 0.9801,Val PCC: 0.3043, Best epoch: 7, Best val loss: 0.6784
INFO:mainlogger:Epoch 41: Train Loss: 0.2479, Train PCC: 0.8119, Val Loss: 0.9851,Val PCC: 0.3040, Best epoch: 7, Best val loss: 0.6784
INFO:mainlogger:Epoch 42: Train Loss: 0.2409, Train PCC: 0.8171, Val Loss: 1.0042,Val PCC: 0.3029, Best epoch: 7, Best val loss: 0.6784
INFO:mainlogger:Epoch 43: Train Loss: 0.2360, Train PCC: 0.8213, Val Loss: 1.0134,Val PCC: 0.3018, Best epoch: 7, Best val loss: 0.6784
INFO:mainlogger:Epoch 44: Train Loss: 0.2321, Train PCC: 0.8237, Val Loss: 1.0218,Val PCC: 0.3012, Best epoch: 7, Best val loss: 0.6784
INFO:mainlogger:Epoch 45: Train Loss: 0.2276, Train PCC: 0.8257, Val Loss: 1.0300,Val PCC: 0.2975, Best epoch: 7, Best val loss: 0.6784
INFO:mainlogger:Epoch 46: Train Loss: 0.2322, Train PCC: 0.8217, Val Loss: 1.0360,Val PCC: 0.3019, Best epoch: 7, Best val loss: 0.6784
INFO:mainlogger:Epoch 47: Train Loss: 0.2237, Train PCC: 0.8292, Val Loss: 1.0360,Val PCC: 0.3028, Best epoch: 7, Best val loss: 0.6784
INFO:mainlogger:Epoch 48: Train Loss: 0.2192, Train PCC: 0.8327, Val Loss: 1.0450,Val PCC: 0.2994, Best epoch: 7, Best val loss: 0.6784
INFO:mainlogger:Epoch 49: Train Loss: 0.2132, Train PCC: 0.8364, Val Loss: 1.0583,Val PCC: 0.2993, Best epoch: 7, Best val loss: 0.6784
INFO:mainlogger:Epoch 50: Train Loss: 0.2094, Train PCC: 0.8383, Val Loss: 1.0680,Val PCC: 0.2993, Best epoch: 7, Best val loss: 0.6784
INFO:mainlogger:Epoch 51: Train Loss: 0.2084, Train PCC: 0.8402, Val Loss: 1.0774,Val PCC: 0.2981, Best epoch: 7, Best val loss: 0.6784
INFO:mainlogger:Epoch 52: Train Loss: 0.2012, Train PCC: 0.8449, Val Loss: 1.0815,Val PCC: 0.2973, Best epoch: 7, Best val loss: 0.6784
INFO:mainlogger:Epoch 53: Train Loss: 0.1976, Train PCC: 0.8477, Val Loss: 1.0893,Val PCC: 0.2948, Best epoch: 7, Best val loss: 0.6784
INFO:mainlogger:Epoch 54: Train Loss: 0.1943, Train PCC: 0.8503, Val Loss: 1.1014,Val PCC: 0.2912, Best epoch: 7, Best val loss: 0.6784
INFO:mainlogger:Epoch 55: Train Loss: 0.1953, Train PCC: 0.8490, Val Loss: 1.1059,Val PCC: 0.2939, Best epoch: 7, Best val loss: 0.6784
INFO:mainlogger:Epoch 56: Train Loss: 0.1955, Train PCC: 0.8482, Val Loss: 1.1171,Val PCC: 0.2920, Best epoch: 7, Best val loss: 0.6784
INFO:mainlogger:Epoch 57: Train Loss: 0.1897, Train PCC: 0.8522, Val Loss: 1.1151,Val PCC: 0.2909, Best epoch: 7, Best val loss: 0.6784
INFO:mainlogger:Epoch 58: Train Loss: 0.1861, Train PCC: 0.8550, Val Loss: 1.1235,Val PCC: 0.2924, Best epoch: 7, Best val loss: 0.6784
INFO:mainlogger:Epoch 59: Train Loss: 0.1826, Train PCC: 0.8578, Val Loss: 1.1299,Val PCC: 0.2897, Best epoch: 7, Best val loss: 0.6784
INFO:mainlogger:Epoch 60: Train Loss: 0.1803, Train PCC: 0.8593, Val Loss: 1.1359,Val PCC: 0.2880, Best epoch: 7, Best val loss: 0.6784
INFO:mainlogger:Epoch 61: Train Loss: 0.1751, Train PCC: 0.8630, Val Loss: 1.1460,Val PCC: 0.2902, Best epoch: 7, Best val loss: 0.6784
INFO:mainlogger:Epoch 62: Train Loss: 0.1760, Train PCC: 0.8622, Val Loss: 1.1445,Val PCC: 0.2889, Best epoch: 7, Best val loss: 0.6784
INFO:mainlogger:Epoch 63: Train Loss: 0.1719, Train PCC: 0.8651, Val Loss: 1.1654,Val PCC: 0.2898, Best epoch: 7, Best val loss: 0.6784
INFO:mainlogger:Epoch 64: Train Loss: 0.1692, Train PCC: 0.8675, Val Loss: 1.1731,Val PCC: 0.2879, Best epoch: 7, Best val loss: 0.6784
INFO:mainlogger:Epoch 65: Train Loss: 0.1712, Train PCC: 0.8655, Val Loss: 1.1691,Val PCC: 0.2877, Best epoch: 7, Best val loss: 0.6784
INFO:mainlogger:Epoch 66: Train Loss: 0.1653, Train PCC: 0.8699, Val Loss: 1.1719,Val PCC: 0.2855, Best epoch: 7, Best val loss: 0.6784
INFO:mainlogger:Epoch 67: Train Loss: 0.1644, Train PCC: 0.8702, Val Loss: 1.1770,Val PCC: 0.2894, Best epoch: 7, Best val loss: 0.6784
INFO:mainlogger:Epoch 68: Train Loss: 0.1641, Train PCC: 0.8708, Val Loss: 1.1862,Val PCC: 0.2866, Best epoch: 7, Best val loss: 0.6784
INFO:mainlogger:Epoch 69: Train Loss: 0.1595, Train PCC: 0.8736, Val Loss: 1.1912,Val PCC: 0.2859, Best epoch: 7, Best val loss: 0.6784
INFO:mainlogger:Epoch 70: Train Loss: 0.1578, Train PCC: 0.8755, Val Loss: 1.1963,Val PCC: 0.2874, Best epoch: 7, Best val loss: 0.6784
INFO:mainlogger:Epoch 71: Train Loss: 0.1619, Train PCC: 0.8721, Val Loss: 1.2139,Val PCC: 0.2825, Best epoch: 7, Best val loss: 0.6784
INFO:mainlogger:Epoch 72: Train Loss: 0.1600, Train PCC: 0.8732, Val Loss: 1.2318,Val PCC: 0.2846, Best epoch: 7, Best val loss: 0.6784
INFO:mainlogger:Epoch 73: Train Loss: 0.1576, Train PCC: 0.8754, Val Loss: 1.2166,Val PCC: 0.2841, Best epoch: 7, Best val loss: 0.6784
INFO:mainlogger:Epoch 74: Train Loss: 0.1533, Train PCC: 0.8786, Val Loss: 1.2281,Val PCC: 0.2805, Best epoch: 7, Best val loss: 0.6784
INFO:mainlogger:Epoch 75: Train Loss: 0.1732, Train PCC: 0.8624, Val Loss: 1.2139,Val PCC: 0.2813, Best epoch: 7, Best val loss: 0.6784
INFO:mainlogger:Epoch 76: Train Loss: 0.1569, Train PCC: 0.8759, Val Loss: 1.2337,Val PCC: 0.2820, Best epoch: 7, Best val loss: 0.6784
INFO:mainlogger:Epoch 77: Train Loss: 0.1481, Train PCC: 0.8822, Val Loss: 1.2336,Val PCC: 0.2800, Best epoch: 7, Best val loss: 0.6784
INFO:mainlogger:Epoch 78: Train Loss: 0.1458, Train PCC: 0.8843, Val Loss: 1.2365,Val PCC: 0.2830, Best epoch: 7, Best val loss: 0.6784
INFO:mainlogger:Epoch 79: Train Loss: 0.1408, Train PCC: 0.8875, Val Loss: 1.2428,Val PCC: 0.2787, Best epoch: 7, Best val loss: 0.6784
INFO:mainlogger:Epoch 80: Train Loss: 0.1380, Train PCC: 0.8891, Val Loss: 1.2497,Val PCC: 0.2826, Best epoch: 7, Best val loss: 0.6784
INFO:mainlogger:Epoch 81: Train Loss: 0.1360, Train PCC: 0.8916, Val Loss: 1.2492,Val PCC: 0.2817, Best epoch: 7, Best val loss: 0.6784
INFO:mainlogger:Epoch 82: Train Loss: 0.1356, Train PCC: 0.8915, Val Loss: 1.2632,Val PCC: 0.2808, Best epoch: 7, Best val loss: 0.6784
INFO:mainlogger:Epoch 83: Train Loss: 0.1378, Train PCC: 0.8891, Val Loss: 1.2662,Val PCC: 0.2780, Best epoch: 7, Best val loss: 0.6784
INFO:mainlogger:Epoch 84: Train Loss: 0.1358, Train PCC: 0.8909, Val Loss: 1.2686,Val PCC: 0.2785, Best epoch: 7, Best val loss: 0.6784
INFO:mainlogger:Epoch 85: Train Loss: 0.1364, Train PCC: 0.8913, Val Loss: 1.2733,Val PCC: 0.2778, Best epoch: 7, Best val loss: 0.6784
INFO:mainlogger:Epoch 86: Train Loss: 0.1354, Train PCC: 0.8917, Val Loss: 1.2938,Val PCC: 0.2791, Best epoch: 7, Best val loss: 0.6784
INFO:mainlogger:Epoch 87: Train Loss: 0.1379, Train PCC: 0.8901, Val Loss: 1.2802,Val PCC: 0.2806, Best epoch: 7, Best val loss: 0.6784
INFO:mainlogger:Epoch 88: Train Loss: 0.1437, Train PCC: 0.8851, Val Loss: 1.3008,Val PCC: 0.2774, Best epoch: 7, Best val loss: 0.6784
INFO:mainlogger:Epoch 89: Train Loss: 0.1373, Train PCC: 0.8901, Val Loss: 1.2902,Val PCC: 0.2740, Best epoch: 7, Best val loss: 0.6784
INFO:mainlogger:Epoch 90: Train Loss: 0.1339, Train PCC: 0.8923, Val Loss: 1.2950,Val PCC: 0.2782, Best epoch: 7, Best val loss: 0.6784
INFO:mainlogger:Epoch 91: Train Loss: 0.1298, Train PCC: 0.8952, Val Loss: 1.3000,Val PCC: 0.2783, Best epoch: 7, Best val loss: 0.6784
INFO:mainlogger:Epoch 92: Train Loss: 0.1294, Train PCC: 0.8956, Val Loss: 1.2955,Val PCC: 0.2771, Best epoch: 7, Best val loss: 0.6784
INFO:mainlogger:Epoch 93: Train Loss: 0.1342, Train PCC: 0.8914, Val Loss: 1.3208,Val PCC: 0.2780, Best epoch: 7, Best val loss: 0.6784
INFO:mainlogger:Epoch 94: Train Loss: 0.1390, Train PCC: 0.8884, Val Loss: 1.3075,Val PCC: 0.2798, Best epoch: 7, Best val loss: 0.6784
INFO:mainlogger:Epoch 95: Train Loss: 0.1304, Train PCC: 0.8951, Val Loss: 1.3218,Val PCC: 0.2782, Best epoch: 7, Best val loss: 0.6784
INFO:mainlogger:Epoch 96: Train Loss: 0.1249, Train PCC: 0.8993, Val Loss: 1.3142,Val PCC: 0.2774, Best epoch: 7, Best val loss: 0.6784
INFO:mainlogger:Epoch 97: Train Loss: 0.1221, Train PCC: 0.9014, Val Loss: 1.3108,Val PCC: 0.2768, Best epoch: 7, Best val loss: 0.6784
INFO:mainlogger:Epoch 98: Train Loss: 0.1251, Train PCC: 0.8988, Val Loss: 1.3185,Val PCC: 0.2762, Best epoch: 7, Best val loss: 0.6784
INFO:mainlogger:Epoch 99: Train Loss: 0.1211, Train PCC: 0.9025, Val Loss: 1.3241,Val PCC: 0.2774, Best epoch: 7, Best val loss: 0.6784
INFO:mainlogger:Epoch 100: Train Loss: 0.1194, Train PCC: 0.9026, Val Loss: 1.3353,Val PCC: 0.2758, Best epoch: 7, Best val loss: 0.6784
INFO:mainlogger:Epoch 101: Train Loss: 0.1188, Train PCC: 0.9037, Val Loss: 1.3284,Val PCC: 0.2751, Best epoch: 7, Best val loss: 0.6784
INFO:mainlogger:Epoch 102: Train Loss: 0.1169, Train PCC: 0.9049, Val Loss: 1.3418,Val PCC: 0.2728, Best epoch: 7, Best val loss: 0.6784
INFO:mainlogger:Epoch 103: Train Loss: 0.1193, Train PCC: 0.9035, Val Loss: 1.3479,Val PCC: 0.2749, Best epoch: 7, Best val loss: 0.6784
INFO:mainlogger:Epoch 104: Train Loss: 0.1191, Train PCC: 0.9035, Val Loss: 1.3443,Val PCC: 0.2755, Best epoch: 7, Best val loss: 0.6784
INFO:mainlogger:Epoch 105: Train Loss: 0.1174, Train PCC: 0.9041, Val Loss: 1.3432,Val PCC: 0.2747, Best epoch: 7, Best val loss: 0.6784
INFO:mainlogger:Epoch 106: Train Loss: 0.1189, Train PCC: 0.9034, Val Loss: 1.3578,Val PCC: 0.2723, Best epoch: 7, Best val loss: 0.6784
INFO:mainlogger:Epoch 107: Train Loss: 0.1185, Train PCC: 0.9046, Val Loss: 1.3470,Val PCC: 0.2752, Best epoch: 7, Best val loss: 0.6784
INFO:mainlogger:Epoch 108: Train Loss: 0.1177, Train PCC: 0.9050, Val Loss: 1.3635,Val PCC: 0.2753, Best epoch: 7, Best val loss: 0.6784
INFO:mainlogger:Epoch 109: Train Loss: 0.1153, Train PCC: 0.9068, Val Loss: 1.3738,Val PCC: 0.2697, Best epoch: 7, Best val loss: 0.6784
INFO:mainlogger:Epoch 110: Train Loss: 0.1133, Train PCC: 0.9078, Val Loss: 1.3652,Val PCC: 0.2731, Best epoch: 7, Best val loss: 0.6784
INFO:mainlogger:Epoch 111: Train Loss: 0.1126, Train PCC: 0.9082, Val Loss: 1.3764,Val PCC: 0.2731, Best epoch: 7, Best val loss: 0.6784
INFO:mainlogger:Epoch 112: Train Loss: 0.1123, Train PCC: 0.9085, Val Loss: 1.3804,Val PCC: 0.2748, Best epoch: 7, Best val loss: 0.6784
INFO:mainlogger:Epoch 113: Train Loss: 0.1194, Train PCC: 0.9028, Val Loss: 1.3617,Val PCC: 0.2720, Best epoch: 7, Best val loss: 0.6784
INFO:mainlogger:Epoch 114: Train Loss: 0.1153, Train PCC: 0.9060, Val Loss: 1.3663,Val PCC: 0.2710, Best epoch: 7, Best val loss: 0.6784
INFO:mainlogger:Epoch 115: Train Loss: 0.1124, Train PCC: 0.9082, Val Loss: 1.3709,Val PCC: 0.2722, Best epoch: 7, Best val loss: 0.6784
INFO:mainlogger:Epoch 116: Train Loss: 0.1096, Train PCC: 0.9102, Val Loss: 1.3716,Val PCC: 0.2708, Best epoch: 7, Best val loss: 0.6784
INFO:mainlogger:Epoch 117: Train Loss: 0.1081, Train PCC: 0.9113, Val Loss: 1.3971,Val PCC: 0.2722, Best epoch: 7, Best val loss: 0.6784
INFO:mainlogger:Epoch 118: Train Loss: 0.1095, Train PCC: 0.9100, Val Loss: 1.3867,Val PCC: 0.2692, Best epoch: 7, Best val loss: 0.6784
INFO:mainlogger:Epoch 119: Train Loss: 0.1090, Train PCC: 0.9109, Val Loss: 1.3884,Val PCC: 0.2701, Best epoch: 7, Best val loss: 0.6784
INFO:mainlogger:Epoch 120: Train Loss: 0.1078, Train PCC: 0.9114, Val Loss: 1.3902,Val PCC: 0.2726, Best epoch: 7, Best val loss: 0.6784
INFO:mainlogger:Epoch 121: Train Loss: 0.1058, Train PCC: 0.9132, Val Loss: 1.3883,Val PCC: 0.2691, Best epoch: 7, Best val loss: 0.6784
INFO:mainlogger:Epoch 122: Train Loss: 0.1037, Train PCC: 0.9145, Val Loss: 1.3959,Val PCC: 0.2676, Best epoch: 7, Best val loss: 0.6784
INFO:mainlogger:Epoch 123: Train Loss: 0.1055, Train PCC: 0.9139, Val Loss: 1.4182,Val PCC: 0.2700, Best epoch: 7, Best val loss: 0.6784
INFO:mainlogger:Epoch 124: Train Loss: 0.1088, Train PCC: 0.9116, Val Loss: 1.3967,Val PCC: 0.2724, Best epoch: 7, Best val loss: 0.6784
INFO:mainlogger:Epoch 125: Train Loss: 0.1054, Train PCC: 0.9138, Val Loss: 1.3979,Val PCC: 0.2694, Best epoch: 7, Best val loss: 0.6784
INFO:mainlogger:Epoch 126: Train Loss: 0.1051, Train PCC: 0.9142, Val Loss: 1.4187,Val PCC: 0.2669, Best epoch: 7, Best val loss: 0.6784
INFO:mainlogger:Epoch 127: Train Loss: 0.1030, Train PCC: 0.9150, Val Loss: 1.4105,Val PCC: 0.2690, Best epoch: 7, Best val loss: 0.6784
INFO:mainlogger:Epoch 128: Train Loss: 0.1024, Train PCC: 0.9152, Val Loss: 1.4202,Val PCC: 0.2676, Best epoch: 7, Best val loss: 0.6784
INFO:mainlogger:Epoch 129: Train Loss: 0.1033, Train PCC: 0.9150, Val Loss: 1.4150,Val PCC: 0.2673, Best epoch: 7, Best val loss: 0.6784
INFO:mainlogger:Epoch 130: Train Loss: 0.1011, Train PCC: 0.9163, Val Loss: 1.4180,Val PCC: 0.2662, Best epoch: 7, Best val loss: 0.6784
INFO:mainlogger:Epoch 131: Train Loss: 0.1010, Train PCC: 0.9160, Val Loss: 1.4096,Val PCC: 0.2682, Best epoch: 7, Best val loss: 0.6784
INFO:mainlogger:Epoch 132: Train Loss: 0.1004, Train PCC: 0.9169, Val Loss: 1.4425,Val PCC: 0.2699, Best epoch: 7, Best val loss: 0.6784
INFO:mainlogger:Epoch 133: Train Loss: 0.1013, Train PCC: 0.9163, Val Loss: 1.4644,Val PCC: 0.2664, Best epoch: 7, Best val loss: 0.6784
INFO:mainlogger:Epoch 134: Train Loss: 0.1051, Train PCC: 0.9138, Val Loss: 1.4207,Val PCC: 0.2656, Best epoch: 7, Best val loss: 0.6784
INFO:mainlogger:Epoch 135: Train Loss: 0.1033, Train PCC: 0.9146, Val Loss: 1.4281,Val PCC: 0.2662, Best epoch: 7, Best val loss: 0.6784
INFO:mainlogger:Epoch 136: Train Loss: 0.1012, Train PCC: 0.9161, Val Loss: 1.4444,Val PCC: 0.2680, Best epoch: 7, Best val loss: 0.6784
INFO:mainlogger:Epoch 137: Train Loss: 0.1023, Train PCC: 0.9156, Val Loss: 1.4299,Val PCC: 0.2666, Best epoch: 7, Best val loss: 0.6784
INFO:mainlogger:Epoch 138: Train Loss: 0.0997, Train PCC: 0.9176, Val Loss: 1.4144,Val PCC: 0.2660, Best epoch: 7, Best val loss: 0.6784
INFO:mainlogger:Epoch 139: Train Loss: 0.1051, Train PCC: 0.9137, Val Loss: 1.4341,Val PCC: 0.2676, Best epoch: 7, Best val loss: 0.6784
INFO:mainlogger:Epoch 140: Train Loss: 0.0998, Train PCC: 0.9179, Val Loss: 1.4307,Val PCC: 0.2666, Best epoch: 7, Best val loss: 0.6784
INFO:mainlogger:Epoch 141: Train Loss: 0.0986, Train PCC: 0.9185, Val Loss: 1.4305,Val PCC: 0.2671, Best epoch: 7, Best val loss: 0.6784
INFO:mainlogger:Epoch 142: Train Loss: 0.0966, Train PCC: 0.9201, Val Loss: 1.4515,Val PCC: 0.2654, Best epoch: 7, Best val loss: 0.6784
INFO:mainlogger:Epoch 143: Train Loss: 0.0951, Train PCC: 0.9210, Val Loss: 1.4436,Val PCC: 0.2649, Best epoch: 7, Best val loss: 0.6784
INFO:mainlogger:Epoch 144: Train Loss: 0.0939, Train PCC: 0.9219, Val Loss: 1.4388,Val PCC: 0.2644, Best epoch: 7, Best val loss: 0.6784
INFO:mainlogger:Epoch 145: Train Loss: 0.0955, Train PCC: 0.9209, Val Loss: 1.4524,Val PCC: 0.2643, Best epoch: 7, Best val loss: 0.6784
INFO:mainlogger:Epoch 146: Train Loss: 0.0964, Train PCC: 0.9200, Val Loss: 1.4582,Val PCC: 0.2649, Best epoch: 7, Best val loss: 0.6784
INFO:mainlogger:Epoch 147: Train Loss: 0.0978, Train PCC: 0.9196, Val Loss: 1.4441,Val PCC: 0.2647, Best epoch: 7, Best val loss: 0.6784
INFO:mainlogger:Epoch 148: Train Loss: 0.1069, Train PCC: 0.9132, Val Loss: 1.4462,Val PCC: 0.2660, Best epoch: 7, Best val loss: 0.6784
INFO:mainlogger:Epoch 149: Train Loss: 0.0980, Train PCC: 0.9190, Val Loss: 1.4328,Val PCC: 0.2655, Best epoch: 7, Best val loss: 0.6784
INFO:mainlogger:Epoch 150: Train Loss: 0.0974, Train PCC: 0.9195, Val Loss: 1.4558,Val PCC: 0.2651, Best epoch: 7, Best val loss: 0.6784
INFO:mainlogger:Epoch 151: Train Loss: 0.0955, Train PCC: 0.9210, Val Loss: 1.4622,Val PCC: 0.2662, Best epoch: 7, Best val loss: 0.6784
INFO:mainlogger:Epoch 152: Train Loss: 0.0919, Train PCC: 0.9236, Val Loss: 1.4648,Val PCC: 0.2628, Best epoch: 7, Best val loss: 0.6784
INFO:mainlogger:Epoch 153: Train Loss: 0.0909, Train PCC: 0.9245, Val Loss: 1.4652,Val PCC: 0.2653, Best epoch: 7, Best val loss: 0.6784
INFO:mainlogger:Epoch 154: Train Loss: 0.0889, Train PCC: 0.9252, Val Loss: 1.4728,Val PCC: 0.2636, Best epoch: 7, Best val loss: 0.6784
INFO:mainlogger:Epoch 155: Train Loss: 0.0887, Train PCC: 0.9255, Val Loss: 1.4636,Val PCC: 0.2652, Best epoch: 7, Best val loss: 0.6784
INFO:mainlogger:Epoch 156: Train Loss: 0.0888, Train PCC: 0.9256, Val Loss: 1.4737,Val PCC: 0.2624, Best epoch: 7, Best val loss: 0.6784
INFO:mainlogger:Epoch 157: Train Loss: 0.0905, Train PCC: 0.9251, Val Loss: 1.4704,Val PCC: 0.2650, Best epoch: 7, Best val loss: 0.6784
INFO:mainlogger:Epoch 158: Train Loss: 0.0907, Train PCC: 0.9246, Val Loss: 1.4880,Val PCC: 0.2618, Best epoch: 7, Best val loss: 0.6784
INFO:mainlogger:Epoch 159: Train Loss: 0.0914, Train PCC: 0.9237, Val Loss: 1.4717,Val PCC: 0.2650, Best epoch: 7, Best val loss: 0.6784
INFO:mainlogger:Epoch 160: Train Loss: 0.0899, Train PCC: 0.9249, Val Loss: 1.4720,Val PCC: 0.2651, Best epoch: 7, Best val loss: 0.6784
INFO:mainlogger:Epoch 161: Train Loss: 0.0902, Train PCC: 0.9246, Val Loss: 1.5045,Val PCC: 0.2634, Best epoch: 7, Best val loss: 0.6784
INFO:mainlogger:Epoch 162: Train Loss: 0.0903, Train PCC: 0.9246, Val Loss: 1.4828,Val PCC: 0.2629, Best epoch: 7, Best val loss: 0.6784
INFO:mainlogger:Epoch 163: Train Loss: 0.0887, Train PCC: 0.9259, Val Loss: 1.4864,Val PCC: 0.2641, Best epoch: 7, Best val loss: 0.6784
INFO:mainlogger:Epoch 164: Train Loss: 0.0946, Train PCC: 0.9219, Val Loss: 1.4795,Val PCC: 0.2636, Best epoch: 7, Best val loss: 0.6784
INFO:mainlogger:Epoch 165: Train Loss: 0.0953, Train PCC: 0.9219, Val Loss: 1.4873,Val PCC: 0.2619, Best epoch: 7, Best val loss: 0.6784
INFO:mainlogger:Epoch 166: Train Loss: 0.0898, Train PCC: 0.9256, Val Loss: 1.4943,Val PCC: 0.2617, Best epoch: 7, Best val loss: 0.6784
INFO:mainlogger:Epoch 167: Train Loss: 0.0871, Train PCC: 0.9272, Val Loss: 1.4901,Val PCC: 0.2616, Best epoch: 7, Best val loss: 0.6784
INFO:mainlogger:Epoch 168: Train Loss: 0.0856, Train PCC: 0.9282, Val Loss: 1.4918,Val PCC: 0.2614, Best epoch: 7, Best val loss: 0.6784
INFO:mainlogger:Epoch 169: Train Loss: 0.0855, Train PCC: 0.9280, Val Loss: 1.5057,Val PCC: 0.2627, Best epoch: 7, Best val loss: 0.6784
INFO:mainlogger:Epoch 170: Train Loss: 0.0874, Train PCC: 0.9266, Val Loss: 1.4948,Val PCC: 0.2610, Best epoch: 7, Best val loss: 0.6784
INFO:mainlogger:Epoch 171: Train Loss: 0.0868, Train PCC: 0.9273, Val Loss: 1.5015,Val PCC: 0.2606, Best epoch: 7, Best val loss: 0.6784
INFO:mainlogger:Epoch 172: Train Loss: 0.0878, Train PCC: 0.9264, Val Loss: 1.5009,Val PCC: 0.2600, Best epoch: 7, Best val loss: 0.6784
INFO:mainlogger:Epoch 173: Train Loss: 0.0861, Train PCC: 0.9277, Val Loss: 1.4989,Val PCC: 0.2600, Best epoch: 7, Best val loss: 0.6784
INFO:mainlogger:Epoch 174: Train Loss: 0.0856, Train PCC: 0.9280, Val Loss: 1.5129,Val PCC: 0.2602, Best epoch: 7, Best val loss: 0.6784
INFO:mainlogger:Epoch 175: Train Loss: 0.0846, Train PCC: 0.9287, Val Loss: 1.5220,Val PCC: 0.2617, Best epoch: 7, Best val loss: 0.6784
INFO:mainlogger:Epoch 176: Train Loss: 0.0919, Train PCC: 0.9237, Val Loss: 1.5033,Val PCC: 0.2589, Best epoch: 7, Best val loss: 0.6784
INFO:mainlogger:Epoch 177: Train Loss: 0.0882, Train PCC: 0.9267, Val Loss: 1.4969,Val PCC: 0.2597, Best epoch: 7, Best val loss: 0.6784
INFO:mainlogger:Epoch 178: Train Loss: 0.0866, Train PCC: 0.9278, Val Loss: 1.5008,Val PCC: 0.2603, Best epoch: 7, Best val loss: 0.6784
INFO:mainlogger:Epoch 179: Train Loss: 0.0834, Train PCC: 0.9297, Val Loss: 1.5102,Val PCC: 0.2606, Best epoch: 7, Best val loss: 0.6784
INFO:mainlogger:Epoch 180: Train Loss: 0.0841, Train PCC: 0.9292, Val Loss: 1.5379,Val PCC: 0.2590, Best epoch: 7, Best val loss: 0.6784
INFO:mainlogger:Epoch 181: Train Loss: 0.0860, Train PCC: 0.9278, Val Loss: 1.5010,Val PCC: 0.2608, Best epoch: 7, Best val loss: 0.6784
INFO:mainlogger:Epoch 182: Train Loss: 0.0851, Train PCC: 0.9289, Val Loss: 1.5126,Val PCC: 0.2600, Best epoch: 7, Best val loss: 0.6784
INFO:mainlogger:Epoch 183: Train Loss: 0.0827, Train PCC: 0.9305, Val Loss: 1.5310,Val PCC: 0.2576, Best epoch: 7, Best val loss: 0.6784
INFO:mainlogger:Epoch 184: Train Loss: 0.0842, Train PCC: 0.9293, Val Loss: 1.5209,Val PCC: 0.2615, Best epoch: 7, Best val loss: 0.6784
INFO:mainlogger:Epoch 185: Train Loss: 0.0824, Train PCC: 0.9304, Val Loss: 1.5101,Val PCC: 0.2578, Best epoch: 7, Best val loss: 0.6784
INFO:mainlogger:Epoch 186: Train Loss: 0.0819, Train PCC: 0.9312, Val Loss: 1.5289,Val PCC: 0.2588, Best epoch: 7, Best val loss: 0.6784
INFO:mainlogger:Epoch 187: Train Loss: 0.0819, Train PCC: 0.9313, Val Loss: 1.5317,Val PCC: 0.2597, Best epoch: 7, Best val loss: 0.6784
INFO:mainlogger:Epoch 188: Train Loss: 0.0810, Train PCC: 0.9313, Val Loss: 1.5225,Val PCC: 0.2584, Best epoch: 7, Best val loss: 0.6784
INFO:mainlogger:Epoch 189: Train Loss: 0.0814, Train PCC: 0.9313, Val Loss: 1.5499,Val PCC: 0.2589, Best epoch: 7, Best val loss: 0.6784
INFO:mainlogger:Epoch 190: Train Loss: 0.0858, Train PCC: 0.9279, Val Loss: 1.5329,Val PCC: 0.2606, Best epoch: 7, Best val loss: 0.6784
INFO:mainlogger:Epoch 191: Train Loss: 0.0829, Train PCC: 0.9302, Val Loss: 1.5271,Val PCC: 0.2578, Best epoch: 7, Best val loss: 0.6784
INFO:mainlogger:Epoch 192: Train Loss: 0.0827, Train PCC: 0.9305, Val Loss: 1.5342,Val PCC: 0.2604, Best epoch: 7, Best val loss: 0.6784
INFO:mainlogger:Epoch 193: Train Loss: 0.0807, Train PCC: 0.9321, Val Loss: 1.5287,Val PCC: 0.2597, Best epoch: 7, Best val loss: 0.6784
INFO:mainlogger:Epoch 194: Train Loss: 0.0791, Train PCC: 0.9328, Val Loss: 1.5314,Val PCC: 0.2595, Best epoch: 7, Best val loss: 0.6784
INFO:mainlogger:Epoch 195: Train Loss: 0.0783, Train PCC: 0.9339, Val Loss: 1.5371,Val PCC: 0.2601, Best epoch: 7, Best val loss: 0.6784
INFO:mainlogger:Epoch 196: Train Loss: 0.0800, Train PCC: 0.9327, Val Loss: 1.5354,Val PCC: 0.2571, Best epoch: 7, Best val loss: 0.6784
INFO:mainlogger:Epoch 197: Train Loss: 0.0830, Train PCC: 0.9311, Val Loss: 1.5432,Val PCC: 0.2568, Best epoch: 7, Best val loss: 0.6784
INFO:mainlogger:Epoch 198: Train Loss: 0.0818, Train PCC: 0.9317, Val Loss: 1.5435,Val PCC: 0.2572, Best epoch: 7, Best val loss: 0.6784
INFO:mainlogger:Epoch 199: Train Loss: 0.0801, Train PCC: 0.9328, Val Loss: 1.5534,Val PCC: 0.2563, Best epoch: 7, Best val loss: 0.6784
INFO:mainlogger:Epoch 200: Train Loss: 0.0784, Train PCC: 0.9340, Val Loss: 1.5511,Val PCC: 0.2560, Best epoch: 7, Best val loss: 0.6784
INFO:mainlogger:Epoch 201: Train Loss: 0.0796, Train PCC: 0.9330, Val Loss: 1.5461,Val PCC: 0.2578, Best epoch: 7, Best val loss: 0.6784
INFO:mainlogger:Epoch 202: Train Loss: 0.0784, Train PCC: 0.9340, Val Loss: 1.5472,Val PCC: 0.2584, Best epoch: 7, Best val loss: 0.6784
INFO:mainlogger:Epoch 203: Train Loss: 0.0771, Train PCC: 0.9349, Val Loss: 1.5443,Val PCC: 0.2567, Best epoch: 7, Best val loss: 0.6784
INFO:mainlogger:Epoch 204: Train Loss: 0.0771, Train PCC: 0.9347, Val Loss: 1.5345,Val PCC: 0.2565, Best epoch: 7, Best val loss: 0.6784
INFO:mainlogger:Epoch 205: Train Loss: 0.0786, Train PCC: 0.9336, Val Loss: 1.5445,Val PCC: 0.2570, Best epoch: 7, Best val loss: 0.6784
INFO:mainlogger:Epoch 206: Train Loss: 0.0781, Train PCC: 0.9341, Val Loss: 1.5529,Val PCC: 0.2578, Best epoch: 7, Best val loss: 0.6784
INFO:mainlogger:Epoch 207: Train Loss: 0.0773, Train PCC: 0.9347, Val Loss: 1.5413,Val PCC: 0.2563, Best epoch: 7, Best val loss: 0.6784
INFO:mainlogger:Epoch 208: Train Loss: 0.0763, Train PCC: 0.9352, Val Loss: 1.5538,Val PCC: 0.2559, Best epoch: 7, Best val loss: 0.6784
INFO:mainlogger:Epoch 209: Train Loss: 0.0781, Train PCC: 0.9342, Val Loss: 1.5599,Val PCC: 0.2583, Best epoch: 7, Best val loss: 0.6784
INFO:mainlogger:Epoch 210: Train Loss: 0.0796, Train PCC: 0.9333, Val Loss: 1.5492,Val PCC: 0.2559, Best epoch: 7, Best val loss: 0.6784
INFO:mainlogger:Epoch 211: Train Loss: 0.0781, Train PCC: 0.9344, Val Loss: 1.5569,Val PCC: 0.2573, Best epoch: 7, Best val loss: 0.6784
INFO:mainlogger:Epoch 212: Train Loss: 0.0766, Train PCC: 0.9352, Val Loss: 1.5831,Val PCC: 0.2544, Best epoch: 7, Best val loss: 0.6784
INFO:mainlogger:Epoch 213: Train Loss: 0.0790, Train PCC: 0.9337, Val Loss: 1.5637,Val PCC: 0.2553, Best epoch: 7, Best val loss: 0.6784
INFO:mainlogger:Epoch 214: Train Loss: 0.0814, Train PCC: 0.9320, Val Loss: 1.5493,Val PCC: 0.2561, Best epoch: 7, Best val loss: 0.6784
INFO:mainlogger:Epoch 215: Train Loss: 0.0776, Train PCC: 0.9345, Val Loss: 1.5602,Val PCC: 0.2546, Best epoch: 7, Best val loss: 0.6784
INFO:mainlogger:Epoch 216: Train Loss: 0.0755, Train PCC: 0.9360, Val Loss: 1.5596,Val PCC: 0.2539, Best epoch: 7, Best val loss: 0.6784
INFO:mainlogger:Epoch 217: Train Loss: 0.0760, Train PCC: 0.9352, Val Loss: 1.5774,Val PCC: 0.2559, Best epoch: 7, Best val loss: 0.6784
INFO:mainlogger:Epoch 218: Train Loss: 0.0773, Train PCC: 0.9345, Val Loss: 1.5789,Val PCC: 0.2544, Best epoch: 7, Best val loss: 0.6784
INFO:mainlogger:Epoch 219: Train Loss: 0.0771, Train PCC: 0.9350, Val Loss: 1.5498,Val PCC: 0.2563, Best epoch: 7, Best val loss: 0.6784
INFO:mainlogger:Epoch 220: Train Loss: 0.0760, Train PCC: 0.9355, Val Loss: 1.5761,Val PCC: 0.2543, Best epoch: 7, Best val loss: 0.6784
INFO:mainlogger:Epoch 221: Train Loss: 0.0756, Train PCC: 0.9363, Val Loss: 1.5604,Val PCC: 0.2552, Best epoch: 7, Best val loss: 0.6784
INFO:mainlogger:Epoch 222: Train Loss: 0.0747, Train PCC: 0.9365, Val Loss: 1.5731,Val PCC: 0.2546, Best epoch: 7, Best val loss: 0.6784
INFO:mainlogger:Epoch 223: Train Loss: 0.0750, Train PCC: 0.9366, Val Loss: 1.5671,Val PCC: 0.2557, Best epoch: 7, Best val loss: 0.6784
INFO:mainlogger:Epoch 224: Train Loss: 0.0752, Train PCC: 0.9363, Val Loss: 1.5713,Val PCC: 0.2530, Best epoch: 7, Best val loss: 0.6784
INFO:mainlogger:Epoch 225: Train Loss: 0.0734, Train PCC: 0.9374, Val Loss: 1.5636,Val PCC: 0.2527, Best epoch: 7, Best val loss: 0.6784
INFO:mainlogger:Epoch 226: Train Loss: 0.0728, Train PCC: 0.9376, Val Loss: 1.5785,Val PCC: 0.2542, Best epoch: 7, Best val loss: 0.6784
INFO:mainlogger:Epoch 227: Train Loss: 0.0739, Train PCC: 0.9374, Val Loss: 1.5804,Val PCC: 0.2534, Best epoch: 7, Best val loss: 0.6784
INFO:mainlogger:Epoch 228: Train Loss: 0.0732, Train PCC: 0.9378, Val Loss: 1.5969,Val PCC: 0.2535, Best epoch: 7, Best val loss: 0.6784
INFO:mainlogger:Epoch 229: Train Loss: 0.0742, Train PCC: 0.9370, Val Loss: 1.5771,Val PCC: 0.2551, Best epoch: 7, Best val loss: 0.6784
INFO:mainlogger:Epoch 230: Train Loss: 0.0734, Train PCC: 0.9372, Val Loss: 1.5655,Val PCC: 0.2548, Best epoch: 7, Best val loss: 0.6784
INFO:mainlogger:Epoch 231: Train Loss: 0.0755, Train PCC: 0.9361, Val Loss: 1.5874,Val PCC: 0.2571, Best epoch: 7, Best val loss: 0.6784
INFO:mainlogger:Epoch 232: Train Loss: 0.0805, Train PCC: 0.9327, Val Loss: 1.5870,Val PCC: 0.2540, Best epoch: 7, Best val loss: 0.6784
INFO:mainlogger:Epoch 233: Train Loss: 0.0792, Train PCC: 0.9337, Val Loss: 1.5673,Val PCC: 0.2546, Best epoch: 7, Best val loss: 0.6784
INFO:mainlogger:Epoch 234: Train Loss: 0.0759, Train PCC: 0.9355, Val Loss: 1.6034,Val PCC: 0.2569, Best epoch: 7, Best val loss: 0.6784
INFO:mainlogger:Epoch 235: Train Loss: 0.0743, Train PCC: 0.9373, Val Loss: 1.5664,Val PCC: 0.2548, Best epoch: 7, Best val loss: 0.6784
INFO:mainlogger:Epoch 236: Train Loss: 0.0749, Train PCC: 0.9364, Val Loss: 1.5759,Val PCC: 0.2530, Best epoch: 7, Best val loss: 0.6784
INFO:mainlogger:Epoch 237: Train Loss: 0.0715, Train PCC: 0.9390, Val Loss: 1.5849,Val PCC: 0.2553, Best epoch: 7, Best val loss: 0.6784
INFO:mainlogger:Epoch 238: Train Loss: 0.0745, Train PCC: 0.9377, Val Loss: 1.5770,Val PCC: 0.2526, Best epoch: 7, Best val loss: 0.6784
INFO:mainlogger:Epoch 239: Train Loss: 0.0715, Train PCC: 0.9390, Val Loss: 1.5937,Val PCC: 0.2517, Best epoch: 7, Best val loss: 0.6784
INFO:mainlogger:Epoch 240: Train Loss: 0.0701, Train PCC: 0.9399, Val Loss: 1.5996,Val PCC: 0.2510, Best epoch: 7, Best val loss: 0.6784
INFO:mainlogger:Epoch 241: Train Loss: 0.0703, Train PCC: 0.9400, Val Loss: 1.5983,Val PCC: 0.2512, Best epoch: 7, Best val loss: 0.6784
INFO:mainlogger:Epoch 242: Train Loss: 0.0702, Train PCC: 0.9399, Val Loss: 1.5920,Val PCC: 0.2515, Best epoch: 7, Best val loss: 0.6784
INFO:mainlogger:Epoch 243: Train Loss: 0.0711, Train PCC: 0.9391, Val Loss: 1.6038,Val PCC: 0.2515, Best epoch: 7, Best val loss: 0.6784
INFO:mainlogger:Epoch 244: Train Loss: 0.0717, Train PCC: 0.9390, Val Loss: 1.5905,Val PCC: 0.2515, Best epoch: 7, Best val loss: 0.6784
INFO:mainlogger:Epoch 245: Train Loss: 0.0723, Train PCC: 0.9383, Val Loss: 1.5887,Val PCC: 0.2519, Best epoch: 7, Best val loss: 0.6784
INFO:mainlogger:Epoch 246: Train Loss: 0.0749, Train PCC: 0.9366, Val Loss: 1.6010,Val PCC: 0.2529, Best epoch: 7, Best val loss: 0.6784
INFO:mainlogger:Epoch 247: Train Loss: 0.0784, Train PCC: 0.9346, Val Loss: 1.6092,Val PCC: 0.2514, Best epoch: 7, Best val loss: 0.6784
INFO:mainlogger:Epoch 248: Train Loss: 0.0715, Train PCC: 0.9388, Val Loss: 1.5961,Val PCC: 0.2525, Best epoch: 7, Best val loss: 0.6784
INFO:mainlogger:Epoch 249: Train Loss: 0.0703, Train PCC: 0.9396, Val Loss: 1.5952,Val PCC: 0.2497, Best epoch: 7, Best val loss: 0.6784
INFO:mainlogger:Epoch 250: Train Loss: 0.0703, Train PCC: 0.9394, Val Loss: 1.6078,Val PCC: 0.2508, Best epoch: 7, Best val loss: 0.6784
INFO:mainlogger:Epoch 251: Train Loss: 0.0704, Train PCC: 0.9399, Val Loss: 1.6012,Val PCC: 0.2518, Best epoch: 7, Best val loss: 0.6784
INFO:mainlogger:Epoch 252: Train Loss: 0.0680, Train PCC: 0.9413, Val Loss: 1.5981,Val PCC: 0.2508, Best epoch: 7, Best val loss: 0.6784
INFO:mainlogger:Epoch 253: Train Loss: 0.0713, Train PCC: 0.9393, Val Loss: 1.6010,Val PCC: 0.2530, Best epoch: 7, Best val loss: 0.6784
INFO:mainlogger:Epoch 254: Train Loss: 0.0690, Train PCC: 0.9408, Val Loss: 1.6021,Val PCC: 0.2512, Best epoch: 7, Best val loss: 0.6784
INFO:mainlogger:Epoch 255: Train Loss: 0.0690, Train PCC: 0.9411, Val Loss: 1.6129,Val PCC: 0.2509, Best epoch: 7, Best val loss: 0.6784
INFO:mainlogger:Epoch 256: Train Loss: 0.0702, Train PCC: 0.9404, Val Loss: 1.6058,Val PCC: 0.2513, Best epoch: 7, Best val loss: 0.6784
INFO:mainlogger:Epoch 257: Train Loss: 0.0685, Train PCC: 0.9409, Val Loss: 1.6148,Val PCC: 0.2504, Best epoch: 7, Best val loss: 0.6784
INFO:mainlogger:Epoch 258: Train Loss: 0.0681, Train PCC: 0.9415, Val Loss: 1.6042,Val PCC: 0.2500, Best epoch: 7, Best val loss: 0.6784
INFO:mainlogger:Epoch 259: Train Loss: 0.0696, Train PCC: 0.9406, Val Loss: 1.6073,Val PCC: 0.2503, Best epoch: 7, Best val loss: 0.6784
INFO:mainlogger:Epoch 260: Train Loss: 0.0713, Train PCC: 0.9397, Val Loss: 1.6171,Val PCC: 0.2502, Best epoch: 7, Best val loss: 0.6784
INFO:mainlogger:Epoch 261: Train Loss: 0.0719, Train PCC: 0.9394, Val Loss: 1.6068,Val PCC: 0.2511, Best epoch: 7, Best val loss: 0.6784
INFO:mainlogger:Epoch 262: Train Loss: 0.0706, Train PCC: 0.9402, Val Loss: 1.6198,Val PCC: 0.2493, Best epoch: 7, Best val loss: 0.6784
INFO:mainlogger:Epoch 263: Train Loss: 0.0713, Train PCC: 0.9394, Val Loss: 1.6127,Val PCC: 0.2487, Best epoch: 7, Best val loss: 0.6784
INFO:mainlogger:Epoch 264: Train Loss: 0.0697, Train PCC: 0.9405, Val Loss: 1.6099,Val PCC: 0.2497, Best epoch: 7, Best val loss: 0.6784
INFO:mainlogger:Epoch 265: Train Loss: 0.0709, Train PCC: 0.9400, Val Loss: 1.6240,Val PCC: 0.2516, Best epoch: 7, Best val loss: 0.6784
INFO:mainlogger:Epoch 266: Train Loss: 0.0687, Train PCC: 0.9412, Val Loss: 1.6067,Val PCC: 0.2484, Best epoch: 7, Best val loss: 0.6784
INFO:mainlogger:Epoch 267: Train Loss: 0.0662, Train PCC: 0.9426, Val Loss: 1.6334,Val PCC: 0.2501, Best epoch: 7, Best val loss: 0.6784
INFO:mainlogger:Epoch 268: Train Loss: 0.0675, Train PCC: 0.9419, Val Loss: 1.6054,Val PCC: 0.2507, Best epoch: 7, Best val loss: 0.6784
INFO:mainlogger:Epoch 269: Train Loss: 0.0671, Train PCC: 0.9421, Val Loss: 1.6096,Val PCC: 0.2518, Best epoch: 7, Best val loss: 0.6784
INFO:mainlogger:Epoch 270: Train Loss: 0.0722, Train PCC: 0.9390, Val Loss: 1.6298,Val PCC: 0.2505, Best epoch: 7, Best val loss: 0.6784
INFO:mainlogger:Epoch 271: Train Loss: 0.0693, Train PCC: 0.9408, Val Loss: 1.6262,Val PCC: 0.2505, Best epoch: 7, Best val loss: 0.6784
INFO:mainlogger:Epoch 272: Train Loss: 0.0698, Train PCC: 0.9405, Val Loss: 1.6137,Val PCC: 0.2491, Best epoch: 7, Best val loss: 0.6784
INFO:mainlogger:Epoch 273: Train Loss: 0.0687, Train PCC: 0.9414, Val Loss: 1.6075,Val PCC: 0.2507, Best epoch: 7, Best val loss: 0.6784
INFO:mainlogger:Epoch 274: Train Loss: 0.0687, Train PCC: 0.9417, Val Loss: 1.6290,Val PCC: 0.2507, Best epoch: 7, Best val loss: 0.6784
INFO:mainlogger:Epoch 275: Train Loss: 0.0674, Train PCC: 0.9422, Val Loss: 1.6264,Val PCC: 0.2498, Best epoch: 7, Best val loss: 0.6784
INFO:mainlogger:Epoch 276: Train Loss: 0.0659, Train PCC: 0.9433, Val Loss: 1.6229,Val PCC: 0.2481, Best epoch: 7, Best val loss: 0.6784
INFO:mainlogger:Epoch 277: Train Loss: 0.0678, Train PCC: 0.9419, Val Loss: 1.6383,Val PCC: 0.2489, Best epoch: 7, Best val loss: 0.6784
INFO:mainlogger:Epoch 278: Train Loss: 0.0667, Train PCC: 0.9422, Val Loss: 1.6163,Val PCC: 0.2497, Best epoch: 7, Best val loss: 0.6784
INFO:mainlogger:Epoch 279: Train Loss: 0.0664, Train PCC: 0.9426, Val Loss: 1.6130,Val PCC: 0.2479, Best epoch: 7, Best val loss: 0.6784
INFO:mainlogger:Epoch 280: Train Loss: 0.0688, Train PCC: 0.9410, Val Loss: 1.6402,Val PCC: 0.2461, Best epoch: 7, Best val loss: 0.6784
INFO:mainlogger:Epoch 281: Train Loss: 0.0681, Train PCC: 0.9415, Val Loss: 1.6212,Val PCC: 0.2471, Best epoch: 7, Best val loss: 0.6784
INFO:mainlogger:Epoch 282: Train Loss: 0.0693, Train PCC: 0.9409, Val Loss: 1.6161,Val PCC: 0.2478, Best epoch: 7, Best val loss: 0.6784
INFO:mainlogger:Epoch 283: Train Loss: 0.0682, Train PCC: 0.9418, Val Loss: 1.6503,Val PCC: 0.2483, Best epoch: 7, Best val loss: 0.6784
INFO:mainlogger:Epoch 284: Train Loss: 0.0672, Train PCC: 0.9421, Val Loss: 1.6247,Val PCC: 0.2516, Best epoch: 7, Best val loss: 0.6784
INFO:mainlogger:Epoch 285: Train Loss: 0.0651, Train PCC: 0.9438, Val Loss: 1.6391,Val PCC: 0.2493, Best epoch: 7, Best val loss: 0.6784
INFO:mainlogger:Epoch 286: Train Loss: 0.0645, Train PCC: 0.9441, Val Loss: 1.6301,Val PCC: 0.2491, Best epoch: 7, Best val loss: 0.6784
INFO:mainlogger:Epoch 287: Train Loss: 0.0641, Train PCC: 0.9445, Val Loss: 1.6358,Val PCC: 0.2470, Best epoch: 7, Best val loss: 0.6784
INFO:mainlogger:Epoch 288: Train Loss: 0.0647, Train PCC: 0.9443, Val Loss: 1.6403,Val PCC: 0.2490, Best epoch: 7, Best val loss: 0.6784
INFO:mainlogger:Epoch 289: Train Loss: 0.0677, Train PCC: 0.9426, Val Loss: 1.6441,Val PCC: 0.2480, Best epoch: 7, Best val loss: 0.6784
INFO:mainlogger:Epoch 290: Train Loss: 0.0655, Train PCC: 0.9433, Val Loss: 1.6392,Val PCC: 0.2487, Best epoch: 7, Best val loss: 0.6784
INFO:mainlogger:Epoch 291: Train Loss: 0.0674, Train PCC: 0.9424, Val Loss: 1.6366,Val PCC: 0.2481, Best epoch: 7, Best val loss: 0.6784
INFO:mainlogger:Epoch 292: Train Loss: 0.0707, Train PCC: 0.9405, Val Loss: 1.6362,Val PCC: 0.2494, Best epoch: 7, Best val loss: 0.6784
INFO:mainlogger:Epoch 293: Train Loss: 0.0676, Train PCC: 0.9424, Val Loss: 1.6297,Val PCC: 0.2477, Best epoch: 7, Best val loss: 0.6784
INFO:mainlogger:Epoch 294: Train Loss: 0.0668, Train PCC: 0.9431, Val Loss: 1.6199,Val PCC: 0.2450, Best epoch: 7, Best val loss: 0.6784
INFO:mainlogger:Epoch 295: Train Loss: 0.0702, Train PCC: 0.9407, Val Loss: 1.6339,Val PCC: 0.2507, Best epoch: 7, Best val loss: 0.6784
INFO:mainlogger:Epoch 296: Train Loss: 0.0671, Train PCC: 0.9428, Val Loss: 1.6405,Val PCC: 0.2471, Best epoch: 7, Best val loss: 0.6784
INFO:mainlogger:Epoch 297: Train Loss: 0.0633, Train PCC: 0.9452, Val Loss: 1.6472,Val PCC: 0.2487, Best epoch: 7, Best val loss: 0.6784
INFO:mainlogger:Epoch 298: Train Loss: 0.0656, Train PCC: 0.9434, Val Loss: 1.6316,Val PCC: 0.2497, Best epoch: 7, Best val loss: 0.6784
INFO:mainlogger:Epoch 299: Train Loss: 0.0668, Train PCC: 0.9430, Val Loss: 1.6388,Val PCC: 0.2480, Best epoch: 7, Best val loss: 0.6784
INFO:mainlogger:Epoch 300: Train Loss: 0.0676, Train PCC: 0.9425, Val Loss: 1.6369,Val PCC: 0.2480, Best epoch: 7, Best val loss: 0.6784
INFO:mainlogger:Epoch 301: Train Loss: 0.0661, Train PCC: 0.9433, Val Loss: 1.6427,Val PCC: 0.2468, Best epoch: 7, Best val loss: 0.6784
INFO:mainlogger:Epoch 302: Train Loss: 0.0638, Train PCC: 0.9453, Val Loss: 1.6367,Val PCC: 0.2481, Best epoch: 7, Best val loss: 0.6784
INFO:mainlogger:Epoch 303: Train Loss: 0.0663, Train PCC: 0.9440, Val Loss: 1.6350,Val PCC: 0.2462, Best epoch: 7, Best val loss: 0.6784
INFO:mainlogger:Epoch 304: Train Loss: 0.0658, Train PCC: 0.9439, Val Loss: 1.6323,Val PCC: 0.2473, Best epoch: 7, Best val loss: 0.6784
INFO:mainlogger:Epoch 305: Train Loss: 0.0680, Train PCC: 0.9423, Val Loss: 1.6440,Val PCC: 0.2491, Best epoch: 7, Best val loss: 0.6784
INFO:mainlogger:Epoch 306: Train Loss: 0.0652, Train PCC: 0.9439, Val Loss: 1.6347,Val PCC: 0.2459, Best epoch: 7, Best val loss: 0.6784
INFO:mainlogger:Epoch 307: Train Loss: 0.0625, Train PCC: 0.9457, Val Loss: 1.6457,Val PCC: 0.2480, Best epoch: 7, Best val loss: 0.6784
INFO:mainlogger:Epoch 308: Train Loss: 0.0634, Train PCC: 0.9452, Val Loss: 1.6355,Val PCC: 0.2477, Best epoch: 7, Best val loss: 0.6784
INFO:mainlogger:Epoch 309: Train Loss: 0.0625, Train PCC: 0.9460, Val Loss: 1.6399,Val PCC: 0.2467, Best epoch: 7, Best val loss: 0.6784
INFO:mainlogger:Epoch 310: Train Loss: 0.0621, Train PCC: 0.9461, Val Loss: 1.6513,Val PCC: 0.2464, Best epoch: 7, Best val loss: 0.6784
INFO:mainlogger:Epoch 311: Train Loss: 0.0617, Train PCC: 0.9467, Val Loss: 1.6529,Val PCC: 0.2476, Best epoch: 7, Best val loss: 0.6784
INFO:mainlogger:Epoch 312: Train Loss: 0.0633, Train PCC: 0.9457, Val Loss: 1.6436,Val PCC: 0.2452, Best epoch: 7, Best val loss: 0.6784
INFO:mainlogger:Epoch 313: Train Loss: 0.0653, Train PCC: 0.9441, Val Loss: 1.6459,Val PCC: 0.2463, Best epoch: 7, Best val loss: 0.6784
INFO:mainlogger:Epoch 314: Train Loss: 0.0667, Train PCC: 0.9430, Val Loss: 1.6612,Val PCC: 0.2473, Best epoch: 7, Best val loss: 0.6784
INFO:mainlogger:Epoch 315: Train Loss: 0.0638, Train PCC: 0.9450, Val Loss: 1.6636,Val PCC: 0.2455, Best epoch: 7, Best val loss: 0.6784
INFO:mainlogger:Epoch 316: Train Loss: 0.0614, Train PCC: 0.9468, Val Loss: 1.6529,Val PCC: 0.2467, Best epoch: 7, Best val loss: 0.6784
INFO:mainlogger:Epoch 317: Train Loss: 0.0643, Train PCC: 0.9449, Val Loss: 1.6620,Val PCC: 0.2451, Best epoch: 7, Best val loss: 0.6784
INFO:mainlogger:Epoch 318: Train Loss: 0.0630, Train PCC: 0.9458, Val Loss: 1.6548,Val PCC: 0.2448, Best epoch: 7, Best val loss: 0.6784
INFO:mainlogger:Epoch 319: Train Loss: 0.0607, Train PCC: 0.9472, Val Loss: 1.6592,Val PCC: 0.2473, Best epoch: 7, Best val loss: 0.6784
INFO:mainlogger:Epoch 320: Train Loss: 0.0600, Train PCC: 0.9474, Val Loss: 1.6518,Val PCC: 0.2459, Best epoch: 7, Best val loss: 0.6784
INFO:mainlogger:Epoch 321: Train Loss: 0.0605, Train PCC: 0.9473, Val Loss: 1.6470,Val PCC: 0.2465, Best epoch: 7, Best val loss: 0.6784
INFO:mainlogger:Epoch 322: Train Loss: 0.0631, Train PCC: 0.9455, Val Loss: 1.6524,Val PCC: 0.2459, Best epoch: 7, Best val loss: 0.6784
INFO:mainlogger:Epoch 323: Train Loss: 0.0641, Train PCC: 0.9449, Val Loss: 1.6596,Val PCC: 0.2464, Best epoch: 7, Best val loss: 0.6784
INFO:mainlogger:Epoch 324: Train Loss: 0.0656, Train PCC: 0.9441, Val Loss: 1.6533,Val PCC: 0.2447, Best epoch: 7, Best val loss: 0.6784
INFO:mainlogger:Epoch 325: Train Loss: 0.0634, Train PCC: 0.9457, Val Loss: 1.6695,Val PCC: 0.2440, Best epoch: 7, Best val loss: 0.6784
INFO:mainlogger:Epoch 326: Train Loss: 0.0653, Train PCC: 0.9444, Val Loss: 1.6645,Val PCC: 0.2464, Best epoch: 7, Best val loss: 0.6784
INFO:mainlogger:Epoch 327: Train Loss: 0.0653, Train PCC: 0.9447, Val Loss: 1.6530,Val PCC: 0.2457, Best epoch: 7, Best val loss: 0.6784
INFO:mainlogger:Epoch 328: Train Loss: 0.0637, Train PCC: 0.9454, Val Loss: 1.6591,Val PCC: 0.2456, Best epoch: 7, Best val loss: 0.6784
INFO:mainlogger:Epoch 329: Train Loss: 0.0636, Train PCC: 0.9455, Val Loss: 1.6623,Val PCC: 0.2446, Best epoch: 7, Best val loss: 0.6784
INFO:mainlogger:Epoch 330: Train Loss: 0.0620, Train PCC: 0.9465, Val Loss: 1.6657,Val PCC: 0.2467, Best epoch: 7, Best val loss: 0.6784
INFO:mainlogger:Epoch 331: Train Loss: 0.0610, Train PCC: 0.9470, Val Loss: 1.6558,Val PCC: 0.2463, Best epoch: 7, Best val loss: 0.6784
INFO:mainlogger:Epoch 332: Train Loss: 0.0607, Train PCC: 0.9475, Val Loss: 1.6579,Val PCC: 0.2454, Best epoch: 7, Best val loss: 0.6784
INFO:mainlogger:Epoch 333: Train Loss: 0.0604, Train PCC: 0.9474, Val Loss: 1.6949,Val PCC: 0.2445, Best epoch: 7, Best val loss: 0.6784
INFO:mainlogger:Epoch 334: Train Loss: 0.0650, Train PCC: 0.9440, Val Loss: 1.6662,Val PCC: 0.2454, Best epoch: 7, Best val loss: 0.6784
INFO:mainlogger:Epoch 335: Train Loss: 0.0665, Train PCC: 0.9432, Val Loss: 1.6672,Val PCC: 0.2453, Best epoch: 7, Best val loss: 0.6784
INFO:mainlogger:Epoch 336: Train Loss: 0.0652, Train PCC: 0.9443, Val Loss: 1.6730,Val PCC: 0.2454, Best epoch: 7, Best val loss: 0.6784
INFO:mainlogger:Epoch 337: Train Loss: 0.0615, Train PCC: 0.9465, Val Loss: 1.6655,Val PCC: 0.2447, Best epoch: 7, Best val loss: 0.6784
INFO:mainlogger:Epoch 338: Train Loss: 0.0612, Train PCC: 0.9474, Val Loss: 1.6619,Val PCC: 0.2448, Best epoch: 7, Best val loss: 0.6784
INFO:mainlogger:Epoch 339: Train Loss: 0.0600, Train PCC: 0.9478, Val Loss: 1.6701,Val PCC: 0.2453, Best epoch: 7, Best val loss: 0.6784
INFO:mainlogger:Epoch 340: Train Loss: 0.0613, Train PCC: 0.9468, Val Loss: 1.6644,Val PCC: 0.2425, Best epoch: 7, Best val loss: 0.6784
INFO:mainlogger:Epoch 341: Train Loss: 0.0595, Train PCC: 0.9481, Val Loss: 1.6725,Val PCC: 0.2442, Best epoch: 7, Best val loss: 0.6784
INFO:mainlogger:Epoch 342: Train Loss: 0.0589, Train PCC: 0.9486, Val Loss: 1.6742,Val PCC: 0.2452, Best epoch: 7, Best val loss: 0.6784
INFO:mainlogger:Epoch 343: Train Loss: 0.0606, Train PCC: 0.9478, Val Loss: 1.6770,Val PCC: 0.2436, Best epoch: 7, Best val loss: 0.6784
INFO:mainlogger:Epoch 344: Train Loss: 0.0612, Train PCC: 0.9476, Val Loss: 1.6782,Val PCC: 0.2453, Best epoch: 7, Best val loss: 0.6784
INFO:mainlogger:Epoch 345: Train Loss: 0.0600, Train PCC: 0.9478, Val Loss: 1.6764,Val PCC: 0.2448, Best epoch: 7, Best val loss: 0.6784
INFO:mainlogger:Epoch 346: Train Loss: 0.0608, Train PCC: 0.9478, Val Loss: 1.6761,Val PCC: 0.2446, Best epoch: 7, Best val loss: 0.6784
INFO:mainlogger:Epoch 347: Train Loss: 0.0613, Train PCC: 0.9474, Val Loss: 1.6878,Val PCC: 0.2459, Best epoch: 7, Best val loss: 0.6784
INFO:mainlogger:Epoch 348: Train Loss: 0.0637, Train PCC: 0.9459, Val Loss: 1.6655,Val PCC: 0.2455, Best epoch: 7, Best val loss: 0.6784
INFO:mainlogger:Epoch 349: Train Loss: 0.0627, Train PCC: 0.9463, Val Loss: 1.6757,Val PCC: 0.2435, Best epoch: 7, Best val loss: 0.6784
INFO:mainlogger:Epoch 350: Train Loss: 0.0642, Train PCC: 0.9457, Val Loss: 1.6710,Val PCC: 0.2426, Best epoch: 7, Best val loss: 0.6784
INFO:mainlogger:Epoch 351: Train Loss: 0.0631, Train PCC: 0.9461, Val Loss: 1.6798,Val PCC: 0.2463, Best epoch: 7, Best val loss: 0.6784
INFO:mainlogger:Epoch 352: Train Loss: 0.0599, Train PCC: 0.9477, Val Loss: 1.6711,Val PCC: 0.2425, Best epoch: 7, Best val loss: 0.6784
INFO:mainlogger:Epoch 353: Train Loss: 0.0573, Train PCC: 0.9498, Val Loss: 1.6699,Val PCC: 0.2452, Best epoch: 7, Best val loss: 0.6784
INFO:mainlogger:Epoch 354: Train Loss: 0.0570, Train PCC: 0.9497, Val Loss: 1.6742,Val PCC: 0.2445, Best epoch: 7, Best val loss: 0.6784
INFO:mainlogger:Epoch 355: Train Loss: 0.0585, Train PCC: 0.9488, Val Loss: 1.6770,Val PCC: 0.2439, Best epoch: 7, Best val loss: 0.6784
INFO:mainlogger:Epoch 356: Train Loss: 0.0591, Train PCC: 0.9485, Val Loss: 1.6834,Val PCC: 0.2439, Best epoch: 7, Best val loss: 0.6784
INFO:mainlogger:Epoch 357: Train Loss: 0.0588, Train PCC: 0.9488, Val Loss: 1.6872,Val PCC: 0.2459, Best epoch: 7, Best val loss: 0.6784
INFO:mainlogger:Epoch 358: Train Loss: 0.0608, Train PCC: 0.9476, Val Loss: 1.6962,Val PCC: 0.2444, Best epoch: 7, Best val loss: 0.6784
INFO:mainlogger:Epoch 359: Train Loss: 0.0711, Train PCC: 0.9413, Val Loss: 1.6790,Val PCC: 0.2464, Best epoch: 7, Best val loss: 0.6784
INFO:mainlogger:Epoch 360: Train Loss: 0.0654, Train PCC: 0.9444, Val Loss: 1.6589,Val PCC: 0.2440, Best epoch: 7, Best val loss: 0.6784
INFO:mainlogger:Epoch 361: Train Loss: 0.0649, Train PCC: 0.9450, Val Loss: 1.6852,Val PCC: 0.2462, Best epoch: 7, Best val loss: 0.6784
INFO:mainlogger:Epoch 362: Train Loss: 0.0644, Train PCC: 0.9455, Val Loss: 1.6730,Val PCC: 0.2450, Best epoch: 7, Best val loss: 0.6784
INFO:mainlogger:Epoch 363: Train Loss: 0.0636, Train PCC: 0.9459, Val Loss: 1.6742,Val PCC: 0.2439, Best epoch: 7, Best val loss: 0.6784
INFO:mainlogger:Epoch 364: Train Loss: 0.0600, Train PCC: 0.9482, Val Loss: 1.6902,Val PCC: 0.2436, Best epoch: 7, Best val loss: 0.6784
INFO:mainlogger:Epoch 365: Train Loss: 0.0600, Train PCC: 0.9481, Val Loss: 1.6655,Val PCC: 0.2423, Best epoch: 7, Best val loss: 0.6784
INFO:mainlogger:Epoch 366: Train Loss: 0.0579, Train PCC: 0.9495, Val Loss: 1.6920,Val PCC: 0.2444, Best epoch: 7, Best val loss: 0.6784
INFO:mainlogger:Epoch 367: Train Loss: 0.0602, Train PCC: 0.9480, Val Loss: 1.6808,Val PCC: 0.2446, Best epoch: 7, Best val loss: 0.6784
INFO:mainlogger:Epoch 368: Train Loss: 0.0572, Train PCC: 0.9496, Val Loss: 1.6885,Val PCC: 0.2441, Best epoch: 7, Best val loss: 0.6784
INFO:mainlogger:Epoch 369: Train Loss: 0.0570, Train PCC: 0.9499, Val Loss: 1.6775,Val PCC: 0.2448, Best epoch: 7, Best val loss: 0.6784
INFO:mainlogger:Epoch 370: Train Loss: 0.0574, Train PCC: 0.9494, Val Loss: 1.6933,Val PCC: 0.2445, Best epoch: 7, Best val loss: 0.6784
INFO:mainlogger:Epoch 371: Train Loss: 0.0574, Train PCC: 0.9498, Val Loss: 1.6995,Val PCC: 0.2418, Best epoch: 7, Best val loss: 0.6784
INFO:mainlogger:Epoch 372: Train Loss: 0.0592, Train PCC: 0.9489, Val Loss: 1.6822,Val PCC: 0.2417, Best epoch: 7, Best val loss: 0.6784
INFO:mainlogger:Epoch 373: Train Loss: 0.0603, Train PCC: 0.9481, Val Loss: 1.7059,Val PCC: 0.2436, Best epoch: 7, Best val loss: 0.6784
INFO:mainlogger:Epoch 374: Train Loss: 0.0598, Train PCC: 0.9483, Val Loss: 1.7085,Val PCC: 0.2441, Best epoch: 7, Best val loss: 0.6784
INFO:mainlogger:Epoch 375: Train Loss: 0.0607, Train PCC: 0.9478, Val Loss: 1.6964,Val PCC: 0.2427, Best epoch: 7, Best val loss: 0.6784
INFO:mainlogger:Epoch 376: Train Loss: 0.0588, Train PCC: 0.9489, Val Loss: 1.6897,Val PCC: 0.2429, Best epoch: 7, Best val loss: 0.6784
INFO:mainlogger:Epoch 377: Train Loss: 0.0578, Train PCC: 0.9497, Val Loss: 1.6854,Val PCC: 0.2432, Best epoch: 7, Best val loss: 0.6784
INFO:mainlogger:Epoch 378: Train Loss: 0.0592, Train PCC: 0.9490, Val Loss: 1.6838,Val PCC: 0.2426, Best epoch: 7, Best val loss: 0.6784
INFO:mainlogger:Epoch 379: Train Loss: 0.0590, Train PCC: 0.9487, Val Loss: 1.6728,Val PCC: 0.2432, Best epoch: 7, Best val loss: 0.6784
INFO:mainlogger:Epoch 380: Train Loss: 0.0587, Train PCC: 0.9491, Val Loss: 1.6898,Val PCC: 0.2424, Best epoch: 7, Best val loss: 0.6784
INFO:mainlogger:Epoch 381: Train Loss: 0.0581, Train PCC: 0.9495, Val Loss: 1.6784,Val PCC: 0.2420, Best epoch: 7, Best val loss: 0.6784
INFO:mainlogger:Epoch 382: Train Loss: 0.0574, Train PCC: 0.9499, Val Loss: 1.6894,Val PCC: 0.2421, Best epoch: 7, Best val loss: 0.6784
INFO:mainlogger:Epoch 383: Train Loss: 0.0572, Train PCC: 0.9501, Val Loss: 1.6832,Val PCC: 0.2428, Best epoch: 7, Best val loss: 0.6784
INFO:mainlogger:Epoch 384: Train Loss: 0.0580, Train PCC: 0.9499, Val Loss: 1.6925,Val PCC: 0.2433, Best epoch: 7, Best val loss: 0.6784
INFO:mainlogger:Epoch 385: Train Loss: 0.0577, Train PCC: 0.9500, Val Loss: 1.6915,Val PCC: 0.2426, Best epoch: 7, Best val loss: 0.6784
INFO:mainlogger:Epoch 386: Train Loss: 0.0603, Train PCC: 0.9481, Val Loss: 1.7114,Val PCC: 0.2421, Best epoch: 7, Best val loss: 0.6784
INFO:mainlogger:Epoch 387: Train Loss: 0.0596, Train PCC: 0.9489, Val Loss: 1.7061,Val PCC: 0.2427, Best epoch: 7, Best val loss: 0.6784
INFO:mainlogger:Epoch 388: Train Loss: 0.0573, Train PCC: 0.9501, Val Loss: 1.6958,Val PCC: 0.2440, Best epoch: 7, Best val loss: 0.6784
INFO:mainlogger:Epoch 389: Train Loss: 0.0583, Train PCC: 0.9493, Val Loss: 1.6919,Val PCC: 0.2445, Best epoch: 7, Best val loss: 0.6784
INFO:mainlogger:Epoch 390: Train Loss: 0.0582, Train PCC: 0.9490, Val Loss: 1.7044,Val PCC: 0.2423, Best epoch: 7, Best val loss: 0.6784
INFO:mainlogger:Epoch 391: Train Loss: 0.0584, Train PCC: 0.9496, Val Loss: 1.6987,Val PCC: 0.2428, Best epoch: 7, Best val loss: 0.6784
INFO:mainlogger:Epoch 392: Train Loss: 0.0579, Train PCC: 0.9499, Val Loss: 1.6888,Val PCC: 0.2423, Best epoch: 7, Best val loss: 0.6784
INFO:mainlogger:Epoch 393: Train Loss: 0.0606, Train PCC: 0.9483, Val Loss: 1.6978,Val PCC: 0.2435, Best epoch: 7, Best val loss: 0.6784
INFO:mainlogger:Epoch 394: Train Loss: 0.0596, Train PCC: 0.9488, Val Loss: 1.6950,Val PCC: 0.2427, Best epoch: 7, Best val loss: 0.6784
INFO:mainlogger:Epoch 395: Train Loss: 0.0576, Train PCC: 0.9500, Val Loss: 1.6777,Val PCC: 0.2423, Best epoch: 7, Best val loss: 0.6784
INFO:mainlogger:Epoch 396: Train Loss: 0.0578, Train PCC: 0.9499, Val Loss: 1.7069,Val PCC: 0.2432, Best epoch: 7, Best val loss: 0.6784
INFO:mainlogger:Epoch 397: Train Loss: 0.0602, Train PCC: 0.9484, Val Loss: 1.7077,Val PCC: 0.2427, Best epoch: 7, Best val loss: 0.6784
INFO:mainlogger:Epoch 398: Train Loss: 0.0614, Train PCC: 0.9481, Val Loss: 1.6888,Val PCC: 0.2429, Best epoch: 7, Best val loss: 0.6784
INFO:mainlogger:Epoch 399: Train Loss: 0.0628, Train PCC: 0.9467, Val Loss: 1.6989,Val PCC: 0.2443, Best epoch: 7, Best val loss: 0.6784
INFO:mainlogger:Epoch 400: Train Loss: 0.0609, Train PCC: 0.9477, Val Loss: 1.6941,Val PCC: 0.2416, Best epoch: 7, Best val loss: 0.6784
INFO:mainlogger:Epoch 401: Train Loss: 0.0590, Train PCC: 0.9493, Val Loss: 1.7107,Val PCC: 0.2446, Best epoch: 7, Best val loss: 0.6784
INFO:mainlogger:Epoch 402: Train Loss: 0.0577, Train PCC: 0.9496, Val Loss: 1.6923,Val PCC: 0.2411, Best epoch: 7, Best val loss: 0.6784
INFO:mainlogger:Epoch 403: Train Loss: 0.0555, Train PCC: 0.9513, Val Loss: 1.6891,Val PCC: 0.2412, Best epoch: 7, Best val loss: 0.6784
INFO:mainlogger:Epoch 404: Train Loss: 0.0560, Train PCC: 0.9512, Val Loss: 1.7056,Val PCC: 0.2430, Best epoch: 7, Best val loss: 0.6784
INFO:mainlogger:Epoch 405: Train Loss: 0.0555, Train PCC: 0.9513, Val Loss: 1.7017,Val PCC: 0.2424, Best epoch: 7, Best val loss: 0.6784
INFO:mainlogger:Epoch 406: Train Loss: 0.0556, Train PCC: 0.9512, Val Loss: 1.7079,Val PCC: 0.2435, Best epoch: 7, Best val loss: 0.6784
INFO:mainlogger:Epoch 407: Train Loss: 0.0600, Train PCC: 0.9488, Val Loss: 1.7037,Val PCC: 0.2410, Best epoch: 7, Best val loss: 0.6784
INFO:mainlogger:Epoch 408: Train Loss: 0.0650, Train PCC: 0.9454, Val Loss: 1.6894,Val PCC: 0.2442, Best epoch: 7, Best val loss: 0.6784
INFO:mainlogger:Epoch 409: Train Loss: 0.0622, Train PCC: 0.9475, Val Loss: 1.7198,Val PCC: 0.2429, Best epoch: 7, Best val loss: 0.6784
INFO:mainlogger:Epoch 410: Train Loss: 0.0602, Train PCC: 0.9482, Val Loss: 1.7027,Val PCC: 0.2427, Best epoch: 7, Best val loss: 0.6784
INFO:mainlogger:Epoch 411: Train Loss: 0.0554, Train PCC: 0.9515, Val Loss: 1.7034,Val PCC: 0.2424, Best epoch: 7, Best val loss: 0.6784
INFO:mainlogger:Epoch 412: Train Loss: 0.0543, Train PCC: 0.9521, Val Loss: 1.6869,Val PCC: 0.2424, Best epoch: 7, Best val loss: 0.6784
INFO:mainlogger:Epoch 413: Train Loss: 0.0555, Train PCC: 0.9514, Val Loss: 1.7233,Val PCC: 0.2422, Best epoch: 7, Best val loss: 0.6784
INFO:mainlogger:Epoch 414: Train Loss: 0.0569, Train PCC: 0.9506, Val Loss: 1.6934,Val PCC: 0.2420, Best epoch: 7, Best val loss: 0.6784
INFO:mainlogger:Epoch 415: Train Loss: 0.0557, Train PCC: 0.9513, Val Loss: 1.7056,Val PCC: 0.2420, Best epoch: 7, Best val loss: 0.6784
INFO:mainlogger:Epoch 416: Train Loss: 0.0571, Train PCC: 0.9507, Val Loss: 1.7188,Val PCC: 0.2433, Best epoch: 7, Best val loss: 0.6784
INFO:mainlogger:Epoch 417: Train Loss: 0.0542, Train PCC: 0.9526, Val Loss: 1.7128,Val PCC: 0.2418, Best epoch: 7, Best val loss: 0.6784
INFO:mainlogger:Epoch 418: Train Loss: 0.0530, Train PCC: 0.9532, Val Loss: 1.7037,Val PCC: 0.2422, Best epoch: 7, Best val loss: 0.6784
INFO:mainlogger:Epoch 419: Train Loss: 0.0546, Train PCC: 0.9520, Val Loss: 1.7118,Val PCC: 0.2410, Best epoch: 7, Best val loss: 0.6784
INFO:mainlogger:Epoch 420: Train Loss: 0.0540, Train PCC: 0.9524, Val Loss: 1.7165,Val PCC: 0.2395, Best epoch: 7, Best val loss: 0.6784
INFO:mainlogger:Epoch 421: Train Loss: 0.0548, Train PCC: 0.9519, Val Loss: 1.7138,Val PCC: 0.2419, Best epoch: 7, Best val loss: 0.6784
INFO:mainlogger:Epoch 422: Train Loss: 0.0569, Train PCC: 0.9505, Val Loss: 1.7301,Val PCC: 0.2404, Best epoch: 7, Best val loss: 0.6784
INFO:mainlogger:Epoch 423: Train Loss: 0.0559, Train PCC: 0.9515, Val Loss: 1.7221,Val PCC: 0.2398, Best epoch: 7, Best val loss: 0.6784
INFO:mainlogger:Epoch 424: Train Loss: 0.0588, Train PCC: 0.9496, Val Loss: 1.7189,Val PCC: 0.2415, Best epoch: 7, Best val loss: 0.6784
INFO:mainlogger:Epoch 425: Train Loss: 0.0603, Train PCC: 0.9484, Val Loss: 1.7209,Val PCC: 0.2421, Best epoch: 7, Best val loss: 0.6784
INFO:mainlogger:Epoch 426: Train Loss: 0.0580, Train PCC: 0.9501, Val Loss: 1.7103,Val PCC: 0.2394, Best epoch: 7, Best val loss: 0.6784
INFO:mainlogger:Epoch 427: Train Loss: 0.0586, Train PCC: 0.9495, Val Loss: 1.7140,Val PCC: 0.2411, Best epoch: 7, Best val loss: 0.6784
INFO:mainlogger:Epoch 428: Train Loss: 0.0561, Train PCC: 0.9513, Val Loss: 1.6957,Val PCC: 0.2413, Best epoch: 7, Best val loss: 0.6784
INFO:mainlogger:Epoch 429: Train Loss: 0.0535, Train PCC: 0.9525, Val Loss: 1.7118,Val PCC: 0.2413, Best epoch: 7, Best val loss: 0.6784
INFO:mainlogger:Epoch 430: Train Loss: 0.0549, Train PCC: 0.9520, Val Loss: 1.7201,Val PCC: 0.2409, Best epoch: 7, Best val loss: 0.6784
INFO:mainlogger:Epoch 431: Train Loss: 0.0544, Train PCC: 0.9523, Val Loss: 1.7205,Val PCC: 0.2407, Best epoch: 7, Best val loss: 0.6784
INFO:mainlogger:Epoch 432: Train Loss: 0.0559, Train PCC: 0.9516, Val Loss: 1.7109,Val PCC: 0.2419, Best epoch: 7, Best val loss: 0.6784
INFO:mainlogger:Epoch 433: Train Loss: 0.0555, Train PCC: 0.9516, Val Loss: 1.6973,Val PCC: 0.2411, Best epoch: 7, Best val loss: 0.6784
INFO:mainlogger:Epoch 434: Train Loss: 0.0572, Train PCC: 0.9505, Val Loss: 1.7204,Val PCC: 0.2402, Best epoch: 7, Best val loss: 0.6784
INFO:mainlogger:Epoch 435: Train Loss: 0.0559, Train PCC: 0.9512, Val Loss: 1.7165,Val PCC: 0.2427, Best epoch: 7, Best val loss: 0.6784
INFO:mainlogger:Epoch 436: Train Loss: 0.0559, Train PCC: 0.9515, Val Loss: 1.7080,Val PCC: 0.2408, Best epoch: 7, Best val loss: 0.6784
INFO:mainlogger:Epoch 437: Train Loss: 0.0554, Train PCC: 0.9517, Val Loss: 1.7126,Val PCC: 0.2400, Best epoch: 7, Best val loss: 0.6784
INFO:mainlogger:Epoch 438: Train Loss: 0.0554, Train PCC: 0.9519, Val Loss: 1.7130,Val PCC: 0.2412, Best epoch: 7, Best val loss: 0.6784
INFO:mainlogger:Epoch 439: Train Loss: 0.0676, Train PCC: 0.9435, Val Loss: 1.7229,Val PCC: 0.2392, Best epoch: 7, Best val loss: 0.6784
INFO:mainlogger:Epoch 440: Train Loss: 0.0604, Train PCC: 0.9483, Val Loss: 1.6918,Val PCC: 0.2407, Best epoch: 7, Best val loss: 0.6784
INFO:mainlogger:Epoch 441: Train Loss: 0.0598, Train PCC: 0.9488, Val Loss: 1.6963,Val PCC: 0.2416, Best epoch: 7, Best val loss: 0.6784
INFO:mainlogger:Epoch 442: Train Loss: 0.0551, Train PCC: 0.9523, Val Loss: 1.7347,Val PCC: 0.2420, Best epoch: 7, Best val loss: 0.6784
INFO:mainlogger:Epoch 443: Train Loss: 0.0605, Train PCC: 0.9490, Val Loss: 1.7174,Val PCC: 0.2402, Best epoch: 7, Best val loss: 0.6784
INFO:mainlogger:Epoch 444: Train Loss: 0.0590, Train PCC: 0.9496, Val Loss: 1.7101,Val PCC: 0.2411, Best epoch: 7, Best val loss: 0.6784
INFO:mainlogger:Epoch 445: Train Loss: 0.0536, Train PCC: 0.9529, Val Loss: 1.7130,Val PCC: 0.2408, Best epoch: 7, Best val loss: 0.6784
INFO:mainlogger:Epoch 446: Train Loss: 0.0522, Train PCC: 0.9538, Val Loss: 1.7176,Val PCC: 0.2411, Best epoch: 7, Best val loss: 0.6784
INFO:mainlogger:Epoch 447: Train Loss: 0.0516, Train PCC: 0.9543, Val Loss: 1.7236,Val PCC: 0.2402, Best epoch: 7, Best val loss: 0.6784
INFO:mainlogger:Epoch 448: Train Loss: 0.0524, Train PCC: 0.9539, Val Loss: 1.7327,Val PCC: 0.2406, Best epoch: 7, Best val loss: 0.6784
INFO:mainlogger:Epoch 449: Train Loss: 0.0520, Train PCC: 0.9542, Val Loss: 1.7262,Val PCC: 0.2391, Best epoch: 7, Best val loss: 0.6784
INFO:mainlogger:Epoch 450: Train Loss: 0.0513, Train PCC: 0.9548, Val Loss: 1.7180,Val PCC: 0.2388, Best epoch: 7, Best val loss: 0.6784
INFO:mainlogger:Epoch 451: Train Loss: 0.0530, Train PCC: 0.9537, Val Loss: 1.7247,Val PCC: 0.2414, Best epoch: 7, Best val loss: 0.6784
INFO:mainlogger:Epoch 452: Train Loss: 0.0540, Train PCC: 0.9530, Val Loss: 1.7516,Val PCC: 0.2389, Best epoch: 7, Best val loss: 0.6784
INFO:mainlogger:Epoch 453: Train Loss: 0.0535, Train PCC: 0.9529, Val Loss: 1.7352,Val PCC: 0.2399, Best epoch: 7, Best val loss: 0.6784
INFO:mainlogger:Epoch 454: Train Loss: 0.0532, Train PCC: 0.9535, Val Loss: 1.7229,Val PCC: 0.2404, Best epoch: 7, Best val loss: 0.6784
INFO:mainlogger:Epoch 455: Train Loss: 0.0551, Train PCC: 0.9523, Val Loss: 1.7447,Val PCC: 0.2397, Best epoch: 7, Best val loss: 0.6784
INFO:mainlogger:Epoch 456: Train Loss: 0.0577, Train PCC: 0.9509, Val Loss: 1.7214,Val PCC: 0.2389, Best epoch: 7, Best val loss: 0.6784
INFO:mainlogger:Epoch 457: Train Loss: 0.0554, Train PCC: 0.9522, Val Loss: 1.7309,Val PCC: 0.2365, Best epoch: 7, Best val loss: 0.6784
INFO:mainlogger:Epoch 458: Train Loss: 0.0582, Train PCC: 0.9500, Val Loss: 1.7150,Val PCC: 0.2413, Best epoch: 7, Best val loss: 0.6784
INFO:mainlogger:Epoch 459: Train Loss: 0.0566, Train PCC: 0.9513, Val Loss: 1.7338,Val PCC: 0.2408, Best epoch: 7, Best val loss: 0.6784
INFO:mainlogger:Epoch 460: Train Loss: 0.0559, Train PCC: 0.9516, Val Loss: 1.7343,Val PCC: 0.2378, Best epoch: 7, Best val loss: 0.6784
INFO:mainlogger:Epoch 461: Train Loss: 0.0556, Train PCC: 0.9520, Val Loss: 1.7254,Val PCC: 0.2385, Best epoch: 7, Best val loss: 0.6784
INFO:mainlogger:Epoch 462: Train Loss: 0.0567, Train PCC: 0.9513, Val Loss: 1.7286,Val PCC: 0.2391, Best epoch: 7, Best val loss: 0.6784
INFO:mainlogger:Epoch 463: Train Loss: 0.0598, Train PCC: 0.9497, Val Loss: 1.7404,Val PCC: 0.2392, Best epoch: 7, Best val loss: 0.6784
INFO:mainlogger:Epoch 464: Train Loss: 0.0567, Train PCC: 0.9512, Val Loss: 1.7107,Val PCC: 0.2406, Best epoch: 7, Best val loss: 0.6784
INFO:mainlogger:Epoch 465: Train Loss: 0.0566, Train PCC: 0.9511, Val Loss: 1.7388,Val PCC: 0.2399, Best epoch: 7, Best val loss: 0.6784
INFO:mainlogger:Epoch 466: Train Loss: 0.0566, Train PCC: 0.9508, Val Loss: 1.7475,Val PCC: 0.2401, Best epoch: 7, Best val loss: 0.6784
INFO:mainlogger:Epoch 467: Train Loss: 0.0547, Train PCC: 0.9528, Val Loss: 1.7223,Val PCC: 0.2394, Best epoch: 7, Best val loss: 0.6784
INFO:mainlogger:Epoch 468: Train Loss: 0.0549, Train PCC: 0.9522, Val Loss: 1.7256,Val PCC: 0.2392, Best epoch: 7, Best val loss: 0.6784
INFO:mainlogger:Epoch 469: Train Loss: 0.0530, Train PCC: 0.9534, Val Loss: 1.7273,Val PCC: 0.2397, Best epoch: 7, Best val loss: 0.6784
INFO:mainlogger:Epoch 470: Train Loss: 0.0505, Train PCC: 0.9553, Val Loss: 1.7429,Val PCC: 0.2400, Best epoch: 7, Best val loss: 0.6784
INFO:mainlogger:Epoch 471: Train Loss: 0.0523, Train PCC: 0.9535, Val Loss: 1.7300,Val PCC: 0.2388, Best epoch: 7, Best val loss: 0.6784
INFO:mainlogger:Epoch 472: Train Loss: 0.0535, Train PCC: 0.9534, Val Loss: 1.7470,Val PCC: 0.2389, Best epoch: 7, Best val loss: 0.6784
INFO:mainlogger:Epoch 473: Train Loss: 0.0523, Train PCC: 0.9538, Val Loss: 1.7226,Val PCC: 0.2377, Best epoch: 7, Best val loss: 0.6784
INFO:mainlogger:Epoch 474: Train Loss: 0.0522, Train PCC: 0.9537, Val Loss: 1.7178,Val PCC: 0.2386, Best epoch: 7, Best val loss: 0.6784
INFO:mainlogger:Epoch 475: Train Loss: 0.0543, Train PCC: 0.9527, Val Loss: 1.7301,Val PCC: 0.2402, Best epoch: 7, Best val loss: 0.6784
INFO:mainlogger:Epoch 476: Train Loss: 0.0572, Train PCC: 0.9512, Val Loss: 1.7335,Val PCC: 0.2401, Best epoch: 7, Best val loss: 0.6784
INFO:mainlogger:Epoch 477: Train Loss: 0.0533, Train PCC: 0.9536, Val Loss: 1.7275,Val PCC: 0.2388, Best epoch: 7, Best val loss: 0.6784
INFO:mainlogger:Epoch 478: Train Loss: 0.0526, Train PCC: 0.9541, Val Loss: 1.7288,Val PCC: 0.2404, Best epoch: 7, Best val loss: 0.6784
INFO:mainlogger:Epoch 479: Train Loss: 0.0521, Train PCC: 0.9545, Val Loss: 1.7247,Val PCC: 0.2390, Best epoch: 7, Best val loss: 0.6784
INFO:mainlogger:Epoch 480: Train Loss: 0.0525, Train PCC: 0.9539, Val Loss: 1.7228,Val PCC: 0.2394, Best epoch: 7, Best val loss: 0.6784
INFO:mainlogger:Epoch 481: Train Loss: 0.0538, Train PCC: 0.9535, Val Loss: 1.7325,Val PCC: 0.2409, Best epoch: 7, Best val loss: 0.6784
INFO:mainlogger:Epoch 482: Train Loss: 0.0539, Train PCC: 0.9532, Val Loss: 1.7488,Val PCC: 0.2419, Best epoch: 7, Best val loss: 0.6784
INFO:mainlogger:Epoch 483: Train Loss: 0.0531, Train PCC: 0.9538, Val Loss: 1.7177,Val PCC: 0.2396, Best epoch: 7, Best val loss: 0.6784
INFO:mainlogger:Epoch 484: Train Loss: 0.0560, Train PCC: 0.9518, Val Loss: 1.7325,Val PCC: 0.2405, Best epoch: 7, Best val loss: 0.6784
INFO:mainlogger:Epoch 485: Train Loss: 0.0566, Train PCC: 0.9516, Val Loss: 1.7314,Val PCC: 0.2384, Best epoch: 7, Best val loss: 0.6784
INFO:mainlogger:Epoch 486: Train Loss: 0.0538, Train PCC: 0.9533, Val Loss: 1.7382,Val PCC: 0.2402, Best epoch: 7, Best val loss: 0.6784
INFO:mainlogger:Epoch 487: Train Loss: 0.0573, Train PCC: 0.9511, Val Loss: 1.7247,Val PCC: 0.2389, Best epoch: 7, Best val loss: 0.6784
INFO:mainlogger:Epoch 488: Train Loss: 0.0566, Train PCC: 0.9516, Val Loss: 1.7480,Val PCC: 0.2403, Best epoch: 7, Best val loss: 0.6784
INFO:mainlogger:Epoch 489: Train Loss: 0.0548, Train PCC: 0.9528, Val Loss: 1.7414,Val PCC: 0.2391, Best epoch: 7, Best val loss: 0.6784
INFO:mainlogger:Epoch 490: Train Loss: 0.0525, Train PCC: 0.9538, Val Loss: 1.7356,Val PCC: 0.2390, Best epoch: 7, Best val loss: 0.6784
INFO:mainlogger:Epoch 491: Train Loss: 0.0521, Train PCC: 0.9540, Val Loss: 1.7202,Val PCC: 0.2399, Best epoch: 7, Best val loss: 0.6784
INFO:mainlogger:Epoch 492: Train Loss: 0.0509, Train PCC: 0.9553, Val Loss: 1.7356,Val PCC: 0.2380, Best epoch: 7, Best val loss: 0.6784
INFO:mainlogger:Epoch 493: Train Loss: 0.0521, Train PCC: 0.9544, Val Loss: 1.7425,Val PCC: 0.2397, Best epoch: 7, Best val loss: 0.6784
INFO:mainlogger:Epoch 494: Train Loss: 0.0535, Train PCC: 0.9537, Val Loss: 1.7318,Val PCC: 0.2388, Best epoch: 7, Best val loss: 0.6784
INFO:mainlogger:Epoch 495: Train Loss: 0.0538, Train PCC: 0.9532, Val Loss: 1.7304,Val PCC: 0.2421, Best epoch: 7, Best val loss: 0.6784
INFO:mainlogger:Epoch 496: Train Loss: 0.0552, Train PCC: 0.9529, Val Loss: 1.7273,Val PCC: 0.2386, Best epoch: 7, Best val loss: 0.6784
INFO:mainlogger:Epoch 497: Train Loss: 0.0521, Train PCC: 0.9547, Val Loss: 1.7445,Val PCC: 0.2385, Best epoch: 7, Best val loss: 0.6784
INFO:mainlogger:Epoch 498: Train Loss: 0.0528, Train PCC: 0.9537, Val Loss: 1.7546,Val PCC: 0.2391, Best epoch: 7, Best val loss: 0.6784
INFO:mainlogger:Epoch 499: Train Loss: 0.0532, Train PCC: 0.9532, Val Loss: 1.7255,Val PCC: 0.2400, Best epoch: 7, Best val loss: 0.6784
INFO:mainlogger:
Begin test!
INFO:mainlogger:Test Loss: 0.7254, Test RMSE: 0.8515, Test R2: 0.0992, Test PCC: 0.3628
